[16:07:25.275] [INFO   ] thread main starting.
[16:07:25.287] [SEVERE ] cannot read configuration file config.properties trying from resources.
[16:07:25.292] [SEVERE ] configuration file was loaded from resources directory.
[16:07:26.370] [INFO   ] thread dealer starting.
[16:07:26.375] [INFO   ] Thread dealer starting.
[16:07:26.491] [SEVERE ] placing card 0 in slot 9
[16:07:26.603] [SEVERE ] placing card 1 in slot 4
[16:07:26.712] [SEVERE ] placing card 2 in slot 2
[16:07:26.823] [SEVERE ] placing card 3 in slot 11
[16:07:26.933] [SEVERE ] placing card 4 in slot 6
[16:07:27.042] [SEVERE ] placing card 5 in slot 10
[16:07:27.151] [SEVERE ] placing card 6 in slot 0
[16:07:27.262] [SEVERE ] placing card 7 in slot 1
[16:07:27.372] [SEVERE ] placing card 8 in slot 7
[16:07:27.482] [SEVERE ] placing card 9 in slot 5
[16:07:27.592] [SEVERE ] placing card 10 in slot 3
[16:07:27.702] [SEVERE ] placing card 11 in slot 8
[16:07:27.705] [INFO   ] Thread 0 starting.
[16:07:27.706] [INFO   ] Thread 3 starting.
[16:07:27.705] [INFO   ] Thread 2 starting.
[16:07:27.705] [INFO   ] Thread 1 starting.
[16:07:27.711] [INFO   ] Thread computer-3 starting.
[16:07:27.711] [INFO   ] Thread computer-2 starting.
[16:07:27.712] [SEVERE ] player 4 placing token on slot 3
[16:07:27.713] [SEVERE ] player 3 placing token on slot 4
[16:07:27.779] [SEVERE ] updating countdown to 9946
[16:07:27.781] [SEVERE ] setting player 1 freeze to 0
[16:07:27.782] [SEVERE ] setting player 2 freeze to 0
[16:07:27.782] [SEVERE ] setting player 3 freeze to 0
[16:07:27.783] [SEVERE ] setting player 4 freeze to 0
[16:07:27.783] [SEVERE ] player 3 placing token on slot 0
[16:07:27.784] [SEVERE ] player 4 placing token on slot 4
[16:07:27.857] [SEVERE ] updating countdown to 9868
[16:07:27.859] [SEVERE ] setting player 1 freeze to 0
[16:07:27.860] [SEVERE ] setting player 2 freeze to 0
[16:07:27.861] [SEVERE ] setting player 3 freeze to 0
[16:07:27.863] [SEVERE ] setting player 4 freeze to 0
[16:07:27.863] [SEVERE ] player 3 placing token on slot 6
[16:07:27.864] [SEVERE ] player 4 placing token on slot 2
[16:07:27.867] [SEVERE ] updating countdown to 9858
[16:07:27.869] [SEVERE ] setting player 1 freeze to 0
[16:07:27.870] [SEVERE ] setting player 2 freeze to 0
[16:07:27.871] [SEVERE ] setting player 3 freeze to 5998
[16:07:27.872] [SEVERE ] setting player 4 freeze to 0
[16:07:27.936] [SEVERE ] updating countdown to 9789
[16:07:27.939] [SEVERE ] setting player 1 freeze to 0
[16:07:27.940] [SEVERE ] setting player 2 freeze to 0
[16:07:27.942] [SEVERE ] setting player 3 freeze to 5927
[16:07:27.943] [SEVERE ] setting player 4 freeze to 5996
[16:07:27.997] [SEVERE ] updating countdown to 9728
[16:07:27.999] [SEVERE ] setting player 1 freeze to 0
[16:07:28.000] [SEVERE ] setting player 2 freeze to 0
[16:07:28.001] [SEVERE ] setting player 3 freeze to 5868
[16:07:28.002] [SEVERE ] setting player 4 freeze to 5937
[16:07:28.059] [SEVERE ] updating countdown to 9666
[16:07:28.060] [SEVERE ] setting player 1 freeze to 0
[16:07:28.062] [SEVERE ] setting player 2 freeze to 0
[16:07:28.063] [SEVERE ] setting player 3 freeze to 5806
[16:07:28.063] [SEVERE ] setting player 4 freeze to 5876
[16:07:28.121] [SEVERE ] updating countdown to 9604
[16:07:28.122] [SEVERE ] setting player 1 freeze to 0
[16:07:28.123] [SEVERE ] setting player 2 freeze to 0
[16:07:28.124] [SEVERE ] setting player 3 freeze to 5745
[16:07:28.125] [SEVERE ] setting player 4 freeze to 5814
[16:07:28.183] [SEVERE ] updating countdown to 9542
[16:07:28.184] [SEVERE ] setting player 1 freeze to 0
[16:07:28.185] [SEVERE ] setting player 2 freeze to 0
[16:07:28.185] [SEVERE ] setting player 3 freeze to 5684
[16:07:28.186] [SEVERE ] setting player 4 freeze to 5753
[16:07:28.247] [SEVERE ] updating countdown to 9478
[16:07:28.248] [SEVERE ] setting player 1 freeze to 0
[16:07:28.248] [SEVERE ] setting player 2 freeze to 0
[16:07:28.249] [SEVERE ] setting player 3 freeze to 5620
[16:07:28.249] [SEVERE ] setting player 4 freeze to 5690
[16:07:28.309] [SEVERE ] updating countdown to 9416
[16:07:28.310] [SEVERE ] setting player 1 freeze to 0
[16:07:28.311] [SEVERE ] setting player 2 freeze to 0
[16:07:28.311] [SEVERE ] setting player 3 freeze to 5558
[16:07:28.312] [SEVERE ] setting player 4 freeze to 5627
[16:07:28.372] [SEVERE ] updating countdown to 9353
[16:07:28.373] [SEVERE ] setting player 1 freeze to 0
[16:07:28.374] [SEVERE ] setting player 2 freeze to 0
[16:07:28.374] [SEVERE ] setting player 3 freeze to 5495
[16:07:28.375] [SEVERE ] setting player 4 freeze to 5564
[16:07:28.435] [SEVERE ] updating countdown to 9290
[16:07:28.436] [SEVERE ] setting player 1 freeze to 0
[16:07:28.436] [SEVERE ] setting player 2 freeze to 0
[16:07:28.436] [SEVERE ] setting player 3 freeze to 5433
[16:07:28.437] [SEVERE ] setting player 4 freeze to 5502
[16:07:28.495] [SEVERE ] updating countdown to 9230
[16:07:28.495] [SEVERE ] setting player 1 freeze to 0
[16:07:28.496] [SEVERE ] setting player 2 freeze to 0
[16:07:28.496] [SEVERE ] setting player 3 freeze to 5373
[16:07:28.497] [SEVERE ] setting player 4 freeze to 5442
[16:07:28.558] [SEVERE ] updating countdown to 9167
[16:07:28.559] [SEVERE ] setting player 1 freeze to 0
[16:07:28.559] [SEVERE ] setting player 2 freeze to 0
[16:07:28.560] [SEVERE ] setting player 3 freeze to 5309
[16:07:28.560] [SEVERE ] setting player 4 freeze to 5379
[16:07:28.622] [SEVERE ] updating countdown to 9103
[16:07:28.623] [SEVERE ] setting player 1 freeze to 0
[16:07:28.623] [SEVERE ] setting player 2 freeze to 0
[16:07:28.623] [SEVERE ] setting player 3 freeze to 5246
[16:07:28.623] [SEVERE ] setting player 4 freeze to 5316
[16:07:28.685] [SEVERE ] updating countdown to 9040
[16:07:28.686] [SEVERE ] setting player 1 freeze to 0
[16:07:28.687] [SEVERE ] setting player 2 freeze to 0
[16:07:28.687] [SEVERE ] setting player 3 freeze to 5182
[16:07:28.687] [SEVERE ] setting player 4 freeze to 5252
[16:07:28.747] [SEVERE ] updating countdown to 8978
[16:07:28.748] [SEVERE ] setting player 1 freeze to 0
[16:07:28.748] [SEVERE ] setting player 2 freeze to 0
[16:07:28.749] [SEVERE ] setting player 3 freeze to 5120
[16:07:28.749] [SEVERE ] setting player 4 freeze to 5190
[16:07:28.809] [SEVERE ] updating countdown to 8916
[16:07:28.810] [SEVERE ] setting player 1 freeze to 0
[16:07:28.810] [SEVERE ] setting player 2 freeze to 0
[16:07:28.811] [SEVERE ] setting player 3 freeze to 5058
[16:07:28.811] [SEVERE ] setting player 4 freeze to 5128
[16:07:28.872] [SEVERE ] updating countdown to 8853
[16:07:28.873] [SEVERE ] setting player 1 freeze to 0
[16:07:28.873] [SEVERE ] setting player 2 freeze to 0
[16:07:28.874] [SEVERE ] setting player 3 freeze to 4995
[16:07:28.875] [SEVERE ] setting player 4 freeze to 5064
[16:07:28.935] [SEVERE ] updating countdown to 8790
[16:07:28.936] [SEVERE ] setting player 1 freeze to 0
[16:07:28.936] [SEVERE ] setting player 2 freeze to 0
[16:07:28.937] [SEVERE ] setting player 3 freeze to 4932
[16:07:28.937] [SEVERE ] setting player 4 freeze to 5002
[16:07:28.999] [SEVERE ] updating countdown to 8726
[16:07:28.999] [SEVERE ] setting player 1 freeze to 0
[16:07:29.000] [SEVERE ] setting player 2 freeze to 0
[16:07:29.000] [SEVERE ] setting player 3 freeze to 4869
[16:07:29.001] [SEVERE ] setting player 4 freeze to 4938
[16:07:29.061] [SEVERE ] updating countdown to 8664
[16:07:29.062] [SEVERE ] setting player 1 freeze to 0
[16:07:29.062] [SEVERE ] setting player 2 freeze to 0
[16:07:29.062] [SEVERE ] setting player 3 freeze to 4807
[16:07:29.063] [SEVERE ] setting player 4 freeze to 4876
[16:07:29.124] [SEVERE ] updating countdown to 8601
[16:07:29.124] [SEVERE ] setting player 1 freeze to 0
[16:07:29.125] [SEVERE ] setting player 2 freeze to 0
[16:07:29.126] [SEVERE ] setting player 3 freeze to 4743
[16:07:29.126] [SEVERE ] setting player 4 freeze to 4813
[16:07:29.186] [SEVERE ] updating countdown to 8539
[16:07:29.187] [SEVERE ] setting player 1 freeze to 0
[16:07:29.188] [SEVERE ] setting player 2 freeze to 0
[16:07:29.188] [SEVERE ] setting player 3 freeze to 4681
[16:07:29.189] [SEVERE ] setting player 4 freeze to 4750
[16:07:29.250] [SEVERE ] updating countdown to 8475
[16:07:29.252] [SEVERE ] setting player 1 freeze to 0
[16:07:29.253] [SEVERE ] setting player 2 freeze to 0
[16:07:29.253] [SEVERE ] setting player 3 freeze to 4616
[16:07:29.254] [SEVERE ] setting player 4 freeze to 4685
[16:07:29.314] [SEVERE ] updating countdown to 8411
[16:07:29.315] [SEVERE ] setting player 1 freeze to 0
[16:07:29.316] [SEVERE ] setting player 2 freeze to 0
[16:07:29.316] [SEVERE ] setting player 3 freeze to 4553
[16:07:29.317] [SEVERE ] setting player 4 freeze to 4622
[16:07:29.377] [SEVERE ] updating countdown to 8348
[16:07:29.378] [SEVERE ] setting player 1 freeze to 0
[16:07:29.378] [SEVERE ] setting player 2 freeze to 0
[16:07:29.379] [SEVERE ] setting player 3 freeze to 4490
[16:07:29.380] [SEVERE ] setting player 4 freeze to 4559
[16:07:29.441] [SEVERE ] updating countdown to 8284
[16:07:29.442] [SEVERE ] setting player 1 freeze to 0
[16:07:29.443] [SEVERE ] setting player 2 freeze to 0
[16:07:29.444] [SEVERE ] setting player 3 freeze to 4425
[16:07:29.444] [SEVERE ] setting player 4 freeze to 4495
[16:07:29.504] [SEVERE ] updating countdown to 8221
[16:07:29.505] [SEVERE ] setting player 1 freeze to 0
[16:07:29.506] [SEVERE ] setting player 2 freeze to 0
[16:07:29.506] [SEVERE ] setting player 3 freeze to 4363
[16:07:29.507] [SEVERE ] setting player 4 freeze to 4432
[16:07:29.568] [SEVERE ] updating countdown to 8157
[16:07:29.569] [SEVERE ] setting player 1 freeze to 0
[16:07:29.570] [SEVERE ] setting player 2 freeze to 0
[16:07:29.571] [SEVERE ] setting player 3 freeze to 4298
[16:07:29.572] [SEVERE ] setting player 4 freeze to 4367
[16:07:29.631] [SEVERE ] updating countdown to 8094
[16:07:29.632] [SEVERE ] setting player 1 freeze to 0
[16:07:29.633] [SEVERE ] setting player 2 freeze to 0
[16:07:29.633] [SEVERE ] setting player 3 freeze to 4236
[16:07:29.634] [SEVERE ] setting player 4 freeze to 4305
[16:07:29.693] [SEVERE ] updating countdown to 8032
[16:07:29.694] [SEVERE ] setting player 1 freeze to 0
[16:07:29.695] [SEVERE ] setting player 2 freeze to 0
[16:07:29.696] [SEVERE ] setting player 3 freeze to 4173
[16:07:29.696] [SEVERE ] setting player 4 freeze to 4243
[16:07:29.760] [SEVERE ] setting player 1 freeze to 0
[16:07:29.761] [SEVERE ] setting player 2 freeze to 0
[16:07:29.762] [SEVERE ] setting player 3 freeze to 4107
[16:07:29.762] [SEVERE ] setting player 4 freeze to 4177
[16:07:29.820] [SEVERE ] setting player 1 freeze to 0
[16:07:29.821] [SEVERE ] setting player 2 freeze to 0
[16:07:29.821] [SEVERE ] setting player 3 freeze to 4048
[16:07:29.822] [SEVERE ] setting player 4 freeze to 4117
[16:07:29.885] [SEVERE ] setting player 1 freeze to 0
[16:07:29.886] [SEVERE ] setting player 2 freeze to 0
[16:07:29.887] [SEVERE ] setting player 3 freeze to 3982
[16:07:29.888] [SEVERE ] setting player 4 freeze to 4051
[16:07:29.948] [SEVERE ] setting player 1 freeze to 0
[16:07:29.949] [SEVERE ] setting player 2 freeze to 0
[16:07:29.950] [SEVERE ] setting player 3 freeze to 3919
[16:07:29.950] [SEVERE ] setting player 4 freeze to 3989
[16:07:30.009] [SEVERE ] setting player 1 freeze to 0
[16:07:30.009] [SEVERE ] setting player 2 freeze to 0
[16:07:30.009] [SEVERE ] setting player 3 freeze to 3860
[16:07:30.009] [SEVERE ] setting player 4 freeze to 3930
[16:07:30.073] [SEVERE ] setting player 1 freeze to 0
[16:07:30.073] [SEVERE ] setting player 2 freeze to 0
[16:07:30.073] [SEVERE ] setting player 3 freeze to 3796
[16:07:30.073] [SEVERE ] setting player 4 freeze to 3866
[16:07:30.136] [SEVERE ] setting player 1 freeze to 0
[16:07:30.136] [SEVERE ] setting player 2 freeze to 0
[16:07:30.136] [SEVERE ] setting player 3 freeze to 3733
[16:07:30.137] [SEVERE ] setting player 4 freeze to 3802
[16:07:30.200] [SEVERE ] setting player 1 freeze to 0
[16:07:30.200] [SEVERE ] setting player 2 freeze to 0
[16:07:30.201] [SEVERE ] setting player 3 freeze to 3668
[16:07:30.201] [SEVERE ] setting player 4 freeze to 3738
[16:07:30.263] [SEVERE ] setting player 1 freeze to 0
[16:07:30.263] [SEVERE ] setting player 2 freeze to 0
[16:07:30.263] [SEVERE ] setting player 3 freeze to 3606
[16:07:30.264] [SEVERE ] setting player 4 freeze to 3675
[16:07:30.327] [SEVERE ] setting player 1 freeze to 0
[16:07:30.327] [SEVERE ] setting player 2 freeze to 0
[16:07:30.328] [SEVERE ] setting player 3 freeze to 3541
[16:07:30.328] [SEVERE ] setting player 4 freeze to 3611
[16:07:30.389] [SEVERE ] setting player 1 freeze to 0
[16:07:30.390] [SEVERE ] setting player 2 freeze to 0
[16:07:30.390] [SEVERE ] setting player 3 freeze to 3479
[16:07:30.390] [SEVERE ] setting player 4 freeze to 3549
[16:07:30.453] [SEVERE ] setting player 1 freeze to 0
[16:07:30.454] [SEVERE ] setting player 2 freeze to 0
[16:07:30.454] [SEVERE ] setting player 3 freeze to 3415
[16:07:30.454] [SEVERE ] setting player 4 freeze to 3485
[16:07:30.517] [SEVERE ] setting player 1 freeze to 0
[16:07:30.517] [SEVERE ] setting player 2 freeze to 0
[16:07:30.518] [SEVERE ] setting player 3 freeze to 3351
[16:07:30.519] [SEVERE ] setting player 4 freeze to 3420
[16:07:30.579] [SEVERE ] setting player 1 freeze to 0
[16:07:30.579] [SEVERE ] setting player 2 freeze to 0
[16:07:30.580] [SEVERE ] setting player 3 freeze to 3289
[16:07:30.581] [SEVERE ] setting player 4 freeze to 3358
[16:07:30.643] [SEVERE ] setting player 1 freeze to 0
[16:07:30.644] [SEVERE ] setting player 2 freeze to 0
[16:07:30.645] [SEVERE ] setting player 3 freeze to 3224
[16:07:30.646] [SEVERE ] setting player 4 freeze to 3293
[16:07:30.705] [SEVERE ] setting player 1 freeze to 0
[16:07:30.705] [SEVERE ] setting player 2 freeze to 0
[16:07:30.706] [SEVERE ] setting player 3 freeze to 3163
[16:07:30.707] [SEVERE ] setting player 4 freeze to 3232
[16:07:30.768] [SEVERE ] setting player 1 freeze to 0
[16:07:30.769] [SEVERE ] setting player 2 freeze to 0
[16:07:30.770] [SEVERE ] setting player 3 freeze to 3099
[16:07:30.771] [SEVERE ] setting player 4 freeze to 3168
[16:07:30.831] [SEVERE ] setting player 1 freeze to 0
[16:07:30.832] [SEVERE ] setting player 2 freeze to 0
[16:07:30.833] [SEVERE ] setting player 3 freeze to 3036
[16:07:30.834] [SEVERE ] setting player 4 freeze to 3105
[16:07:30.893] [SEVERE ] setting player 1 freeze to 0
[16:07:30.894] [SEVERE ] setting player 2 freeze to 0
[16:07:30.895] [SEVERE ] setting player 3 freeze to 2974
[16:07:30.895] [SEVERE ] setting player 4 freeze to 3044
[16:07:30.956] [SEVERE ] setting player 1 freeze to 0
[16:07:30.956] [SEVERE ] setting player 2 freeze to 0
[16:07:30.957] [SEVERE ] setting player 3 freeze to 2912
[16:07:30.957] [SEVERE ] setting player 4 freeze to 2982
[16:07:31.017] [SEVERE ] setting player 1 freeze to 0
[16:07:31.018] [SEVERE ] setting player 2 freeze to 0
[16:07:31.018] [SEVERE ] setting player 3 freeze to 2851
[16:07:31.018] [SEVERE ] setting player 4 freeze to 2921
[16:07:31.081] [SEVERE ] setting player 1 freeze to 0
[16:07:31.081] [SEVERE ] setting player 2 freeze to 0
[16:07:31.081] [SEVERE ] setting player 3 freeze to 2788
[16:07:31.082] [SEVERE ] setting player 4 freeze to 2857
[16:07:31.142] [SEVERE ] setting player 1 freeze to 0
[16:07:31.143] [SEVERE ] setting player 2 freeze to 0
[16:07:31.143] [SEVERE ] setting player 3 freeze to 2726
[16:07:31.143] [SEVERE ] setting player 4 freeze to 2796
[16:07:31.206] [SEVERE ] setting player 1 freeze to 0
[16:07:31.206] [SEVERE ] setting player 2 freeze to 0
[16:07:31.207] [SEVERE ] setting player 3 freeze to 2662
[16:07:31.207] [SEVERE ] setting player 4 freeze to 2732
[16:07:31.269] [SEVERE ] setting player 1 freeze to 0
[16:07:31.270] [SEVERE ] setting player 2 freeze to 0
[16:07:31.270] [SEVERE ] setting player 3 freeze to 2599
[16:07:31.271] [SEVERE ] setting player 4 freeze to 2668
[16:07:31.332] [SEVERE ] setting player 1 freeze to 0
[16:07:31.333] [SEVERE ] setting player 2 freeze to 0
[16:07:31.334] [SEVERE ] setting player 3 freeze to 2535
[16:07:31.334] [SEVERE ] setting player 4 freeze to 2605
[16:07:31.395] [SEVERE ] setting player 1 freeze to 0
[16:07:31.397] [SEVERE ] setting player 2 freeze to 0
[16:07:31.398] [SEVERE ] setting player 3 freeze to 2472
[16:07:31.398] [SEVERE ] setting player 4 freeze to 2541
[16:07:31.458] [SEVERE ] setting player 1 freeze to 0
[16:07:31.459] [SEVERE ] setting player 2 freeze to 0
[16:07:31.459] [SEVERE ] setting player 3 freeze to 2410
[16:07:31.459] [SEVERE ] setting player 4 freeze to 2480
[16:07:31.520] [SEVERE ] setting player 1 freeze to 0
[16:07:31.521] [SEVERE ] setting player 2 freeze to 0
[16:07:31.521] [SEVERE ] setting player 3 freeze to 2348
[16:07:31.522] [SEVERE ] setting player 4 freeze to 2417
[16:07:31.582] [SEVERE ] setting player 1 freeze to 0
[16:07:31.583] [SEVERE ] setting player 2 freeze to 0
[16:07:31.583] [SEVERE ] setting player 3 freeze to 2286
[16:07:31.584] [SEVERE ] setting player 4 freeze to 2355
[16:07:31.644] [SEVERE ] setting player 1 freeze to 0
[16:07:31.645] [SEVERE ] setting player 2 freeze to 0
[16:07:31.645] [SEVERE ] setting player 3 freeze to 2224
[16:07:31.645] [SEVERE ] setting player 4 freeze to 2294
[16:07:31.707] [SEVERE ] setting player 1 freeze to 0
[16:07:31.707] [SEVERE ] setting player 2 freeze to 0
[16:07:31.708] [SEVERE ] setting player 3 freeze to 2161
[16:07:31.708] [SEVERE ] setting player 4 freeze to 2231
[16:07:31.772] [SEVERE ] setting player 1 freeze to 0
[16:07:31.773] [SEVERE ] setting player 2 freeze to 0
[16:07:31.773] [SEVERE ] setting player 3 freeze to 2096
[16:07:31.774] [SEVERE ] setting player 4 freeze to 2165
[16:07:31.835] [SEVERE ] setting player 1 freeze to 0
[16:07:31.836] [SEVERE ] setting player 2 freeze to 0
[16:07:31.836] [SEVERE ] setting player 3 freeze to 2033
[16:07:31.837] [SEVERE ] setting player 4 freeze to 2102
[16:07:31.898] [SEVERE ] setting player 1 freeze to 0
[16:07:31.898] [SEVERE ] setting player 2 freeze to 0
[16:07:31.899] [SEVERE ] setting player 3 freeze to 1970
[16:07:31.900] [SEVERE ] setting player 4 freeze to 2039
[16:07:31.961] [SEVERE ] setting player 1 freeze to 0
[16:07:31.961] [SEVERE ] setting player 2 freeze to 0
[16:07:31.962] [SEVERE ] setting player 3 freeze to 1907
[16:07:31.962] [SEVERE ] setting player 4 freeze to 1977
[16:07:32.025] [SEVERE ] setting player 1 freeze to 0
[16:07:32.025] [SEVERE ] setting player 2 freeze to 0
[16:07:32.026] [SEVERE ] setting player 3 freeze to 1843
[16:07:32.027] [SEVERE ] setting player 4 freeze to 1912
[16:07:32.088] [SEVERE ] setting player 1 freeze to 0
[16:07:32.088] [SEVERE ] setting player 2 freeze to 0
[16:07:32.089] [SEVERE ] setting player 3 freeze to 1780
[16:07:32.089] [SEVERE ] setting player 4 freeze to 1850
[16:07:32.149] [SEVERE ] setting player 1 freeze to 0
[16:07:32.150] [SEVERE ] setting player 2 freeze to 0
[16:07:32.150] [SEVERE ] setting player 3 freeze to 1719
[16:07:32.150] [SEVERE ] setting player 4 freeze to 1789
[16:07:32.214] [SEVERE ] setting player 1 freeze to 0
[16:07:32.214] [SEVERE ] setting player 2 freeze to 0
[16:07:32.214] [SEVERE ] setting player 3 freeze to 1655
[16:07:32.215] [SEVERE ] setting player 4 freeze to 1724
[16:07:32.227] [SEVERE ] key 65 was pressed by player 1
[16:07:32.227] [SEVERE ] player 1 placing token on slot 4
[16:07:32.275] [SEVERE ] setting player 1 freeze to 0
[16:07:32.275] [SEVERE ] setting player 2 freeze to 0
[16:07:32.275] [SEVERE ] setting player 3 freeze to 1594
[16:07:32.275] [SEVERE ] setting player 4 freeze to 1664
[16:07:32.339] [SEVERE ] setting player 1 freeze to 0
[16:07:32.340] [SEVERE ] setting player 2 freeze to 0
[16:07:32.340] [SEVERE ] setting player 3 freeze to 1529
[16:07:32.341] [SEVERE ] setting player 4 freeze to 1598
[16:07:32.368] [SEVERE ] key 83 was pressed by player 1
[16:07:32.369] [SEVERE ] player 1 placing token on slot 5
[16:07:32.403] [SEVERE ] setting player 1 freeze to 0
[16:07:32.403] [SEVERE ] setting player 2 freeze to 0
[16:07:32.405] [SEVERE ] setting player 3 freeze to 1464
[16:07:32.405] [SEVERE ] setting player 4 freeze to 1534
[16:07:32.464] [SEVERE ] setting player 1 freeze to 0
[16:07:32.465] [SEVERE ] setting player 2 freeze to 0
[16:07:32.466] [SEVERE ] setting player 3 freeze to 1403
[16:07:32.466] [SEVERE ] setting player 4 freeze to 1473
[16:07:32.501] [SEVERE ] key 68 was pressed by player 1
[16:07:32.501] [SEVERE ] player 1 placing token on slot 6
[16:07:32.503] [SEVERE ] setting player 1 freeze to 6000
[16:07:32.504] [SEVERE ] setting player 2 freeze to 0
[16:07:32.504] [SEVERE ] setting player 3 freeze to 1365
[16:07:32.504] [SEVERE ] setting player 4 freeze to 1435
[16:07:32.559] [SEVERE ] setting player 1 freeze to 5944
[16:07:32.560] [SEVERE ] setting player 2 freeze to 0
[16:07:32.561] [SEVERE ] setting player 3 freeze to 1308
[16:07:32.561] [SEVERE ] setting player 4 freeze to 1378
[16:07:32.624] [SEVERE ] setting player 1 freeze to 5879
[16:07:32.625] [SEVERE ] setting player 2 freeze to 0
[16:07:32.626] [SEVERE ] setting player 3 freeze to 1243
[16:07:32.626] [SEVERE ] setting player 4 freeze to 1313
[16:07:32.687] [SEVERE ] setting player 1 freeze to 5816
[16:07:32.688] [SEVERE ] setting player 2 freeze to 0
[16:07:32.689] [SEVERE ] setting player 3 freeze to 1180
[16:07:32.690] [SEVERE ] setting player 4 freeze to 1249
[16:07:32.750] [SEVERE ] setting player 1 freeze to 5753
[16:07:32.751] [SEVERE ] setting player 2 freeze to 0
[16:07:32.752] [SEVERE ] setting player 3 freeze to 1117
[16:07:32.752] [SEVERE ] setting player 4 freeze to 1187
[16:07:32.814] [SEVERE ] setting player 1 freeze to 5689
[16:07:32.814] [SEVERE ] setting player 2 freeze to 0
[16:07:32.815] [SEVERE ] setting player 3 freeze to 1054
[16:07:32.815] [SEVERE ] setting player 4 freeze to 1124
[16:07:32.876] [SEVERE ] setting player 1 freeze to 5627
[16:07:32.876] [SEVERE ] setting player 2 freeze to 0
[16:07:32.876] [SEVERE ] setting player 3 freeze to 993
[16:07:32.877] [SEVERE ] setting player 4 freeze to 1062
[16:07:32.938] [SEVERE ] setting player 1 freeze to 5565
[16:07:32.939] [SEVERE ] setting player 2 freeze to 0
[16:07:32.940] [SEVERE ] setting player 3 freeze to 929
[16:07:32.940] [SEVERE ] setting player 4 freeze to 999
[16:07:33.002] [SEVERE ] setting player 1 freeze to 5501
[16:07:33.003] [SEVERE ] setting player 2 freeze to 0
[16:07:33.003] [SEVERE ] setting player 3 freeze to 866
[16:07:33.004] [SEVERE ] setting player 4 freeze to 935
[16:07:33.065] [SEVERE ] setting player 1 freeze to 5438
[16:07:33.066] [SEVERE ] setting player 2 freeze to 0
[16:07:33.066] [SEVERE ] setting player 3 freeze to 803
[16:07:33.067] [SEVERE ] setting player 4 freeze to 872
[16:07:33.127] [SEVERE ] setting player 1 freeze to 5376
[16:07:33.128] [SEVERE ] setting player 2 freeze to 0
[16:07:33.129] [SEVERE ] setting player 3 freeze to 740
[16:07:33.129] [SEVERE ] setting player 4 freeze to 810
[16:07:33.191] [SEVERE ] setting player 1 freeze to 5312
[16:07:33.192] [SEVERE ] setting player 2 freeze to 0
[16:07:33.193] [SEVERE ] setting player 3 freeze to 676
[16:07:33.193] [SEVERE ] setting player 4 freeze to 746
[16:07:33.255] [SEVERE ] setting player 1 freeze to 5248
[16:07:33.255] [SEVERE ] setting player 2 freeze to 0
[16:07:33.256] [SEVERE ] setting player 3 freeze to 613
[16:07:33.257] [SEVERE ] setting player 4 freeze to 682
[16:07:33.317] [SEVERE ] setting player 1 freeze to 5186
[16:07:33.318] [SEVERE ] setting player 2 freeze to 0
[16:07:33.318] [SEVERE ] setting player 3 freeze to 551
[16:07:33.319] [SEVERE ] setting player 4 freeze to 620
[16:07:33.379] [SEVERE ] setting player 1 freeze to 5124
[16:07:33.379] [SEVERE ] setting player 2 freeze to 0
[16:07:33.379] [SEVERE ] setting player 3 freeze to 490
[16:07:33.379] [SEVERE ] setting player 4 freeze to 560
[16:07:33.441] [SEVERE ] setting player 1 freeze to 5062
[16:07:33.442] [SEVERE ] setting player 2 freeze to 0
[16:07:33.442] [SEVERE ] setting player 3 freeze to 427
[16:07:33.442] [SEVERE ] setting player 4 freeze to 497
[16:07:33.504] [SEVERE ] setting player 1 freeze to 4999
[16:07:33.505] [SEVERE ] setting player 2 freeze to 0
[16:07:33.505] [SEVERE ] setting player 3 freeze to 364
[16:07:33.506] [SEVERE ] setting player 4 freeze to 433
[16:07:33.568] [SEVERE ] setting player 1 freeze to 4935
[16:07:33.569] [SEVERE ] setting player 2 freeze to 0
[16:07:33.569] [SEVERE ] setting player 3 freeze to 300
[16:07:33.570] [SEVERE ] setting player 4 freeze to 369
[16:07:33.631] [SEVERE ] setting player 1 freeze to 4872
[16:07:33.631] [SEVERE ] setting player 2 freeze to 0
[16:07:33.631] [SEVERE ] setting player 3 freeze to 238
[16:07:33.631] [SEVERE ] setting player 4 freeze to 308
[16:07:33.693] [SEVERE ] setting player 1 freeze to 4810
[16:07:33.693] [SEVERE ] setting player 2 freeze to 0
[16:07:33.694] [SEVERE ] setting player 3 freeze to 175
[16:07:33.694] [SEVERE ] setting player 4 freeze to 245
[16:07:33.756] [SEVERE ] setting player 1 freeze to 4747
[16:07:33.757] [SEVERE ] setting player 2 freeze to 0
[16:07:33.757] [SEVERE ] setting player 3 freeze to 112
[16:07:33.758] [SEVERE ] setting player 4 freeze to 181
[16:07:33.819] [SEVERE ] setting player 1 freeze to 4684
[16:07:33.820] [SEVERE ] setting player 2 freeze to 0
[16:07:33.820] [SEVERE ] setting player 3 freeze to 49
[16:07:33.820] [SEVERE ] setting player 4 freeze to 119
[16:07:33.882] [SEVERE ] setting player 1 freeze to 4621
[16:07:33.882] [SEVERE ] setting player 2 freeze to 0
[16:07:33.882] [SEVERE ] setting player 3 freeze to 0
[16:07:33.883] [SEVERE ] setting player 4 freeze to 56
[16:07:33.944] [SEVERE ] setting player 1 freeze to 4559
[16:07:33.944] [SEVERE ] setting player 2 freeze to 0
[16:07:33.945] [SEVERE ] setting player 3 freeze to 0
[16:07:33.945] [SEVERE ] setting player 4 freeze to 0
[16:07:34.006] [SEVERE ] setting player 1 freeze to 4497
[16:07:34.006] [SEVERE ] setting player 2 freeze to 0
[16:07:34.006] [SEVERE ] setting player 3 freeze to 0
[16:07:34.007] [SEVERE ] setting player 4 freeze to 0
[16:07:34.007] [SEVERE ] removing player 4 token from slot 4
[16:07:34.069] [SEVERE ] setting player 1 freeze to 4434
[16:07:34.069] [SEVERE ] setting player 2 freeze to 0
[16:07:34.070] [SEVERE ] setting player 3 freeze to 0
[16:07:34.070] [SEVERE ] setting player 4 freeze to 0
[16:07:34.070] [SEVERE ] removing player 4 token from slot 2
[16:07:34.131] [SEVERE ] setting player 1 freeze to 4372
[16:07:34.132] [SEVERE ] setting player 2 freeze to 0
[16:07:34.132] [SEVERE ] setting player 3 freeze to 0
[16:07:34.132] [SEVERE ] setting player 4 freeze to 0
[16:07:34.133] [SEVERE ] player 4 placing token on slot 1
[16:07:34.194] [SEVERE ] setting player 1 freeze to 4309
[16:07:34.194] [SEVERE ] setting player 2 freeze to 0
[16:07:34.194] [SEVERE ] setting player 3 freeze to 0
[16:07:34.195] [SEVERE ] setting player 4 freeze to 0
[16:07:34.195] [SEVERE ] player 4 placing token on slot 8
[16:07:34.196] [SEVERE ] setting player 1 freeze to 4307
[16:07:34.196] [SEVERE ] setting player 2 freeze to 0
[16:07:34.196] [SEVERE ] setting player 3 freeze to 0
[16:07:34.196] [SEVERE ] setting player 4 freeze to 5999
[16:07:34.255] [SEVERE ] setting player 1 freeze to 4248
[16:07:34.255] [SEVERE ] setting player 2 freeze to 0
[16:07:34.256] [SEVERE ] setting player 3 freeze to 0
[16:07:34.256] [SEVERE ] setting player 4 freeze to 5939
[16:07:34.318] [SEVERE ] setting player 1 freeze to 4185
[16:07:34.318] [SEVERE ] setting player 2 freeze to 0
[16:07:34.319] [SEVERE ] setting player 3 freeze to 0
[16:07:34.319] [SEVERE ] setting player 4 freeze to 5876
[16:07:34.381] [SEVERE ] setting player 1 freeze to 4122
[16:07:34.382] [SEVERE ] setting player 2 freeze to 0
[16:07:34.382] [SEVERE ] setting player 3 freeze to 0
[16:07:34.382] [SEVERE ] setting player 4 freeze to 5813
[16:07:34.443] [SEVERE ] setting player 1 freeze to 4060
[16:07:34.443] [SEVERE ] setting player 2 freeze to 0
[16:07:34.443] [SEVERE ] setting player 3 freeze to 0
[16:07:34.444] [SEVERE ] setting player 4 freeze to 5751
[16:07:34.504] [SEVERE ] setting player 1 freeze to 3999
[16:07:34.504] [SEVERE ] setting player 2 freeze to 0
[16:07:34.505] [SEVERE ] setting player 3 freeze to 0
[16:07:34.505] [SEVERE ] setting player 4 freeze to 5690
[16:07:34.567] [SEVERE ] setting player 1 freeze to 3936
[16:07:34.568] [SEVERE ] setting player 2 freeze to 0
[16:07:34.569] [SEVERE ] setting player 3 freeze to 0
[16:07:34.569] [SEVERE ] setting player 4 freeze to 5626
[16:07:34.629] [SEVERE ] setting player 1 freeze to 3874
[16:07:34.629] [SEVERE ] setting player 2 freeze to 0
[16:07:34.629] [SEVERE ] setting player 3 freeze to 0
[16:07:34.630] [SEVERE ] setting player 4 freeze to 5565
[16:07:34.693] [SEVERE ] setting player 1 freeze to 3810
[16:07:34.693] [SEVERE ] setting player 2 freeze to 0
[16:07:34.694] [SEVERE ] setting player 3 freeze to 0
[16:07:34.694] [SEVERE ] setting player 4 freeze to 5501
[16:07:34.756] [SEVERE ] setting player 1 freeze to 3747
[16:07:34.756] [SEVERE ] setting player 2 freeze to 0
[16:07:34.756] [SEVERE ] setting player 3 freeze to 0
[16:07:34.756] [SEVERE ] setting player 4 freeze to 5439
[16:07:34.818] [SEVERE ] setting player 1 freeze to 3685
[16:07:34.818] [SEVERE ] setting player 2 freeze to 0
[16:07:34.819] [SEVERE ] setting player 3 freeze to 0
[16:07:34.819] [SEVERE ] setting player 4 freeze to 5376
[16:07:34.882] [SEVERE ] setting player 1 freeze to 3621
[16:07:34.882] [SEVERE ] setting player 2 freeze to 0
[16:07:34.882] [SEVERE ] setting player 3 freeze to 0
[16:07:34.882] [SEVERE ] setting player 4 freeze to 5313
[16:07:34.944] [SEVERE ] setting player 1 freeze to 3559
[16:07:34.945] [SEVERE ] setting player 2 freeze to 0
[16:07:34.945] [SEVERE ] setting player 3 freeze to 0
[16:07:34.945] [SEVERE ] setting player 4 freeze to 5250
[16:07:35.008] [SEVERE ] setting player 1 freeze to 3495
[16:07:35.008] [SEVERE ] setting player 2 freeze to 0
[16:07:35.009] [SEVERE ] setting player 3 freeze to 0
[16:07:35.009] [SEVERE ] setting player 4 freeze to 5186
[16:07:35.071] [SEVERE ] setting player 1 freeze to 3432
[16:07:35.072] [SEVERE ] setting player 2 freeze to 0
[16:07:35.073] [SEVERE ] setting player 3 freeze to 0
[16:07:35.073] [SEVERE ] setting player 4 freeze to 5122
[16:07:35.133] [SEVERE ] setting player 1 freeze to 3370
[16:07:35.134] [SEVERE ] setting player 2 freeze to 0
[16:07:35.134] [SEVERE ] setting player 3 freeze to 0
[16:07:35.134] [SEVERE ] setting player 4 freeze to 5061
[16:07:35.197] [SEVERE ] setting player 1 freeze to 3306
[16:07:35.198] [SEVERE ] setting player 2 freeze to 0
[16:07:35.199] [SEVERE ] setting player 3 freeze to 0
[16:07:35.199] [SEVERE ] setting player 4 freeze to 4996
[16:07:35.261] [SEVERE ] setting player 1 freeze to 3242
[16:07:35.262] [SEVERE ] setting player 2 freeze to 0
[16:07:35.263] [SEVERE ] setting player 3 freeze to 0
[16:07:35.263] [SEVERE ] setting player 4 freeze to 4932
[16:07:35.263] [SEVERE ] removing player 3 token from slot 6
[16:07:35.323] [SEVERE ] setting player 1 freeze to 3180
[16:07:35.324] [SEVERE ] setting player 2 freeze to 0
[16:07:35.325] [SEVERE ] setting player 3 freeze to 0
[16:07:35.325] [SEVERE ] setting player 4 freeze to 4870
[16:07:35.326] [SEVERE ] player 3 placing token on slot 6
[16:07:35.327] [SEVERE ] setting player 1 freeze to 3176
[16:07:35.328] [SEVERE ] setting player 2 freeze to 0
[16:07:35.328] [SEVERE ] setting player 3 freeze to 5999
[16:07:35.329] [SEVERE ] setting player 4 freeze to 4866
[16:07:35.388] [SEVERE ] setting player 1 freeze to 3115
[16:07:35.388] [SEVERE ] setting player 2 freeze to 0
[16:07:35.388] [SEVERE ] setting player 3 freeze to 5939
[16:07:35.388] [SEVERE ] setting player 4 freeze to 4807
[16:07:35.452] [SEVERE ] setting player 1 freeze to 3051
[16:07:35.452] [SEVERE ] setting player 2 freeze to 0
[16:07:35.453] [SEVERE ] setting player 3 freeze to 5874
[16:07:35.453] [SEVERE ] setting player 4 freeze to 4742
[16:07:35.513] [SEVERE ] setting player 1 freeze to 2990
[16:07:35.513] [SEVERE ] setting player 2 freeze to 0
[16:07:35.513] [SEVERE ] setting player 3 freeze to 5814
[16:07:35.514] [SEVERE ] setting player 4 freeze to 4681
[16:07:35.575] [SEVERE ] setting player 1 freeze to 2928
[16:07:35.575] [SEVERE ] setting player 2 freeze to 0
[16:07:35.576] [SEVERE ] setting player 3 freeze to 5751
[16:07:35.576] [SEVERE ] setting player 4 freeze to 4619
[16:07:35.639] [SEVERE ] setting player 1 freeze to 2864
[16:07:35.639] [SEVERE ] setting player 2 freeze to 0
[16:07:35.639] [SEVERE ] setting player 3 freeze to 5688
[16:07:35.639] [SEVERE ] setting player 4 freeze to 4556
[16:07:35.700] [SEVERE ] setting player 1 freeze to 2803
[16:07:35.700] [SEVERE ] setting player 2 freeze to 0
[16:07:35.700] [SEVERE ] setting player 3 freeze to 5627
[16:07:35.700] [SEVERE ] setting player 4 freeze to 4495
[16:07:35.763] [SEVERE ] setting player 1 freeze to 2740
[16:07:35.763] [SEVERE ] setting player 2 freeze to 0
[16:07:35.763] [SEVERE ] setting player 3 freeze to 5564
[16:07:35.763] [SEVERE ] setting player 4 freeze to 4432
[16:07:35.827] [SEVERE ] setting player 1 freeze to 2676
[16:07:35.828] [SEVERE ] setting player 2 freeze to 0
[16:07:35.828] [SEVERE ] setting player 3 freeze to 5499
[16:07:35.828] [SEVERE ] setting player 4 freeze to 4367
[16:07:35.890] [SEVERE ] setting player 1 freeze to 2613
[16:07:35.890] [SEVERE ] setting player 2 freeze to 0
[16:07:35.890] [SEVERE ] setting player 3 freeze to 5437
[16:07:35.890] [SEVERE ] setting player 4 freeze to 4305
[16:07:35.953] [SEVERE ] setting player 1 freeze to 2550
[16:07:35.953] [SEVERE ] setting player 2 freeze to 0
[16:07:35.953] [SEVERE ] setting player 3 freeze to 5374
[16:07:35.954] [SEVERE ] setting player 4 freeze to 4241
[16:07:36.016] [SEVERE ] setting player 1 freeze to 2487
[16:07:36.016] [SEVERE ] setting player 2 freeze to 0
[16:07:36.017] [SEVERE ] setting player 3 freeze to 5310
[16:07:36.017] [SEVERE ] setting player 4 freeze to 4178
[16:07:36.079] [SEVERE ] setting player 1 freeze to 2424
[16:07:36.080] [SEVERE ] setting player 2 freeze to 0
[16:07:36.080] [SEVERE ] setting player 3 freeze to 5247
[16:07:36.081] [SEVERE ] setting player 4 freeze to 4114
[16:07:36.143] [SEVERE ] setting player 1 freeze to 2360
[16:07:36.143] [SEVERE ] setting player 2 freeze to 0
[16:07:36.143] [SEVERE ] setting player 3 freeze to 5184
[16:07:36.144] [SEVERE ] setting player 4 freeze to 4051
[16:07:36.203] [SEVERE ] setting player 1 freeze to 2300
[16:07:36.204] [SEVERE ] setting player 2 freeze to 0
[16:07:36.204] [SEVERE ] setting player 3 freeze to 5123
[16:07:36.205] [SEVERE ] setting player 4 freeze to 3990
[16:07:36.265] [SEVERE ] setting player 1 freeze to 2238
[16:07:36.266] [SEVERE ] setting player 2 freeze to 0
[16:07:36.266] [SEVERE ] setting player 3 freeze to 5061
[16:07:36.267] [SEVERE ] setting player 4 freeze to 3928
[16:07:36.330] [SEVERE ] setting player 1 freeze to 2173
[16:07:36.331] [SEVERE ] setting player 2 freeze to 0
[16:07:36.331] [SEVERE ] setting player 3 freeze to 4996
[16:07:36.331] [SEVERE ] setting player 4 freeze to 3864
[16:07:36.394] [SEVERE ] setting player 1 freeze to 2109
[16:07:36.394] [SEVERE ] setting player 2 freeze to 0
[16:07:36.395] [SEVERE ] setting player 3 freeze to 4932
[16:07:36.395] [SEVERE ] setting player 4 freeze to 3800
[16:07:36.455] [SEVERE ] setting player 1 freeze to 2048
[16:07:36.455] [SEVERE ] setting player 2 freeze to 0
[16:07:36.456] [SEVERE ] setting player 3 freeze to 4871
[16:07:36.456] [SEVERE ] setting player 4 freeze to 3739
[16:07:36.519] [SEVERE ] setting player 1 freeze to 1984
[16:07:36.520] [SEVERE ] setting player 2 freeze to 0
[16:07:36.520] [SEVERE ] setting player 3 freeze to 4807
[16:07:36.520] [SEVERE ] setting player 4 freeze to 3675
[16:07:36.580] [SEVERE ] setting player 1 freeze to 1923
[16:07:36.581] [SEVERE ] setting player 2 freeze to 0
[16:07:36.581] [SEVERE ] setting player 3 freeze to 4746
[16:07:36.581] [SEVERE ] setting player 4 freeze to 3614
[16:07:36.644] [SEVERE ] setting player 1 freeze to 1859
[16:07:36.645] [SEVERE ] setting player 2 freeze to 0
[16:07:36.645] [SEVERE ] setting player 3 freeze to 4682
[16:07:36.645] [SEVERE ] setting player 4 freeze to 3550
[16:07:36.707] [SEVERE ] setting player 1 freeze to 1796
[16:07:36.707] [SEVERE ] setting player 2 freeze to 0
[16:07:36.708] [SEVERE ] setting player 3 freeze to 4619
[16:07:36.708] [SEVERE ] setting player 4 freeze to 3487
[16:07:36.770] [SEVERE ] setting player 1 freeze to 1733
[16:07:36.770] [SEVERE ] setting player 2 freeze to 0
[16:07:36.770] [SEVERE ] setting player 3 freeze to 4557
[16:07:36.770] [SEVERE ] setting player 4 freeze to 3425
[16:07:36.832] [SEVERE ] setting player 1 freeze to 1671
[16:07:36.833] [SEVERE ] setting player 2 freeze to 0
[16:07:36.833] [SEVERE ] setting player 3 freeze to 4494
[16:07:36.834] [SEVERE ] setting player 4 freeze to 3361
[16:07:36.895] [SEVERE ] setting player 1 freeze to 1608
[16:07:36.896] [SEVERE ] setting player 2 freeze to 0
[16:07:36.896] [SEVERE ] setting player 3 freeze to 4431
[16:07:36.896] [SEVERE ] setting player 4 freeze to 3299
[16:07:36.959] [SEVERE ] setting player 1 freeze to 1545
[16:07:36.959] [SEVERE ] setting player 2 freeze to 0
[16:07:36.959] [SEVERE ] setting player 3 freeze to 4368
[16:07:36.959] [SEVERE ] setting player 4 freeze to 3236
[16:07:37.021] [SEVERE ] setting player 1 freeze to 1482
[16:07:37.021] [SEVERE ] setting player 2 freeze to 0
[16:07:37.021] [SEVERE ] setting player 3 freeze to 4306
[16:07:37.021] [SEVERE ] setting player 4 freeze to 3174
[16:07:37.085] [SEVERE ] setting player 1 freeze to 1418
[16:07:37.085] [SEVERE ] setting player 2 freeze to 0
[16:07:37.085] [SEVERE ] setting player 3 freeze to 4242
[16:07:37.085] [SEVERE ] setting player 4 freeze to 3110
[16:07:37.146] [SEVERE ] setting player 1 freeze to 1357
[16:07:37.147] [SEVERE ] setting player 2 freeze to 0
[16:07:37.147] [SEVERE ] setting player 3 freeze to 4180
[16:07:37.147] [SEVERE ] setting player 4 freeze to 3048
[16:07:37.208] [SEVERE ] setting player 1 freeze to 1295
[16:07:37.209] [SEVERE ] setting player 2 freeze to 0
[16:07:37.209] [SEVERE ] setting player 3 freeze to 4118
[16:07:37.209] [SEVERE ] setting player 4 freeze to 2986
[16:07:37.270] [SEVERE ] setting player 1 freeze to 1233
[16:07:37.270] [SEVERE ] setting player 2 freeze to 0
[16:07:37.271] [SEVERE ] setting player 3 freeze to 4056
[16:07:37.271] [SEVERE ] setting player 4 freeze to 2924
[16:07:37.334] [SEVERE ] setting player 1 freeze to 1170
[16:07:37.334] [SEVERE ] setting player 2 freeze to 0
[16:07:37.335] [SEVERE ] setting player 3 freeze to 3992
[16:07:37.335] [SEVERE ] setting player 4 freeze to 2860
[16:07:37.395] [SEVERE ] setting player 1 freeze to 1108
[16:07:37.396] [SEVERE ] setting player 2 freeze to 0
[16:07:37.396] [SEVERE ] setting player 3 freeze to 3931
[16:07:37.396] [SEVERE ] setting player 4 freeze to 2799
[16:07:37.458] [SEVERE ] setting player 1 freeze to 1045
[16:07:37.458] [SEVERE ] setting player 2 freeze to 0
[16:07:37.459] [SEVERE ] setting player 3 freeze to 3868
[16:07:37.459] [SEVERE ] setting player 4 freeze to 2736
[16:07:37.521] [SEVERE ] setting player 1 freeze to 982
[16:07:37.521] [SEVERE ] setting player 2 freeze to 0
[16:07:37.521] [SEVERE ] setting player 3 freeze to 3806
[16:07:37.522] [SEVERE ] setting player 4 freeze to 2673
[16:07:37.584] [SEVERE ] setting player 1 freeze to 919
[16:07:37.585] [SEVERE ] setting player 2 freeze to 0
[16:07:37.585] [SEVERE ] setting player 3 freeze to 3742
[16:07:37.585] [SEVERE ] setting player 4 freeze to 2610
[16:07:37.645] [SEVERE ] setting player 1 freeze to 858
[16:07:37.646] [SEVERE ] setting player 2 freeze to 0
[16:07:37.646] [SEVERE ] setting player 3 freeze to 3681
[16:07:37.646] [SEVERE ] setting player 4 freeze to 2549
[16:07:37.709] [SEVERE ] setting player 1 freeze to 794
[16:07:37.710] [SEVERE ] setting player 2 freeze to 0
[16:07:37.710] [SEVERE ] setting player 3 freeze to 3617
[16:07:37.710] [SEVERE ] setting player 4 freeze to 2485
[16:07:37.772] [SEVERE ] updating countdown to 0
[16:07:37.772] [SEVERE ] setting player 1 freeze to 731
[16:07:37.772] [SEVERE ] setting player 2 freeze to 0
[16:07:37.772] [SEVERE ] setting player 3 freeze to 3555
[16:07:37.772] [SEVERE ] setting player 4 freeze to 2423
[16:07:37.834] [SEVERE ] updating countdown to 0
[16:07:37.834] [SEVERE ] setting player 1 freeze to 669
[16:07:37.834] [SEVERE ] setting player 2 freeze to 0
[16:07:37.834] [SEVERE ] setting player 3 freeze to 3493
[16:07:37.835] [SEVERE ] setting player 4 freeze to 2360
[16:07:37.898] [SEVERE ] updating countdown to 0
[16:07:37.898] [SEVERE ] setting player 1 freeze to 605
[16:07:37.899] [SEVERE ] setting player 2 freeze to 0
[16:07:37.899] [SEVERE ] setting player 3 freeze to 3428
[16:07:37.899] [SEVERE ] setting player 4 freeze to 2296
[16:07:37.960] [SEVERE ] updating countdown to 0
[16:07:37.960] [SEVERE ] setting player 1 freeze to 543
[16:07:37.960] [SEVERE ] setting player 2 freeze to 0
[16:07:37.960] [SEVERE ] setting player 3 freeze to 3367
[16:07:37.960] [SEVERE ] setting player 4 freeze to 2235
[16:07:38.023] [SEVERE ] updating countdown to 0
[16:07:38.023] [SEVERE ] setting player 1 freeze to 480
[16:07:38.023] [SEVERE ] setting player 2 freeze to 0
[16:07:38.023] [SEVERE ] setting player 3 freeze to 3304
[16:07:38.023] [SEVERE ] setting player 4 freeze to 2172
[16:07:38.087] [SEVERE ] updating countdown to 0
[16:07:38.087] [SEVERE ] setting player 1 freeze to 416
[16:07:38.087] [SEVERE ] setting player 2 freeze to 0
[16:07:38.088] [SEVERE ] setting player 3 freeze to 3239
[16:07:38.088] [SEVERE ] setting player 4 freeze to 2107
[16:07:38.150] [SEVERE ] updating countdown to 0
[16:07:38.150] [SEVERE ] setting player 1 freeze to 353
[16:07:38.150] [SEVERE ] setting player 2 freeze to 0
[16:07:38.150] [SEVERE ] setting player 3 freeze to 3177
[16:07:38.151] [SEVERE ] setting player 4 freeze to 2044
[16:07:38.213] [SEVERE ] updating countdown to 0
[16:07:38.213] [SEVERE ] setting player 1 freeze to 290
[16:07:38.213] [SEVERE ] setting player 2 freeze to 0
[16:07:38.213] [SEVERE ] setting player 3 freeze to 3114
[16:07:38.214] [SEVERE ] setting player 4 freeze to 1981
[16:07:38.276] [SEVERE ] updating countdown to 0
[16:07:38.276] [SEVERE ] setting player 1 freeze to 227
[16:07:38.276] [SEVERE ] setting player 2 freeze to 0
[16:07:38.276] [SEVERE ] setting player 3 freeze to 3051
[16:07:38.277] [SEVERE ] setting player 4 freeze to 1918
[16:07:38.339] [SEVERE ] updating countdown to 0
[16:07:38.339] [SEVERE ] setting player 1 freeze to 164
[16:07:38.340] [SEVERE ] setting player 2 freeze to 0
[16:07:38.340] [SEVERE ] setting player 3 freeze to 2987
[16:07:38.340] [SEVERE ] setting player 4 freeze to 1855
[16:07:38.402] [SEVERE ] updating countdown to 0
[16:07:38.402] [SEVERE ] setting player 1 freeze to 101
[16:07:38.402] [SEVERE ] setting player 2 freeze to 0
[16:07:38.402] [SEVERE ] setting player 3 freeze to 2925
[16:07:38.402] [SEVERE ] setting player 4 freeze to 1793
[16:07:38.465] [SEVERE ] updating countdown to 0
[16:07:38.465] [SEVERE ] setting player 1 freeze to 38
[16:07:38.465] [SEVERE ] setting player 2 freeze to 0
[16:07:38.465] [SEVERE ] setting player 3 freeze to 2862
[16:07:38.466] [SEVERE ] setting player 4 freeze to 1729
[16:07:38.529] [SEVERE ] updating countdown to 0
[16:07:38.529] [SEVERE ] setting player 1 freeze to 0
[16:07:38.529] [SEVERE ] setting player 2 freeze to 0
[16:07:38.529] [SEVERE ] setting player 3 freeze to 2798
[16:07:38.529] [SEVERE ] setting player 4 freeze to 1666
[16:07:38.592] [SEVERE ] updating countdown to 0
[16:07:38.592] [SEVERE ] setting player 1 freeze to 0
[16:07:38.593] [SEVERE ] setting player 2 freeze to 0
[16:07:38.593] [SEVERE ] setting player 3 freeze to 2734
[16:07:38.593] [SEVERE ] setting player 4 freeze to 1602
[16:07:38.656] [SEVERE ] updating countdown to 0
[16:07:38.656] [SEVERE ] setting player 1 freeze to 0
[16:07:38.656] [SEVERE ] setting player 2 freeze to 0
[16:07:38.656] [SEVERE ] setting player 3 freeze to 2671
[16:07:38.656] [SEVERE ] setting player 4 freeze to 1539
[16:07:38.719] [SEVERE ] updating countdown to 0
[16:07:38.719] [SEVERE ] setting player 1 freeze to 0
[16:07:38.719] [SEVERE ] setting player 2 freeze to 0
[16:07:38.719] [SEVERE ] setting player 3 freeze to 2608
[16:07:38.719] [SEVERE ] setting player 4 freeze to 1476
[16:07:38.782] [SEVERE ] updating countdown to 0
[16:07:38.782] [SEVERE ] setting player 1 freeze to 0
[16:07:38.782] [SEVERE ] setting player 2 freeze to 0
[16:07:38.783] [SEVERE ] setting player 3 freeze to 2544
[16:07:38.783] [SEVERE ] setting player 4 freeze to 1412
[16:07:38.845] [SEVERE ] updating countdown to 0
[16:07:38.845] [SEVERE ] setting player 1 freeze to 0
[16:07:38.845] [SEVERE ] setting player 2 freeze to 0
[16:07:38.845] [SEVERE ] setting player 3 freeze to 2482
[16:07:38.845] [SEVERE ] setting player 4 freeze to 1350
[16:07:38.907] [SEVERE ] updating countdown to 0
[16:07:38.907] [SEVERE ] setting player 1 freeze to 0
[16:07:38.907] [SEVERE ] setting player 2 freeze to 0
[16:07:38.909] [SEVERE ] setting player 3 freeze to 2418
[16:07:38.909] [SEVERE ] setting player 4 freeze to 1286
[16:07:38.971] [SEVERE ] updating countdown to 0
[16:07:38.971] [SEVERE ] setting player 1 freeze to 0
[16:07:38.971] [SEVERE ] setting player 2 freeze to 0
[16:07:38.971] [SEVERE ] setting player 3 freeze to 2356
[16:07:38.971] [SEVERE ] setting player 4 freeze to 1224
[16:07:39.033] [SEVERE ] updating countdown to 0
[16:07:39.034] [SEVERE ] setting player 1 freeze to 0
[16:07:39.034] [SEVERE ] setting player 2 freeze to 0
[16:07:39.034] [SEVERE ] setting player 3 freeze to 2293
[16:07:39.034] [SEVERE ] setting player 4 freeze to 1161
[16:07:39.095] [SEVERE ] updating countdown to 0
[16:07:39.095] [SEVERE ] setting player 1 freeze to 0
[16:07:39.095] [SEVERE ] setting player 2 freeze to 0
[16:07:39.095] [SEVERE ] setting player 3 freeze to 2232
[16:07:39.095] [SEVERE ] setting player 4 freeze to 1100
[16:07:39.159] [SEVERE ] updating countdown to 0
[16:07:39.159] [SEVERE ] setting player 1 freeze to 0
[16:07:39.160] [SEVERE ] setting player 2 freeze to 0
[16:07:39.160] [SEVERE ] setting player 3 freeze to 2167
[16:07:39.160] [SEVERE ] setting player 4 freeze to 1035
[16:07:39.222] [SEVERE ] updating countdown to 0
[16:07:39.222] [SEVERE ] setting player 1 freeze to 0
[16:07:39.222] [SEVERE ] setting player 2 freeze to 0
[16:07:39.223] [SEVERE ] setting player 3 freeze to 2104
[16:07:39.223] [SEVERE ] setting player 4 freeze to 972
[16:07:39.284] [SEVERE ] updating countdown to 0
[16:07:39.284] [SEVERE ] setting player 1 freeze to 0
[16:07:39.284] [SEVERE ] setting player 2 freeze to 0
[16:07:39.285] [SEVERE ] setting player 3 freeze to 2042
[16:07:39.285] [SEVERE ] setting player 4 freeze to 910
[16:07:39.346] [SEVERE ] updating countdown to 0
[16:07:39.346] [SEVERE ] setting player 1 freeze to 0
[16:07:39.347] [SEVERE ] setting player 2 freeze to 0
[16:07:39.347] [SEVERE ] setting player 3 freeze to 1980
[16:07:39.347] [SEVERE ] setting player 4 freeze to 848
[16:07:39.408] [SEVERE ] updating countdown to 0
[16:07:39.408] [SEVERE ] setting player 1 freeze to 0
[16:07:39.409] [SEVERE ] setting player 2 freeze to 0
[16:07:39.409] [SEVERE ] setting player 3 freeze to 1918
[16:07:39.409] [SEVERE ] setting player 4 freeze to 786
[16:07:39.471] [SEVERE ] updating countdown to 0
[16:07:39.471] [SEVERE ] setting player 1 freeze to 0
[16:07:39.471] [SEVERE ] setting player 2 freeze to 0
[16:07:39.471] [SEVERE ] setting player 3 freeze to 1856
[16:07:39.471] [SEVERE ] setting player 4 freeze to 724
[16:07:39.535] [SEVERE ] updating countdown to 0
[16:07:39.535] [SEVERE ] setting player 1 freeze to 0
[16:07:39.535] [SEVERE ] setting player 2 freeze to 0
[16:07:39.535] [SEVERE ] setting player 3 freeze to 1792
[16:07:39.535] [SEVERE ] setting player 4 freeze to 660
[16:07:39.598] [SEVERE ] updating countdown to 0
[16:07:39.598] [SEVERE ] setting player 1 freeze to 0
[16:07:39.598] [SEVERE ] setting player 2 freeze to 0
[16:07:39.598] [SEVERE ] setting player 3 freeze to 1729
[16:07:39.599] [SEVERE ] setting player 4 freeze to 596
[16:07:39.661] [SEVERE ] updating countdown to 0
[16:07:39.661] [SEVERE ] setting player 1 freeze to 0
[16:07:39.662] [SEVERE ] setting player 2 freeze to 0
[16:07:39.662] [SEVERE ] setting player 3 freeze to 1665
[16:07:39.662] [SEVERE ] setting player 4 freeze to 533
[16:07:39.724] [SEVERE ] updating countdown to 0
[16:07:39.724] [SEVERE ] setting player 1 freeze to 0
[16:07:39.724] [SEVERE ] setting player 2 freeze to 0
[16:07:39.725] [SEVERE ] setting player 3 freeze to 1602
[16:07:39.725] [SEVERE ] setting player 4 freeze to 470
[16:07:39.787] [SEVERE ] updating countdown to 0
[16:07:39.787] [SEVERE ] setting player 1 freeze to 0
[16:07:39.787] [SEVERE ] setting player 2 freeze to 0
[16:07:39.788] [SEVERE ] setting player 3 freeze to 1539
[16:07:39.788] [SEVERE ] setting player 4 freeze to 407
[16:07:39.850] [SEVERE ] updating countdown to 0
[16:07:39.850] [SEVERE ] setting player 1 freeze to 0
[16:07:39.851] [SEVERE ] setting player 2 freeze to 0
[16:07:39.851] [SEVERE ] setting player 3 freeze to 1476
[16:07:39.851] [SEVERE ] setting player 4 freeze to 344
[16:07:39.913] [SEVERE ] updating countdown to 0
[16:07:39.913] [SEVERE ] setting player 1 freeze to 0
[16:07:39.913] [SEVERE ] setting player 2 freeze to 0
[16:07:39.914] [SEVERE ] setting player 3 freeze to 1413
[16:07:39.914] [SEVERE ] setting player 4 freeze to 281
[16:07:39.976] [SEVERE ] updating countdown to 0
[16:07:39.976] [SEVERE ] setting player 1 freeze to 0
[16:07:39.977] [SEVERE ] setting player 2 freeze to 0
[16:07:39.977] [SEVERE ] setting player 3 freeze to 1350
[16:07:39.977] [SEVERE ] setting player 4 freeze to 218
[16:07:40.038] [SEVERE ] updating countdown to 0
[16:07:40.038] [SEVERE ] setting player 1 freeze to 0
[16:07:40.039] [SEVERE ] setting player 2 freeze to 0
[16:07:40.039] [SEVERE ] setting player 3 freeze to 1288
[16:07:40.039] [SEVERE ] setting player 4 freeze to 156
[16:07:40.101] [SEVERE ] updating countdown to 0
[16:07:40.101] [SEVERE ] setting player 1 freeze to 0
[16:07:40.102] [SEVERE ] setting player 2 freeze to 0
[16:07:40.102] [SEVERE ] setting player 3 freeze to 1225
[16:07:40.102] [SEVERE ] setting player 4 freeze to 93
[16:07:40.163] [SEVERE ] updating countdown to 0
[16:07:40.163] [SEVERE ] setting player 1 freeze to 0
[16:07:40.163] [SEVERE ] setting player 2 freeze to 0
[16:07:40.163] [SEVERE ] setting player 3 freeze to 1164
[16:07:40.163] [SEVERE ] setting player 4 freeze to 32
[16:07:40.226] [SEVERE ] updating countdown to 0
[16:07:40.226] [SEVERE ] setting player 1 freeze to 0
[16:07:40.226] [SEVERE ] setting player 2 freeze to 0
[16:07:40.226] [SEVERE ] setting player 3 freeze to 1101
[16:07:40.226] [SEVERE ] setting player 4 freeze to 0
[16:07:40.289] [SEVERE ] updating countdown to 0
[16:07:40.289] [SEVERE ] setting player 1 freeze to 0
[16:07:40.289] [SEVERE ] setting player 2 freeze to 0
[16:07:40.289] [SEVERE ] setting player 3 freeze to 1038
[16:07:40.289] [SEVERE ] setting player 4 freeze to 0
[16:07:40.352] [SEVERE ] updating countdown to 0
[16:07:40.352] [SEVERE ] setting player 1 freeze to 0
[16:07:40.352] [SEVERE ] setting player 2 freeze to 0
[16:07:40.352] [SEVERE ] setting player 3 freeze to 975
[16:07:40.352] [SEVERE ] setting player 4 freeze to 0
[16:07:40.352] [SEVERE ] removing player 4 token from slot 3
[16:07:40.414] [SEVERE ] updating countdown to 0
[16:07:40.414] [SEVERE ] setting player 1 freeze to 0
[16:07:40.414] [SEVERE ] setting player 2 freeze to 0
[16:07:40.414] [SEVERE ] setting player 3 freeze to 913
[16:07:40.414] [SEVERE ] setting player 4 freeze to 0
[16:07:40.415] [SEVERE ] player 4 placing token on slot 5
[16:07:40.415] [SEVERE ] updating countdown to 0
[16:07:40.416] [SEVERE ] setting player 1 freeze to 0
[16:07:40.416] [SEVERE ] setting player 2 freeze to 0
[16:07:40.416] [SEVERE ] setting player 3 freeze to 911
[16:07:40.416] [SEVERE ] setting player 4 freeze to 6000
[16:07:40.478] [SEVERE ] updating countdown to 0
[16:07:40.478] [SEVERE ] setting player 1 freeze to 0
[16:07:40.478] [SEVERE ] setting player 2 freeze to 0
[16:07:40.478] [SEVERE ] setting player 3 freeze to 849
[16:07:40.478] [SEVERE ] setting player 4 freeze to 5938
[16:07:40.540] [SEVERE ] updating countdown to 0
[16:07:40.540] [SEVERE ] setting player 1 freeze to 0
[16:07:40.540] [SEVERE ] setting player 2 freeze to 0
[16:07:40.540] [SEVERE ] setting player 3 freeze to 787
[16:07:40.540] [SEVERE ] setting player 4 freeze to 5876
[16:07:40.602] [SEVERE ] updating countdown to 0
[16:07:40.602] [SEVERE ] setting player 1 freeze to 0
[16:07:40.602] [SEVERE ] setting player 2 freeze to 0
[16:07:40.602] [SEVERE ] setting player 3 freeze to 725
[16:07:40.602] [SEVERE ] setting player 4 freeze to 5814
[16:07:40.665] [SEVERE ] updating countdown to 0
[16:07:40.665] [SEVERE ] setting player 1 freeze to 0
[16:07:40.665] [SEVERE ] setting player 2 freeze to 0
[16:07:40.665] [SEVERE ] setting player 3 freeze to 662
[16:07:40.665] [SEVERE ] setting player 4 freeze to 5751
[16:07:40.729] [SEVERE ] updating countdown to 0
[16:07:40.729] [SEVERE ] setting player 1 freeze to 0
[16:07:40.729] [SEVERE ] setting player 2 freeze to 0
[16:07:40.729] [SEVERE ] setting player 3 freeze to 598
[16:07:40.729] [SEVERE ] setting player 4 freeze to 5687
[16:07:40.791] [SEVERE ] updating countdown to 0
[16:07:40.791] [SEVERE ] setting player 1 freeze to 0
[16:07:40.791] [SEVERE ] setting player 2 freeze to 0
[16:07:40.791] [SEVERE ] setting player 3 freeze to 536
[16:07:40.791] [SEVERE ] setting player 4 freeze to 5625
[16:07:40.854] [SEVERE ] updating countdown to 0
[16:07:40.854] [SEVERE ] setting player 1 freeze to 0
[16:07:40.854] [SEVERE ] setting player 2 freeze to 0
[16:07:40.854] [SEVERE ] setting player 3 freeze to 473
[16:07:40.854] [SEVERE ] setting player 4 freeze to 5562
[16:07:40.917] [SEVERE ] updating countdown to 0
[16:07:40.917] [SEVERE ] setting player 1 freeze to 0
[16:07:40.917] [SEVERE ] setting player 2 freeze to 0
[16:07:40.917] [SEVERE ] setting player 3 freeze to 410
[16:07:40.917] [SEVERE ] setting player 4 freeze to 5499
[16:07:40.980] [SEVERE ] updating countdown to 0
[16:07:40.980] [SEVERE ] setting player 1 freeze to 0
[16:07:40.981] [SEVERE ] setting player 2 freeze to 0
[16:07:40.981] [SEVERE ] setting player 3 freeze to 346
[16:07:40.981] [SEVERE ] setting player 4 freeze to 5435
[16:07:41.042] [SEVERE ] updating countdown to 0
[16:07:41.042] [SEVERE ] setting player 1 freeze to 0
[16:07:41.043] [SEVERE ] setting player 2 freeze to 0
[16:07:41.043] [SEVERE ] setting player 3 freeze to 284
[16:07:41.043] [SEVERE ] setting player 4 freeze to 5373
[16:07:41.106] [SEVERE ] updating countdown to 0
[16:07:41.106] [SEVERE ] setting player 1 freeze to 0
[16:07:41.106] [SEVERE ] setting player 2 freeze to 0
[16:07:41.106] [SEVERE ] setting player 3 freeze to 221
[16:07:41.106] [SEVERE ] setting player 4 freeze to 5310
[16:07:41.168] [SEVERE ] updating countdown to 0
[16:07:41.168] [SEVERE ] setting player 1 freeze to 0
[16:07:41.168] [SEVERE ] setting player 2 freeze to 0
[16:07:41.168] [SEVERE ] setting player 3 freeze to 159
[16:07:41.168] [SEVERE ] setting player 4 freeze to 5248
[16:07:41.231] [SEVERE ] updating countdown to 0
[16:07:41.231] [SEVERE ] setting player 1 freeze to 0
[16:07:41.231] [SEVERE ] setting player 2 freeze to 0
[16:07:41.231] [SEVERE ] setting player 3 freeze to 96
[16:07:41.231] [SEVERE ] setting player 4 freeze to 5185
[16:07:41.295] [SEVERE ] updating countdown to 0
[16:07:41.295] [SEVERE ] setting player 1 freeze to 0
[16:07:41.295] [SEVERE ] setting player 2 freeze to 0
[16:07:41.295] [SEVERE ] setting player 3 freeze to 32
[16:07:41.296] [SEVERE ] setting player 4 freeze to 5120
[16:07:41.357] [SEVERE ] updating countdown to 0
[16:07:41.357] [SEVERE ] setting player 1 freeze to 0
[16:07:41.358] [SEVERE ] setting player 2 freeze to 0
[16:07:41.358] [SEVERE ] setting player 3 freeze to 0
[16:07:41.358] [SEVERE ] setting player 4 freeze to 5058
[16:07:41.421] [SEVERE ] updating countdown to 0
[16:07:41.421] [SEVERE ] setting player 1 freeze to 0
[16:07:41.421] [SEVERE ] setting player 2 freeze to 0
[16:07:41.421] [SEVERE ] setting player 3 freeze to 0
[16:07:41.421] [SEVERE ] setting player 4 freeze to 4995
[16:07:41.483] [SEVERE ] updating countdown to 0
[16:07:41.483] [SEVERE ] setting player 1 freeze to 0
[16:07:41.483] [SEVERE ] setting player 2 freeze to 0
[16:07:41.483] [SEVERE ] setting player 3 freeze to 0
[16:07:41.483] [SEVERE ] setting player 4 freeze to 4933
[16:07:41.547] [SEVERE ] updating countdown to 0
[16:07:41.547] [SEVERE ] setting player 1 freeze to 0
[16:07:41.547] [SEVERE ] setting player 2 freeze to 0
[16:07:41.547] [SEVERE ] setting player 3 freeze to 0
[16:07:41.547] [SEVERE ] setting player 4 freeze to 4869
[16:07:41.547] [SEVERE ] removing player 3 token from slot 6
[16:07:41.610] [SEVERE ] updating countdown to 0
[16:07:41.610] [SEVERE ] setting player 1 freeze to 0
[16:07:41.610] [SEVERE ] setting player 2 freeze to 0
[16:07:41.610] [SEVERE ] setting player 3 freeze to 0
[16:07:41.610] [SEVERE ] setting player 4 freeze to 4806
[16:07:41.610] [SEVERE ] player 3 placing token on slot 9
[16:07:41.610] [SEVERE ] updating countdown to 0
[16:07:41.611] [SEVERE ] setting player 1 freeze to 0
[16:07:41.611] [SEVERE ] setting player 2 freeze to 0
[16:07:41.611] [SEVERE ] setting player 3 freeze to 6000
[16:07:41.611] [SEVERE ] setting player 4 freeze to 4805
[16:07:41.673] [SEVERE ] updating countdown to 0
[16:07:41.673] [SEVERE ] setting player 1 freeze to 0
[16:07:41.673] [SEVERE ] setting player 2 freeze to 0
[16:07:41.673] [SEVERE ] setting player 3 freeze to 5938
[16:07:41.674] [SEVERE ] setting player 4 freeze to 4742
[16:07:41.735] [SEVERE ] updating countdown to 0
[16:07:41.735] [SEVERE ] setting player 1 freeze to 0
[16:07:41.735] [SEVERE ] setting player 2 freeze to 0
[16:07:41.735] [SEVERE ] setting player 3 freeze to 5876
[16:07:41.735] [SEVERE ] setting player 4 freeze to 4681
[16:07:41.798] [SEVERE ] updating countdown to 0
[16:07:41.798] [SEVERE ] setting player 1 freeze to 0
[16:07:41.798] [SEVERE ] setting player 2 freeze to 0
[16:07:41.798] [SEVERE ] setting player 3 freeze to 5813
[16:07:41.799] [SEVERE ] setting player 4 freeze to 4617
[16:07:41.861] [SEVERE ] updating countdown to 0
[16:07:41.861] [SEVERE ] setting player 1 freeze to 0
[16:07:41.861] [SEVERE ] setting player 2 freeze to 0
[16:07:41.862] [SEVERE ] setting player 3 freeze to 5749
[16:07:41.862] [SEVERE ] setting player 4 freeze to 4554
[16:07:41.923] [SEVERE ] updating countdown to 0
[16:07:41.924] [SEVERE ] setting player 1 freeze to 0
[16:07:41.924] [SEVERE ] setting player 2 freeze to 0
[16:07:41.924] [SEVERE ] setting player 3 freeze to 5687
[16:07:41.924] [SEVERE ] setting player 4 freeze to 4492
[16:07:41.986] [SEVERE ] updating countdown to 0
[16:07:41.987] [SEVERE ] setting player 1 freeze to 0
[16:07:41.987] [SEVERE ] setting player 2 freeze to 0
[16:07:41.987] [SEVERE ] setting player 3 freeze to 5624
[16:07:41.987] [SEVERE ] setting player 4 freeze to 4429
[16:07:42.049] [SEVERE ] updating countdown to 0
[16:07:42.049] [SEVERE ] setting player 1 freeze to 0
[16:07:42.050] [SEVERE ] setting player 2 freeze to 0
[16:07:42.050] [SEVERE ] setting player 3 freeze to 5561
[16:07:42.050] [SEVERE ] setting player 4 freeze to 4366
[16:07:42.113] [SEVERE ] updating countdown to 0
[16:07:42.114] [SEVERE ] setting player 1 freeze to 0
[16:07:42.114] [SEVERE ] setting player 2 freeze to 0
[16:07:42.114] [SEVERE ] setting player 3 freeze to 5497
[16:07:42.114] [SEVERE ] setting player 4 freeze to 4302
[16:07:42.176] [SEVERE ] updating countdown to 0
[16:07:42.176] [SEVERE ] setting player 1 freeze to 0
[16:07:42.177] [SEVERE ] setting player 2 freeze to 0
[16:07:42.177] [SEVERE ] setting player 3 freeze to 5434
[16:07:42.177] [SEVERE ] setting player 4 freeze to 4239
[16:07:42.239] [SEVERE ] updating countdown to 0
[16:07:42.239] [SEVERE ] setting player 1 freeze to 0
[16:07:42.239] [SEVERE ] setting player 2 freeze to 0
[16:07:42.240] [SEVERE ] setting player 3 freeze to 5371
[16:07:42.240] [SEVERE ] setting player 4 freeze to 4176
[16:07:42.301] [SEVERE ] updating countdown to 0
[16:07:42.301] [SEVERE ] setting player 1 freeze to 0
[16:07:42.301] [SEVERE ] setting player 2 freeze to 0
[16:07:42.301] [SEVERE ] setting player 3 freeze to 5310
[16:07:42.301] [SEVERE ] setting player 4 freeze to 4115
[16:07:42.364] [SEVERE ] updating countdown to 0
[16:07:42.364] [SEVERE ] setting player 1 freeze to 0
[16:07:42.364] [SEVERE ] setting player 2 freeze to 0
[16:07:42.364] [SEVERE ] setting player 3 freeze to 5247
[16:07:42.364] [SEVERE ] setting player 4 freeze to 4052
[16:07:42.428] [SEVERE ] updating countdown to 0
[16:07:42.428] [SEVERE ] setting player 1 freeze to 0
[16:07:42.428] [SEVERE ] setting player 2 freeze to 0
[16:07:42.428] [SEVERE ] setting player 3 freeze to 5183
[16:07:42.428] [SEVERE ] setting player 4 freeze to 3988
[16:07:42.491] [SEVERE ] updating countdown to 0
[16:07:42.491] [SEVERE ] setting player 1 freeze to 0
[16:07:42.491] [SEVERE ] setting player 2 freeze to 0
[16:07:42.491] [SEVERE ] setting player 3 freeze to 5120
[16:07:42.491] [SEVERE ] setting player 4 freeze to 3925
[16:07:42.554] [SEVERE ] updating countdown to 0
[16:07:42.554] [SEVERE ] setting player 1 freeze to 0
[16:07:42.554] [SEVERE ] setting player 2 freeze to 0
[16:07:42.554] [SEVERE ] setting player 3 freeze to 5057
[16:07:42.554] [SEVERE ] setting player 4 freeze to 3862
[16:07:42.616] [SEVERE ] updating countdown to 0
[16:07:42.616] [SEVERE ] setting player 1 freeze to 0
[16:07:42.616] [SEVERE ] setting player 2 freeze to 0
[16:07:42.616] [SEVERE ] setting player 3 freeze to 4995
[16:07:42.616] [SEVERE ] setting player 4 freeze to 3800
[16:07:42.678] [SEVERE ] updating countdown to 0
[16:07:42.679] [SEVERE ] setting player 1 freeze to 0
[16:07:42.679] [SEVERE ] setting player 2 freeze to 0
[16:07:42.679] [SEVERE ] setting player 3 freeze to 4932
[16:07:42.679] [SEVERE ] setting player 4 freeze to 3737
[16:07:42.740] [SEVERE ] updating countdown to 0
[16:07:42.740] [SEVERE ] setting player 1 freeze to 0
[16:07:42.740] [SEVERE ] setting player 2 freeze to 0
[16:07:42.741] [SEVERE ] setting player 3 freeze to 4870
[16:07:42.741] [SEVERE ] setting player 4 freeze to 3675
[16:07:42.804] [SEVERE ] updating countdown to 0
[16:07:42.804] [SEVERE ] setting player 1 freeze to 0
[16:07:42.805] [SEVERE ] setting player 2 freeze to 0
[16:07:42.805] [SEVERE ] setting player 3 freeze to 4806
[16:07:42.805] [SEVERE ] setting player 4 freeze to 3611
[16:07:42.867] [SEVERE ] updating countdown to 0
[16:07:42.868] [SEVERE ] setting player 1 freeze to 0
[16:07:42.868] [SEVERE ] setting player 2 freeze to 0
[16:07:42.868] [SEVERE ] setting player 3 freeze to 4743
[16:07:42.868] [SEVERE ] setting player 4 freeze to 3548
[16:07:42.931] [SEVERE ] updating countdown to 0
[16:07:42.932] [SEVERE ] setting player 1 freeze to 0
[16:07:42.932] [SEVERE ] setting player 2 freeze to 0
[16:07:42.932] [SEVERE ] setting player 3 freeze to 4679
[16:07:42.932] [SEVERE ] setting player 4 freeze to 3484
[16:07:42.994] [SEVERE ] updating countdown to 0
[16:07:42.994] [SEVERE ] setting player 1 freeze to 0
[16:07:42.994] [SEVERE ] setting player 2 freeze to 0
[16:07:42.995] [SEVERE ] setting player 3 freeze to 4616
[16:07:42.995] [SEVERE ] setting player 4 freeze to 3421
[16:07:43.057] [SEVERE ] updating countdown to 0
[16:07:43.057] [SEVERE ] setting player 1 freeze to 0
[16:07:43.058] [SEVERE ] setting player 2 freeze to 0
[16:07:43.058] [SEVERE ] setting player 3 freeze to 4553
[16:07:43.058] [SEVERE ] setting player 4 freeze to 3358
[16:07:43.119] [SEVERE ] updating countdown to 0
[16:07:43.120] [SEVERE ] setting player 1 freeze to 0
[16:07:43.120] [SEVERE ] setting player 2 freeze to 0
[16:07:43.120] [SEVERE ] setting player 3 freeze to 4491
[16:07:43.120] [SEVERE ] setting player 4 freeze to 3296
[16:07:43.181] [SEVERE ] updating countdown to 0
[16:07:43.182] [SEVERE ] setting player 1 freeze to 0
[16:07:43.182] [SEVERE ] setting player 2 freeze to 0
[16:07:43.182] [SEVERE ] setting player 3 freeze to 4429
[16:07:43.182] [SEVERE ] setting player 4 freeze to 3234
[16:07:43.202] [SEVERE ] exit button pressed
[16:07:43.202] [SEVERE ] thanks for playing... it was fun!
[16:07:43.203] [INFO   ] thread main terminated.
