[15:48:35.608] [INFO   ] thread main starting.
[15:48:35.624] [SEVERE ] cannot read configuration file config.properties trying from resources.
[15:48:35.628] [SEVERE ] configuration file was loaded from resources directory.
[15:48:36.730] [INFO   ] thread dealer starting.
[15:48:36.732] [INFO   ] Thread dealer starting.
[15:48:36.841] [SEVERE ] placing card 0 in slot 6
[15:48:36.952] [SEVERE ] placing card 1 in slot 4
[15:48:37.063] [SEVERE ] placing card 2 in slot 1
[15:48:37.173] [SEVERE ] placing card 3 in slot 2
[15:48:37.283] [SEVERE ] placing card 4 in slot 3
[15:48:37.393] [SEVERE ] placing card 5 in slot 8
[15:48:37.502] [SEVERE ] placing card 6 in slot 10
[15:48:37.612] [SEVERE ] placing card 7 in slot 7
[15:48:37.723] [SEVERE ] placing card 8 in slot 11
[15:48:37.832] [SEVERE ] placing card 9 in slot 5
[15:48:37.942] [SEVERE ] placing card 10 in slot 9
[15:48:38.051] [SEVERE ] placing card 11 in slot 0
[15:48:38.055] [INFO   ] Thread 0 starting.
[15:48:38.055] [INFO   ] Thread 1 starting.
[15:48:38.072] [SEVERE ] updating countdown to 60000
[15:48:38.176] [SEVERE ] removing card from slot 0
[15:48:38.287] [SEVERE ] removing card from slot 1
[15:48:38.397] [SEVERE ] removing card from slot 2
[15:48:38.509] [SEVERE ] removing card from slot 3
[15:48:38.620] [SEVERE ] removing card from slot 4
[15:48:38.731] [SEVERE ] removing card from slot 5
[15:48:38.840] [SEVERE ] removing card from slot 6
[15:48:38.951] [SEVERE ] removing card from slot 7
[15:48:39.061] [SEVERE ] removing card from slot 8
[15:48:39.170] [SEVERE ] removing card from slot 9
[15:48:39.280] [SEVERE ] removing card from slot 10
[15:48:39.388] [SEVERE ] removing card from slot 11
[15:48:39.497] [SEVERE ] placing card 12 in slot 6
[15:48:39.606] [SEVERE ] placing card 13 in slot 8
[15:48:39.718] [SEVERE ] placing card 14 in slot 9
[15:48:39.827] [SEVERE ] placing card 15 in slot 7
[15:48:39.938] [SEVERE ] placing card 16 in slot 1
[15:48:40.047] [SEVERE ] placing card 17 in slot 10
[15:48:40.158] [SEVERE ] placing card 18 in slot 5
[15:48:40.269] [SEVERE ] placing card 19 in slot 3
[15:48:40.379] [SEVERE ] placing card 20 in slot 11
[15:48:40.489] [SEVERE ] placing card 21 in slot 0
[15:48:40.600] [SEVERE ] placing card 22 in slot 2
[15:48:40.694] [SEVERE ] exit button pressed
[15:48:40.695] [SEVERE ] thanks for playing... it was fun!
[15:48:40.696] [INFO   ] thread main terminated.
