[15:45:25.297] [INFO   ] thread main starting.
[15:45:25.307] [SEVERE ] cannot read configuration file config.properties trying from resources.
[15:45:25.310] [SEVERE ] configuration file was loaded from resources directory.
[15:45:26.135] [INFO   ] thread dealer starting.
[15:45:26.138] [INFO   ] Thread dealer starting.
[15:45:26.253] [SEVERE ] placing card 0 in slot 9
[15:45:26.364] [SEVERE ] placing card 1 in slot 11
[15:45:26.474] [SEVERE ] placing card 2 in slot 7
[15:45:26.584] [SEVERE ] placing card 3 in slot 3
[15:45:26.696] [SEVERE ] placing card 4 in slot 8
[15:45:26.805] [SEVERE ] placing card 5 in slot 4
[15:45:26.916] [SEVERE ] placing card 6 in slot 10
[15:45:27.027] [SEVERE ] placing card 7 in slot 1
[15:45:27.135] [SEVERE ] placing card 8 in slot 2
[15:45:27.246] [SEVERE ] placing card 9 in slot 0
[15:45:27.357] [SEVERE ] placing card 10 in slot 5
[15:45:27.466] [SEVERE ] placing card 11 in slot 6
[15:45:27.469] [INFO   ] Thread 0 starting.
[15:45:27.469] [INFO   ] Thread 1 starting.
[15:45:27.486] [SEVERE ] updating countdown to 60000
[15:45:27.593] [SEVERE ] removing card from slot 0
[15:45:27.703] [SEVERE ] removing card from slot 1
[15:45:27.812] [SEVERE ] removing card from slot 2
[15:45:27.923] [SEVERE ] removing card from slot 3
[15:45:28.034] [SEVERE ] removing card from slot 4
[15:45:28.144] [SEVERE ] removing card from slot 5
[15:45:28.255] [SEVERE ] removing card from slot 6
[15:45:28.365] [SEVERE ] removing card from slot 7
[15:45:28.475] [SEVERE ] removing card from slot 8
[15:45:28.586] [SEVERE ] removing card from slot 9
[15:45:28.695] [SEVERE ] removing card from slot 10
[15:45:28.805] [SEVERE ] removing card from slot 11
[15:45:28.915] [SEVERE ] placing card 12 in slot 7
[15:45:29.024] [SEVERE ] placing card 13 in slot 6
[15:45:29.132] [SEVERE ] placing card 14 in slot 1
[15:45:29.241] [SEVERE ] placing card 15 in slot 2
[15:45:29.352] [SEVERE ] placing card 16 in slot 10
[15:45:29.462] [SEVERE ] placing card 17 in slot 11
[15:45:29.572] [SEVERE ] placing card 18 in slot 4
[15:45:29.682] [SEVERE ] placing card 19 in slot 5
[15:45:29.793] [SEVERE ] placing card 20 in slot 0
[15:45:29.904] [SEVERE ] placing card 21 in slot 8
[15:45:30.014] [SEVERE ] placing card 22 in slot 3
[15:45:30.125] [SEVERE ] placing card 23 in slot 9
[15:45:30.126] [SEVERE ] updating countdown to 60000
[15:45:30.235] [SEVERE ] removing card from slot 0
[15:45:30.345] [SEVERE ] removing card from slot 1
[15:45:30.455] [SEVERE ] removing card from slot 2
[15:45:30.565] [SEVERE ] removing card from slot 3
[15:45:30.678] [SEVERE ] removing card from slot 4
[15:45:30.790] [SEVERE ] removing card from slot 5
[15:45:30.900] [SEVERE ] removing card from slot 6
[15:45:31.011] [SEVERE ] removing card from slot 7
[15:45:31.119] [SEVERE ] removing card from slot 8
[15:45:31.229] [SEVERE ] removing card from slot 9
[15:45:31.338] [SEVERE ] removing card from slot 10
[15:45:31.447] [SEVERE ] removing card from slot 11
[15:45:31.558] [SEVERE ] placing card 24 in slot 5
[15:45:31.668] [SEVERE ] placing card 25 in slot 10
[15:45:31.779] [SEVERE ] placing card 26 in slot 7
[15:45:31.889] [SEVERE ] placing card 27 in slot 2
[15:45:31.999] [SEVERE ] placing card 28 in slot 1
[15:45:32.108] [SEVERE ] placing card 29 in slot 6
[15:45:32.218] [SEVERE ] placing card 30 in slot 3
[15:45:32.329] [SEVERE ] placing card 31 in slot 8
[15:45:32.440] [SEVERE ] placing card 32 in slot 4
[15:45:32.551] [SEVERE ] placing card 33 in slot 11
[15:45:32.661] [SEVERE ] placing card 34 in slot 0
[15:45:32.771] [SEVERE ] placing card 35 in slot 9
[15:45:32.772] [SEVERE ] updating countdown to 60000
[15:45:32.880] [SEVERE ] removing card from slot 0
[15:45:32.990] [SEVERE ] removing card from slot 1
[15:45:33.099] [SEVERE ] removing card from slot 2
[15:45:33.209] [SEVERE ] removing card from slot 3
[15:45:33.318] [SEVERE ] removing card from slot 4
[15:45:33.428] [SEVERE ] removing card from slot 5
[15:45:33.539] [SEVERE ] removing card from slot 6
[15:45:33.650] [SEVERE ] removing card from slot 7
[15:45:33.761] [SEVERE ] removing card from slot 8
[15:45:33.871] [SEVERE ] removing card from slot 9
[15:45:33.982] [SEVERE ] removing card from slot 10
[15:45:34.093] [SEVERE ] removing card from slot 11
[15:45:34.204] [SEVERE ] placing card 36 in slot 1
[15:45:34.314] [SEVERE ] placing card 37 in slot 7
[15:45:34.424] [SEVERE ] placing card 38 in slot 5
[15:45:34.534] [SEVERE ] placing card 39 in slot 2
[15:45:34.643] [SEVERE ] placing card 40 in slot 9
[15:45:34.752] [SEVERE ] placing card 41 in slot 3
[15:45:34.863] [SEVERE ] placing card 42 in slot 8
[15:45:34.973] [SEVERE ] placing card 43 in slot 6
[15:45:35.084] [SEVERE ] placing card 44 in slot 10
[15:45:35.194] [SEVERE ] placing card 45 in slot 4
[15:45:35.305] [SEVERE ] placing card 46 in slot 11
[15:45:35.415] [SEVERE ] placing card 47 in slot 0
[15:45:35.416] [SEVERE ] updating countdown to 60000
[15:45:35.525] [SEVERE ] removing card from slot 0
[15:45:35.635] [SEVERE ] removing card from slot 1
[15:45:35.745] [SEVERE ] removing card from slot 2
[15:45:35.856] [SEVERE ] removing card from slot 3
[15:45:35.967] [SEVERE ] removing card from slot 4
[15:45:36.078] [SEVERE ] removing card from slot 5
[15:45:36.188] [SEVERE ] removing card from slot 6
[15:45:36.298] [SEVERE ] removing card from slot 7
[15:45:36.409] [SEVERE ] removing card from slot 8
[15:45:36.519] [SEVERE ] removing card from slot 9
[15:45:36.629] [SEVERE ] removing card from slot 10
[15:45:36.741] [SEVERE ] removing card from slot 11
[15:45:36.850] [SEVERE ] placing card 48 in slot 1
[15:45:36.959] [SEVERE ] placing card 49 in slot 2
[15:45:37.068] [SEVERE ] placing card 50 in slot 3
[15:45:37.179] [SEVERE ] placing card 51 in slot 9
[15:45:37.290] [SEVERE ] placing card 52 in slot 4
[15:45:37.400] [SEVERE ] placing card 53 in slot 6
[15:45:37.510] [SEVERE ] placing card 54 in slot 5
[15:45:37.619] [SEVERE ] placing card 55 in slot 7
[15:45:37.730] [SEVERE ] placing card 56 in slot 0
[15:45:37.840] [SEVERE ] placing card 57 in slot 8
[15:45:37.951] [SEVERE ] placing card 58 in slot 11
[15:45:38.061] [SEVERE ] placing card 59 in slot 10
[15:45:38.062] [SEVERE ] updating countdown to 60000
[15:45:38.173] [SEVERE ] removing card from slot 0
[15:45:38.282] [SEVERE ] removing card from slot 1
[15:45:38.390] [SEVERE ] removing card from slot 2
[15:45:38.501] [SEVERE ] removing card from slot 3
[15:45:38.612] [SEVERE ] removing card from slot 4
[15:45:38.722] [SEVERE ] removing card from slot 5
[15:45:38.831] [SEVERE ] removing card from slot 6
[15:45:38.942] [SEVERE ] removing card from slot 7
[15:45:39.054] [SEVERE ] removing card from slot 8
[15:45:39.162] [SEVERE ] removing card from slot 9
[15:45:39.271] [SEVERE ] removing card from slot 10
[15:45:39.381] [SEVERE ] removing card from slot 11
[15:45:39.476] [SEVERE ] exit button pressed
[15:45:39.477] [SEVERE ] thanks for playing... it was fun!
[15:45:39.477] [INFO   ] thread main terminated.
