[15:46:27.678] [INFO   ] thread main starting.
[15:46:27.688] [SEVERE ] cannot read configuration file config.properties trying from resources.
[15:46:27.692] [SEVERE ] configuration file was loaded from resources directory.
[15:46:28.583] [INFO   ] thread dealer starting.
[15:46:28.585] [INFO   ] Thread dealer starting.
[15:46:28.691] [SEVERE ] placing card 0 in slot 2
[15:46:28.801] [SEVERE ] placing card 1 in slot 1
[15:46:28.912] [SEVERE ] placing card 2 in slot 10
[15:46:29.022] [SEVERE ] placing card 3 in slot 5
[15:46:29.132] [SEVERE ] placing card 4 in slot 7
[15:46:29.243] [SEVERE ] placing card 5 in slot 3
[15:46:29.352] [SEVERE ] placing card 6 in slot 0
[15:46:29.462] [SEVERE ] placing card 7 in slot 8
[15:46:29.571] [SEVERE ] placing card 8 in slot 4
[15:46:29.681] [SEVERE ] placing card 9 in slot 6
[15:46:29.792] [SEVERE ] placing card 10 in slot 9
[15:46:29.902] [SEVERE ] placing card 11 in slot 11
[15:46:29.904] [INFO   ] Thread 0 starting.
[15:46:29.905] [INFO   ] Thread 1 starting.
[15:46:29.917] [SEVERE ] updating countdown to 60000
[15:46:30.029] [SEVERE ] removing card from slot 0
[15:46:30.139] [SEVERE ] removing card from slot 1
[15:46:30.252] [SEVERE ] removing card from slot 2
[15:46:30.362] [SEVERE ] removing card from slot 3
[15:46:30.472] [SEVERE ] removing card from slot 4
[15:46:30.584] [SEVERE ] removing card from slot 5
[15:46:30.695] [SEVERE ] removing card from slot 6
[15:46:30.804] [SEVERE ] removing card from slot 7
[15:46:30.914] [SEVERE ] removing card from slot 8
[15:46:31.023] [SEVERE ] removing card from slot 9
[15:46:31.132] [SEVERE ] removing card from slot 10
[15:46:31.243] [SEVERE ] removing card from slot 11
[15:46:31.353] [SEVERE ] placing card 12 in slot 5
[15:46:31.464] [SEVERE ] placing card 13 in slot 7
[15:46:31.575] [SEVERE ] placing card 14 in slot 9
[15:46:31.684] [SEVERE ] placing card 15 in slot 3
[15:46:31.794] [SEVERE ] placing card 16 in slot 10
[15:46:31.905] [SEVERE ] placing card 17 in slot 11
[15:46:32.015] [SEVERE ] placing card 18 in slot 0
[15:46:32.125] [SEVERE ] placing card 19 in slot 1
[15:46:32.236] [SEVERE ] placing card 20 in slot 2
[15:46:32.346] [SEVERE ] placing card 21 in slot 6
[15:46:32.456] [SEVERE ] placing card 22 in slot 8
[15:46:32.565] [SEVERE ] placing card 23 in slot 4
[15:46:32.565] [SEVERE ] updating countdown to 60000
[15:46:32.676] [SEVERE ] removing card from slot 0
[15:46:32.786] [SEVERE ] removing card from slot 1
[15:46:32.895] [SEVERE ] removing card from slot 2
[15:46:33.007] [SEVERE ] removing card from slot 3
[15:46:33.117] [SEVERE ] removing card from slot 4
[15:46:33.227] [SEVERE ] removing card from slot 5
[15:46:33.337] [SEVERE ] removing card from slot 6
[15:46:33.447] [SEVERE ] removing card from slot 7
[15:46:33.556] [SEVERE ] removing card from slot 8
[15:46:33.667] [SEVERE ] removing card from slot 9
[15:46:33.777] [SEVERE ] removing card from slot 10
[15:46:33.887] [SEVERE ] removing card from slot 11
[15:46:33.997] [SEVERE ] placing card 24 in slot 5
[15:46:34.107] [SEVERE ] placing card 25 in slot 6
[15:46:34.219] [SEVERE ] placing card 26 in slot 2
[15:46:34.328] [SEVERE ] placing card 27 in slot 4
[15:46:34.437] [SEVERE ] placing card 28 in slot 10
[15:46:34.547] [SEVERE ] placing card 29 in slot 0
[15:46:34.658] [SEVERE ] placing card 30 in slot 9
[15:46:34.766] [SEVERE ] placing card 31 in slot 11
[15:46:34.877] [SEVERE ] placing card 32 in slot 8
[15:46:34.987] [SEVERE ] placing card 33 in slot 1
[15:46:35.099] [SEVERE ] placing card 34 in slot 7
[15:46:35.210] [SEVERE ] placing card 35 in slot 3
[15:46:35.211] [SEVERE ] updating countdown to 60000
[15:46:35.318] [SEVERE ] removing card from slot 0
[15:46:35.429] [SEVERE ] removing card from slot 1
[15:46:35.539] [SEVERE ] removing card from slot 2
[15:46:35.649] [SEVERE ] removing card from slot 3
[15:46:35.758] [SEVERE ] removing card from slot 4
[15:46:35.868] [SEVERE ] removing card from slot 5
[15:46:35.979] [SEVERE ] removing card from slot 6
[15:46:36.088] [SEVERE ] removing card from slot 7
[15:46:36.198] [SEVERE ] removing card from slot 8
[15:46:36.308] [SEVERE ] removing card from slot 9
[15:46:36.417] [SEVERE ] removing card from slot 10
[15:46:36.527] [SEVERE ] removing card from slot 11
[15:46:36.637] [SEVERE ] placing card 36 in slot 3
[15:46:36.665] [SEVERE ] exit button pressed
[15:46:36.666] [SEVERE ] thanks for playing... it was fun!
[15:46:36.666] [INFO   ] thread main terminated.
