[13:31:38.139] [INFO   ] thread main starting.
[13:31:38.164] [SEVERE ] cannot read configuration file config.properties trying from resources.
[13:31:38.180] [SEVERE ] configuration file was loaded from resources directory.
[13:31:39.693] [INFO   ] thread dealer starting.
[13:31:39.693] [INFO   ] Thread dealer starting.
[13:31:39.811] [SEVERE ] placing card 0 in slot 7
[13:31:39.921] [SEVERE ] placing card 1 in slot 4
[13:31:40.031] [SEVERE ] placing card 2 in slot 0
[13:31:40.141] [SEVERE ] placing card 3 in slot 8
[13:31:40.251] [SEVERE ] placing card 4 in slot 6
[13:31:40.363] [SEVERE ] placing card 5 in slot 3
[13:31:40.474] [SEVERE ] placing card 6 in slot 5
[13:31:40.585] [SEVERE ] placing card 7 in slot 10
[13:31:40.696] [SEVERE ] placing card 8 in slot 11
[13:31:40.809] [SEVERE ] placing card 9 in slot 2
[13:31:40.920] [SEVERE ] placing card 10 in slot 1
[13:31:41.030] [SEVERE ] placing card 11 in slot 9
[13:31:41.033] [INFO   ] Thread 0 starting.
[13:31:41.034] [INFO   ] Thread 2 starting.
[13:31:41.033] [INFO   ] Thread 1 starting.
[13:31:41.034] [INFO   ] Thread 3 starting.
[13:31:41.035] [INFO   ] Thread computer-2 starting.
[13:31:41.040] [INFO   ] Thread computer-3 starting.
[13:31:41.041] [SEVERE ] player 3 placing token on slot 11
[13:31:41.042] [SEVERE ] player 4 placing token on slot 5
[13:31:41.252] [SEVERE ] updating countdown to 9797
[13:31:41.254] [SEVERE ] setting player 1 freeze to 0
[13:31:41.254] [SEVERE ] setting player 2 freeze to 0
[13:31:41.254] [SEVERE ] setting player 3 freeze to 0
[13:31:41.254] [SEVERE ] setting player 4 freeze to 0
[13:31:41.254] [SEVERE ] player 3 placing token on slot 8
[13:31:41.260] [SEVERE ] player 4 placing token on slot 0
[13:31:41.468] [SEVERE ] updating countdown to 9581
[13:31:41.469] [SEVERE ] setting player 1 freeze to 0
[13:31:41.469] [SEVERE ] setting player 2 freeze to 0
[13:31:41.469] [SEVERE ] setting player 3 freeze to 0
[13:31:41.469] [SEVERE ] setting player 4 freeze to 0
[13:31:41.469] [SEVERE ] removing player 3 token from slot 8
[13:31:41.473] [SEVERE ] player 4 placing token on slot 6
[13:31:41.475] [SEVERE ] updating countdown to 9574
[13:31:41.478] [SEVERE ] removing player 4 token from slot 5
[13:31:41.478] [SEVERE ] removing player 4 token from slot 0
[13:31:41.478] [SEVERE ] removing player 4 token from slot 6
[13:31:41.587] [SEVERE ] removing card from slot 5
[13:31:41.698] [SEVERE ] removing card from slot 0
[13:31:41.810] [SEVERE ] removing card from slot 6
[13:31:41.810] [SEVERE ] setting player 4 score to 1
[13:31:41.812] [SEVERE ] updating countdown to 10000
[13:31:41.922] [SEVERE ] placing card 12 in slot 5
[13:31:42.034] [SEVERE ] placing card 13 in slot 0
[13:31:42.145] [SEVERE ] placing card 14 in slot 6
[13:31:42.145] [SEVERE ] setting player 1 freeze to 0
[13:31:42.145] [SEVERE ] setting player 2 freeze to 0
[13:31:42.145] [SEVERE ] setting player 3 freeze to 0
[13:31:42.145] [SEVERE ] setting player 4 freeze to 1667
[13:31:42.145] [SEVERE ] player 3 placing token on slot 9
[13:31:42.356] [SEVERE ] updating countdown to 9456
[13:31:42.356] [SEVERE ] setting player 1 freeze to 0
[13:31:42.356] [SEVERE ] setting player 2 freeze to 0
[13:31:42.356] [SEVERE ] setting player 3 freeze to 0
[13:31:42.356] [SEVERE ] setting player 4 freeze to 1456
[13:31:42.361] [SEVERE ] player 3 placing token on slot 5
[13:31:42.362] [SEVERE ] updating countdown to 9450
[13:31:42.362] [SEVERE ] setting player 1 freeze to 0
[13:31:42.366] [SEVERE ] setting player 2 freeze to 0
[13:31:42.366] [SEVERE ] setting player 3 freeze to 3996
[13:31:42.366] [SEVERE ] setting player 4 freeze to 1446
[13:31:42.585] [SEVERE ] updating countdown to 9227
[13:31:42.585] [SEVERE ] setting player 1 freeze to 0
[13:31:42.585] [SEVERE ] setting player 2 freeze to 0
[13:31:42.589] [SEVERE ] setting player 3 freeze to 3773
[13:31:42.589] [SEVERE ] setting player 4 freeze to 1223
[13:31:42.792] [SEVERE ] updating countdown to 9020
[13:31:42.793] [SEVERE ] setting player 1 freeze to 0
[13:31:42.793] [SEVERE ] setting player 2 freeze to 0
[13:31:42.793] [SEVERE ] setting player 3 freeze to 3569
[13:31:42.797] [SEVERE ] setting player 4 freeze to 1015
[13:31:42.998] [SEVERE ] updating countdown to 8814
[13:31:43.000] [SEVERE ] setting player 1 freeze to 0
[13:31:43.000] [SEVERE ] setting player 2 freeze to 0
[13:31:43.000] [SEVERE ] setting player 3 freeze to 3362
[13:31:43.002] [SEVERE ] setting player 4 freeze to 0
[13:31:43.219] [SEVERE ] updating countdown to 8593
[13:31:43.219] [SEVERE ] setting player 1 freeze to 0
[13:31:43.219] [SEVERE ] setting player 2 freeze to 0
[13:31:43.219] [SEVERE ] setting player 3 freeze to 3143
[13:31:43.219] [SEVERE ] setting player 4 freeze to 0
[13:31:43.427] [SEVERE ] updating countdown to 8385
[13:31:43.427] [SEVERE ] setting player 1 freeze to 0
[13:31:43.427] [SEVERE ] setting player 2 freeze to 0
[13:31:43.427] [SEVERE ] setting player 3 freeze to 2935
[13:31:43.427] [SEVERE ] setting player 4 freeze to 0
[13:31:43.427] [SEVERE ] player 4 placing token on slot 2
[13:31:43.632] [SEVERE ] updating countdown to 8180
[13:31:43.634] [SEVERE ] setting player 1 freeze to 0
[13:31:43.634] [SEVERE ] setting player 2 freeze to 0
[13:31:43.634] [SEVERE ] setting player 3 freeze to 2728
[13:31:43.634] [SEVERE ] setting player 4 freeze to 0
[13:31:43.634] [SEVERE ] player 4 placing token on slot 5
[13:31:43.838] [SEVERE ] updating countdown to 7974
[13:31:43.842] [SEVERE ] setting player 1 freeze to 0
[13:31:43.842] [SEVERE ] setting player 2 freeze to 0
[13:31:43.846] [SEVERE ] setting player 3 freeze to 2516
[13:31:43.846] [SEVERE ] setting player 4 freeze to 0
[13:31:43.848] [SEVERE ] removing player 4 token from slot 5
[13:31:44.060] [SEVERE ] updating countdown to 7752
[13:31:44.061] [SEVERE ] setting player 1 freeze to 0
[13:31:44.061] [SEVERE ] setting player 2 freeze to 0
[13:31:44.061] [SEVERE ] setting player 3 freeze to 2301
[13:31:44.064] [SEVERE ] setting player 4 freeze to 0
[13:31:44.065] [SEVERE ] player 4 placing token on slot 10
[13:31:44.267] [SEVERE ] updating countdown to 7545
[13:31:44.267] [SEVERE ] setting player 1 freeze to 0
[13:31:44.270] [SEVERE ] setting player 2 freeze to 0
[13:31:44.270] [SEVERE ] setting player 3 freeze to 2092
[13:31:44.270] [SEVERE ] setting player 4 freeze to 0
[13:31:44.273] [SEVERE ] player 4 placing token on slot 3
[13:31:44.274] [SEVERE ] updating countdown to 7538
[13:31:44.274] [SEVERE ] setting player 1 freeze to 0
[13:31:44.274] [SEVERE ] setting player 2 freeze to 0
[13:31:44.274] [SEVERE ] setting player 3 freeze to 2088
[13:31:44.274] [SEVERE ] setting player 4 freeze to 4000
[13:31:44.476] [SEVERE ] updating countdown to 7336
[13:31:44.476] [SEVERE ] setting player 1 freeze to 0
[13:31:44.478] [SEVERE ] setting player 2 freeze to 0
[13:31:44.478] [SEVERE ] setting player 3 freeze to 1884
[13:31:44.478] [SEVERE ] setting player 4 freeze to 3796
[13:31:44.683] [SEVERE ] updating countdown to 7129
[13:31:44.683] [SEVERE ] setting player 1 freeze to 0
[13:31:44.683] [SEVERE ] setting player 2 freeze to 0
[13:31:44.683] [SEVERE ] setting player 3 freeze to 1679
[13:31:44.683] [SEVERE ] setting player 4 freeze to 3591
[13:31:44.889] [SEVERE ] updating countdown to 6923
[13:31:44.889] [SEVERE ] setting player 1 freeze to 0
[13:31:44.889] [SEVERE ] setting player 2 freeze to 0
[13:31:44.889] [SEVERE ] setting player 3 freeze to 1473
[13:31:44.889] [SEVERE ] setting player 4 freeze to 3385
[13:31:44.938] [SEVERE ] exit button pressed
[13:31:45.095] [SEVERE ] updating countdown to 6717
[13:31:45.096] [SEVERE ] setting player 1 freeze to 0
[13:31:45.097] [SEVERE ] setting player 2 freeze to 0
[13:31:45.097] [SEVERE ] setting player 3 freeze to 1265
[13:31:45.097] [SEVERE ] setting player 4 freeze to 3177
[13:31:45.301] [SEVERE ] updating countdown to 6511
[13:31:45.301] [SEVERE ] setting player 1 freeze to 0
[13:31:45.301] [SEVERE ] setting player 2 freeze to 0
[13:31:45.301] [SEVERE ] setting player 3 freeze to 1061
[13:31:45.301] [SEVERE ] setting player 4 freeze to 2973
[13:31:45.507] [SEVERE ] updating countdown to 6305
[13:31:45.507] [SEVERE ] setting player 1 freeze to 0
[13:31:45.507] [SEVERE ] setting player 2 freeze to 0
[13:31:45.507] [SEVERE ] setting player 3 freeze to 0
[13:31:45.510] [SEVERE ] setting player 4 freeze to 2764
[13:31:45.714] [SEVERE ] updating countdown to 6098
[13:31:45.714] [SEVERE ] setting player 1 freeze to 0
[13:31:45.714] [SEVERE ] setting player 2 freeze to 0
[13:31:45.714] [SEVERE ] setting player 3 freeze to 0
[13:31:45.714] [SEVERE ] setting player 4 freeze to 2560
[13:31:45.920] [SEVERE ] updating countdown to 5892
[13:31:45.920] [SEVERE ] setting player 1 freeze to 0
[13:31:45.920] [SEVERE ] setting player 2 freeze to 0
[13:31:45.920] [SEVERE ] setting player 3 freeze to 0
[13:31:45.920] [SEVERE ] setting player 4 freeze to 2354
[13:31:45.920] [SEVERE ] removing player 3 token from slot 5
[13:31:46.131] [SEVERE ] updating countdown to 5681
[13:31:46.131] [SEVERE ] setting player 1 freeze to 0
[13:31:46.131] [SEVERE ] setting player 2 freeze to 0
[13:31:46.131] [SEVERE ] setting player 3 freeze to 0
[13:31:46.131] [SEVERE ] setting player 4 freeze to 2143
[13:31:46.131] [SEVERE ] player 3 placing token on slot 1
[13:31:46.135] [SEVERE ] updating countdown to 5677
[13:31:46.135] [SEVERE ] setting player 1 freeze to 0
[13:31:46.135] [SEVERE ] setting player 2 freeze to 0
[13:31:46.135] [SEVERE ] setting player 3 freeze to 4000
[13:31:46.135] [SEVERE ] setting player 4 freeze to 2139
[13:31:46.341] [SEVERE ] updating countdown to 5471
[13:31:46.341] [SEVERE ] setting player 1 freeze to 0
[13:31:46.341] [SEVERE ] setting player 2 freeze to 0
[13:31:46.341] [SEVERE ] setting player 3 freeze to 3794
[13:31:46.341] [SEVERE ] setting player 4 freeze to 1933
[13:31:46.546] [SEVERE ] updating countdown to 5266
[13:31:46.546] [SEVERE ] setting player 1 freeze to 0
[13:31:46.546] [SEVERE ] setting player 2 freeze to 0
[13:31:46.546] [SEVERE ] setting player 3 freeze to 3589
[13:31:46.546] [SEVERE ] setting player 4 freeze to 1728
[13:31:46.750] [SEVERE ] updating countdown to 5062
[13:31:46.750] [SEVERE ] setting player 1 freeze to 0
[13:31:46.750] [SEVERE ] setting player 2 freeze to 0
[13:31:46.752] [SEVERE ] setting player 3 freeze to 3383
[13:31:46.752] [SEVERE ] setting player 4 freeze to 1522
[13:31:46.958] [SEVERE ] setting player 1 freeze to 0
[13:31:46.958] [SEVERE ] setting player 2 freeze to 0
[13:31:46.958] [SEVERE ] setting player 3 freeze to 3177
[13:31:46.961] [SEVERE ] setting player 4 freeze to 1313
[13:31:47.022] [SEVERE ] setting player 1 freeze to 0
[13:31:47.022] [SEVERE ] setting player 2 freeze to 0
[13:31:47.022] [SEVERE ] setting player 3 freeze to 3113
[13:31:47.022] [SEVERE ] setting player 4 freeze to 1252
[13:31:47.085] [SEVERE ] setting player 1 freeze to 0
[13:31:47.085] [SEVERE ] setting player 2 freeze to 0
[13:31:47.085] [SEVERE ] setting player 3 freeze to 3050
[13:31:47.085] [SEVERE ] setting player 4 freeze to 1189
[13:31:47.149] [SEVERE ] setting player 1 freeze to 0
[13:31:47.149] [SEVERE ] setting player 2 freeze to 0
[13:31:47.149] [SEVERE ] setting player 3 freeze to 2986
[13:31:47.149] [SEVERE ] setting player 4 freeze to 1125
[13:31:47.305] [SEVERE ] setting player 1 freeze to 0
[13:31:47.305] [SEVERE ] setting player 2 freeze to 0
[13:31:47.305] [SEVERE ] setting player 3 freeze to 2830
[13:31:47.305] [SEVERE ] setting player 4 freeze to 0
[13:31:47.305] [INFO   ] Thread computer-3 terminated.
[13:31:47.384] [SEVERE ] setting player 1 freeze to 0
[13:31:47.384] [SEVERE ] setting player 2 freeze to 0
[13:31:47.384] [SEVERE ] setting player 3 freeze to 2751
[13:31:47.384] [SEVERE ] setting player 4 freeze to 0
[13:31:47.384] [INFO   ] Thread 3 terminated.
[13:31:47.447] [SEVERE ] setting player 1 freeze to 0
[13:31:47.447] [SEVERE ] setting player 2 freeze to 0
[13:31:47.447] [SEVERE ] setting player 3 freeze to 2688
[13:31:47.447] [SEVERE ] setting player 4 freeze to 0
[13:31:47.510] [SEVERE ] setting player 1 freeze to 0
[13:31:47.511] [SEVERE ] setting player 2 freeze to 0
[13:31:47.511] [SEVERE ] setting player 3 freeze to 2624
[13:31:47.511] [SEVERE ] setting player 4 freeze to 0
[13:31:47.590] [SEVERE ] setting player 1 freeze to 0
[13:31:47.590] [SEVERE ] setting player 2 freeze to 0
[13:31:47.590] [SEVERE ] setting player 3 freeze to 2545
[13:31:47.590] [SEVERE ] setting player 4 freeze to 0
