[16:43:03.275] [INFO   ] thread main starting.
[16:43:03.285] [SEVERE ] cannot read configuration file config.properties trying from resources.
[16:43:03.291] [SEVERE ] configuration file was loaded from resources directory.
[16:43:04.256] [INFO   ] thread dealer starting.
[16:43:04.256] [INFO   ] Thread dealer starting.
[16:43:04.367] [SEVERE ] placing card 0 in slot 2
[16:43:04.477] [SEVERE ] placing card 1 in slot 0
[16:43:04.588] [SEVERE ] placing card 2 in slot 1
[16:43:04.698] [SEVERE ] placing card 3 in slot 11
[16:43:04.809] [SEVERE ] placing card 4 in slot 10
[16:43:04.919] [SEVERE ] placing card 5 in slot 5
[16:43:05.030] [SEVERE ] placing card 6 in slot 8
[16:43:05.142] [SEVERE ] placing card 7 in slot 9
[16:43:05.253] [SEVERE ] placing card 8 in slot 7
[16:43:05.364] [SEVERE ] placing card 9 in slot 3
[16:43:05.475] [SEVERE ] placing card 10 in slot 6
[16:43:05.587] [SEVERE ] placing card 11 in slot 4
[16:43:05.587] [INFO   ] Thread 0 starting.
[16:43:05.592] [INFO   ] Thread 3 starting.
[16:43:05.591] [INFO   ] Thread 2 starting.
[16:43:05.587] [INFO   ] Thread 1 starting.
[16:43:05.596] [INFO   ] Thread computer-3 starting.
[16:43:05.602] [INFO   ] Thread computer-1 starting.
[16:43:05.601] [INFO   ] Thread computer-2 starting.
[16:43:05.605] [SEVERE ] player 2 placing token on slot 7
[16:43:05.604] [SEVERE ] player 4 placing token on slot 10
[16:43:05.605] [SEVERE ] player 3 placing token on slot 11
[16:43:05.816] [SEVERE ] updating countdown to 9796
[16:43:05.816] [SEVERE ] setting player 1 freeze to 0
[16:43:05.816] [SEVERE ] setting player 2 freeze to 0
[16:43:05.816] [SEVERE ] setting player 3 freeze to 0
[16:43:05.818] [SEVERE ] setting player 4 freeze to 0
[16:43:05.816] [SEVERE ] player 2 placing token on slot 6
[16:43:05.820] [SEVERE ] player 4 placing token on slot 5
[16:43:05.819] [SEVERE ] player 3 placing token on slot 2
[16:43:06.039] [SEVERE ] updating countdown to 9573
[16:43:06.039] [SEVERE ] setting player 1 freeze to 0
[16:43:06.039] [SEVERE ] setting player 2 freeze to 0
[16:43:06.039] [SEVERE ] setting player 3 freeze to 0
[16:43:06.043] [SEVERE ] setting player 4 freeze to 0
[16:43:06.039] [SEVERE ] removing player 2 token from slot 6
[16:43:06.043] [SEVERE ] player 4 placing token on slot 8
[16:43:06.043] [SEVERE ] removing player 3 token from slot 11
[16:43:06.045] [SEVERE ] updating countdown to 9567
[16:43:06.048] [SEVERE ] setting player 1 freeze to 0
[16:43:06.048] [SEVERE ] setting player 2 freeze to 0
[16:43:06.048] [SEVERE ] setting player 3 freeze to 0
[16:43:06.048] [SEVERE ] player 2 placing token on slot 11
[16:43:06.054] [SEVERE ] player 3 placing token on slot 7
[16:43:06.053] [SEVERE ] setting player 4 freeze to 0
[16:43:06.263] [SEVERE ] updating countdown to 9349
[16:43:06.263] [SEVERE ] setting player 1 freeze to 0
[16:43:06.266] [SEVERE ] setting player 2 freeze to 0
[16:43:06.266] [SEVERE ] setting player 3 freeze to 0
[16:43:06.269] [SEVERE ] setting player 4 freeze to 0
[16:43:06.266] [SEVERE ] player 2 placing token on slot 2
[16:43:06.269] [SEVERE ] player 3 placing token on slot 4
[16:43:06.271] [SEVERE ] updating countdown to 9341
[16:43:06.273] [SEVERE ] setting player 1 freeze to 0
[16:43:06.273] [SEVERE ] setting player 2 freeze to 0
[16:43:06.273] [SEVERE ] setting player 3 freeze to 0
[16:43:06.273] [SEVERE ] setting player 4 freeze to 0
[16:43:06.478] [SEVERE ] updating countdown to 9134
[16:43:06.480] [SEVERE ] setting player 1 freeze to 0
[16:43:06.480] [SEVERE ] setting player 2 freeze to 0
[16:43:06.480] [SEVERE ] setting player 3 freeze to 0
[16:43:06.480] [SEVERE ] setting player 4 freeze to 0
[16:43:06.684] [SEVERE ] updating countdown to 8928
[16:43:06.687] [SEVERE ] setting player 1 freeze to 0
[16:43:06.687] [SEVERE ] setting player 2 freeze to 0
[16:43:06.689] [SEVERE ] setting player 3 freeze to 0
[16:43:06.691] [SEVERE ] setting player 4 freeze to 0
[16:43:06.905] [SEVERE ] updating countdown to 8707
[16:43:06.905] [SEVERE ] setting player 1 freeze to 0
[16:43:06.905] [SEVERE ] setting player 2 freeze to 0
[16:43:06.905] [SEVERE ] setting player 3 freeze to 0
[16:43:06.910] [SEVERE ] setting player 4 freeze to 0
[16:43:06.905] [SEVERE ] removing player 2 token from slot 11
[16:43:06.911] [SEVERE ] removing player 3 token from slot 7
[16:43:07.118] [SEVERE ] updating countdown to 8494
[16:43:07.118] [SEVERE ] setting player 1 freeze to 0
[16:43:07.118] [SEVERE ] setting player 2 freeze to 0
[16:43:07.118] [SEVERE ] setting player 3 freeze to 0
[16:43:07.122] [SEVERE ] setting player 4 freeze to 0
[16:43:07.118] [SEVERE ] player 2 placing token on slot 1
[16:43:07.122] [SEVERE ] player 3 placing token on slot 0
[16:43:07.124] [SEVERE ] updating countdown to 8488
[16:43:07.126] [SEVERE ] setting player 1 freeze to 0
[16:43:07.130] [SEVERE ] setting player 2 freeze to 0
[16:43:07.130] [SEVERE ] setting player 3 freeze to 0
[16:43:07.130] [SEVERE ] setting player 4 freeze to 0
[16:43:07.130] [SEVERE ] removing player 4 token from slot 8
[16:43:07.268] [SEVERE ] exit button pressed
[16:43:07.331] [SEVERE ] updating countdown to 8281
[16:43:07.331] [SEVERE ] setting player 1 freeze to 0
[16:43:07.331] [SEVERE ] setting player 2 freeze to 0
[16:43:07.331] [SEVERE ] setting player 3 freeze to 0
[16:43:07.331] [SEVERE ] setting player 4 freeze to 0
[16:43:07.331] [INFO   ] Thread computer-3 terminated.
[16:43:07.338] [INFO   ] Thread 3 terminated.
[16:43:07.537] [SEVERE ] updating countdown to 8075
[16:43:07.537] [SEVERE ] setting player 1 freeze to 0
[16:43:07.537] [SEVERE ] setting player 2 freeze to 0
[16:43:07.537] [SEVERE ] setting player 3 freeze to 0
[16:43:07.537] [SEVERE ] setting player 4 freeze to 0
[16:43:07.537] [INFO   ] Thread computer-2 terminated.
[16:43:07.542] [INFO   ] Thread 2 terminated.
[16:43:07.747] [SEVERE ] updating countdown to 7865
[16:43:07.747] [SEVERE ] setting player 1 freeze to 0
[16:43:07.747] [SEVERE ] setting player 2 freeze to 0
[16:43:07.747] [SEVERE ] setting player 3 freeze to 0
[16:43:07.751] [SEVERE ] setting player 4 freeze to 0
[16:43:07.747] [INFO   ] Thread computer-1 terminated.
[16:43:07.753] [INFO   ] Thread 1 terminated.
[16:43:07.753] [INFO   ] Thread 0 terminated.
[16:43:07.756] [SEVERE ] thanks for playing... it was fun!
[16:43:07.757] [INFO   ] thread main terminated.
