[19:57:50.959] [INFO   ] thread main starting.
[19:57:50.971] [SEVERE ] cannot read configuration file config.properties trying from resources.
[19:57:50.975] [SEVERE ] configuration file was loaded from resources directory.
[19:57:52.072] [INFO   ] thread dealer starting.
[19:57:52.076] [INFO   ] Thread dealer starting.
[19:57:52.185] [SEVERE ] placing card 0 in slot 10
[19:57:52.296] [SEVERE ] placing card 1 in slot 0
[19:57:52.407] [SEVERE ] placing card 2 in slot 7
[19:57:52.518] [SEVERE ] placing card 3 in slot 8
[19:57:52.629] [SEVERE ] placing card 4 in slot 11
[19:57:52.740] [SEVERE ] placing card 5 in slot 5
[19:57:52.848] [SEVERE ] placing card 6 in slot 1
[19:57:52.956] [SEVERE ] placing card 7 in slot 4
[19:57:53.065] [SEVERE ] placing card 8 in slot 9
[19:57:53.175] [SEVERE ] placing card 9 in slot 3
[19:57:53.286] [SEVERE ] placing card 10 in slot 2
[19:57:53.396] [SEVERE ] placing card 11 in slot 6
[19:57:53.399] [INFO   ] Thread 0 starting.
[19:57:53.400] [INFO   ] Thread 2 starting.
[19:57:53.399] [INFO   ] Thread 1 starting.
[19:57:53.401] [INFO   ] Thread 3 starting.
[19:57:53.405] [INFO   ] Thread computer-2 starting.
[19:57:53.406] [INFO   ] Thread computer-3 starting.
[19:57:53.406] [SEVERE ] player 3 placing token on slot 10
[19:57:53.407] [SEVERE ] player 4 placing token on slot 0
[19:57:53.631] [SEVERE ] updating countdown to 9789
[19:57:53.632] [SEVERE ] setting player 1 freeze to 0
[19:57:53.633] [SEVERE ] setting player 2 freeze to 0
[19:57:53.633] [SEVERE ] setting player 3 freeze to 0
[19:57:53.633] [SEVERE ] setting player 4 freeze to 0
[19:57:53.634] [SEVERE ] player 3 placing token on slot 7
[19:57:53.634] [SEVERE ] player 4 placing token on slot 6
[19:57:53.850] [SEVERE ] updating countdown to 9570
[19:57:53.851] [SEVERE ] setting player 1 freeze to 0
[19:57:53.851] [SEVERE ] setting player 2 freeze to 0
[19:57:53.851] [SEVERE ] setting player 3 freeze to 0
[19:57:53.852] [SEVERE ] setting player 4 freeze to 0
[19:57:53.852] [SEVERE ] player 3 placing token on slot 6
[19:57:53.853] [SEVERE ] player 4 placing token on slot 5
[19:57:53.853] [SEVERE ] updating countdown to 9567
[19:57:53.855] [SEVERE ] setting player 1 freeze to 0
[19:57:53.855] [SEVERE ] setting player 2 freeze to 0
[19:57:53.856] [SEVERE ] setting player 3 freeze to 2999
[19:57:53.856] [SEVERE ] setting player 4 freeze to 0
[19:57:54.069] [SEVERE ] updating countdown to 9351
[19:57:54.070] [SEVERE ] setting player 1 freeze to 0
[19:57:54.070] [SEVERE ] setting player 2 freeze to 0
[19:57:54.071] [SEVERE ] setting player 3 freeze to 2784
[19:57:54.071] [SEVERE ] setting player 4 freeze to 2999
[19:57:54.287] [SEVERE ] updating countdown to 9133
[19:57:54.287] [SEVERE ] setting player 1 freeze to 0
[19:57:54.289] [SEVERE ] setting player 2 freeze to 0
[19:57:54.289] [SEVERE ] setting player 3 freeze to 2566
[19:57:54.290] [SEVERE ] setting player 4 freeze to 2780
[19:57:54.368] [SEVERE ] key 81 was pressed by player 1
[19:57:54.369] [SEVERE ] player 1 placing token on slot 0
[19:57:54.492] [SEVERE ] updating countdown to 8928
[19:57:54.494] [SEVERE ] setting player 1 freeze to 0
[19:57:54.494] [SEVERE ] setting player 2 freeze to 0
[19:57:54.494] [SEVERE ] setting player 3 freeze to 2361
[19:57:54.494] [SEVERE ] setting player 4 freeze to 2576
[19:57:54.697] [SEVERE ] updating countdown to 8723
[19:57:54.699] [SEVERE ] setting player 1 freeze to 0
[19:57:54.699] [SEVERE ] setting player 2 freeze to 0
[19:57:54.700] [SEVERE ] setting player 3 freeze to 2155
[19:57:54.701] [SEVERE ] setting player 4 freeze to 2369
[19:57:54.799] [SEVERE ] key 65 was pressed by player 1
[19:57:54.799] [SEVERE ] player 1 placing token on slot 4
[19:57:54.916] [SEVERE ] updating countdown to 8504
[19:57:54.916] [SEVERE ] setting player 1 freeze to 0
[19:57:54.917] [SEVERE ] setting player 2 freeze to 0
[19:57:54.917] [SEVERE ] setting player 3 freeze to 1938
[19:57:54.918] [SEVERE ] setting player 4 freeze to 2152
[19:57:55.122] [SEVERE ] updating countdown to 8298
[19:57:55.124] [SEVERE ] setting player 1 freeze to 0
[19:57:55.126] [SEVERE ] setting player 2 freeze to 0
[19:57:55.127] [SEVERE ] setting player 3 freeze to 1728
[19:57:55.127] [SEVERE ] setting player 4 freeze to 1943
[19:57:55.341] [SEVERE ] updating countdown to 8079
[19:57:55.343] [SEVERE ] setting player 1 freeze to 0
[19:57:55.344] [SEVERE ] setting player 2 freeze to 0
[19:57:55.345] [SEVERE ] setting player 3 freeze to 1510
[19:57:55.346] [SEVERE ] setting player 4 freeze to 1724
[19:57:55.562] [SEVERE ] updating countdown to 7858
[19:57:55.564] [SEVERE ] setting player 1 freeze to 0
[19:57:55.565] [SEVERE ] setting player 2 freeze to 0
[19:57:55.566] [SEVERE ] setting player 3 freeze to 1289
[19:57:55.568] [SEVERE ] setting player 4 freeze to 1502
[19:57:55.782] [SEVERE ] updating countdown to 7638
[19:57:55.783] [SEVERE ] setting player 1 freeze to 0
[19:57:55.784] [SEVERE ] setting player 2 freeze to 0
[19:57:55.785] [SEVERE ] setting player 3 freeze to 1070
[19:57:55.786] [SEVERE ] setting player 4 freeze to 1284
[19:57:56.002] [SEVERE ] updating countdown to 7418
[19:57:56.004] [SEVERE ] setting player 1 freeze to 0
[19:57:56.004] [SEVERE ] setting player 2 freeze to 0
[19:57:56.005] [SEVERE ] setting player 3 freeze to 850
[19:57:56.006] [SEVERE ] setting player 4 freeze to 1064
[19:57:56.085] [SEVERE ] key 88 was pressed by player 1
[19:57:56.086] [SEVERE ] player 1 placing token on slot 9
[19:57:56.087] [SEVERE ] updating countdown to 7333
[19:57:56.090] [SEVERE ] setting player 1 freeze to 3000
[19:57:56.091] [SEVERE ] setting player 2 freeze to 0
[19:57:56.092] [SEVERE ] setting player 3 freeze to 763
[19:57:56.093] [SEVERE ] setting player 4 freeze to 977
[19:57:56.301] [SEVERE ] updating countdown to 7119
[19:57:56.303] [SEVERE ] setting player 1 freeze to 2787
[19:57:56.304] [SEVERE ] setting player 2 freeze to 0
[19:57:56.305] [SEVERE ] setting player 3 freeze to 550
[19:57:56.306] [SEVERE ] setting player 4 freeze to 764
[19:57:56.521] [SEVERE ] updating countdown to 6899
[19:57:56.523] [SEVERE ] setting player 1 freeze to 2567
[19:57:56.524] [SEVERE ] setting player 2 freeze to 0
[19:57:56.524] [SEVERE ] setting player 3 freeze to 331
[19:57:56.525] [SEVERE ] setting player 4 freeze to 545
[19:57:56.742] [SEVERE ] updating countdown to 6678
[19:57:56.744] [SEVERE ] setting player 1 freeze to 2347
[19:57:56.745] [SEVERE ] setting player 2 freeze to 0
[19:57:56.746] [SEVERE ] setting player 3 freeze to 109
[19:57:56.746] [SEVERE ] setting player 4 freeze to 324
[19:57:56.948] [SEVERE ] updating countdown to 6472
[19:57:56.949] [SEVERE ] setting player 1 freeze to 2141
[19:57:56.950] [SEVERE ] setting player 2 freeze to 0
[19:57:56.950] [SEVERE ] setting player 3 freeze to 0
[19:57:56.952] [SEVERE ] setting player 4 freeze to 118
[19:57:57.154] [SEVERE ] updating countdown to 6266
[19:57:57.156] [SEVERE ] setting player 1 freeze to 1935
[19:57:57.157] [SEVERE ] setting player 2 freeze to 0
[19:57:57.159] [SEVERE ] setting player 3 freeze to 0
[19:57:57.160] [SEVERE ] setting player 4 freeze to 0
[19:57:57.373] [SEVERE ] updating countdown to 6047
[19:57:57.373] [SEVERE ] setting player 1 freeze to 1717
[19:57:57.374] [SEVERE ] setting player 2 freeze to 0
[19:57:57.374] [SEVERE ] setting player 3 freeze to 0
[19:57:57.375] [SEVERE ] setting player 4 freeze to 0
[19:57:57.375] [SEVERE ] removing player 3 token from slot 7
[19:57:57.375] [SEVERE ] removing player 4 token from slot 6
[19:57:57.575] [SEVERE ] updating countdown to 5845
[19:57:57.577] [SEVERE ] setting player 1 freeze to 1513
[19:57:57.578] [SEVERE ] setting player 2 freeze to 0
[19:57:57.579] [SEVERE ] setting player 3 freeze to 0
[19:57:57.580] [SEVERE ] setting player 4 freeze to 0
[19:57:57.580] [SEVERE ] player 3 placing token on slot 5
[19:57:57.581] [SEVERE ] player 4 placing token on slot 1
[19:57:57.583] [SEVERE ] updating countdown to 5837
[19:57:57.585] [SEVERE ] setting player 1 freeze to 1505
[19:57:57.586] [SEVERE ] setting player 2 freeze to 0
[19:57:57.587] [SEVERE ] setting player 3 freeze to 2998
[19:57:57.588] [SEVERE ] setting player 4 freeze to 0
[19:57:57.796] [SEVERE ] updating countdown to 5624
[19:57:57.798] [SEVERE ] removing player 1 token from slot 0
[19:57:57.799] [SEVERE ] removing player 3 token from slot 5
[19:57:57.800] [SEVERE ] removing player 4 token from slot 0
[19:57:57.801] [SEVERE ] removing player 4 token from slot 5
[19:57:57.801] [SEVERE ] removing player 4 token from slot 1
[19:57:57.908] [SEVERE ] removing card from slot 0
[19:57:58.017] [SEVERE ] removing card from slot 5
[19:57:58.126] [SEVERE ] removing card from slot 1
[19:57:58.127] [SEVERE ] setting player 4 score to 1
[19:57:58.128] [SEVERE ] updating countdown to 10000
[19:57:58.235] [SEVERE ] placing card 12 in slot 0
[19:57:58.346] [SEVERE ] placing card 13 in slot 1
[19:57:58.456] [SEVERE ] placing card 14 in slot 5
[19:57:58.456] [SEVERE ] setting player 1 freeze to 634
[19:57:58.457] [SEVERE ] setting player 2 freeze to 0
[19:57:58.457] [SEVERE ] setting player 3 freeze to 2128
[19:57:58.457] [SEVERE ] setting player 4 freeze to 672
[19:57:58.661] [SEVERE ] updating countdown to 9467
[19:57:58.662] [SEVERE ] setting player 1 freeze to 428
[19:57:58.663] [SEVERE ] setting player 2 freeze to 0
[19:57:58.663] [SEVERE ] setting player 3 freeze to 1922
[19:57:58.664] [SEVERE ] setting player 4 freeze to 465
[19:57:58.865] [SEVERE ] updating countdown to 9263
[19:57:58.866] [SEVERE ] setting player 1 freeze to 224
[19:57:58.867] [SEVERE ] setting player 2 freeze to 0
[19:57:58.868] [SEVERE ] setting player 3 freeze to 1717
[19:57:58.869] [SEVERE ] setting player 4 freeze to 260
[19:57:58.998] [SEVERE ] key 88 was pressed by player 1
[19:57:59.083] [SEVERE ] updating countdown to 9045
[19:57:59.084] [SEVERE ] setting player 1 freeze to 6
[19:57:59.085] [SEVERE ] setting player 2 freeze to 0
[19:57:59.086] [SEVERE ] setting player 3 freeze to 1499
[19:57:59.086] [SEVERE ] setting player 4 freeze to 43
[19:57:59.303] [SEVERE ] updating countdown to 8825
[19:57:59.304] [SEVERE ] setting player 1 freeze to 0
[19:57:59.305] [SEVERE ] setting player 2 freeze to 0
[19:57:59.306] [SEVERE ] setting player 3 freeze to 1279
[19:57:59.307] [SEVERE ] setting player 4 freeze to 0
[19:57:59.525] [SEVERE ] updating countdown to 8603
[19:57:59.526] [SEVERE ] setting player 1 freeze to 0
[19:57:59.527] [SEVERE ] setting player 2 freeze to 0
[19:57:59.527] [SEVERE ] setting player 3 freeze to 1058
[19:57:59.528] [SEVERE ] setting player 4 freeze to 0
[19:57:59.529] [SEVERE ] player 4 placing token on slot 9
[19:57:59.730] [SEVERE ] updating countdown to 8398
[19:57:59.731] [SEVERE ] setting player 1 freeze to 0
[19:57:59.731] [SEVERE ] setting player 2 freeze to 0
[19:57:59.732] [SEVERE ] setting player 3 freeze to 853
[19:57:59.733] [SEVERE ] setting player 4 freeze to 0
[19:57:59.734] [SEVERE ] player 4 placing token on slot 10
[19:57:59.950] [SEVERE ] updating countdown to 8178
[19:57:59.950] [SEVERE ] setting player 1 freeze to 0
[19:57:59.951] [SEVERE ] setting player 2 freeze to 0
[19:57:59.951] [SEVERE ] setting player 3 freeze to 634
[19:57:59.952] [SEVERE ] setting player 4 freeze to 0
[19:57:59.952] [SEVERE ] player 4 placing token on slot 0
[19:57:59.953] [SEVERE ] updating countdown to 8175
[19:57:59.953] [SEVERE ] setting player 1 freeze to 0
[19:57:59.954] [SEVERE ] setting player 2 freeze to 0
[19:57:59.954] [SEVERE ] setting player 3 freeze to 631
[19:57:59.954] [SEVERE ] setting player 4 freeze to 2999
[19:58:00.156] [SEVERE ] updating countdown to 7972
[19:58:00.156] [SEVERE ] setting player 1 freeze to 0
[19:58:00.156] [SEVERE ] setting player 2 freeze to 0
[19:58:00.157] [SEVERE ] setting player 3 freeze to 428
[19:58:00.157] [SEVERE ] setting player 4 freeze to 2796
[19:58:00.364] [SEVERE ] updating countdown to 7764
[19:58:00.364] [SEVERE ] setting player 1 freeze to 0
[19:58:00.364] [SEVERE ] setting player 2 freeze to 0
[19:58:00.364] [SEVERE ] setting player 3 freeze to 221
[19:58:00.365] [SEVERE ] setting player 4 freeze to 2588
[19:58:00.570] [SEVERE ] updating countdown to 7558
[19:58:00.571] [SEVERE ] setting player 1 freeze to 0
[19:58:00.572] [SEVERE ] setting player 2 freeze to 0
[19:58:00.572] [SEVERE ] setting player 3 freeze to 13
[19:58:00.573] [SEVERE ] setting player 4 freeze to 2380
[19:58:00.774] [SEVERE ] updating countdown to 7354
[19:58:00.775] [SEVERE ] setting player 1 freeze to 0
[19:58:00.776] [SEVERE ] setting player 2 freeze to 0
[19:58:00.776] [SEVERE ] setting player 3 freeze to 0
[19:58:00.777] [SEVERE ] setting player 4 freeze to 2176
[19:58:00.994] [SEVERE ] updating countdown to 7134
[19:58:00.995] [SEVERE ] setting player 1 freeze to 0
[19:58:00.997] [SEVERE ] setting player 2 freeze to 0
[19:58:00.998] [SEVERE ] setting player 3 freeze to 0
[19:58:00.999] [SEVERE ] setting player 4 freeze to 1954
[19:58:01.078] [SEVERE ] key 81 was pressed by player 1
[19:58:01.079] [SEVERE ] player 1 placing token on slot 0
[19:58:01.215] [SEVERE ] updating countdown to 6913
[19:58:01.217] [SEVERE ] setting player 1 freeze to 0
[19:58:01.217] [SEVERE ] setting player 2 freeze to 0
[19:58:01.218] [SEVERE ] setting player 3 freeze to 0
[19:58:01.219] [SEVERE ] setting player 4 freeze to 1734
[19:58:01.219] [SEVERE ] player 3 placing token on slot 9
[19:58:01.434] [SEVERE ] updating countdown to 6694
[19:58:01.435] [SEVERE ] setting player 1 freeze to 0
[19:58:01.435] [SEVERE ] setting player 2 freeze to 0
[19:58:01.436] [SEVERE ] setting player 3 freeze to 0
[19:58:01.436] [SEVERE ] setting player 4 freeze to 1517
[19:58:01.640] [SEVERE ] updating countdown to 6488
[19:58:01.642] [SEVERE ] setting player 1 freeze to 0
[19:58:01.642] [SEVERE ] setting player 2 freeze to 0
[19:58:01.643] [SEVERE ] setting player 3 freeze to 0
[19:58:01.643] [SEVERE ] setting player 4 freeze to 1310
[19:58:01.860] [SEVERE ] updating countdown to 6268
[19:58:01.861] [SEVERE ] setting player 1 freeze to 0
[19:58:01.862] [SEVERE ] setting player 2 freeze to 0
[19:58:01.862] [SEVERE ] setting player 3 freeze to 0
[19:58:01.862] [SEVERE ] setting player 4 freeze to 1091
[19:58:02.078] [SEVERE ] updating countdown to 6050
[19:58:02.079] [SEVERE ] setting player 1 freeze to 0
[19:58:02.079] [SEVERE ] setting player 2 freeze to 0
[19:58:02.080] [SEVERE ] setting player 3 freeze to 0
[19:58:02.080] [SEVERE ] setting player 4 freeze to 873
[19:58:02.081] [SEVERE ] removing player 3 token from slot 9
[19:58:02.284] [SEVERE ] updating countdown to 5844
[19:58:02.284] [SEVERE ] setting player 1 freeze to 0
[19:58:02.285] [SEVERE ] setting player 2 freeze to 0
[19:58:02.285] [SEVERE ] setting player 3 freeze to 0
[19:58:02.286] [SEVERE ] setting player 4 freeze to 667
[19:58:02.286] [SEVERE ] removing player 3 token from slot 6
[19:58:02.502] [SEVERE ] updating countdown to 5626
[19:58:02.503] [SEVERE ] setting player 1 freeze to 0
[19:58:02.503] [SEVERE ] setting player 2 freeze to 0
[19:58:02.504] [SEVERE ] setting player 3 freeze to 0
[19:58:02.504] [SEVERE ] setting player 4 freeze to 449
[19:58:02.504] [SEVERE ] player 3 placing token on slot 1
[19:58:02.705] [SEVERE ] updating countdown to 5423
[19:58:02.706] [SEVERE ] setting player 1 freeze to 0
[19:58:02.706] [SEVERE ] setting player 2 freeze to 0
[19:58:02.706] [SEVERE ] setting player 3 freeze to 0
[19:58:02.707] [SEVERE ] setting player 4 freeze to 246
[19:58:02.707] [SEVERE ] player 3 placing token on slot 9
[19:58:02.707] [SEVERE ] updating countdown to 5421
[19:58:02.708] [SEVERE ] setting player 1 freeze to 0
[19:58:02.708] [SEVERE ] setting player 2 freeze to 0
[19:58:02.708] [SEVERE ] setting player 3 freeze to 3000
[19:58:02.709] [SEVERE ] setting player 4 freeze to 244
[19:58:02.910] [SEVERE ] updating countdown to 5218
[19:58:02.911] [SEVERE ] setting player 1 freeze to 0
[19:58:02.911] [SEVERE ] setting player 2 freeze to 0
[19:58:02.912] [SEVERE ] setting player 3 freeze to 2796
[19:58:02.913] [SEVERE ] setting player 4 freeze to 40
[19:58:03.128] [SEVERE ] updating countdown to 5000
[19:58:03.130] [SEVERE ] setting player 1 freeze to 0
[19:58:03.131] [SEVERE ] setting player 2 freeze to 0
[19:58:03.131] [SEVERE ] setting player 3 freeze to 2577
[19:58:03.131] [SEVERE ] setting player 4 freeze to 0
[19:58:03.192] [SEVERE ] setting player 1 freeze to 0
[19:58:03.193] [SEVERE ] setting player 2 freeze to 0
[19:58:03.193] [SEVERE ] setting player 3 freeze to 2515
[19:58:03.193] [SEVERE ] setting player 4 freeze to 0
[19:58:03.255] [SEVERE ] setting player 1 freeze to 0
[19:58:03.256] [SEVERE ] setting player 2 freeze to 0
[19:58:03.256] [SEVERE ] setting player 3 freeze to 2452
[19:58:03.256] [SEVERE ] setting player 4 freeze to 0
[19:58:03.318] [SEVERE ] setting player 1 freeze to 0
[19:58:03.318] [SEVERE ] setting player 2 freeze to 0
[19:58:03.319] [SEVERE ] setting player 3 freeze to 2389
[19:58:03.320] [SEVERE ] setting player 4 freeze to 0
[19:58:03.322] [SEVERE ] removing player 4 token from slot 10
[19:58:03.380] [SEVERE ] setting player 1 freeze to 0
[19:58:03.380] [SEVERE ] setting player 2 freeze to 0
[19:58:03.380] [SEVERE ] setting player 3 freeze to 2328
[19:58:03.380] [SEVERE ] setting player 4 freeze to 0
[19:58:03.380] [SEVERE ] removing player 4 token from slot 0
[19:58:03.443] [SEVERE ] setting player 1 freeze to 0
[19:58:03.443] [SEVERE ] setting player 2 freeze to 0
[19:58:03.443] [SEVERE ] setting player 3 freeze to 2265
[19:58:03.444] [SEVERE ] setting player 4 freeze to 0
[19:58:03.444] [SEVERE ] player 4 placing token on slot 5
[19:58:03.506] [SEVERE ] setting player 1 freeze to 0
[19:58:03.506] [SEVERE ] setting player 2 freeze to 0
[19:58:03.507] [SEVERE ] setting player 3 freeze to 2201
[19:58:03.507] [SEVERE ] setting player 4 freeze to 0
[19:58:03.507] [SEVERE ] player 4 placing token on slot 6
[19:58:03.508] [SEVERE ] setting player 1 freeze to 0
[19:58:03.508] [SEVERE ] setting player 2 freeze to 0
[19:58:03.508] [SEVERE ] setting player 3 freeze to 2200
[19:58:03.508] [SEVERE ] setting player 4 freeze to 3000
[19:58:03.570] [SEVERE ] setting player 1 freeze to 0
[19:58:03.570] [SEVERE ] setting player 2 freeze to 0
[19:58:03.571] [SEVERE ] setting player 3 freeze to 2137
[19:58:03.571] [SEVERE ] setting player 4 freeze to 2937
[19:58:03.634] [SEVERE ] setting player 1 freeze to 0
[19:58:03.634] [SEVERE ] setting player 2 freeze to 0
[19:58:03.635] [SEVERE ] setting player 3 freeze to 2073
[19:58:03.635] [SEVERE ] setting player 4 freeze to 2873
[19:58:03.696] [SEVERE ] setting player 1 freeze to 0
[19:58:03.696] [SEVERE ] setting player 2 freeze to 0
[19:58:03.697] [SEVERE ] setting player 3 freeze to 2011
[19:58:03.697] [SEVERE ] setting player 4 freeze to 2811
[19:58:03.758] [SEVERE ] setting player 1 freeze to 0
[19:58:03.759] [SEVERE ] setting player 2 freeze to 0
[19:58:03.759] [SEVERE ] setting player 3 freeze to 1949
[19:58:03.760] [SEVERE ] setting player 4 freeze to 2748
[19:58:03.821] [SEVERE ] setting player 1 freeze to 0
[19:58:03.822] [SEVERE ] setting player 2 freeze to 0
[19:58:03.822] [SEVERE ] setting player 3 freeze to 1886
[19:58:03.822] [SEVERE ] setting player 4 freeze to 2686
[19:58:03.886] [SEVERE ] setting player 1 freeze to 0
[19:58:03.886] [SEVERE ] setting player 2 freeze to 0
[19:58:03.886] [SEVERE ] setting player 3 freeze to 1822
[19:58:03.887] [SEVERE ] setting player 4 freeze to 2621
[19:58:03.949] [SEVERE ] setting player 1 freeze to 0
[19:58:03.949] [SEVERE ] setting player 2 freeze to 0
[19:58:03.949] [SEVERE ] setting player 3 freeze to 1759
[19:58:03.949] [SEVERE ] setting player 4 freeze to 2559
[19:58:04.012] [SEVERE ] setting player 1 freeze to 0
[19:58:04.012] [SEVERE ] setting player 2 freeze to 0
[19:58:04.013] [SEVERE ] setting player 3 freeze to 1695
[19:58:04.013] [SEVERE ] setting player 4 freeze to 2495
[19:58:04.074] [SEVERE ] setting player 1 freeze to 0
[19:58:04.076] [SEVERE ] setting player 2 freeze to 0
[19:58:04.076] [SEVERE ] setting player 3 freeze to 1632
[19:58:04.077] [SEVERE ] setting player 4 freeze to 2431
[19:58:04.138] [SEVERE ] setting player 1 freeze to 0
[19:58:04.139] [SEVERE ] setting player 2 freeze to 0
[19:58:04.140] [SEVERE ] setting player 3 freeze to 1568
[19:58:04.141] [SEVERE ] setting player 4 freeze to 2368
[19:58:04.200] [SEVERE ] setting player 1 freeze to 0
[19:58:04.200] [SEVERE ] setting player 2 freeze to 0
[19:58:04.200] [SEVERE ] setting player 3 freeze to 1508
[19:58:04.201] [SEVERE ] setting player 4 freeze to 2307
[19:58:04.263] [SEVERE ] setting player 1 freeze to 0
[19:58:04.263] [SEVERE ] setting player 2 freeze to 0
[19:58:04.264] [SEVERE ] setting player 3 freeze to 1444
[19:58:04.264] [SEVERE ] setting player 4 freeze to 2244
[19:58:04.327] [SEVERE ] setting player 1 freeze to 0
[19:58:04.327] [SEVERE ] setting player 2 freeze to 0
[19:58:04.328] [SEVERE ] setting player 3 freeze to 1380
[19:58:04.329] [SEVERE ] setting player 4 freeze to 2179
[19:58:04.391] [SEVERE ] setting player 1 freeze to 0
[19:58:04.391] [SEVERE ] setting player 2 freeze to 0
[19:58:04.392] [SEVERE ] setting player 3 freeze to 1316
[19:58:04.392] [SEVERE ] setting player 4 freeze to 2116
[19:58:04.452] [SEVERE ] setting player 1 freeze to 0
[19:58:04.453] [SEVERE ] setting player 2 freeze to 0
[19:58:04.454] [SEVERE ] setting player 3 freeze to 1254
[19:58:04.454] [SEVERE ] setting player 4 freeze to 2054
[19:58:04.514] [SEVERE ] setting player 1 freeze to 0
[19:58:04.514] [SEVERE ] setting player 2 freeze to 0
[19:58:04.515] [SEVERE ] setting player 3 freeze to 1193
[19:58:04.515] [SEVERE ] setting player 4 freeze to 1993
[19:58:04.576] [SEVERE ] setting player 1 freeze to 0
[19:58:04.577] [SEVERE ] setting player 2 freeze to 0
[19:58:04.578] [SEVERE ] setting player 3 freeze to 1130
[19:58:04.578] [SEVERE ] setting player 4 freeze to 1930
[19:58:04.640] [SEVERE ] setting player 1 freeze to 0
[19:58:04.640] [SEVERE ] setting player 2 freeze to 0
[19:58:04.641] [SEVERE ] setting player 3 freeze to 1067
[19:58:04.642] [SEVERE ] setting player 4 freeze to 1866
[19:58:04.702] [SEVERE ] setting player 1 freeze to 0
[19:58:04.703] [SEVERE ] setting player 2 freeze to 0
[19:58:04.704] [SEVERE ] setting player 3 freeze to 1004
[19:58:04.704] [SEVERE ] setting player 4 freeze to 1804
[19:58:04.765] [SEVERE ] setting player 1 freeze to 0
[19:58:04.765] [SEVERE ] setting player 2 freeze to 0
[19:58:04.765] [SEVERE ] setting player 3 freeze to 943
[19:58:04.766] [SEVERE ] setting player 4 freeze to 1742
[19:58:04.827] [SEVERE ] setting player 1 freeze to 0
[19:58:04.827] [SEVERE ] setting player 2 freeze to 0
[19:58:04.828] [SEVERE ] setting player 3 freeze to 880
[19:58:04.828] [SEVERE ] setting player 4 freeze to 1680
[19:58:04.890] [SEVERE ] setting player 1 freeze to 0
[19:58:04.890] [SEVERE ] setting player 2 freeze to 0
[19:58:04.890] [SEVERE ] setting player 3 freeze to 818
[19:58:04.891] [SEVERE ] setting player 4 freeze to 1617
[19:58:04.953] [SEVERE ] setting player 1 freeze to 0
[19:58:04.953] [SEVERE ] setting player 2 freeze to 0
[19:58:04.953] [SEVERE ] setting player 3 freeze to 755
[19:58:04.953] [SEVERE ] setting player 4 freeze to 1555
[19:58:05.017] [SEVERE ] setting player 1 freeze to 0
[19:58:05.017] [SEVERE ] setting player 2 freeze to 0
[19:58:05.018] [SEVERE ] setting player 3 freeze to 690
[19:58:05.018] [SEVERE ] setting player 4 freeze to 1490
[19:58:05.078] [SEVERE ] setting player 1 freeze to 0
[19:58:05.080] [SEVERE ] setting player 2 freeze to 0
[19:58:05.081] [SEVERE ] setting player 3 freeze to 627
[19:58:05.081] [SEVERE ] setting player 4 freeze to 1427
[19:58:05.143] [SEVERE ] setting player 1 freeze to 0
[19:58:05.143] [SEVERE ] setting player 2 freeze to 0
[19:58:05.144] [SEVERE ] setting player 3 freeze to 564
[19:58:05.144] [SEVERE ] setting player 4 freeze to 1364
[19:58:05.206] [SEVERE ] setting player 1 freeze to 0
[19:58:05.207] [SEVERE ] setting player 2 freeze to 0
[19:58:05.208] [SEVERE ] setting player 3 freeze to 500
[19:58:05.208] [SEVERE ] setting player 4 freeze to 1300
[19:58:05.270] [SEVERE ] setting player 1 freeze to 0
[19:58:05.271] [SEVERE ] setting player 2 freeze to 0
[19:58:05.271] [SEVERE ] setting player 3 freeze to 437
[19:58:05.272] [SEVERE ] setting player 4 freeze to 1236
[19:58:05.333] [SEVERE ] setting player 1 freeze to 0
[19:58:05.333] [SEVERE ] setting player 2 freeze to 0
[19:58:05.334] [SEVERE ] setting player 3 freeze to 374
[19:58:05.334] [SEVERE ] setting player 4 freeze to 1174
[19:58:05.397] [SEVERE ] setting player 1 freeze to 0
[19:58:05.397] [SEVERE ] setting player 2 freeze to 0
[19:58:05.398] [SEVERE ] setting player 3 freeze to 310
[19:58:05.398] [SEVERE ] setting player 4 freeze to 1110
[19:58:05.458] [SEVERE ] setting player 1 freeze to 0
[19:58:05.459] [SEVERE ] setting player 2 freeze to 0
[19:58:05.459] [SEVERE ] setting player 3 freeze to 249
[19:58:05.460] [SEVERE ] setting player 4 freeze to 1048
[19:58:05.521] [SEVERE ] setting player 1 freeze to 0
[19:58:05.522] [SEVERE ] setting player 2 freeze to 0
[19:58:05.522] [SEVERE ] setting player 3 freeze to 186
[19:58:05.522] [SEVERE ] setting player 4 freeze to 986
[19:58:05.583] [SEVERE ] setting player 1 freeze to 0
[19:58:05.584] [SEVERE ] setting player 2 freeze to 0
[19:58:05.584] [SEVERE ] setting player 3 freeze to 124
[19:58:05.584] [SEVERE ] setting player 4 freeze to 924
[19:58:05.645] [SEVERE ] setting player 1 freeze to 0
[19:58:05.646] [SEVERE ] setting player 2 freeze to 0
[19:58:05.646] [SEVERE ] setting player 3 freeze to 62
[19:58:05.646] [SEVERE ] setting player 4 freeze to 862
[19:58:05.708] [SEVERE ] setting player 1 freeze to 0
[19:58:05.708] [SEVERE ] setting player 2 freeze to 0
[19:58:05.709] [SEVERE ] setting player 3 freeze to 0
[19:58:05.709] [SEVERE ] setting player 4 freeze to 799
[19:58:05.770] [SEVERE ] setting player 1 freeze to 0
[19:58:05.770] [SEVERE ] setting player 2 freeze to 0
[19:58:05.771] [SEVERE ] setting player 3 freeze to 0
[19:58:05.771] [SEVERE ] setting player 4 freeze to 737
[19:58:05.834] [SEVERE ] setting player 1 freeze to 0
[19:58:05.834] [SEVERE ] setting player 2 freeze to 0
[19:58:05.835] [SEVERE ] setting player 3 freeze to 0
[19:58:05.835] [SEVERE ] setting player 4 freeze to 673
[19:58:05.835] [SEVERE ] removing player 3 token from slot 9
[19:58:05.897] [SEVERE ] setting player 1 freeze to 0
[19:58:05.898] [SEVERE ] setting player 2 freeze to 0
[19:58:05.898] [SEVERE ] setting player 3 freeze to 0
[19:58:05.898] [SEVERE ] setting player 4 freeze to 610
[19:58:05.898] [SEVERE ] removing player 3 token from slot 10
[19:58:05.960] [SEVERE ] setting player 1 freeze to 0
[19:58:05.961] [SEVERE ] setting player 2 freeze to 0
[19:58:05.961] [SEVERE ] setting player 3 freeze to 0
[19:58:05.961] [SEVERE ] setting player 4 freeze to 547
[19:58:05.961] [SEVERE ] player 3 placing token on slot 3
[19:58:06.022] [SEVERE ] setting player 1 freeze to 0
[19:58:06.023] [SEVERE ] setting player 2 freeze to 0
[19:58:06.023] [SEVERE ] setting player 3 freeze to 0
[19:58:06.023] [SEVERE ] setting player 4 freeze to 485
[19:58:06.023] [SEVERE ] player 3 placing token on slot 10
[19:58:06.024] [SEVERE ] setting player 1 freeze to 0
[19:58:06.025] [SEVERE ] setting player 2 freeze to 0
[19:58:06.025] [SEVERE ] setting player 3 freeze to 2999
[19:58:06.025] [SEVERE ] setting player 4 freeze to 483
[19:58:06.085] [SEVERE ] setting player 1 freeze to 0
[19:58:06.085] [SEVERE ] setting player 2 freeze to 0
[19:58:06.085] [SEVERE ] setting player 3 freeze to 2939
[19:58:06.085] [SEVERE ] setting player 4 freeze to 423
[19:58:06.149] [SEVERE ] setting player 1 freeze to 0
[19:58:06.150] [SEVERE ] setting player 2 freeze to 0
[19:58:06.150] [SEVERE ] setting player 3 freeze to 2874
[19:58:06.151] [SEVERE ] setting player 4 freeze to 357
[19:58:06.211] [SEVERE ] setting player 1 freeze to 0
[19:58:06.212] [SEVERE ] setting player 2 freeze to 0
[19:58:06.212] [SEVERE ] setting player 3 freeze to 2812
[19:58:06.213] [SEVERE ] setting player 4 freeze to 295
[19:58:06.274] [SEVERE ] setting player 1 freeze to 0
[19:58:06.274] [SEVERE ] setting player 2 freeze to 0
[19:58:06.275] [SEVERE ] setting player 3 freeze to 2749
[19:58:06.275] [SEVERE ] setting player 4 freeze to 233
[19:58:06.336] [SEVERE ] setting player 1 freeze to 0
[19:58:06.336] [SEVERE ] setting player 2 freeze to 0
[19:58:06.336] [SEVERE ] setting player 3 freeze to 2688
[19:58:06.336] [SEVERE ] setting player 4 freeze to 172
[19:58:06.399] [SEVERE ] setting player 1 freeze to 0
[19:58:06.399] [SEVERE ] setting player 2 freeze to 0
[19:58:06.399] [SEVERE ] setting player 3 freeze to 2625
[19:58:06.399] [SEVERE ] setting player 4 freeze to 109
[19:58:06.463] [SEVERE ] setting player 1 freeze to 0
[19:58:06.464] [SEVERE ] setting player 2 freeze to 0
[19:58:06.464] [SEVERE ] setting player 3 freeze to 2560
[19:58:06.465] [SEVERE ] setting player 4 freeze to 43
[19:58:06.527] [SEVERE ] setting player 1 freeze to 0
[19:58:06.529] [SEVERE ] setting player 2 freeze to 0
[19:58:06.529] [SEVERE ] setting player 3 freeze to 2495
[19:58:06.529] [SEVERE ] setting player 4 freeze to 0
[19:58:06.590] [SEVERE ] setting player 1 freeze to 0
[19:58:06.591] [SEVERE ] setting player 2 freeze to 0
[19:58:06.591] [SEVERE ] setting player 3 freeze to 2433
[19:58:06.591] [SEVERE ] setting player 4 freeze to 0
[19:58:06.653] [SEVERE ] setting player 1 freeze to 0
[19:58:06.654] [SEVERE ] setting player 2 freeze to 0
[19:58:06.654] [SEVERE ] setting player 3 freeze to 2370
[19:58:06.655] [SEVERE ] setting player 4 freeze to 0
[19:58:06.716] [SEVERE ] setting player 1 freeze to 0
[19:58:06.716] [SEVERE ] setting player 2 freeze to 0
[19:58:06.716] [SEVERE ] setting player 3 freeze to 2308
[19:58:06.717] [SEVERE ] setting player 4 freeze to 0
[19:58:06.718] [SEVERE ] removing player 4 token from slot 9
[19:58:06.779] [SEVERE ] setting player 1 freeze to 0
[19:58:06.779] [SEVERE ] setting player 2 freeze to 0
[19:58:06.780] [SEVERE ] setting player 3 freeze to 2244
[19:58:06.780] [SEVERE ] setting player 4 freeze to 0
[19:58:06.780] [SEVERE ] player 4 placing token on slot 11
[19:58:06.781] [SEVERE ] setting player 1 freeze to 0
[19:58:06.781] [SEVERE ] setting player 2 freeze to 0
[19:58:06.782] [SEVERE ] setting player 3 freeze to 2242
[19:58:06.782] [SEVERE ] setting player 4 freeze to 2999
[19:58:06.842] [SEVERE ] setting player 1 freeze to 0
[19:58:06.842] [SEVERE ] setting player 2 freeze to 0
[19:58:06.843] [SEVERE ] setting player 3 freeze to 2181
[19:58:06.843] [SEVERE ] setting player 4 freeze to 2938
[19:58:06.906] [SEVERE ] setting player 1 freeze to 0
[19:58:06.907] [SEVERE ] setting player 2 freeze to 0
[19:58:06.907] [SEVERE ] setting player 3 freeze to 2117
[19:58:06.907] [SEVERE ] setting player 4 freeze to 2874
[19:58:06.970] [SEVERE ] setting player 1 freeze to 0
[19:58:06.970] [SEVERE ] setting player 2 freeze to 0
[19:58:06.971] [SEVERE ] setting player 3 freeze to 2053
[19:58:06.971] [SEVERE ] setting player 4 freeze to 2810
[19:58:07.033] [SEVERE ] setting player 1 freeze to 0
[19:58:07.034] [SEVERE ] setting player 2 freeze to 0
[19:58:07.034] [SEVERE ] setting player 3 freeze to 1990
[19:58:07.035] [SEVERE ] setting player 4 freeze to 2746
[19:58:07.097] [SEVERE ] setting player 1 freeze to 0
[19:58:07.097] [SEVERE ] setting player 2 freeze to 0
[19:58:07.098] [SEVERE ] setting player 3 freeze to 1926
[19:58:07.098] [SEVERE ] setting player 4 freeze to 2683
[19:58:07.159] [SEVERE ] setting player 1 freeze to 0
[19:58:07.160] [SEVERE ] setting player 2 freeze to 0
[19:58:07.161] [SEVERE ] setting player 3 freeze to 1863
[19:58:07.161] [SEVERE ] setting player 4 freeze to 2620
[19:58:07.221] [SEVERE ] setting player 1 freeze to 0
[19:58:07.222] [SEVERE ] setting player 2 freeze to 0
[19:58:07.222] [SEVERE ] setting player 3 freeze to 1802
[19:58:07.222] [SEVERE ] setting player 4 freeze to 2559
[19:58:07.283] [SEVERE ] setting player 1 freeze to 0
[19:58:07.284] [SEVERE ] setting player 2 freeze to 0
[19:58:07.284] [SEVERE ] setting player 3 freeze to 1740
[19:58:07.285] [SEVERE ] setting player 4 freeze to 2496
[19:58:07.347] [SEVERE ] setting player 1 freeze to 0
[19:58:07.347] [SEVERE ] setting player 2 freeze to 0
[19:58:07.348] [SEVERE ] setting player 3 freeze to 1676
[19:58:07.348] [SEVERE ] setting player 4 freeze to 2433
[19:58:07.410] [SEVERE ] setting player 1 freeze to 0
[19:58:07.411] [SEVERE ] setting player 2 freeze to 0
[19:58:07.411] [SEVERE ] setting player 3 freeze to 1613
[19:58:07.412] [SEVERE ] setting player 4 freeze to 2369
[19:58:07.472] [SEVERE ] setting player 1 freeze to 0
[19:58:07.473] [SEVERE ] setting player 2 freeze to 0
[19:58:07.473] [SEVERE ] setting player 3 freeze to 1551
[19:58:07.474] [SEVERE ] setting player 4 freeze to 2307
[19:58:07.535] [SEVERE ] setting player 1 freeze to 0
[19:58:07.536] [SEVERE ] setting player 2 freeze to 0
[19:58:07.536] [SEVERE ] setting player 3 freeze to 1488
[19:58:07.537] [SEVERE ] setting player 4 freeze to 2244
[19:58:07.598] [SEVERE ] setting player 1 freeze to 0
[19:58:07.599] [SEVERE ] setting player 2 freeze to 0
[19:58:07.599] [SEVERE ] setting player 3 freeze to 1425
[19:58:07.600] [SEVERE ] setting player 4 freeze to 2181
[19:58:07.661] [SEVERE ] setting player 1 freeze to 0
[19:58:07.662] [SEVERE ] setting player 2 freeze to 0
[19:58:07.662] [SEVERE ] setting player 3 freeze to 1362
[19:58:07.663] [SEVERE ] setting player 4 freeze to 2118
[19:58:07.724] [SEVERE ] setting player 1 freeze to 0
[19:58:07.725] [SEVERE ] setting player 2 freeze to 0
[19:58:07.725] [SEVERE ] setting player 3 freeze to 1299
[19:58:07.726] [SEVERE ] setting player 4 freeze to 2055
[19:58:07.788] [SEVERE ] setting player 1 freeze to 0
[19:58:07.789] [SEVERE ] setting player 2 freeze to 0
[19:58:07.789] [SEVERE ] setting player 3 freeze to 1235
[19:58:07.790] [SEVERE ] setting player 4 freeze to 1991
[19:58:07.851] [SEVERE ] setting player 1 freeze to 0
[19:58:07.851] [SEVERE ] setting player 2 freeze to 0
[19:58:07.852] [SEVERE ] setting player 3 freeze to 1172
[19:58:07.852] [SEVERE ] setting player 4 freeze to 1929
[19:58:07.913] [SEVERE ] setting player 1 freeze to 0
[19:58:07.914] [SEVERE ] setting player 2 freeze to 0
[19:58:07.915] [SEVERE ] setting player 3 freeze to 1109
[19:58:07.915] [SEVERE ] setting player 4 freeze to 1866
[19:58:07.977] [SEVERE ] setting player 1 freeze to 0
[19:58:07.978] [SEVERE ] setting player 2 freeze to 0
[19:58:07.978] [SEVERE ] setting player 3 freeze to 1046
[19:58:07.979] [SEVERE ] setting player 4 freeze to 1802
[19:58:08.040] [SEVERE ] setting player 1 freeze to 0
[19:58:08.041] [SEVERE ] setting player 2 freeze to 0
[19:58:08.042] [SEVERE ] setting player 3 freeze to 982
[19:58:08.042] [SEVERE ] setting player 4 freeze to 1739
[19:58:08.104] [SEVERE ] setting player 1 freeze to 0
[19:58:08.105] [SEVERE ] setting player 2 freeze to 0
[19:58:08.105] [SEVERE ] setting player 3 freeze to 919
[19:58:08.105] [SEVERE ] setting player 4 freeze to 1676
[19:58:08.166] [SEVERE ] updating countdown to 0
[19:58:08.167] [SEVERE ] setting player 1 freeze to 0
[19:58:08.167] [SEVERE ] setting player 2 freeze to 0
[19:58:08.167] [SEVERE ] setting player 3 freeze to 857
[19:58:08.168] [SEVERE ] setting player 4 freeze to 1613
[19:58:08.168] [SEVERE ] updating countdown to 0
[19:58:08.169] [SEVERE ] removing player 1 token from slot 0
[19:58:08.169] [SEVERE ] removing player 1 token from slot 4
[19:58:08.169] [SEVERE ] removing player 1 token from slot 9
[19:58:08.170] [SEVERE ] removing player 3 token from slot 1
[19:58:08.170] [SEVERE ] removing player 3 token from slot 3
[19:58:08.170] [SEVERE ] removing player 3 token from slot 10
[19:58:08.171] [SEVERE ] removing player 4 token from slot 5
[19:58:08.171] [SEVERE ] removing player 4 token from slot 6
[19:58:08.171] [SEVERE ] removing player 4 token from slot 11
[19:58:08.276] [SEVERE ] removing card from slot 0
[19:58:08.385] [SEVERE ] removing card from slot 1
[19:58:08.497] [SEVERE ] removing card from slot 2
[19:58:08.607] [SEVERE ] removing card from slot 3
[19:58:08.718] [SEVERE ] removing card from slot 4
[19:58:08.827] [SEVERE ] removing card from slot 5
[19:58:08.937] [SEVERE ] removing card from slot 6
[19:58:09.045] [SEVERE ] removing card from slot 7
[19:58:09.156] [SEVERE ] removing card from slot 8
[19:58:09.266] [SEVERE ] removing card from slot 9
[19:58:09.376] [SEVERE ] removing card from slot 10
[19:58:09.487] [SEVERE ] removing card from slot 11
[19:58:09.597] [SEVERE ] placing card 15 in slot 4
[19:58:09.708] [SEVERE ] placing card 16 in slot 6
[19:58:09.819] [SEVERE ] placing card 17 in slot 5
[19:58:09.931] [SEVERE ] placing card 18 in slot 8
[19:58:10.043] [SEVERE ] placing card 19 in slot 0
[19:58:10.153] [SEVERE ] placing card 20 in slot 11
[19:58:10.262] [SEVERE ] placing card 21 in slot 7
[19:58:10.373] [SEVERE ] placing card 22 in slot 3
[19:58:10.482] [SEVERE ] placing card 23 in slot 10
[19:58:10.593] [SEVERE ] placing card 24 in slot 2
[19:58:10.703] [SEVERE ] placing card 25 in slot 1
[19:58:10.813] [SEVERE ] placing card 26 in slot 9
[19:58:11.019] [SEVERE ] updating countdown to 9794
[19:58:11.020] [SEVERE ] setting player 1 freeze to 0
[19:58:11.020] [SEVERE ] setting player 2 freeze to 0
[19:58:11.020] [SEVERE ] setting player 3 freeze to 0
[19:58:11.020] [SEVERE ] setting player 4 freeze to 0
[19:58:11.223] [SEVERE ] updating countdown to 9590
[19:58:11.223] [SEVERE ] setting player 1 freeze to 0
[19:58:11.223] [SEVERE ] setting player 2 freeze to 0
[19:58:11.224] [SEVERE ] setting player 3 freeze to 0
[19:58:11.224] [SEVERE ] setting player 4 freeze to 0
[19:58:11.251] [SEVERE ] key 81 was pressed by player 1
[19:58:11.252] [SEVERE ] player 1 placing token on slot 0
[19:58:11.427] [SEVERE ] updating countdown to 9386
[19:58:11.427] [SEVERE ] setting player 1 freeze to 0
[19:58:11.428] [SEVERE ] setting player 2 freeze to 0
[19:58:11.428] [SEVERE ] setting player 3 freeze to 0
[19:58:11.428] [SEVERE ] setting player 4 freeze to 0
[19:58:11.428] [SEVERE ] player 3 placing token on slot 0
[19:58:11.428] [SEVERE ] player 4 placing token on slot 0
[19:58:11.632] [SEVERE ] updating countdown to 9181
[19:58:11.632] [SEVERE ] setting player 1 freeze to 0
[19:58:11.633] [SEVERE ] setting player 2 freeze to 0
[19:58:11.633] [SEVERE ] setting player 3 freeze to 0
[19:58:11.633] [SEVERE ] setting player 4 freeze to 0
[19:58:11.633] [SEVERE ] player 3 placing token on slot 4
[19:58:11.633] [SEVERE ] player 4 placing token on slot 4
[19:58:11.670] [SEVERE ] key 65 was pressed by player 1
[19:58:11.671] [SEVERE ] player 1 placing token on slot 4
[19:58:11.835] [SEVERE ] updating countdown to 8978
[19:58:11.836] [SEVERE ] setting player 1 freeze to 0
[19:58:11.836] [SEVERE ] setting player 2 freeze to 0
[19:58:11.836] [SEVERE ] setting player 3 freeze to 0
[19:58:11.836] [SEVERE ] setting player 4 freeze to 0
[19:58:11.837] [SEVERE ] player 3 placing token on slot 6
[19:58:11.837] [SEVERE ] removing player 4 token from slot 4
[19:58:12.040] [SEVERE ] updating countdown to 8773
[19:58:12.040] [SEVERE ] setting player 1 freeze to 0
[19:58:12.040] [SEVERE ] setting player 2 freeze to 0
[19:58:12.041] [SEVERE ] setting player 3 freeze to 0
[19:58:12.041] [SEVERE ] setting player 4 freeze to 0
[19:58:12.041] [SEVERE ] removing player 4 token from slot 0
[19:58:12.174] [SEVERE ] key 88 was pressed by player 1
[19:58:12.174] [SEVERE ] player 1 placing token on slot 9
[19:58:12.244] [SEVERE ] updating countdown to 8569
[19:58:12.244] [SEVERE ] setting player 1 freeze to 0
[19:58:12.244] [SEVERE ] setting player 2 freeze to 0
[19:58:12.245] [SEVERE ] setting player 3 freeze to 0
[19:58:12.245] [SEVERE ] setting player 4 freeze to 0
[19:58:12.245] [SEVERE ] player 4 placing token on slot 7
[19:58:12.450] [SEVERE ] updating countdown to 8363
[19:58:12.450] [SEVERE ] setting player 1 freeze to 0
[19:58:12.450] [SEVERE ] setting player 2 freeze to 0
[19:58:12.451] [SEVERE ] setting player 3 freeze to 0
[19:58:12.451] [SEVERE ] setting player 4 freeze to 0
[19:58:12.451] [SEVERE ] removing player 3 token from slot 4
[19:58:12.451] [SEVERE ] player 4 placing token on slot 5
[19:58:12.652] [SEVERE ] updating countdown to 8161
[19:58:12.652] [SEVERE ] setting player 1 freeze to 0
[19:58:12.653] [SEVERE ] setting player 2 freeze to 0
[19:58:12.653] [SEVERE ] setting player 3 freeze to 0
[19:58:12.653] [SEVERE ] setting player 4 freeze to 0
[19:58:12.654] [SEVERE ] player 3 placing token on slot 8
[19:58:12.654] [SEVERE ] player 4 placing token on slot 1
[19:58:12.654] [SEVERE ] updating countdown to 8159
[19:58:12.655] [SEVERE ] setting player 1 freeze to 0
[19:58:12.655] [SEVERE ] setting player 2 freeze to 0
[19:58:12.655] [SEVERE ] setting player 3 freeze to 3000
[19:58:12.656] [SEVERE ] setting player 4 freeze to 0
[19:58:12.871] [SEVERE ] updating countdown to 7942
[19:58:12.872] [SEVERE ] setting player 1 freeze to 0
[19:58:12.872] [SEVERE ] setting player 2 freeze to 0
[19:58:12.872] [SEVERE ] setting player 3 freeze to 2783
[19:58:12.872] [SEVERE ] setting player 4 freeze to 3000
[19:58:13.075] [SEVERE ] updating countdown to 7738
[19:58:13.075] [SEVERE ] setting player 1 freeze to 0
[19:58:13.075] [SEVERE ] setting player 2 freeze to 0
[19:58:13.076] [SEVERE ] setting player 3 freeze to 2579
[19:58:13.076] [SEVERE ] setting player 4 freeze to 2796
[19:58:13.279] [SEVERE ] updating countdown to 7534
[19:58:13.279] [SEVERE ] setting player 1 freeze to 0
[19:58:13.279] [SEVERE ] setting player 2 freeze to 0
[19:58:13.279] [SEVERE ] setting player 3 freeze to 2376
[19:58:13.279] [SEVERE ] setting player 4 freeze to 2593
[19:58:13.483] [SEVERE ] updating countdown to 7330
[19:58:13.483] [SEVERE ] setting player 1 freeze to 0
[19:58:13.483] [SEVERE ] setting player 2 freeze to 0
[19:58:13.483] [SEVERE ] setting player 3 freeze to 2172
[19:58:13.483] [SEVERE ] setting player 4 freeze to 2389
[19:58:13.548] [SEVERE ] key 88 was pressed by player 1
[19:58:13.548] [SEVERE ] removing player 1 token from slot 9
[19:58:13.687] [SEVERE ] updating countdown to 7126
[19:58:13.687] [SEVERE ] setting player 1 freeze to 0
[19:58:13.687] [SEVERE ] setting player 2 freeze to 0
[19:58:13.687] [SEVERE ] setting player 3 freeze to 1968
[19:58:13.687] [SEVERE ] setting player 4 freeze to 2185
[19:58:13.885] [SEVERE ] key 65 was pressed by player 1
[19:58:13.886] [SEVERE ] removing player 1 token from slot 4
[19:58:13.889] [SEVERE ] updating countdown to 6924
[19:58:13.889] [SEVERE ] setting player 1 freeze to 0
[19:58:13.890] [SEVERE ] setting player 2 freeze to 0
[19:58:13.890] [SEVERE ] setting player 3 freeze to 1765
[19:58:13.890] [SEVERE ] setting player 4 freeze to 1982
[19:58:14.092] [SEVERE ] updating countdown to 6721
[19:58:14.092] [SEVERE ] setting player 1 freeze to 0
[19:58:14.093] [SEVERE ] setting player 2 freeze to 0
[19:58:14.093] [SEVERE ] setting player 3 freeze to 1562
[19:58:14.093] [SEVERE ] setting player 4 freeze to 1779
[19:58:14.220] [SEVERE ] key 81 was pressed by player 1
[19:58:14.220] [SEVERE ] removing player 1 token from slot 0
[19:58:14.295] [SEVERE ] updating countdown to 6518
[19:58:14.295] [SEVERE ] setting player 1 freeze to 0
[19:58:14.295] [SEVERE ] setting player 2 freeze to 0
[19:58:14.296] [SEVERE ] setting player 3 freeze to 1359
[19:58:14.296] [SEVERE ] setting player 4 freeze to 1576
[19:58:14.501] [SEVERE ] updating countdown to 6312
[19:58:14.501] [SEVERE ] setting player 1 freeze to 0
[19:58:14.501] [SEVERE ] setting player 2 freeze to 0
[19:58:14.501] [SEVERE ] setting player 3 freeze to 1154
[19:58:14.501] [SEVERE ] setting player 4 freeze to 1371
[19:58:14.705] [SEVERE ] updating countdown to 6108
[19:58:14.705] [SEVERE ] setting player 1 freeze to 0
[19:58:14.705] [SEVERE ] setting player 2 freeze to 0
[19:58:14.706] [SEVERE ] setting player 3 freeze to 949
[19:58:14.706] [SEVERE ] setting player 4 freeze to 1166
[19:58:14.716] [SEVERE ] key 81 was pressed by player 1
[19:58:14.717] [SEVERE ] player 1 placing token on slot 0
[19:58:14.910] [SEVERE ] updating countdown to 5903
[19:58:14.911] [SEVERE ] setting player 1 freeze to 0
[19:58:14.911] [SEVERE ] setting player 2 freeze to 0
[19:58:14.911] [SEVERE ] setting player 3 freeze to 744
[19:58:14.911] [SEVERE ] setting player 4 freeze to 961
[19:58:14.998] [SEVERE ] key 65 was pressed by player 1
[19:58:14.999] [SEVERE ] player 1 placing token on slot 4
[19:58:15.115] [SEVERE ] updating countdown to 5698
[19:58:15.115] [SEVERE ] setting player 1 freeze to 0
[19:58:15.116] [SEVERE ] setting player 2 freeze to 0
[19:58:15.116] [SEVERE ] setting player 3 freeze to 539
[19:58:15.116] [SEVERE ] setting player 4 freeze to 756
[19:58:15.319] [SEVERE ] updating countdown to 5494
[19:58:15.319] [SEVERE ] setting player 1 freeze to 0
[19:58:15.319] [SEVERE ] setting player 2 freeze to 0
[19:58:15.320] [SEVERE ] setting player 3 freeze to 335
[19:58:15.320] [SEVERE ] setting player 4 freeze to 552
[19:58:15.360] [SEVERE ] key 88 was pressed by player 1
[19:58:15.362] [SEVERE ] player 1 placing token on slot 9
[19:58:15.362] [SEVERE ] updating countdown to 5451
[19:58:15.363] [SEVERE ] setting player 1 freeze to 2999
[19:58:15.363] [SEVERE ] setting player 2 freeze to 0
[19:58:15.363] [SEVERE ] setting player 3 freeze to 292
[19:58:15.363] [SEVERE ] setting player 4 freeze to 509
[19:58:15.571] [SEVERE ] updating countdown to 5242
[19:58:15.571] [SEVERE ] setting player 1 freeze to 2791
[19:58:15.571] [SEVERE ] setting player 2 freeze to 0
[19:58:15.571] [SEVERE ] setting player 3 freeze to 84
[19:58:15.572] [SEVERE ] setting player 4 freeze to 300
[19:58:15.776] [SEVERE ] updating countdown to 5037
[19:58:15.776] [SEVERE ] setting player 1 freeze to 2586
[19:58:15.776] [SEVERE ] setting player 2 freeze to 0
[19:58:15.777] [SEVERE ] setting player 3 freeze to 0
[19:58:15.777] [SEVERE ] setting player 4 freeze to 95
[19:58:15.981] [SEVERE ] setting player 1 freeze to 2381
[19:58:15.982] [SEVERE ] setting player 2 freeze to 0
[19:58:15.982] [SEVERE ] setting player 3 freeze to 0
[19:58:15.982] [SEVERE ] setting player 4 freeze to 0
[19:58:16.045] [SEVERE ] setting player 1 freeze to 2317
[19:58:16.046] [SEVERE ] setting player 2 freeze to 0
[19:58:16.046] [SEVERE ] setting player 3 freeze to 0
[19:58:16.046] [SEVERE ] setting player 4 freeze to 0
[19:58:16.108] [SEVERE ] setting player 1 freeze to 2254
[19:58:16.108] [SEVERE ] setting player 2 freeze to 0
[19:58:16.108] [SEVERE ] setting player 3 freeze to 0
[19:58:16.109] [SEVERE ] setting player 4 freeze to 0
[19:58:16.109] [SEVERE ] removing player 4 token from slot 5
[19:58:16.171] [SEVERE ] setting player 1 freeze to 2191
[19:58:16.171] [SEVERE ] setting player 2 freeze to 0
[19:58:16.172] [SEVERE ] setting player 3 freeze to 0
[19:58:16.172] [SEVERE ] setting player 4 freeze to 0
[19:58:16.173] [SEVERE ] player 4 placing token on slot 10
[19:58:16.174] [SEVERE ] setting player 1 freeze to 2188
[19:58:16.174] [SEVERE ] setting player 2 freeze to 0
[19:58:16.174] [SEVERE ] setting player 3 freeze to 0
[19:58:16.174] [SEVERE ] setting player 4 freeze to 3000
[19:58:16.234] [SEVERE ] setting player 1 freeze to 2128
[19:58:16.234] [SEVERE ] setting player 2 freeze to 0
[19:58:16.234] [SEVERE ] setting player 3 freeze to 0
[19:58:16.234] [SEVERE ] setting player 4 freeze to 2940
[19:58:16.295] [SEVERE ] setting player 1 freeze to 2067
[19:58:16.295] [SEVERE ] setting player 2 freeze to 0
[19:58:16.295] [SEVERE ] setting player 3 freeze to 0
[19:58:16.295] [SEVERE ] setting player 4 freeze to 2879
[19:58:16.358] [SEVERE ] setting player 1 freeze to 2004
[19:58:16.358] [SEVERE ] setting player 2 freeze to 0
[19:58:16.358] [SEVERE ] setting player 3 freeze to 0
[19:58:16.359] [SEVERE ] setting player 4 freeze to 2815
[19:58:16.421] [SEVERE ] setting player 1 freeze to 1941
[19:58:16.421] [SEVERE ] setting player 2 freeze to 0
[19:58:16.421] [SEVERE ] setting player 3 freeze to 0
[19:58:16.421] [SEVERE ] setting player 4 freeze to 2753
[19:58:16.484] [SEVERE ] setting player 1 freeze to 1878
[19:58:16.484] [SEVERE ] setting player 2 freeze to 0
[19:58:16.484] [SEVERE ] setting player 3 freeze to 0
[19:58:16.484] [SEVERE ] setting player 4 freeze to 2690
[19:58:16.547] [SEVERE ] setting player 1 freeze to 1815
[19:58:16.547] [SEVERE ] setting player 2 freeze to 0
[19:58:16.547] [SEVERE ] setting player 3 freeze to 0
[19:58:16.547] [SEVERE ] setting player 4 freeze to 2627
[19:58:16.609] [SEVERE ] setting player 1 freeze to 1753
[19:58:16.609] [SEVERE ] setting player 2 freeze to 0
[19:58:16.610] [SEVERE ] setting player 3 freeze to 0
[19:58:16.610] [SEVERE ] setting player 4 freeze to 2564
[19:58:16.672] [SEVERE ] setting player 1 freeze to 1690
[19:58:16.672] [SEVERE ] setting player 2 freeze to 0
[19:58:16.672] [SEVERE ] setting player 3 freeze to 0
[19:58:16.672] [SEVERE ] setting player 4 freeze to 2502
[19:58:16.672] [SEVERE ] removing player 3 token from slot 0
[19:58:16.735] [SEVERE ] setting player 1 freeze to 1627
[19:58:16.735] [SEVERE ] setting player 2 freeze to 0
[19:58:16.735] [SEVERE ] setting player 3 freeze to 0
[19:58:16.736] [SEVERE ] setting player 4 freeze to 2438
[19:58:16.736] [SEVERE ] player 3 placing token on slot 4
[19:58:16.736] [SEVERE ] setting player 1 freeze to 1626
[19:58:16.736] [SEVERE ] setting player 2 freeze to 0
[19:58:16.736] [SEVERE ] setting player 3 freeze to 3000
[19:58:16.736] [SEVERE ] setting player 4 freeze to 2438
[19:58:16.797] [SEVERE ] setting player 1 freeze to 1565
[19:58:16.797] [SEVERE ] setting player 2 freeze to 0
[19:58:16.797] [SEVERE ] setting player 3 freeze to 2939
[19:58:16.797] [SEVERE ] setting player 4 freeze to 2377
[19:58:16.860] [SEVERE ] setting player 1 freeze to 1502
[19:58:16.860] [SEVERE ] setting player 2 freeze to 0
[19:58:16.861] [SEVERE ] setting player 3 freeze to 2875
[19:58:16.861] [SEVERE ] setting player 4 freeze to 2313
[19:58:16.891] [SEVERE ] exit button pressed
[19:58:16.891] [SEVERE ] thanks for playing... it was fun!
[19:58:16.891] [INFO   ] thread main terminated.
