[16:01:29.702] [INFO   ] thread main starting.
[16:01:29.714] [SEVERE ] cannot read configuration file config.properties trying from resources.
[16:01:29.717] [SEVERE ] configuration file was loaded from resources directory.
[16:01:30.629] [INFO   ] thread dealer starting.
[16:01:30.630] [INFO   ] Thread dealer starting.
[16:01:30.734] [SEVERE ] placing card 0 in slot 6
[16:01:30.843] [SEVERE ] placing card 1 in slot 0
[16:01:30.953] [SEVERE ] placing card 2 in slot 11
[16:01:31.062] [SEVERE ] placing card 3 in slot 2
[16:01:31.172] [SEVERE ] placing card 4 in slot 1
[16:01:31.282] [SEVERE ] placing card 5 in slot 10
[16:01:31.391] [SEVERE ] placing card 6 in slot 5
[16:01:31.502] [SEVERE ] placing card 7 in slot 8
[16:01:31.611] [SEVERE ] placing card 8 in slot 9
[16:01:31.719] [SEVERE ] placing card 9 in slot 3
[16:01:31.828] [SEVERE ] placing card 10 in slot 4
[16:01:31.936] [SEVERE ] placing card 11 in slot 7
[16:01:31.939] [INFO   ] Thread 0 starting.
[16:01:31.940] [INFO   ] Thread 3 starting.
[16:01:31.940] [INFO   ] Thread 2 starting.
[16:01:31.940] [INFO   ] Thread 1 starting.
[16:01:31.944] [INFO   ] Thread computer-3 starting.
[16:01:31.944] [INFO   ] Thread computer-2 starting.
[16:01:31.945] [SEVERE ] player 4 placing token on slot 6
[16:01:31.946] [SEVERE ] player 3 placing token on slot 9
[16:01:32.016] [SEVERE ] updating countdown to 59944
[16:01:32.017] [SEVERE ] setting player 1 freeze to 0
[16:01:32.017] [SEVERE ] setting player 2 freeze to 0
[16:01:32.017] [SEVERE ] setting player 3 freeze to 0
[16:01:32.018] [SEVERE ] setting player 4 freeze to 0
[16:01:32.018] [SEVERE ] player 3 placing token on slot 4
[16:01:32.018] [SEVERE ] player 4 placing token on slot 0
[16:01:32.079] [SEVERE ] updating countdown to 59881
[16:01:32.081] [SEVERE ] setting player 1 freeze to 0
[16:01:32.081] [SEVERE ] setting player 2 freeze to 0
[16:01:32.082] [SEVERE ] setting player 3 freeze to 0
[16:01:32.082] [SEVERE ] setting player 4 freeze to 0
[16:01:32.082] [SEVERE ] player 3 placing token on slot 10
[16:01:32.083] [SEVERE ] player 4 placing token on slot 5
[16:01:32.084] [SEVERE ] updating countdown to 59876
[16:01:32.086] [SEVERE ] setting player 1 freeze to 0
[16:01:32.087] [SEVERE ] setting player 2 freeze to 0
[16:01:32.088] [SEVERE ] setting player 3 freeze to 2998
[16:01:32.089] [SEVERE ] setting player 4 freeze to 0
[16:01:32.157] [SEVERE ] updating countdown to 59803
[16:01:32.159] [SEVERE ] setting player 1 freeze to 0
[16:01:32.159] [SEVERE ] setting player 2 freeze to 0
[16:01:32.160] [SEVERE ] setting player 3 freeze to 2926
[16:01:32.161] [SEVERE ] setting player 4 freeze to 2997
[16:01:32.220] [SEVERE ] updating countdown to 59740
[16:01:32.221] [SEVERE ] setting player 1 freeze to 0
[16:01:32.222] [SEVERE ] setting player 2 freeze to 0
[16:01:32.223] [SEVERE ] setting player 3 freeze to 2863
[16:01:32.224] [SEVERE ] setting player 4 freeze to 2934
[16:01:32.283] [SEVERE ] updating countdown to 59677
[16:01:32.285] [SEVERE ] setting player 1 freeze to 0
[16:01:32.286] [SEVERE ] setting player 2 freeze to 0
[16:01:32.287] [SEVERE ] setting player 3 freeze to 2799
[16:01:32.288] [SEVERE ] setting player 4 freeze to 2870
[16:01:32.345] [SEVERE ] updating countdown to 59615
[16:01:32.347] [SEVERE ] setting player 1 freeze to 0
[16:01:32.348] [SEVERE ] setting player 2 freeze to 0
[16:01:32.349] [SEVERE ] setting player 3 freeze to 2737
[16:01:32.350] [SEVERE ] setting player 4 freeze to 2808
[16:01:32.409] [SEVERE ] updating countdown to 59551
[16:01:32.411] [SEVERE ] setting player 1 freeze to 0
[16:01:32.412] [SEVERE ] setting player 2 freeze to 0
[16:01:32.412] [SEVERE ] setting player 3 freeze to 2674
[16:01:32.413] [SEVERE ] setting player 4 freeze to 2745
[16:01:32.472] [SEVERE ] updating countdown to 59488
[16:01:32.474] [SEVERE ] setting player 1 freeze to 0
[16:01:32.475] [SEVERE ] setting player 2 freeze to 0
[16:01:32.476] [SEVERE ] setting player 3 freeze to 2610
[16:01:32.477] [SEVERE ] setting player 4 freeze to 2681
[16:01:32.535] [SEVERE ] updating countdown to 59425
[16:01:32.537] [SEVERE ] setting player 1 freeze to 0
[16:01:32.537] [SEVERE ] setting player 2 freeze to 0
[16:01:32.538] [SEVERE ] setting player 3 freeze to 2548
[16:01:32.539] [SEVERE ] setting player 4 freeze to 2619
[16:01:32.597] [SEVERE ] updating countdown to 59363
[16:01:32.598] [SEVERE ] setting player 1 freeze to 0
[16:01:32.599] [SEVERE ] setting player 2 freeze to 0
[16:01:32.599] [SEVERE ] setting player 3 freeze to 2487
[16:01:32.600] [SEVERE ] setting player 4 freeze to 2558
[16:01:32.644] [SEVERE ] exit button pressed
[16:01:32.645] [SEVERE ] thanks for playing... it was fun!
[16:01:32.645] [INFO   ] thread main terminated.
