[16:15:38.674] [INFO   ] thread main starting.
[16:15:38.688] [SEVERE ] cannot read configuration file config.properties trying from resources.
[16:15:38.692] [SEVERE ] configuration file was loaded from resources directory.
[16:15:39.522] [INFO   ] thread dealer starting.
[16:15:39.524] [INFO   ] Thread dealer starting.
[16:15:39.527] [SEVERE ] placing card 0 in slot 5
[16:15:39.536] [SEVERE ] placing card 1 in slot 11
[16:15:39.538] [SEVERE ] placing card 2 in slot 10
[16:15:39.541] [SEVERE ] placing card 3 in slot 3
[16:15:39.543] [SEVERE ] placing card 4 in slot 0
[16:15:39.545] [SEVERE ] placing card 5 in slot 6
[16:15:39.580] [SEVERE ] placing card 6 in slot 8
[16:15:39.582] [SEVERE ] placing card 7 in slot 4
[16:15:39.584] [SEVERE ] placing card 8 in slot 2
[16:15:39.586] [SEVERE ] placing card 9 in slot 7
[16:15:39.588] [SEVERE ] placing card 10 in slot 1
[16:15:39.596] [SEVERE ] placing card 11 in slot 9
[16:15:39.602] [INFO   ] Thread 0 starting.
[16:15:39.602] [INFO   ] Thread 1 starting.
[16:15:39.611] [INFO   ] Thread 3 starting.
[16:15:39.611] [INFO   ] Thread 2 starting.
[16:15:39.613] [INFO   ] Thread computer-3 starting.
[16:15:39.613] [INFO   ] Thread computer-2 starting.
[16:15:39.615] [SEVERE ] player 4 placing token on slot 1
[16:15:39.616] [SEVERE ] player 3 placing token on slot 9
[16:15:39.677] [SEVERE ] updating countdown to 9935
[16:15:39.678] [SEVERE ] setting player 1 freeze to 0
[16:15:39.678] [SEVERE ] setting player 2 freeze to 0
[16:15:39.679] [SEVERE ] setting player 3 freeze to 0
[16:15:39.679] [SEVERE ] setting player 4 freeze to 0
[16:15:39.679] [SEVERE ] player 3 placing token on slot 8
[16:15:39.680] [SEVERE ] player 4 placing token on slot 10
[16:15:39.740] [SEVERE ] updating countdown to 9872
[16:15:39.741] [SEVERE ] setting player 1 freeze to 0
[16:15:39.741] [SEVERE ] setting player 2 freeze to 0
[16:15:39.741] [SEVERE ] setting player 3 freeze to 0
[16:15:39.742] [SEVERE ] setting player 4 freeze to 0
[16:15:39.742] [SEVERE ] player 3 placing token on slot 10
[16:15:39.742] [SEVERE ] player 4 placing token on slot 4
[16:15:39.743] [SEVERE ] updating countdown to 9869
[16:15:39.744] [SEVERE ] setting player 1 freeze to 0
[16:15:39.745] [SEVERE ] setting player 2 freeze to 0
[16:15:39.745] [SEVERE ] setting player 3 freeze to 2999
[16:15:39.746] [SEVERE ] setting player 4 freeze to 0
[16:15:39.804] [SEVERE ] updating countdown to 9808
[16:15:39.804] [SEVERE ] setting player 1 freeze to 0
[16:15:39.805] [SEVERE ] setting player 2 freeze to 0
[16:15:39.805] [SEVERE ] setting player 3 freeze to 2939
[16:15:39.805] [SEVERE ] setting player 4 freeze to 2999
[16:15:39.867] [SEVERE ] updating countdown to 9745
[16:15:39.867] [SEVERE ] setting player 1 freeze to 0
[16:15:39.868] [SEVERE ] setting player 2 freeze to 0
[16:15:39.868] [SEVERE ] setting player 3 freeze to 2876
[16:15:39.869] [SEVERE ] setting player 4 freeze to 2935
[16:15:39.929] [SEVERE ] updating countdown to 9683
[16:15:39.930] [SEVERE ] setting player 1 freeze to 0
[16:15:39.930] [SEVERE ] setting player 2 freeze to 0
[16:15:39.930] [SEVERE ] setting player 3 freeze to 2814
[16:15:39.931] [SEVERE ] setting player 4 freeze to 2873
[16:15:39.993] [SEVERE ] updating countdown to 9619
[16:15:39.993] [SEVERE ] setting player 1 freeze to 0
[16:15:39.993] [SEVERE ] setting player 2 freeze to 0
[16:15:39.994] [SEVERE ] setting player 3 freeze to 2750
[16:15:39.994] [SEVERE ] setting player 4 freeze to 2810
[16:15:40.056] [SEVERE ] updating countdown to 9556
[16:15:40.056] [SEVERE ] setting player 1 freeze to 0
[16:15:40.056] [SEVERE ] setting player 2 freeze to 0
[16:15:40.057] [SEVERE ] setting player 3 freeze to 2687
[16:15:40.057] [SEVERE ] setting player 4 freeze to 2747
[16:15:40.118] [SEVERE ] updating countdown to 9494
[16:15:40.118] [SEVERE ] setting player 1 freeze to 0
[16:15:40.118] [SEVERE ] setting player 2 freeze to 0
[16:15:40.119] [SEVERE ] setting player 3 freeze to 2625
[16:15:40.119] [SEVERE ] setting player 4 freeze to 2685
[16:15:40.181] [SEVERE ] updating countdown to 9431
[16:15:40.182] [SEVERE ] setting player 1 freeze to 0
[16:15:40.182] [SEVERE ] setting player 2 freeze to 0
[16:15:40.183] [SEVERE ] setting player 3 freeze to 2561
[16:15:40.183] [SEVERE ] setting player 4 freeze to 2621
[16:15:40.245] [SEVERE ] updating countdown to 9367
[16:15:40.246] [SEVERE ] setting player 1 freeze to 0
[16:15:40.247] [SEVERE ] setting player 2 freeze to 0
[16:15:40.247] [SEVERE ] setting player 3 freeze to 2497
[16:15:40.247] [SEVERE ] setting player 4 freeze to 2557
[16:15:40.308] [SEVERE ] updating countdown to 9304
[16:15:40.309] [SEVERE ] setting player 1 freeze to 0
[16:15:40.309] [SEVERE ] setting player 2 freeze to 0
[16:15:40.310] [SEVERE ] setting player 3 freeze to 2434
[16:15:40.310] [SEVERE ] setting player 4 freeze to 2494
[16:15:40.371] [SEVERE ] updating countdown to 9241
[16:15:40.372] [SEVERE ] setting player 1 freeze to 0
[16:15:40.372] [SEVERE ] setting player 2 freeze to 0
[16:15:40.373] [SEVERE ] setting player 3 freeze to 2371
[16:15:40.373] [SEVERE ] setting player 4 freeze to 2431
[16:15:40.434] [SEVERE ] updating countdown to 9178
[16:15:40.435] [SEVERE ] setting player 1 freeze to 0
[16:15:40.436] [SEVERE ] setting player 2 freeze to 0
[16:15:40.436] [SEVERE ] setting player 3 freeze to 2308
[16:15:40.437] [SEVERE ] setting player 4 freeze to 2367
[16:15:40.498] [SEVERE ] updating countdown to 9114
[16:15:40.499] [SEVERE ] setting player 1 freeze to 0
[16:15:40.499] [SEVERE ] setting player 2 freeze to 0
[16:15:40.500] [SEVERE ] setting player 3 freeze to 2244
[16:15:40.500] [SEVERE ] setting player 4 freeze to 2304
[16:15:40.560] [SEVERE ] updating countdown to 9052
[16:15:40.561] [SEVERE ] setting player 1 freeze to 0
[16:15:40.562] [SEVERE ] setting player 2 freeze to 0
[16:15:40.562] [SEVERE ] setting player 3 freeze to 2182
[16:15:40.562] [SEVERE ] setting player 4 freeze to 2242
[16:15:40.623] [SEVERE ] updating countdown to 8989
[16:15:40.625] [SEVERE ] setting player 1 freeze to 0
[16:15:40.625] [SEVERE ] setting player 2 freeze to 0
[16:15:40.626] [SEVERE ] setting player 3 freeze to 2118
[16:15:40.626] [SEVERE ] setting player 4 freeze to 2178
[16:15:40.687] [SEVERE ] updating countdown to 8925
[16:15:40.688] [SEVERE ] setting player 1 freeze to 0
[16:15:40.689] [SEVERE ] setting player 2 freeze to 0
[16:15:40.689] [SEVERE ] setting player 3 freeze to 2055
[16:15:40.690] [SEVERE ] setting player 4 freeze to 2114
[16:15:40.749] [SEVERE ] updating countdown to 8863
[16:15:40.749] [SEVERE ] setting player 1 freeze to 0
[16:15:40.750] [SEVERE ] setting player 2 freeze to 0
[16:15:40.750] [SEVERE ] setting player 3 freeze to 1994
[16:15:40.750] [SEVERE ] setting player 4 freeze to 2054
[16:15:40.812] [SEVERE ] updating countdown to 8800
[16:15:40.813] [SEVERE ] setting player 1 freeze to 0
[16:15:40.813] [SEVERE ] setting player 2 freeze to 0
[16:15:40.814] [SEVERE ] setting player 3 freeze to 1930
[16:15:40.814] [SEVERE ] setting player 4 freeze to 1990
[16:15:40.876] [SEVERE ] updating countdown to 8736
[16:15:40.877] [SEVERE ] setting player 1 freeze to 0
[16:15:40.878] [SEVERE ] setting player 2 freeze to 0
[16:15:40.879] [SEVERE ] setting player 3 freeze to 1865
[16:15:40.879] [SEVERE ] setting player 4 freeze to 1925
[16:15:40.938] [SEVERE ] updating countdown to 8674
[16:15:40.939] [SEVERE ] setting player 1 freeze to 0
[16:15:40.940] [SEVERE ] setting player 2 freeze to 0
[16:15:40.940] [SEVERE ] setting player 3 freeze to 1804
[16:15:40.941] [SEVERE ] setting player 4 freeze to 1863
[16:15:41.002] [SEVERE ] updating countdown to 8610
[16:15:41.003] [SEVERE ] setting player 1 freeze to 0
[16:15:41.004] [SEVERE ] setting player 2 freeze to 0
[16:15:41.004] [SEVERE ] setting player 3 freeze to 1740
[16:15:41.005] [SEVERE ] setting player 4 freeze to 1799
[16:15:41.066] [SEVERE ] updating countdown to 8546
[16:15:41.067] [SEVERE ] setting player 1 freeze to 0
[16:15:41.068] [SEVERE ] setting player 2 freeze to 0
[16:15:41.068] [SEVERE ] setting player 3 freeze to 1676
[16:15:41.069] [SEVERE ] setting player 4 freeze to 1735
[16:15:41.129] [SEVERE ] updating countdown to 8483
[16:15:41.130] [SEVERE ] setting player 1 freeze to 0
[16:15:41.131] [SEVERE ] setting player 2 freeze to 0
[16:15:41.131] [SEVERE ] setting player 3 freeze to 1613
[16:15:41.132] [SEVERE ] setting player 4 freeze to 1672
[16:15:41.193] [SEVERE ] updating countdown to 8419
[16:15:41.194] [SEVERE ] setting player 1 freeze to 0
[16:15:41.194] [SEVERE ] setting player 2 freeze to 0
[16:15:41.195] [SEVERE ] setting player 3 freeze to 1549
[16:15:41.196] [SEVERE ] setting player 4 freeze to 1608
[16:15:41.256] [SEVERE ] updating countdown to 8356
[16:15:41.257] [SEVERE ] setting player 1 freeze to 0
[16:15:41.258] [SEVERE ] setting player 2 freeze to 0
[16:15:41.258] [SEVERE ] setting player 3 freeze to 1486
[16:15:41.259] [SEVERE ] setting player 4 freeze to 1545
[16:15:41.318] [SEVERE ] updating countdown to 8294
[16:15:41.319] [SEVERE ] setting player 1 freeze to 0
[16:15:41.319] [SEVERE ] setting player 2 freeze to 0
[16:15:41.320] [SEVERE ] setting player 3 freeze to 1424
[16:15:41.320] [SEVERE ] setting player 4 freeze to 1484
[16:15:41.381] [SEVERE ] updating countdown to 8231
[16:15:41.382] [SEVERE ] setting player 1 freeze to 0
[16:15:41.383] [SEVERE ] setting player 2 freeze to 0
[16:15:41.383] [SEVERE ] setting player 3 freeze to 1361
[16:15:41.384] [SEVERE ] setting player 4 freeze to 1420
[16:15:41.445] [SEVERE ] updating countdown to 8167
[16:15:41.446] [SEVERE ] setting player 1 freeze to 0
[16:15:41.446] [SEVERE ] setting player 2 freeze to 0
[16:15:41.447] [SEVERE ] setting player 3 freeze to 1297
[16:15:41.448] [SEVERE ] setting player 4 freeze to 1356
[16:15:41.508] [SEVERE ] updating countdown to 8104
[16:15:41.509] [SEVERE ] setting player 1 freeze to 0
[16:15:41.510] [SEVERE ] setting player 2 freeze to 0
[16:15:41.510] [SEVERE ] setting player 3 freeze to 1234
[16:15:41.511] [SEVERE ] setting player 4 freeze to 1293
[16:15:41.572] [SEVERE ] updating countdown to 8040
[16:15:41.572] [SEVERE ] setting player 1 freeze to 0
[16:15:41.572] [SEVERE ] setting player 2 freeze to 0
[16:15:41.572] [SEVERE ] setting player 3 freeze to 1172
[16:15:41.572] [SEVERE ] setting player 4 freeze to 1232
[16:15:41.635] [SEVERE ] updating countdown to 7977
[16:15:41.635] [SEVERE ] setting player 1 freeze to 0
[16:15:41.635] [SEVERE ] setting player 2 freeze to 0
[16:15:41.636] [SEVERE ] setting player 3 freeze to 1108
[16:15:41.636] [SEVERE ] setting player 4 freeze to 1168
[16:15:41.698] [SEVERE ] updating countdown to 7914
[16:15:41.698] [SEVERE ] setting player 1 freeze to 0
[16:15:41.699] [SEVERE ] setting player 2 freeze to 0
[16:15:41.699] [SEVERE ] setting player 3 freeze to 1045
[16:15:41.699] [SEVERE ] setting player 4 freeze to 1105
[16:15:41.759] [SEVERE ] updating countdown to 7853
[16:15:41.760] [SEVERE ] setting player 1 freeze to 0
[16:15:41.760] [SEVERE ] setting player 2 freeze to 0
[16:15:41.761] [SEVERE ] setting player 3 freeze to 983
[16:15:41.761] [SEVERE ] setting player 4 freeze to 1043
[16:15:41.822] [SEVERE ] updating countdown to 7790
[16:15:41.822] [SEVERE ] setting player 1 freeze to 0
[16:15:41.822] [SEVERE ] setting player 2 freeze to 0
[16:15:41.822] [SEVERE ] setting player 3 freeze to 922
[16:15:41.822] [SEVERE ] setting player 4 freeze to 982
[16:15:41.886] [SEVERE ] updating countdown to 7726
[16:15:41.886] [SEVERE ] setting player 1 freeze to 0
[16:15:41.886] [SEVERE ] setting player 2 freeze to 0
[16:15:41.886] [SEVERE ] setting player 3 freeze to 858
[16:15:41.886] [SEVERE ] setting player 4 freeze to 918
[16:15:41.949] [SEVERE ] updating countdown to 7663
[16:15:41.949] [SEVERE ] setting player 1 freeze to 0
[16:15:41.950] [SEVERE ] setting player 2 freeze to 0
[16:15:41.950] [SEVERE ] setting player 3 freeze to 794
[16:15:41.950] [SEVERE ] setting player 4 freeze to 854
[16:15:42.013] [SEVERE ] updating countdown to 7599
[16:15:42.013] [SEVERE ] setting player 1 freeze to 0
[16:15:42.013] [SEVERE ] setting player 2 freeze to 0
[16:15:42.013] [SEVERE ] setting player 3 freeze to 731
[16:15:42.013] [SEVERE ] setting player 4 freeze to 791
[16:15:42.077] [SEVERE ] updating countdown to 7535
[16:15:42.077] [SEVERE ] setting player 1 freeze to 0
[16:15:42.077] [SEVERE ] setting player 2 freeze to 0
[16:15:42.077] [SEVERE ] setting player 3 freeze to 667
[16:15:42.078] [SEVERE ] setting player 4 freeze to 726
[16:15:42.140] [SEVERE ] updating countdown to 7472
[16:15:42.140] [SEVERE ] setting player 1 freeze to 0
[16:15:42.140] [SEVERE ] setting player 2 freeze to 0
[16:15:42.140] [SEVERE ] setting player 3 freeze to 604
[16:15:42.142] [SEVERE ] setting player 4 freeze to 662
[16:15:42.205] [SEVERE ] updating countdown to 7407
[16:15:42.206] [SEVERE ] setting player 1 freeze to 0
[16:15:42.206] [SEVERE ] setting player 2 freeze to 0
[16:15:42.206] [SEVERE ] setting player 3 freeze to 538
[16:15:42.207] [SEVERE ] setting player 4 freeze to 597
[16:15:42.266] [SEVERE ] updating countdown to 7346
[16:15:42.266] [SEVERE ] setting player 1 freeze to 0
[16:15:42.267] [SEVERE ] setting player 2 freeze to 0
[16:15:42.267] [SEVERE ] setting player 3 freeze to 477
[16:15:42.267] [SEVERE ] setting player 4 freeze to 537
[16:15:42.330] [SEVERE ] updating countdown to 7282
[16:15:42.330] [SEVERE ] setting player 1 freeze to 0
[16:15:42.330] [SEVERE ] setting player 2 freeze to 0
[16:15:42.331] [SEVERE ] setting player 3 freeze to 413
[16:15:42.331] [SEVERE ] setting player 4 freeze to 473
[16:15:42.392] [SEVERE ] updating countdown to 7220
[16:15:42.393] [SEVERE ] setting player 1 freeze to 0
[16:15:42.393] [SEVERE ] setting player 2 freeze to 0
[16:15:42.393] [SEVERE ] setting player 3 freeze to 351
[16:15:42.394] [SEVERE ] setting player 4 freeze to 410
[16:15:42.455] [SEVERE ] updating countdown to 7157
[16:15:42.455] [SEVERE ] setting player 1 freeze to 0
[16:15:42.456] [SEVERE ] setting player 2 freeze to 0
[16:15:42.456] [SEVERE ] setting player 3 freeze to 288
[16:15:42.456] [SEVERE ] setting player 4 freeze to 348
[16:15:42.517] [SEVERE ] updating countdown to 7095
[16:15:42.517] [SEVERE ] setting player 1 freeze to 0
[16:15:42.517] [SEVERE ] setting player 2 freeze to 0
[16:15:42.518] [SEVERE ] setting player 3 freeze to 226
[16:15:42.518] [SEVERE ] setting player 4 freeze to 286
[16:15:42.574] [SEVERE ] exit button pressed
[16:15:42.575] [SEVERE ] thanks for playing... it was fun!
[16:15:42.575] [INFO   ] thread main terminated.
