[13:34:46.706] [INFO   ] thread main starting.
[13:34:46.723] [SEVERE ] cannot read configuration file config.properties trying from resources.
[13:34:46.723] [SEVERE ] configuration file was loaded from resources directory.
[13:34:47.832] [INFO   ] thread dealer starting.
[13:34:47.832] [INFO   ] Thread dealer starting.
[13:34:47.939] [SEVERE ] placing card 0 in slot 9
[13:34:48.057] [SEVERE ] placing card 1 in slot 2
[13:34:48.168] [SEVERE ] placing card 2 in slot 6
[13:34:48.278] [SEVERE ] placing card 3 in slot 8
[13:34:48.387] [SEVERE ] placing card 4 in slot 4
[13:34:48.498] [SEVERE ] placing card 5 in slot 1
[13:34:48.609] [SEVERE ] placing card 6 in slot 3
[13:34:48.719] [SEVERE ] placing card 7 in slot 5
[13:34:48.830] [SEVERE ] placing card 8 in slot 10
[13:34:48.940] [SEVERE ] placing card 9 in slot 7
[13:34:49.050] [SEVERE ] placing card 10 in slot 11
[13:34:49.160] [SEVERE ] placing card 11 in slot 0
[13:34:49.161] [INFO   ] Thread 0 starting.
[13:34:49.165] [INFO   ] Thread 3 starting.
[13:34:49.164] [INFO   ] Thread 2 starting.
[13:34:49.161] [INFO   ] Thread 1 starting.
[13:34:49.170] [INFO   ] Thread computer-2 starting.
[13:34:49.169] [INFO   ] Thread computer-3 starting.
[13:34:49.172] [SEVERE ] player 3 placing token on slot 8
[13:34:49.174] [SEVERE ] player 4 placing token on slot 9
[13:34:49.395] [SEVERE ] updating countdown to 9785
[13:34:49.397] [SEVERE ] setting player 1 freeze to 0
[13:34:49.397] [SEVERE ] setting player 2 freeze to 0
[13:34:49.397] [SEVERE ] setting player 3 freeze to 0
[13:34:49.397] [SEVERE ] setting player 4 freeze to 0
[13:34:49.397] [SEVERE ] player 3 placing token on slot 2
[13:34:49.403] [SEVERE ] player 4 placing token on slot 8
[13:34:49.625] [SEVERE ] updating countdown to 9555
[13:34:49.625] [SEVERE ] setting player 1 freeze to 0
[13:34:49.627] [SEVERE ] setting player 2 freeze to 0
[13:34:49.628] [SEVERE ] setting player 3 freeze to 0
[13:34:49.628] [SEVERE ] setting player 4 freeze to 0
[13:34:49.628] [SEVERE ] player 3 placing token on slot 5
[13:34:49.630] [SEVERE ] player 4 placing token on slot 3
[13:34:49.632] [SEVERE ] updating countdown to 9548
[13:34:49.635] [SEVERE ] setting player 1 freeze to 0
[13:34:49.635] [SEVERE ] setting player 2 freeze to 0
[13:34:49.637] [SEVERE ] setting player 3 freeze to 3998
[13:34:49.639] [SEVERE ] setting player 4 freeze to 0
[13:34:49.853] [SEVERE ] updating countdown to 9327
[13:34:49.853] [SEVERE ] removing player 3 token from slot 8
[13:34:49.853] [SEVERE ] removing player 4 token from slot 9
[13:34:49.853] [SEVERE ] removing player 4 token from slot 8
[13:34:49.859] [SEVERE ] removing player 4 token from slot 3
[13:34:49.964] [SEVERE ] removing card from slot 9
[13:34:50.074] [SEVERE ] removing card from slot 8
[13:34:50.185] [SEVERE ] removing card from slot 3
[13:34:50.185] [SEVERE ] setting player 4 score to 1
[13:34:50.185] [SEVERE ] updating countdown to 10000
[13:34:50.204] [SEVERE ] exit button pressed
[13:34:50.296] [SEVERE ] placing card 12 in slot 8
[13:34:50.406] [SEVERE ] placing card 13 in slot 3
[13:34:50.516] [SEVERE ] placing card 14 in slot 9
[13:34:50.516] [SEVERE ] setting player 1 freeze to 0
[13:34:50.516] [SEVERE ] setting player 2 freeze to 0
[13:34:50.516] [SEVERE ] setting player 3 freeze to 3119
[13:34:50.516] [SEVERE ] setting player 4 freeze to 1669
[13:34:50.721] [SEVERE ] updating countdown to 9464
[13:34:50.721] [SEVERE ] setting player 1 freeze to 0
[13:34:50.721] [SEVERE ] setting player 2 freeze to 0
[13:34:50.721] [SEVERE ] setting player 3 freeze to 2914
[13:34:50.721] [SEVERE ] setting player 4 freeze to 1464
[13:34:50.925] [SEVERE ] updating countdown to 9260
[13:34:50.925] [SEVERE ] setting player 1 freeze to 0
[13:34:50.928] [SEVERE ] setting player 2 freeze to 0
[13:34:50.928] [SEVERE ] setting player 3 freeze to 2707
[13:34:50.928] [SEVERE ] setting player 4 freeze to 1257
[13:34:51.130] [SEVERE ] updating countdown to 9055
[13:34:51.130] [SEVERE ] setting player 1 freeze to 0
[13:34:51.130] [SEVERE ] setting player 2 freeze to 0
[13:34:51.130] [SEVERE ] setting player 3 freeze to 2505
[13:34:51.130] [SEVERE ] setting player 4 freeze to 1055
[13:34:51.334] [SEVERE ] updating countdown to 8851
[13:34:51.334] [SEVERE ] setting player 1 freeze to 0
[13:34:51.334] [SEVERE ] setting player 2 freeze to 0
[13:34:51.334] [SEVERE ] setting player 3 freeze to 2301
[13:34:51.334] [SEVERE ] setting player 4 freeze to 0
[13:34:51.334] [INFO   ] Thread computer-3 terminated.
[13:34:51.334] [INFO   ] Thread 3 terminated.
[13:34:51.540] [SEVERE ] updating countdown to 8645
[13:34:51.540] [SEVERE ] setting player 1 freeze to 0
[13:34:51.540] [SEVERE ] setting player 2 freeze to 0
[13:34:51.540] [SEVERE ] setting player 3 freeze to 2095
[13:34:51.540] [SEVERE ] setting player 4 freeze to 0
[13:34:51.745] [SEVERE ] updating countdown to 8440
[13:34:51.747] [SEVERE ] setting player 1 freeze to 0
[13:34:51.748] [SEVERE ] setting player 2 freeze to 0
[13:34:51.748] [SEVERE ] setting player 3 freeze to 1887
[13:34:51.749] [SEVERE ] setting player 4 freeze to 0
[13:34:51.967] [SEVERE ] updating countdown to 8218
[13:34:51.969] [SEVERE ] setting player 1 freeze to 0
[13:34:51.969] [SEVERE ] setting player 2 freeze to 0
[13:34:51.969] [SEVERE ] setting player 3 freeze to 1666
[13:34:51.969] [SEVERE ] setting player 4 freeze to 0
[13:34:52.174] [SEVERE ] updating countdown to 8011
[13:34:52.174] [SEVERE ] setting player 1 freeze to 0
[13:34:52.174] [SEVERE ] setting player 2 freeze to 0
[13:34:52.174] [SEVERE ] setting player 3 freeze to 1461
[13:34:52.174] [SEVERE ] setting player 4 freeze to 0
[13:34:52.380] [SEVERE ] updating countdown to 7805
[13:34:52.380] [SEVERE ] setting player 1 freeze to 0
[13:34:52.380] [SEVERE ] setting player 2 freeze to 0
[13:34:52.380] [SEVERE ] setting player 3 freeze to 1255
[13:34:52.380] [SEVERE ] setting player 4 freeze to 0
[13:34:52.585] [SEVERE ] updating countdown to 7600
[13:34:52.585] [SEVERE ] setting player 1 freeze to 0
[13:34:52.585] [SEVERE ] setting player 2 freeze to 0
[13:34:52.585] [SEVERE ] setting player 3 freeze to 1050
[13:34:52.585] [SEVERE ] setting player 4 freeze to 0
[13:34:52.791] [SEVERE ] updating countdown to 7394
[13:34:52.791] [SEVERE ] setting player 1 freeze to 0
[13:34:52.791] [SEVERE ] setting player 2 freeze to 0
[13:34:52.791] [SEVERE ] setting player 3 freeze to 0
[13:34:52.791] [SEVERE ] setting player 4 freeze to 0
[13:34:52.791] [INFO   ] Thread computer-2 terminated.
[13:34:52.796] [INFO   ] Thread 2 terminated.
[13:34:52.796] [INFO   ] Thread 1 terminated.
[13:34:52.799] [INFO   ] Thread 0 terminated.
[13:34:52.799] [SEVERE ] thanks for playing... it was fun!
[13:34:52.799] [INFO   ] thread main terminated.
