[16:55:54.402] [INFO   ] thread main starting.
[16:55:54.415] [SEVERE ] cannot read configuration file config.properties trying from resources.
[16:55:54.422] [SEVERE ] configuration file was loaded from resources directory.
[16:55:55.356] [INFO   ] thread dealer starting.
[16:55:55.356] [INFO   ] Thread dealer starting.
[16:55:55.465] [SEVERE ] placing card 0 in slot 11
[16:55:55.576] [SEVERE ] placing card 1 in slot 0
[16:55:55.687] [SEVERE ] placing card 2 in slot 8
[16:55:55.797] [SEVERE ] placing card 3 in slot 4
[16:55:55.908] [SEVERE ] placing card 4 in slot 1
[16:55:56.019] [SEVERE ] placing card 5 in slot 6
[16:55:56.130] [SEVERE ] placing card 6 in slot 3
[16:55:56.240] [SEVERE ] placing card 7 in slot 2
[16:55:56.352] [SEVERE ] placing card 8 in slot 7
[16:55:56.464] [SEVERE ] placing card 9 in slot 5
[16:55:56.574] [SEVERE ] placing card 10 in slot 10
[16:55:56.686] [SEVERE ] placing card 11 in slot 9
[16:55:56.686] [INFO   ] Thread 0 starting.
[16:55:56.686] [INFO   ] Thread 1 starting.
[16:55:56.898] [SEVERE ] updating countdown to 9794
[16:55:56.898] [SEVERE ] setting player 1 freeze to 0
[16:55:56.898] [SEVERE ] setting player 2 freeze to 0
[16:55:57.104] [SEVERE ] updating countdown to 9588
[16:55:57.104] [SEVERE ] setting player 1 freeze to 0
[16:55:57.104] [SEVERE ] setting player 2 freeze to 0
[16:55:57.311] [SEVERE ] updating countdown to 9381
[16:55:57.311] [SEVERE ] setting player 1 freeze to 0
[16:55:57.311] [SEVERE ] setting player 2 freeze to 0
[16:55:57.358] [SEVERE ] key 81 was pressed by player 1
[16:55:57.358] [SEVERE ] player 1 placing token on slot 0
[16:55:57.416] [SEVERE ] key 87 was pressed by player 1
[16:55:57.416] [SEVERE ] player 1 placing token on slot 1
[16:55:57.516] [SEVERE ] updating countdown to 9176
[16:55:57.517] [SEVERE ] setting player 1 freeze to 0
[16:55:57.519] [SEVERE ] setting player 2 freeze to 0
[16:55:57.526] [SEVERE ] key 69 was pressed by player 1
[16:55:57.526] [SEVERE ] player 1 placing token on slot 2
[16:55:57.526] [SEVERE ] updating countdown to 9166
[16:55:57.532] [SEVERE ] removing player 1 token from slot 0
[16:55:57.532] [SEVERE ] removing player 1 token from slot 1
[16:55:57.532] [SEVERE ] removing player 1 token from slot 2
[16:55:57.643] [SEVERE ] removing card from slot 0
[16:55:57.755] [SEVERE ] removing card from slot 1
[16:55:57.866] [SEVERE ] removing card from slot 2
[16:55:57.866] [SEVERE ] setting player 1 score to 1
[16:55:57.866] [SEVERE ] updating countdown to 10000
[16:55:57.977] [SEVERE ] placing card 12 in slot 2
[16:55:58.089] [SEVERE ] placing card 13 in slot 1
[16:55:58.200] [SEVERE ] placing card 14 in slot 0
[16:55:58.200] [SEVERE ] setting player 1 freeze to 0
[16:55:58.200] [SEVERE ] setting player 2 freeze to 0
[16:55:58.336] [SEVERE ] key 81 was pressed by player 1
[16:55:58.336] [SEVERE ] player 1 placing token on slot 0
[16:55:58.407] [SEVERE ] updating countdown to 9459
[16:55:58.407] [SEVERE ] setting player 1 freeze to 0
[16:55:58.407] [SEVERE ] setting player 2 freeze to 0
[16:55:58.414] [SEVERE ] key 87 was pressed by player 1
[16:55:58.414] [SEVERE ] player 1 placing token on slot 1
[16:55:58.467] [SEVERE ] key 69 was pressed by player 1
[16:55:58.467] [SEVERE ] player 1 placing token on slot 2
[16:55:58.467] [SEVERE ] updating countdown to 9399
[16:55:58.471] [SEVERE ] removing player 1 token from slot 0
[16:55:58.471] [SEVERE ] removing player 1 token from slot 1
[16:55:58.475] [SEVERE ] removing player 1 token from slot 2
[16:55:58.582] [SEVERE ] removing card from slot 0
[16:55:58.695] [SEVERE ] removing card from slot 1
[16:55:58.806] [SEVERE ] removing card from slot 2
[16:55:58.806] [SEVERE ] setting player 1 score to 2
[16:55:58.806] [SEVERE ] updating countdown to 10000
[16:55:58.917] [SEVERE ] placing card 15 in slot 1
[16:55:59.028] [SEVERE ] placing card 16 in slot 2
[16:55:59.140] [SEVERE ] placing card 17 in slot 0
[16:55:59.140] [SEVERE ] setting player 1 freeze to 0
[16:55:59.140] [SEVERE ] setting player 2 freeze to 0
[16:55:59.222] [SEVERE ] key 81 was pressed by player 1
[16:55:59.222] [SEVERE ] player 1 placing token on slot 0
[16:55:59.345] [SEVERE ] updating countdown to 9461
[16:55:59.348] [SEVERE ] setting player 1 freeze to 0
[16:55:59.349] [SEVERE ] setting player 2 freeze to 0
[16:55:59.408] [SEVERE ] key 81 was pressed by player 1
[16:55:59.409] [SEVERE ] removing player 1 token from slot 0
[16:55:59.508] [SEVERE ] key 69 was pressed by player 1
[16:55:59.508] [SEVERE ] player 1 placing token on slot 2
[16:55:59.552] [SEVERE ] updating countdown to 9254
[16:55:59.552] [SEVERE ] setting player 1 freeze to 0
[16:55:59.552] [SEVERE ] setting player 2 freeze to 0
[16:55:59.758] [SEVERE ] updating countdown to 9048
[16:55:59.759] [SEVERE ] setting player 1 freeze to 0
[16:55:59.759] [SEVERE ] setting player 2 freeze to 0
[16:55:59.770] [SEVERE ] key 87 was pressed by player 1
[16:55:59.770] [SEVERE ] player 1 placing token on slot 1
[16:55:59.959] [SEVERE ] key 81 was pressed by player 1
[16:55:59.959] [SEVERE ] player 1 placing token on slot 0
[16:55:59.959] [SEVERE ] updating countdown to 8847
[16:55:59.965] [SEVERE ] removing player 1 token from slot 2
[16:55:59.965] [SEVERE ] removing player 1 token from slot 1
[16:55:59.965] [SEVERE ] removing player 1 token from slot 0
[16:56:00.075] [SEVERE ] removing card from slot 2
[16:56:00.187] [SEVERE ] removing card from slot 1
[16:56:00.299] [SEVERE ] removing card from slot 0
[16:56:00.300] [SEVERE ] setting player 1 score to 3
[16:56:00.300] [SEVERE ] updating countdown to 10000
[16:56:00.411] [SEVERE ] placing card 18 in slot 1
[16:56:00.523] [SEVERE ] placing card 19 in slot 0
[16:56:00.633] [SEVERE ] placing card 20 in slot 2
[16:56:00.633] [SEVERE ] setting player 1 freeze to 0
[16:56:00.633] [SEVERE ] setting player 2 freeze to 0
[16:56:00.792] [SEVERE ] key 81 was pressed by player 1
[16:56:00.793] [SEVERE ] player 1 placing token on slot 0
[16:56:00.839] [SEVERE ] updating countdown to 9461
[16:56:00.839] [SEVERE ] setting player 1 freeze to 0
[16:56:00.839] [SEVERE ] setting player 2 freeze to 0
[16:56:00.872] [SEVERE ] key 87 was pressed by player 1
[16:56:00.873] [SEVERE ] player 1 placing token on slot 1
[16:56:00.918] [SEVERE ] key 69 was pressed by player 1
[16:56:00.918] [SEVERE ] player 1 placing token on slot 2
[16:56:00.918] [SEVERE ] updating countdown to 9382
[16:56:00.918] [SEVERE ] removing player 1 token from slot 0
[16:56:00.918] [SEVERE ] removing player 1 token from slot 1
[16:56:00.918] [SEVERE ] removing player 1 token from slot 2
[16:56:01.030] [SEVERE ] removing card from slot 0
[16:56:01.141] [SEVERE ] removing card from slot 1
[16:56:01.252] [SEVERE ] removing card from slot 2
[16:56:01.252] [SEVERE ] setting player 1 score to 4
[16:56:01.252] [SEVERE ] updating countdown to 10000
[16:56:01.364] [SEVERE ] placing card 21 in slot 0
[16:56:01.476] [SEVERE ] placing card 22 in slot 1
[16:56:01.588] [SEVERE ] placing card 23 in slot 2
[16:56:01.589] [SEVERE ] setting player 1 freeze to 0
[16:56:01.590] [SEVERE ] setting player 2 freeze to 0
[16:56:01.620] [SEVERE ] key 81 was pressed by player 1
[16:56:01.620] [SEVERE ] player 1 placing token on slot 0
[16:56:01.711] [SEVERE ] key 87 was pressed by player 1
[16:56:01.713] [SEVERE ] player 1 placing token on slot 1
[16:56:01.763] [SEVERE ] key 69 was pressed by player 1
[16:56:01.764] [SEVERE ] player 1 placing token on slot 2
[16:56:01.765] [SEVERE ] updating countdown to 9487
[16:56:01.767] [SEVERE ] removing player 1 token from slot 0
[16:56:01.767] [SEVERE ] removing player 1 token from slot 1
[16:56:01.767] [SEVERE ] removing player 1 token from slot 2
[16:56:01.876] [SEVERE ] removing card from slot 0
[16:56:01.988] [SEVERE ] removing card from slot 1
[16:56:02.100] [SEVERE ] removing card from slot 2
[16:56:02.100] [SEVERE ] setting player 1 score to 5
[16:56:02.100] [SEVERE ] updating countdown to 10000
[16:56:02.210] [SEVERE ] placing card 24 in slot 2
[16:56:02.321] [SEVERE ] placing card 25 in slot 0
[16:56:02.434] [SEVERE ] placing card 26 in slot 1
[16:56:02.434] [SEVERE ] setting player 1 freeze to 0
[16:56:02.434] [SEVERE ] setting player 2 freeze to 0
[16:56:02.640] [SEVERE ] updating countdown to 9460
[16:56:02.640] [SEVERE ] setting player 1 freeze to 0
[16:56:02.640] [SEVERE ] setting player 2 freeze to 0
[16:56:02.845] [SEVERE ] updating countdown to 9255
[16:56:02.845] [SEVERE ] setting player 1 freeze to 0
[16:56:02.845] [SEVERE ] setting player 2 freeze to 0
[16:56:03.051] [SEVERE ] updating countdown to 9049
[16:56:03.051] [SEVERE ] setting player 1 freeze to 0
[16:56:03.051] [SEVERE ] setting player 2 freeze to 0
[16:56:03.051] [SEVERE ] key 81 was pressed by player 1
[16:56:03.067] [SEVERE ] player 1 placing token on slot 0
[16:56:03.114] [SEVERE ] key 87 was pressed by player 1
[16:56:03.114] [SEVERE ] player 1 placing token on slot 1
[16:56:03.177] [SEVERE ] key 69 was pressed by player 1
[16:56:03.177] [SEVERE ] player 1 placing token on slot 2
[16:56:03.177] [SEVERE ] updating countdown to 8923
[16:56:03.177] [SEVERE ] removing player 1 token from slot 0
[16:56:03.177] [SEVERE ] removing player 1 token from slot 1
[16:56:03.177] [SEVERE ] removing player 1 token from slot 2
[16:56:03.240] [SEVERE ] key 70 was pressed by player 1
[16:56:03.293] [SEVERE ] removing card from slot 0
[16:56:03.404] [SEVERE ] removing card from slot 1
[16:56:03.516] [SEVERE ] removing card from slot 2
[16:56:03.516] [SEVERE ] setting player 1 score to 6
[16:56:03.516] [SEVERE ] updating countdown to 10000
[16:56:03.534] [SEVERE ] key 86 was pressed by player 1
[16:56:03.627] [SEVERE ] placing card 27 in slot 0
[16:56:03.737] [SEVERE ] placing card 28 in slot 2
[16:56:03.849] [SEVERE ] placing card 29 in slot 1
[16:56:03.849] [SEVERE ] setting player 1 freeze to 0
[16:56:03.849] [SEVERE ] setting player 2 freeze to 0
[16:56:04.056] [SEVERE ] updating countdown to 9460
[16:56:04.058] [SEVERE ] setting player 1 freeze to 0
[16:56:04.058] [SEVERE ] setting player 2 freeze to 0
[16:56:04.264] [SEVERE ] updating countdown to 9252
[16:56:04.264] [SEVERE ] setting player 1 freeze to 0
[16:56:04.266] [SEVERE ] setting player 2 freeze to 0
[16:56:04.470] [SEVERE ] updating countdown to 9046
[16:56:04.471] [SEVERE ] setting player 1 freeze to 0
[16:56:04.471] [SEVERE ] setting player 2 freeze to 0
[16:56:04.533] [SEVERE ] key 86 was pressed by player 1
[16:56:04.535] [SEVERE ] player 1 placing token on slot 11
[16:56:04.676] [SEVERE ] updating countdown to 8840
[16:56:04.676] [SEVERE ] setting player 1 freeze to 0
[16:56:04.679] [SEVERE ] setting player 2 freeze to 0
[16:56:04.883] [SEVERE ] updating countdown to 8633
[16:56:04.883] [SEVERE ] setting player 1 freeze to 0
[16:56:04.883] [SEVERE ] setting player 2 freeze to 0
[16:56:05.088] [SEVERE ] updating countdown to 8428
[16:56:05.088] [SEVERE ] setting player 1 freeze to 0
[16:56:05.088] [SEVERE ] setting player 2 freeze to 0
[16:56:05.293] [SEVERE ] updating countdown to 8223
[16:56:05.293] [SEVERE ] setting player 1 freeze to 0
[16:56:05.293] [SEVERE ] setting player 2 freeze to 0
[16:56:05.499] [SEVERE ] updating countdown to 8017
[16:56:05.499] [SEVERE ] setting player 1 freeze to 0
[16:56:05.499] [SEVERE ] setting player 2 freeze to 0
[16:56:05.499] [SEVERE ] key 74 was pressed by player 2
[16:56:05.499] [SEVERE ] player 2 placing token on slot 4
[16:56:05.703] [SEVERE ] updating countdown to 7813
[16:56:05.703] [SEVERE ] setting player 1 freeze to 0
[16:56:05.703] [SEVERE ] setting player 2 freeze to 0
[16:56:05.908] [SEVERE ] updating countdown to 7608
[16:56:05.909] [SEVERE ] setting player 1 freeze to 0
[16:56:05.909] [SEVERE ] setting player 2 freeze to 0
[16:56:06.035] [SEVERE ] key 74 was pressed by player 2
[16:56:06.039] [SEVERE ] removing player 2 token from slot 4
[16:56:06.114] [SEVERE ] updating countdown to 7402
[16:56:06.114] [SEVERE ] setting player 1 freeze to 0
[16:56:06.116] [SEVERE ] setting player 2 freeze to 0
[16:56:06.321] [SEVERE ] updating countdown to 7195
[16:56:06.322] [SEVERE ] setting player 1 freeze to 0
[16:56:06.322] [SEVERE ] setting player 2 freeze to 0
[16:56:06.480] [SEVERE ] key 75 was pressed by player 2
[16:56:06.480] [SEVERE ] player 2 placing token on slot 5
[16:56:06.528] [SEVERE ] updating countdown to 6988
[16:56:06.528] [SEVERE ] setting player 1 freeze to 0
[16:56:06.528] [SEVERE ] setting player 2 freeze to 0
[16:56:06.735] [SEVERE ] updating countdown to 6781
[16:56:06.735] [SEVERE ] setting player 1 freeze to 0
[16:56:06.735] [SEVERE ] setting player 2 freeze to 0
[16:56:06.942] [SEVERE ] updating countdown to 6574
[16:56:06.942] [SEVERE ] setting player 1 freeze to 0
[16:56:06.942] [SEVERE ] setting player 2 freeze to 0
[16:56:07.054] [SEVERE ] key 75 was pressed by player 2
[16:56:07.054] [SEVERE ] removing player 2 token from slot 5
[16:56:07.150] [SEVERE ] updating countdown to 6366
[16:56:07.150] [SEVERE ] setting player 1 freeze to 0
[16:56:07.150] [SEVERE ] setting player 2 freeze to 0
[16:56:07.354] [SEVERE ] updating countdown to 6162
[16:56:07.354] [SEVERE ] setting player 1 freeze to 0
[16:56:07.354] [SEVERE ] setting player 2 freeze to 0
[16:56:07.559] [SEVERE ] updating countdown to 5957
[16:56:07.559] [SEVERE ] setting player 1 freeze to 0
[16:56:07.559] [SEVERE ] setting player 2 freeze to 0
[16:56:07.734] [SEVERE ] key 81 was pressed by player 1
[16:56:07.750] [SEVERE ] player 1 placing token on slot 0
[16:56:07.766] [SEVERE ] updating countdown to 5750
[16:56:07.766] [SEVERE ] setting player 1 freeze to 0
[16:56:07.766] [SEVERE ] setting player 2 freeze to 0
[16:56:07.829] [SEVERE ] key 87 was pressed by player 1
[16:56:07.829] [SEVERE ] player 1 placing token on slot 1
[16:56:07.829] [SEVERE ] updating countdown to 5687
[16:56:07.829] [SEVERE ] setting player 1 freeze to 0
[16:56:07.845] [SEVERE ] setting player 2 freeze to 0
[16:56:07.852] [SEVERE ] key 69 was pressed by player 1
[16:56:08.052] [SEVERE ] updating countdown to 5464
[16:56:08.052] [SEVERE ] setting player 1 freeze to 0
[16:56:08.053] [SEVERE ] setting player 2 freeze to 0
[16:56:08.257] [SEVERE ] updating countdown to 5259
[16:56:08.257] [SEVERE ] setting player 1 freeze to 0
[16:56:08.260] [SEVERE ] setting player 2 freeze to 0
[16:56:08.463] [SEVERE ] updating countdown to 5053
[16:56:08.463] [SEVERE ] setting player 1 freeze to 0
[16:56:08.463] [SEVERE ] setting player 2 freeze to 0
[16:56:08.670] [SEVERE ] setting player 1 freeze to 0
[16:56:08.670] [SEVERE ] setting player 2 freeze to 0
[16:56:08.733] [SEVERE ] setting player 1 freeze to 0
[16:56:08.734] [SEVERE ] setting player 2 freeze to 0
[16:56:08.797] [SEVERE ] setting player 1 freeze to 0
[16:56:08.797] [SEVERE ] setting player 2 freeze to 0
[16:56:08.861] [SEVERE ] setting player 1 freeze to 0
[16:56:08.861] [SEVERE ] setting player 2 freeze to 0
[16:56:08.909] [SEVERE ] key 69 was pressed by player 1
[16:56:08.925] [SEVERE ] setting player 1 freeze to 0
[16:56:08.925] [SEVERE ] setting player 2 freeze to 0
[16:56:08.988] [SEVERE ] setting player 1 freeze to 0
[16:56:08.988] [SEVERE ] setting player 2 freeze to 0
[16:56:09.050] [SEVERE ] setting player 1 freeze to 0
[16:56:09.050] [SEVERE ] setting player 2 freeze to 0
[16:56:09.114] [SEVERE ] setting player 1 freeze to 0
[16:56:09.114] [SEVERE ] setting player 2 freeze to 0
[16:56:09.176] [SEVERE ] setting player 1 freeze to 0
[16:56:09.176] [SEVERE ] setting player 2 freeze to 0
[16:56:09.239] [SEVERE ] setting player 1 freeze to 0
[16:56:09.239] [SEVERE ] setting player 2 freeze to 0
[16:56:09.303] [SEVERE ] setting player 1 freeze to 0
[16:56:09.303] [SEVERE ] setting player 2 freeze to 0
[16:56:09.365] [SEVERE ] setting player 1 freeze to 0
[16:56:09.368] [SEVERE ] setting player 2 freeze to 0
[16:56:09.429] [SEVERE ] setting player 1 freeze to 0
[16:56:09.429] [SEVERE ] setting player 2 freeze to 0
[16:56:09.492] [SEVERE ] setting player 1 freeze to 0
[16:56:09.492] [SEVERE ] setting player 2 freeze to 0
[16:56:09.572] [SEVERE ] setting player 1 freeze to 0
[16:56:09.572] [SEVERE ] setting player 2 freeze to 0
[16:56:09.635] [SEVERE ] setting player 1 freeze to 0
[16:56:09.635] [SEVERE ] setting player 2 freeze to 0
[16:56:09.698] [SEVERE ] setting player 1 freeze to 0
[16:56:09.698] [SEVERE ] setting player 2 freeze to 0
[16:56:09.763] [SEVERE ] setting player 1 freeze to 0
[16:56:09.763] [SEVERE ] setting player 2 freeze to 0
[16:56:09.826] [SEVERE ] setting player 1 freeze to 0
[16:56:09.826] [SEVERE ] setting player 2 freeze to 0
[16:56:09.889] [SEVERE ] setting player 1 freeze to 0
[16:56:09.889] [SEVERE ] setting player 2 freeze to 0
[16:56:09.952] [SEVERE ] setting player 1 freeze to 0
[16:56:09.952] [SEVERE ] setting player 2 freeze to 0
[16:56:09.983] [SEVERE ] key 67 was pressed by player 1
[16:56:10.015] [SEVERE ] setting player 1 freeze to 0
[16:56:10.015] [SEVERE ] setting player 2 freeze to 0
[16:56:10.079] [SEVERE ] setting player 1 freeze to 0
[16:56:10.079] [SEVERE ] setting player 2 freeze to 0
[16:56:10.143] [SEVERE ] setting player 1 freeze to 0
[16:56:10.143] [SEVERE ] setting player 2 freeze to 0
[16:56:10.208] [SEVERE ] setting player 1 freeze to 0
[16:56:10.208] [SEVERE ] setting player 2 freeze to 0
[16:56:10.272] [SEVERE ] setting player 1 freeze to 0
[16:56:10.272] [SEVERE ] setting player 2 freeze to 0
[16:56:10.336] [SEVERE ] setting player 1 freeze to 0
[16:56:10.336] [SEVERE ] setting player 2 freeze to 0
[16:56:10.355] [SEVERE ] key 69 was pressed by player 1
[16:56:10.402] [SEVERE ] setting player 1 freeze to 0
[16:56:10.402] [SEVERE ] setting player 2 freeze to 0
[16:56:10.465] [SEVERE ] setting player 1 freeze to 0
[16:56:10.465] [SEVERE ] setting player 2 freeze to 0
[16:56:10.530] [SEVERE ] setting player 1 freeze to 0
[16:56:10.530] [SEVERE ] setting player 2 freeze to 0
[16:56:10.594] [SEVERE ] setting player 1 freeze to 0
[16:56:10.596] [SEVERE ] setting player 2 freeze to 0
[16:56:10.658] [SEVERE ] setting player 1 freeze to 0
[16:56:10.658] [SEVERE ] setting player 2 freeze to 0
[16:56:10.721] [SEVERE ] setting player 1 freeze to 0
[16:56:10.722] [SEVERE ] setting player 2 freeze to 0
[16:56:10.785] [SEVERE ] setting player 1 freeze to 0
[16:56:10.785] [SEVERE ] setting player 2 freeze to 0
[16:56:10.802] [SEVERE ] key 86 was pressed by player 1
[16:56:10.803] [SEVERE ] removing player 1 token from slot 11
[16:56:10.850] [SEVERE ] setting player 1 freeze to 0
[16:56:10.850] [SEVERE ] setting player 2 freeze to 0
[16:56:10.913] [SEVERE ] setting player 1 freeze to 0
[16:56:10.913] [SEVERE ] setting player 2 freeze to 0
[16:56:10.977] [SEVERE ] setting player 1 freeze to 0
[16:56:10.977] [SEVERE ] setting player 2 freeze to 0
[16:56:11.041] [SEVERE ] setting player 1 freeze to 0
[16:56:11.041] [SEVERE ] setting player 2 freeze to 0
[16:56:11.044] [SEVERE ] key 69 was pressed by player 1
[16:56:11.044] [SEVERE ] player 1 placing token on slot 2
[16:56:11.044] [SEVERE ] removing player 1 token from slot 0
[16:56:11.044] [SEVERE ] removing player 1 token from slot 1
[16:56:11.044] [SEVERE ] removing player 1 token from slot 2
[16:56:11.154] [SEVERE ] removing card from slot 0
[16:56:11.266] [SEVERE ] removing card from slot 1
[16:56:11.378] [SEVERE ] removing card from slot 2
[16:56:11.378] [SEVERE ] setting player 1 score to 7
[16:56:11.378] [SEVERE ] updating countdown to 10000
[16:56:11.489] [SEVERE ] placing card 30 in slot 2
[16:56:11.600] [SEVERE ] placing card 31 in slot 1
[16:56:11.710] [SEVERE ] placing card 32 in slot 0
[16:56:11.710] [SEVERE ] setting player 1 freeze to 0
[16:56:11.710] [SEVERE ] setting player 2 freeze to 0
[16:56:11.916] [SEVERE ] updating countdown to 9462
[16:56:11.916] [SEVERE ] setting player 1 freeze to 0
[16:56:11.916] [SEVERE ] setting player 2 freeze to 0
[16:56:12.122] [SEVERE ] updating countdown to 9256
[16:56:12.122] [SEVERE ] setting player 1 freeze to 0
[16:56:12.122] [SEVERE ] setting player 2 freeze to 0
[16:56:12.297] [SEVERE ] key 81 was pressed by player 1
[16:56:12.297] [SEVERE ] player 1 placing token on slot 0
[16:56:12.328] [SEVERE ] updating countdown to 9050
[16:56:12.328] [SEVERE ] setting player 1 freeze to 0
[16:56:12.328] [SEVERE ] setting player 2 freeze to 0
[16:56:12.376] [SEVERE ] key 87 was pressed by player 1
[16:56:12.376] [SEVERE ] player 1 placing token on slot 1
[16:56:12.423] [SEVERE ] key 69 was pressed by player 1
[16:56:12.423] [SEVERE ] player 1 placing token on slot 2
[16:56:12.423] [SEVERE ] updating countdown to 8955
[16:56:12.423] [SEVERE ] removing player 1 token from slot 0
[16:56:12.423] [SEVERE ] removing player 1 token from slot 1
[16:56:12.423] [SEVERE ] removing player 1 token from slot 2
[16:56:12.534] [SEVERE ] removing card from slot 0
[16:56:12.645] [SEVERE ] removing card from slot 1
[16:56:12.756] [SEVERE ] removing card from slot 2
[16:56:12.756] [SEVERE ] setting player 1 score to 8
[16:56:12.756] [SEVERE ] updating countdown to 10000
[16:56:12.866] [SEVERE ] placing card 33 in slot 1
[16:56:12.978] [SEVERE ] placing card 34 in slot 0
[16:56:13.089] [SEVERE ] placing card 35 in slot 2
[16:56:13.089] [SEVERE ] setting player 1 freeze to 0
[16:56:13.091] [SEVERE ] setting player 2 freeze to 0
[16:56:13.296] [SEVERE ] updating countdown to 9460
[16:56:13.296] [SEVERE ] setting player 1 freeze to 0
[16:56:13.296] [SEVERE ] setting player 2 freeze to 0
[16:56:13.344] [SEVERE ] key 75 was pressed by player 2
[16:56:13.344] [SEVERE ] player 2 placing token on slot 5
[16:56:13.503] [SEVERE ] updating countdown to 9253
[16:56:13.503] [SEVERE ] setting player 1 freeze to 0
[16:56:13.503] [SEVERE ] setting player 2 freeze to 0
[16:56:13.709] [SEVERE ] updating countdown to 9047
[16:56:13.709] [SEVERE ] setting player 1 freeze to 0
[16:56:13.709] [SEVERE ] setting player 2 freeze to 0
[16:56:13.916] [SEVERE ] updating countdown to 8840
[16:56:13.916] [SEVERE ] setting player 1 freeze to 0
[16:56:13.916] [SEVERE ] setting player 2 freeze to 0
[16:56:14.120] [SEVERE ] updating countdown to 8636
[16:56:14.120] [SEVERE ] setting player 1 freeze to 0
[16:56:14.120] [SEVERE ] setting player 2 freeze to 0
[16:56:14.326] [SEVERE ] updating countdown to 8430
[16:56:14.326] [SEVERE ] setting player 1 freeze to 0
[16:56:14.326] [SEVERE ] setting player 2 freeze to 0
[16:56:14.390] [SEVERE ] key 44 was pressed by player 2
[16:56:14.390] [SEVERE ] player 2 placing token on slot 9
[16:56:14.532] [SEVERE ] updating countdown to 8224
[16:56:14.532] [SEVERE ] setting player 1 freeze to 0
[16:56:14.532] [SEVERE ] setting player 2 freeze to 0
[16:56:14.740] [SEVERE ] updating countdown to 8016
[16:56:14.740] [SEVERE ] setting player 1 freeze to 0
[16:56:14.740] [SEVERE ] setting player 2 freeze to 0
[16:56:14.946] [SEVERE ] updating countdown to 7810
[16:56:14.946] [SEVERE ] setting player 1 freeze to 0
[16:56:14.946] [SEVERE ] setting player 2 freeze to 0
[16:56:15.137] [SEVERE ] key 81 was pressed by player 1
[16:56:15.137] [SEVERE ] player 1 placing token on slot 0
[16:56:15.153] [SEVERE ] updating countdown to 7603
[16:56:15.153] [SEVERE ] setting player 1 freeze to 0
[16:56:15.153] [SEVERE ] setting player 2 freeze to 0
[16:56:15.210] [SEVERE ] key 87 was pressed by player 1
[16:56:15.210] [SEVERE ] player 1 placing token on slot 1
[16:56:15.240] [SEVERE ] key 69 was pressed by player 1
[16:56:15.240] [SEVERE ] player 1 placing token on slot 2
[16:56:15.240] [SEVERE ] updating countdown to 7516
[16:56:15.240] [SEVERE ] removing player 1 token from slot 0
[16:56:15.243] [SEVERE ] removing player 1 token from slot 1
[16:56:15.243] [SEVERE ] removing player 1 token from slot 2
[16:56:15.345] [SEVERE ] removing card from slot 0
[16:56:15.371] [SEVERE ] key 46 was pressed by player 2
[16:56:15.371] [SEVERE ] player 2 placing token on slot 10
[16:56:15.456] [SEVERE ] removing card from slot 1
[16:56:15.568] [SEVERE ] removing card from slot 2
[16:56:15.568] [SEVERE ] setting player 1 score to 9
[16:56:15.568] [SEVERE ] updating countdown to 10000
[16:56:15.679] [SEVERE ] placing card 36 in slot 2
[16:56:15.790] [SEVERE ] placing card 37 in slot 0
[16:56:15.901] [SEVERE ] placing card 38 in slot 1
[16:56:15.901] [SEVERE ] setting player 1 freeze to 0
[16:56:15.901] [SEVERE ] setting player 2 freeze to 0
[16:56:16.106] [SEVERE ] updating countdown to 9462
[16:56:16.106] [SEVERE ] removing player 2 token from slot 5
[16:56:16.106] [SEVERE ] removing player 2 token from slot 9
[16:56:16.106] [SEVERE ] removing player 2 token from slot 10
[16:56:16.218] [SEVERE ] removing card from slot 5
[16:56:16.330] [SEVERE ] removing card from slot 9
[16:56:16.443] [SEVERE ] removing card from slot 10
[16:56:16.443] [SEVERE ] setting player 2 score to 1
[16:56:16.443] [SEVERE ] updating countdown to 10000
[16:56:16.554] [SEVERE ] placing card 39 in slot 9
[16:56:16.665] [SEVERE ] placing card 40 in slot 5
[16:56:16.776] [SEVERE ] placing card 41 in slot 10
[16:56:16.776] [SEVERE ] setting player 1 freeze to 0
[16:56:16.776] [SEVERE ] setting player 2 freeze to 0
[16:56:16.982] [SEVERE ] updating countdown to 9461
[16:56:16.982] [SEVERE ] setting player 1 freeze to 0
[16:56:16.982] [SEVERE ] setting player 2 freeze to 0
[16:56:17.188] [SEVERE ] updating countdown to 9255
[16:56:17.188] [SEVERE ] setting player 1 freeze to 0
[16:56:17.188] [SEVERE ] setting player 2 freeze to 0
[16:56:17.393] [SEVERE ] updating countdown to 9050
[16:56:17.393] [SEVERE ] setting player 1 freeze to 0
[16:56:17.395] [SEVERE ] setting player 2 freeze to 0
[16:56:17.600] [SEVERE ] updating countdown to 8843
[16:56:17.600] [SEVERE ] setting player 1 freeze to 0
[16:56:17.600] [SEVERE ] setting player 2 freeze to 0
[16:56:17.808] [SEVERE ] updating countdown to 8635
[16:56:17.808] [SEVERE ] setting player 1 freeze to 0
[16:56:17.808] [SEVERE ] setting player 2 freeze to 0
[16:56:18.015] [SEVERE ] updating countdown to 8428
[16:56:18.015] [SEVERE ] setting player 1 freeze to 0
[16:56:18.015] [SEVERE ] setting player 2 freeze to 0
[16:56:18.223] [SEVERE ] updating countdown to 8220
[16:56:18.223] [SEVERE ] setting player 1 freeze to 0
[16:56:18.223] [SEVERE ] setting player 2 freeze to 0
[16:56:18.430] [SEVERE ] updating countdown to 8013
[16:56:18.430] [SEVERE ] setting player 1 freeze to 0
[16:56:18.430] [SEVERE ] setting player 2 freeze to 0
[16:56:18.636] [SEVERE ] updating countdown to 7807
[16:56:18.636] [SEVERE ] setting player 1 freeze to 0
[16:56:18.636] [SEVERE ] setting player 2 freeze to 0
[16:56:18.841] [SEVERE ] updating countdown to 7602
[16:56:18.841] [SEVERE ] setting player 1 freeze to 0
[16:56:18.841] [SEVERE ] setting player 2 freeze to 0
[16:56:18.983] [SEVERE ] key 81 was pressed by player 1
[16:56:18.983] [SEVERE ] player 1 placing token on slot 0
[16:56:19.047] [SEVERE ] updating countdown to 7396
[16:56:19.047] [SEVERE ] setting player 1 freeze to 0
[16:56:19.047] [SEVERE ] setting player 2 freeze to 0
[16:56:19.109] [SEVERE ] key 87 was pressed by player 1
[16:56:19.109] [SEVERE ] player 1 placing token on slot 1
[16:56:19.253] [SEVERE ] updating countdown to 7190
[16:56:19.253] [SEVERE ] setting player 1 freeze to 0
[16:56:19.253] [SEVERE ] setting player 2 freeze to 0
[16:56:19.458] [SEVERE ] updating countdown to 6985
[16:56:19.458] [SEVERE ] setting player 1 freeze to 0
[16:56:19.460] [SEVERE ] setting player 2 freeze to 0
[16:56:19.666] [SEVERE ] updating countdown to 6777
[16:56:19.666] [SEVERE ] setting player 1 freeze to 0
[16:56:19.666] [SEVERE ] setting player 2 freeze to 0
[16:56:19.873] [SEVERE ] updating countdown to 6570
[16:56:19.873] [SEVERE ] setting player 1 freeze to 0
[16:56:19.873] [SEVERE ] setting player 2 freeze to 0
[16:56:20.081] [SEVERE ] updating countdown to 6362
[16:56:20.081] [SEVERE ] setting player 1 freeze to 0
[16:56:20.081] [SEVERE ] setting player 2 freeze to 0
[16:56:20.254] [SEVERE ] key 75 was pressed by player 2
[16:56:20.254] [SEVERE ] player 2 placing token on slot 5
[16:56:20.285] [SEVERE ] updating countdown to 6158
[16:56:20.285] [SEVERE ] setting player 1 freeze to 0
[16:56:20.285] [SEVERE ] setting player 2 freeze to 0
[16:56:20.489] [SEVERE ] updating countdown to 5954
[16:56:20.489] [SEVERE ] setting player 1 freeze to 0
[16:56:20.489] [SEVERE ] setting player 2 freeze to 0
[16:56:20.617] [SEVERE ] key 44 was pressed by player 2
[16:56:20.624] [SEVERE ] player 2 placing token on slot 9
[16:56:20.695] [SEVERE ] updating countdown to 5748
[16:56:20.695] [SEVERE ] setting player 1 freeze to 0
[16:56:20.695] [SEVERE ] setting player 2 freeze to 0
[16:56:20.901] [SEVERE ] updating countdown to 5542
[16:56:20.901] [SEVERE ] setting player 1 freeze to 0
[16:56:20.901] [SEVERE ] setting player 2 freeze to 0
[16:56:21.107] [SEVERE ] updating countdown to 5336
[16:56:21.107] [SEVERE ] setting player 1 freeze to 0
[16:56:21.107] [SEVERE ] setting player 2 freeze to 0
[16:56:21.314] [SEVERE ] updating countdown to 5129
[16:56:21.314] [SEVERE ] setting player 1 freeze to 0
[16:56:21.314] [SEVERE ] setting player 2 freeze to 0
[16:56:21.522] [SEVERE ] setting player 1 freeze to 0
[16:56:21.522] [SEVERE ] setting player 2 freeze to 0
[16:56:21.586] [SEVERE ] setting player 1 freeze to 0
[16:56:21.586] [SEVERE ] setting player 2 freeze to 0
[16:56:21.650] [SEVERE ] setting player 1 freeze to 0
[16:56:21.650] [SEVERE ] setting player 2 freeze to 0
[16:56:21.714] [SEVERE ] setting player 1 freeze to 0
[16:56:21.714] [SEVERE ] setting player 2 freeze to 0
[16:56:21.778] [SEVERE ] setting player 1 freeze to 0
[16:56:21.779] [SEVERE ] setting player 2 freeze to 0
[16:56:21.794] [SEVERE ] key 46 was pressed by player 2
[16:56:21.794] [SEVERE ] player 2 placing token on slot 10
[16:56:21.794] [SEVERE ] removing player 2 token from slot 5
[16:56:21.794] [SEVERE ] removing player 2 token from slot 9
[16:56:21.810] [SEVERE ] removing player 2 token from slot 10
[16:56:21.922] [SEVERE ] removing card from slot 5
[16:56:21.954] [SEVERE ] key 69 was pressed by player 1
[16:56:21.954] [SEVERE ] player 1 placing token on slot 2
[16:56:22.034] [SEVERE ] removing card from slot 9
[16:56:22.145] [SEVERE ] removing card from slot 10
[16:56:22.145] [SEVERE ] setting player 2 score to 2
[16:56:22.145] [SEVERE ] updating countdown to 10000
[16:56:22.256] [SEVERE ] placing card 42 in slot 5
[16:56:22.367] [SEVERE ] placing card 43 in slot 10
[16:56:22.478] [SEVERE ] placing card 44 in slot 9
[16:56:22.478] [SEVERE ] setting player 1 freeze to 0
[16:56:22.479] [SEVERE ] setting player 2 freeze to 0
[16:56:22.685] [SEVERE ] updating countdown to 9460
[16:56:22.685] [SEVERE ] removing player 1 token from slot 0
[16:56:22.685] [SEVERE ] removing player 1 token from slot 1
[16:56:22.688] [SEVERE ] removing player 1 token from slot 2
[16:56:22.796] [SEVERE ] removing card from slot 0
[16:56:22.908] [SEVERE ] removing card from slot 1
[16:56:23.019] [SEVERE ] removing card from slot 2
[16:56:23.019] [SEVERE ] setting player 1 score to 10
[16:56:23.019] [SEVERE ] updating countdown to 10000
[16:56:23.130] [SEVERE ] placing card 45 in slot 0
[16:56:23.242] [SEVERE ] placing card 46 in slot 1
[16:56:23.353] [SEVERE ] placing card 47 in slot 2
[16:56:23.353] [SEVERE ] setting player 1 freeze to 0
[16:56:23.353] [SEVERE ] setting player 2 freeze to 0
[16:56:23.561] [SEVERE ] updating countdown to 9458
[16:56:23.561] [SEVERE ] setting player 1 freeze to 0
[16:56:23.561] [SEVERE ] setting player 2 freeze to 0
[16:56:23.766] [SEVERE ] updating countdown to 9253
[16:56:23.766] [SEVERE ] setting player 1 freeze to 0
[16:56:23.766] [SEVERE ] setting player 2 freeze to 0
[16:56:23.971] [SEVERE ] updating countdown to 9048
[16:56:23.971] [SEVERE ] setting player 1 freeze to 0
[16:56:23.971] [SEVERE ] setting player 2 freeze to 0
[16:56:24.176] [SEVERE ] updating countdown to 8843
[16:56:24.176] [SEVERE ] setting player 1 freeze to 0
[16:56:24.176] [SEVERE ] setting player 2 freeze to 0
[16:56:24.270] [SEVERE ] key 81 was pressed by player 1
[16:56:24.270] [SEVERE ] player 1 placing token on slot 0
[16:56:24.337] [SEVERE ] key 87 was pressed by player 1
[16:56:24.337] [SEVERE ] player 1 placing token on slot 1
[16:56:24.380] [SEVERE ] updating countdown to 8639
[16:56:24.380] [SEVERE ] setting player 1 freeze to 0
[16:56:24.380] [SEVERE ] setting player 2 freeze to 0
[16:56:24.412] [SEVERE ] key 69 was pressed by player 1
[16:56:24.412] [SEVERE ] player 1 placing token on slot 2
[16:56:24.412] [SEVERE ] updating countdown to 8607
[16:56:24.412] [SEVERE ] removing player 1 token from slot 0
[16:56:24.412] [SEVERE ] removing player 1 token from slot 1
[16:56:24.412] [SEVERE ] removing player 1 token from slot 2
[16:56:24.522] [SEVERE ] removing card from slot 0
[16:56:24.631] [SEVERE ] removing card from slot 1
[16:56:24.741] [SEVERE ] removing card from slot 2
[16:56:24.741] [SEVERE ] setting player 1 score to 11
[16:56:24.741] [SEVERE ] updating countdown to 10000
[16:56:24.852] [SEVERE ] placing card 48 in slot 2
[16:56:24.963] [SEVERE ] placing card 49 in slot 1
[16:56:25.073] [SEVERE ] placing card 50 in slot 0
[16:56:25.073] [SEVERE ] setting player 1 freeze to 0
[16:56:25.073] [SEVERE ] setting player 2 freeze to 0
[16:56:25.278] [SEVERE ] updating countdown to 9463
[16:56:25.278] [SEVERE ] setting player 1 freeze to 0
[16:56:25.278] [SEVERE ] setting player 2 freeze to 0
[16:56:25.484] [SEVERE ] updating countdown to 9257
[16:56:25.484] [SEVERE ] setting player 1 freeze to 0
[16:56:25.484] [SEVERE ] setting player 2 freeze to 0
[16:56:25.689] [SEVERE ] updating countdown to 9052
[16:56:25.689] [SEVERE ] setting player 1 freeze to 0
[16:56:25.689] [SEVERE ] setting player 2 freeze to 0
[16:56:25.879] [SEVERE ] key 75 was pressed by player 2
[16:56:25.879] [SEVERE ] player 2 placing token on slot 5
[16:56:25.895] [SEVERE ] updating countdown to 8846
[16:56:25.895] [SEVERE ] setting player 1 freeze to 0
[16:56:25.895] [SEVERE ] setting player 2 freeze to 0
[16:56:26.101] [SEVERE ] updating countdown to 8640
[16:56:26.101] [SEVERE ] setting player 1 freeze to 0
[16:56:26.101] [SEVERE ] setting player 2 freeze to 0
[16:56:26.308] [SEVERE ] updating countdown to 8433
[16:56:26.308] [SEVERE ] setting player 1 freeze to 0
[16:56:26.308] [SEVERE ] setting player 2 freeze to 0
[16:56:26.478] [SEVERE ] key 44 was pressed by player 2
[16:56:26.478] [SEVERE ] player 2 placing token on slot 9
[16:56:26.514] [SEVERE ] updating countdown to 8227
[16:56:26.514] [SEVERE ] setting player 1 freeze to 0
[16:56:26.515] [SEVERE ] setting player 2 freeze to 0
[16:56:26.721] [SEVERE ] updating countdown to 8020
[16:56:26.721] [SEVERE ] setting player 1 freeze to 0
[16:56:26.721] [SEVERE ] setting player 2 freeze to 0
[16:56:26.928] [SEVERE ] updating countdown to 7813
[16:56:26.928] [SEVERE ] setting player 1 freeze to 0
[16:56:26.928] [SEVERE ] setting player 2 freeze to 0
[16:56:27.134] [SEVERE ] updating countdown to 7607
[16:56:27.134] [SEVERE ] setting player 1 freeze to 0
[16:56:27.136] [SEVERE ] setting player 2 freeze to 0
[16:56:27.339] [SEVERE ] updating countdown to 7402
[16:56:27.339] [SEVERE ] setting player 1 freeze to 0
[16:56:27.339] [SEVERE ] setting player 2 freeze to 0
[16:56:27.421] [SEVERE ] key 81 was pressed by player 1
[16:56:27.421] [SEVERE ] player 1 placing token on slot 0
[16:56:27.544] [SEVERE ] updating countdown to 7197
[16:56:27.544] [SEVERE ] setting player 1 freeze to 0
[16:56:27.544] [SEVERE ] setting player 2 freeze to 0
[16:56:27.560] [SEVERE ] key 87 was pressed by player 1
[16:56:27.560] [SEVERE ] player 1 placing token on slot 1
[16:56:27.751] [SEVERE ] updating countdown to 6990
[16:56:27.751] [SEVERE ] setting player 1 freeze to 0
[16:56:27.751] [SEVERE ] setting player 2 freeze to 0
[16:56:27.956] [SEVERE ] updating countdown to 6785
[16:56:27.956] [SEVERE ] setting player 1 freeze to 0
[16:56:27.956] [SEVERE ] setting player 2 freeze to 0
[16:56:28.163] [SEVERE ] updating countdown to 6578
[16:56:28.163] [SEVERE ] setting player 1 freeze to 0
[16:56:28.163] [SEVERE ] setting player 2 freeze to 0
[16:56:28.368] [SEVERE ] updating countdown to 6373
[16:56:28.368] [SEVERE ] setting player 1 freeze to 0
[16:56:28.368] [SEVERE ] setting player 2 freeze to 0
[16:56:28.575] [SEVERE ] updating countdown to 6166
[16:56:28.575] [SEVERE ] setting player 1 freeze to 0
[16:56:28.575] [SEVERE ] setting player 2 freeze to 0
[16:56:28.701] [SEVERE ] key 46 was pressed by player 2
[16:56:28.701] [SEVERE ] player 2 placing token on slot 10
[16:56:28.717] [SEVERE ] updating countdown to 6024
[16:56:28.717] [SEVERE ] removing player 2 token from slot 5
[16:56:28.717] [SEVERE ] removing player 2 token from slot 9
[16:56:28.717] [SEVERE ] removing player 2 token from slot 10
[16:56:28.733] [SEVERE ] key 69 was pressed by player 1
[16:56:28.733] [SEVERE ] player 1 placing token on slot 2
[16:56:28.828] [SEVERE ] removing card from slot 5
[16:56:28.938] [SEVERE ] removing card from slot 9
[16:56:29.049] [SEVERE ] removing card from slot 10
[16:56:29.049] [SEVERE ] setting player 2 score to 3
[16:56:29.049] [SEVERE ] updating countdown to 10000
[16:56:29.159] [SEVERE ] placing card 51 in slot 9
[16:56:29.269] [SEVERE ] placing card 52 in slot 10
[16:56:29.380] [SEVERE ] placing card 53 in slot 5
[16:56:29.380] [SEVERE ] setting player 1 freeze to 0
[16:56:29.380] [SEVERE ] setting player 2 freeze to 0
[16:56:29.585] [SEVERE ] updating countdown to 9464
[16:56:29.586] [SEVERE ] removing player 1 token from slot 0
[16:56:29.586] [SEVERE ] removing player 1 token from slot 1
[16:56:29.586] [SEVERE ] removing player 1 token from slot 2
[16:56:29.696] [SEVERE ] removing card from slot 0
[16:56:29.805] [SEVERE ] removing card from slot 1
[16:56:29.916] [SEVERE ] removing card from slot 2
[16:56:29.916] [SEVERE ] setting player 1 score to 12
[16:56:29.916] [SEVERE ] updating countdown to 10000
[16:56:30.025] [SEVERE ] placing card 54 in slot 0
[16:56:30.136] [SEVERE ] placing card 55 in slot 1
[16:56:30.247] [SEVERE ] placing card 56 in slot 2
[16:56:30.247] [SEVERE ] setting player 1 freeze to 0
[16:56:30.247] [SEVERE ] setting player 2 freeze to 0
[16:56:30.452] [SEVERE ] updating countdown to 9464
[16:56:30.452] [SEVERE ] setting player 1 freeze to 0
[16:56:30.452] [SEVERE ] setting player 2 freeze to 0
[16:56:30.658] [SEVERE ] updating countdown to 9258
[16:56:30.658] [SEVERE ] setting player 1 freeze to 0
[16:56:30.658] [SEVERE ] setting player 2 freeze to 0
[16:56:30.864] [SEVERE ] updating countdown to 9052
[16:56:30.864] [SEVERE ] setting player 1 freeze to 0
[16:56:30.864] [SEVERE ] setting player 2 freeze to 0
[16:56:31.069] [SEVERE ] updating countdown to 8847
[16:56:31.069] [SEVERE ] setting player 1 freeze to 0
[16:56:31.069] [SEVERE ] setting player 2 freeze to 0
[16:56:31.275] [SEVERE ] updating countdown to 8641
[16:56:31.275] [SEVERE ] setting player 1 freeze to 0
[16:56:31.275] [SEVERE ] setting player 2 freeze to 0
[16:56:31.481] [SEVERE ] updating countdown to 8435
[16:56:31.481] [SEVERE ] setting player 1 freeze to 0
[16:56:31.481] [SEVERE ] setting player 2 freeze to 0
[16:56:31.688] [SEVERE ] updating countdown to 8228
[16:56:31.688] [SEVERE ] setting player 1 freeze to 0
[16:56:31.688] [SEVERE ] setting player 2 freeze to 0
[16:56:31.894] [SEVERE ] updating countdown to 8022
[16:56:31.894] [SEVERE ] setting player 1 freeze to 0
[16:56:31.894] [SEVERE ] setting player 2 freeze to 0
[16:56:32.101] [SEVERE ] updating countdown to 7815
[16:56:32.101] [SEVERE ] setting player 1 freeze to 0
[16:56:32.101] [SEVERE ] setting player 2 freeze to 0
[16:56:32.307] [SEVERE ] updating countdown to 7609
[16:56:32.307] [SEVERE ] setting player 1 freeze to 0
[16:56:32.307] [SEVERE ] setting player 2 freeze to 0
[16:56:32.482] [SEVERE ] key 81 was pressed by player 1
[16:56:32.482] [SEVERE ] player 1 placing token on slot 0
[16:56:32.513] [SEVERE ] updating countdown to 7403
[16:56:32.513] [SEVERE ] setting player 1 freeze to 0
[16:56:32.513] [SEVERE ] setting player 2 freeze to 0
[16:56:32.529] [SEVERE ] key 87 was pressed by player 1
[16:56:32.529] [SEVERE ] player 1 placing token on slot 1
[16:56:32.609] [SEVERE ] key 69 was pressed by player 1
[16:56:32.609] [SEVERE ] player 1 placing token on slot 2
[16:56:32.609] [SEVERE ] updating countdown to 7307
[16:56:32.609] [SEVERE ] removing player 1 token from slot 0
[16:56:32.609] [SEVERE ] removing player 1 token from slot 1
[16:56:32.609] [SEVERE ] removing player 1 token from slot 2
[16:56:32.725] [SEVERE ] removing card from slot 0
[16:56:32.835] [SEVERE ] removing card from slot 1
[16:56:32.945] [SEVERE ] removing card from slot 2
[16:56:32.945] [SEVERE ] setting player 1 score to 13
[16:56:32.945] [SEVERE ] updating countdown to 10000
[16:56:33.056] [SEVERE ] placing card 57 in slot 0
[16:56:33.167] [SEVERE ] placing card 58 in slot 1
[16:56:33.278] [SEVERE ] placing card 59 in slot 2
[16:56:33.278] [SEVERE ] setting player 1 freeze to 0
[16:56:33.278] [SEVERE ] setting player 2 freeze to 0
[16:56:33.483] [SEVERE ] updating countdown to 9462
[16:56:33.483] [SEVERE ] setting player 1 freeze to 0
[16:56:33.483] [SEVERE ] setting player 2 freeze to 0
[16:56:33.690] [SEVERE ] updating countdown to 9255
[16:56:33.690] [SEVERE ] setting player 1 freeze to 0
[16:56:33.690] [SEVERE ] setting player 2 freeze to 0
[16:56:33.752] [SEVERE ] key 81 was pressed by player 1
[16:56:33.752] [SEVERE ] player 1 placing token on slot 0
[16:56:33.830] [SEVERE ] key 87 was pressed by player 1
[16:56:33.830] [SEVERE ] player 1 placing token on slot 1
[16:56:33.879] [SEVERE ] key 69 was pressed by player 1
[16:56:33.879] [SEVERE ] player 1 placing token on slot 2
[16:56:33.879] [SEVERE ] updating countdown to 9066
[16:56:33.879] [SEVERE ] removing player 1 token from slot 0
[16:56:33.894] [SEVERE ] removing player 1 token from slot 1
[16:56:33.894] [SEVERE ] removing player 1 token from slot 2
[16:56:34.006] [SEVERE ] removing card from slot 0
[16:56:34.117] [SEVERE ] removing card from slot 1
[16:56:34.227] [SEVERE ] removing card from slot 2
[16:56:34.227] [SEVERE ] setting player 1 score to 14
[16:56:34.227] [SEVERE ] updating countdown to 10000
[16:56:34.337] [SEVERE ] placing card 60 in slot 1
[16:56:34.446] [SEVERE ] placing card 61 in slot 0
[16:56:34.557] [SEVERE ] placing card 62 in slot 2
[16:56:34.557] [SEVERE ] setting player 1 freeze to 0
[16:56:34.557] [SEVERE ] setting player 2 freeze to 0
[16:56:34.733] [SEVERE ] key 75 was pressed by player 2
[16:56:34.733] [SEVERE ] player 2 placing token on slot 5
[16:56:34.763] [SEVERE ] updating countdown to 9464
[16:56:34.763] [SEVERE ] setting player 1 freeze to 0
[16:56:34.763] [SEVERE ] setting player 2 freeze to 0
[16:56:34.933] [SEVERE ] key 44 was pressed by player 2
[16:56:34.933] [SEVERE ] player 2 placing token on slot 9
[16:56:34.971] [SEVERE ] updating countdown to 9256
[16:56:34.971] [SEVERE ] setting player 1 freeze to 0
[16:56:34.971] [SEVERE ] setting player 2 freeze to 0
[16:56:35.105] [SEVERE ] key 46 was pressed by player 2
[16:56:35.105] [SEVERE ] player 2 placing token on slot 10
[16:56:35.105] [SEVERE ] updating countdown to 9122
[16:56:35.105] [SEVERE ] removing player 2 token from slot 5
[16:56:35.105] [SEVERE ] removing player 2 token from slot 9
[16:56:35.107] [SEVERE ] removing player 2 token from slot 10
[16:56:35.210] [SEVERE ] removing card from slot 5
[16:56:35.321] [SEVERE ] removing card from slot 9
[16:56:35.432] [SEVERE ] removing card from slot 10
[16:56:35.432] [SEVERE ] setting player 2 score to 4
[16:56:35.432] [SEVERE ] updating countdown to 10000
[16:56:35.544] [SEVERE ] placing card 63 in slot 5
[16:56:35.656] [SEVERE ] placing card 64 in slot 9
[16:56:35.766] [SEVERE ] placing card 65 in slot 10
[16:56:35.766] [SEVERE ] setting player 1 freeze to 0
[16:56:35.766] [SEVERE ] setting player 2 freeze to 0
[16:56:35.894] [SEVERE ] key 81 was pressed by player 1
[16:56:35.894] [SEVERE ] player 1 placing token on slot 0
[16:56:35.973] [SEVERE ] updating countdown to 9459
[16:56:35.973] [SEVERE ] setting player 1 freeze to 0
[16:56:35.973] [SEVERE ] setting player 2 freeze to 0
[16:56:35.993] [SEVERE ] key 87 was pressed by player 1
[16:56:35.993] [SEVERE ] player 1 placing token on slot 1
[16:56:36.020] [SEVERE ] key 69 was pressed by player 1
[16:56:36.035] [SEVERE ] player 1 placing token on slot 2
[16:56:36.035] [SEVERE ] updating countdown to 9397
[16:56:36.036] [SEVERE ] removing player 1 token from slot 0
[16:56:36.036] [SEVERE ] removing player 1 token from slot 1
[16:56:36.036] [SEVERE ] removing player 1 token from slot 2
[16:56:36.148] [SEVERE ] removing card from slot 0
[16:56:36.261] [SEVERE ] removing card from slot 1
[16:56:36.372] [SEVERE ] removing card from slot 2
[16:56:36.372] [SEVERE ] setting player 1 score to 15
[16:56:36.372] [SEVERE ] updating countdown to 10000
[16:56:36.483] [SEVERE ] placing card 66 in slot 2
[16:56:36.594] [SEVERE ] placing card 67 in slot 1
[16:56:36.705] [SEVERE ] placing card 68 in slot 0
[16:56:36.705] [SEVERE ] setting player 1 freeze to 0
[16:56:36.705] [SEVERE ] setting player 2 freeze to 0
[16:56:36.914] [SEVERE ] updating countdown to 9458
[16:56:36.914] [SEVERE ] setting player 1 freeze to 0
[16:56:36.914] [SEVERE ] setting player 2 freeze to 0
[16:56:36.956] [SEVERE ] key 81 was pressed by player 1
[16:56:36.956] [SEVERE ] player 1 placing token on slot 0
[16:56:37.022] [SEVERE ] key 87 was pressed by player 1
[16:56:37.022] [SEVERE ] player 1 placing token on slot 1
[16:56:37.097] [SEVERE ] key 69 was pressed by player 1
[16:56:37.097] [SEVERE ] player 1 placing token on slot 2
[16:56:37.097] [SEVERE ] updating countdown to 9275
[16:56:37.097] [SEVERE ] removing player 1 token from slot 0
[16:56:37.097] [SEVERE ] removing player 1 token from slot 1
[16:56:37.097] [SEVERE ] removing player 1 token from slot 2
[16:56:37.204] [SEVERE ] removing card from slot 0
[16:56:37.316] [SEVERE ] removing card from slot 1
[16:56:37.428] [SEVERE ] removing card from slot 2
[16:56:37.428] [SEVERE ] setting player 1 score to 16
[16:56:37.428] [SEVERE ] updating countdown to 10000
[16:56:37.539] [SEVERE ] placing card 69 in slot 0
[16:56:37.650] [SEVERE ] placing card 70 in slot 1
[16:56:37.761] [SEVERE ] placing card 71 in slot 2
[16:56:37.761] [SEVERE ] setting player 1 freeze to 0
[16:56:37.761] [SEVERE ] setting player 2 freeze to 0
[16:56:37.968] [SEVERE ] updating countdown to 9460
[16:56:37.968] [SEVERE ] setting player 1 freeze to 0
[16:56:37.968] [SEVERE ] setting player 2 freeze to 0
[16:56:38.174] [SEVERE ] updating countdown to 9254
[16:56:38.174] [SEVERE ] setting player 1 freeze to 0
[16:56:38.174] [SEVERE ] setting player 2 freeze to 0
[16:56:38.380] [SEVERE ] updating countdown to 9048
[16:56:38.380] [SEVERE ] setting player 1 freeze to 0
[16:56:38.380] [SEVERE ] setting player 2 freeze to 0
[16:56:38.520] [SEVERE ] key 81 was pressed by player 1
[16:56:38.520] [SEVERE ] player 1 placing token on slot 0
[16:56:38.541] [SEVERE ] key 87 was pressed by player 1
[16:56:38.541] [SEVERE ] player 1 placing token on slot 1
[16:56:38.589] [SEVERE ] updating countdown to 8839
[16:56:38.589] [SEVERE ] setting player 1 freeze to 0
[16:56:38.589] [SEVERE ] setting player 2 freeze to 0
[16:56:38.795] [SEVERE ] updating countdown to 8633
[16:56:38.795] [SEVERE ] setting player 1 freeze to 0
[16:56:38.795] [SEVERE ] setting player 2 freeze to 0
[16:56:39.001] [SEVERE ] updating countdown to 8427
[16:56:39.001] [SEVERE ] setting player 1 freeze to 0
[16:56:39.001] [SEVERE ] setting player 2 freeze to 0
[16:56:39.207] [SEVERE ] updating countdown to 8221
[16:56:39.207] [SEVERE ] setting player 1 freeze to 0
[16:56:39.207] [SEVERE ] setting player 2 freeze to 0
[16:56:39.280] [SEVERE ] key 69 was pressed by player 1
[16:56:39.280] [SEVERE ] player 1 placing token on slot 2
[16:56:39.280] [SEVERE ] updating countdown to 8148
[16:56:39.280] [SEVERE ] removing player 1 token from slot 0
[16:56:39.280] [SEVERE ] removing player 1 token from slot 1
[16:56:39.283] [SEVERE ] removing player 1 token from slot 2
[16:56:39.396] [SEVERE ] removing card from slot 0
[16:56:39.507] [SEVERE ] removing card from slot 1
[16:56:39.619] [SEVERE ] removing card from slot 2
[16:56:39.619] [SEVERE ] setting player 1 score to 17
[16:56:39.619] [SEVERE ] updating countdown to 10000
[16:56:39.732] [SEVERE ] placing card 72 in slot 2
[16:56:39.842] [SEVERE ] placing card 73 in slot 1
[16:56:39.954] [SEVERE ] placing card 74 in slot 0
[16:56:39.954] [SEVERE ] setting player 1 freeze to 0
[16:56:39.954] [SEVERE ] setting player 2 freeze to 0
[16:56:40.161] [SEVERE ] updating countdown to 9458
[16:56:40.161] [SEVERE ] setting player 1 freeze to 0
[16:56:40.161] [SEVERE ] setting player 2 freeze to 0
[16:56:40.231] [SEVERE ] key 81 was pressed by player 1
[16:56:40.231] [SEVERE ] player 1 placing token on slot 0
[16:56:40.352] [SEVERE ] key 87 was pressed by player 1
[16:56:40.353] [SEVERE ] player 1 placing token on slot 1
[16:56:40.369] [SEVERE ] updating countdown to 9250
[16:56:40.369] [SEVERE ] setting player 1 freeze to 0
[16:56:40.369] [SEVERE ] setting player 2 freeze to 0
[16:56:40.483] [SEVERE ] key 69 was pressed by player 1
[16:56:40.483] [SEVERE ] player 1 placing token on slot 2
[16:56:40.483] [SEVERE ] updating countdown to 9136
[16:56:40.483] [SEVERE ] removing player 1 token from slot 0
[16:56:40.483] [SEVERE ] removing player 1 token from slot 1
[16:56:40.483] [SEVERE ] removing player 1 token from slot 2
[16:56:40.591] [SEVERE ] removing card from slot 0
[16:56:40.702] [SEVERE ] removing card from slot 1
[16:56:40.813] [SEVERE ] removing card from slot 2
[16:56:40.814] [SEVERE ] setting player 1 score to 18
[16:56:40.814] [SEVERE ] updating countdown to 10000
[16:56:40.924] [SEVERE ] placing card 75 in slot 1
[16:56:41.036] [SEVERE ] placing card 76 in slot 0
[16:56:41.148] [SEVERE ] placing card 77 in slot 2
[16:56:41.148] [SEVERE ] setting player 1 freeze to 0
[16:56:41.148] [SEVERE ] setting player 2 freeze to 0
[16:56:41.343] [SEVERE ] key 81 was pressed by player 1
[16:56:41.353] [SEVERE ] player 1 placing token on slot 0
[16:56:41.357] [SEVERE ] updating countdown to 9457
[16:56:41.357] [SEVERE ] setting player 1 freeze to 0
[16:56:41.357] [SEVERE ] setting player 2 freeze to 0
[16:56:41.432] [SEVERE ] key 87 was pressed by player 1
[16:56:41.434] [SEVERE ] player 1 placing token on slot 1
[16:56:41.529] [SEVERE ] key 69 was pressed by player 1
[16:56:41.530] [SEVERE ] player 1 placing token on slot 2
[16:56:41.531] [SEVERE ] updating countdown to 9283
[16:56:41.531] [SEVERE ] removing player 1 token from slot 0
[16:56:41.531] [SEVERE ] removing player 1 token from slot 1
[16:56:41.533] [SEVERE ] removing player 1 token from slot 2
[16:56:41.641] [SEVERE ] removing card from slot 0
[16:56:41.643] [SEVERE ] key 75 was pressed by player 2
[16:56:41.643] [SEVERE ] player 2 placing token on slot 5
[16:56:41.754] [SEVERE ] removing card from slot 1
[16:56:41.830] [SEVERE ] key 44 was pressed by player 2
[16:56:41.830] [SEVERE ] player 2 placing token on slot 9
[16:56:41.866] [SEVERE ] removing card from slot 2
[16:56:41.866] [SEVERE ] setting player 1 score to 19
[16:56:41.866] [SEVERE ] updating countdown to 10000
[16:56:41.978] [SEVERE ] placing card 78 in slot 1
[16:56:41.978] [SEVERE ] key 46 was pressed by player 2
[16:56:41.978] [SEVERE ] player 2 placing token on slot 10
[16:56:42.091] [SEVERE ] placing card 79 in slot 0
[16:56:42.203] [SEVERE ] placing card 80 in slot 2
[16:56:42.203] [SEVERE ] setting player 1 freeze to 0
[16:56:42.204] [SEVERE ] setting player 2 freeze to 0
[16:56:42.410] [SEVERE ] updating countdown to 9456
[16:56:42.410] [SEVERE ] removing player 2 token from slot 5
[16:56:42.410] [SEVERE ] removing player 2 token from slot 9
[16:56:42.410] [SEVERE ] removing player 2 token from slot 10
[16:56:42.523] [SEVERE ] removing card from slot 5
[16:56:42.635] [SEVERE ] removing card from slot 9
[16:56:42.675] [SEVERE ] key 81 was pressed by player 1
[16:56:42.675] [SEVERE ] player 1 placing token on slot 0
[16:56:42.748] [SEVERE ] removing card from slot 10
[16:56:42.748] [SEVERE ] setting player 2 score to 5
[16:56:42.748] [SEVERE ] updating countdown to 10000
[16:56:42.749] [SEVERE ] setting player 1 freeze to 0
[16:56:42.749] [SEVERE ] setting player 2 freeze to 0
[16:56:42.767] [SEVERE ] key 87 was pressed by player 1
[16:56:42.776] [SEVERE ] player 1 placing token on slot 1
[16:56:42.845] [SEVERE ] key 69 was pressed by player 1
[16:56:42.845] [SEVERE ] player 1 placing token on slot 2
[16:56:42.845] [SEVERE ] updating countdown to 9903
[16:56:42.852] [SEVERE ] removing player 1 token from slot 0
[16:56:42.852] [SEVERE ] removing player 1 token from slot 1
[16:56:42.852] [SEVERE ] removing player 1 token from slot 2
[16:56:42.956] [SEVERE ] removing card from slot 0
[16:56:43.068] [SEVERE ] removing card from slot 1
[16:56:43.181] [SEVERE ] removing card from slot 2
[16:56:43.181] [SEVERE ] setting player 1 score to 20
[16:56:43.182] [SEVERE ] updating countdown to 10000
[16:56:43.182] [SEVERE ] setting player 1 freeze to 0
[16:56:43.182] [SEVERE ] setting player 2 freeze to 0
[16:56:43.388] [SEVERE ] updating countdown to 9794
[16:56:43.388] [SEVERE ] setting player 1 freeze to 0
[16:56:43.388] [SEVERE ] setting player 2 freeze to 0
[16:56:43.597] [SEVERE ] updating countdown to 9585
[16:56:43.597] [SEVERE ] setting player 1 freeze to 0
[16:56:43.597] [SEVERE ] setting player 2 freeze to 0
[16:56:43.805] [SEVERE ] updating countdown to 9377
[16:56:43.805] [SEVERE ] setting player 1 freeze to 0
[16:56:43.805] [SEVERE ] setting player 2 freeze to 0
[16:56:44.013] [SEVERE ] updating countdown to 9169
[16:56:44.013] [SEVERE ] setting player 1 freeze to 0
[16:56:44.013] [SEVERE ] setting player 2 freeze to 0
[16:56:44.220] [SEVERE ] updating countdown to 8962
[16:56:44.220] [SEVERE ] setting player 1 freeze to 0
[16:56:44.220] [SEVERE ] setting player 2 freeze to 0
[16:56:44.332] [SEVERE ] key 65 was pressed by player 1
[16:56:44.332] [SEVERE ] player 1 placing token on slot 4
[16:56:44.427] [SEVERE ] updating countdown to 8755
[16:56:44.427] [SEVERE ] setting player 1 freeze to 0
[16:56:44.427] [SEVERE ] setting player 2 freeze to 0
[16:56:44.633] [SEVERE ] updating countdown to 8549
[16:56:44.633] [SEVERE ] setting player 1 freeze to 0
[16:56:44.633] [SEVERE ] setting player 2 freeze to 0
[16:56:44.840] [SEVERE ] updating countdown to 8342
[16:56:44.840] [SEVERE ] setting player 1 freeze to 0
[16:56:44.840] [SEVERE ] setting player 2 freeze to 0
[16:56:45.046] [SEVERE ] updating countdown to 8136
[16:56:45.046] [SEVERE ] setting player 1 freeze to 0
[16:56:45.046] [SEVERE ] setting player 2 freeze to 0
[16:56:45.239] [SEVERE ] key 68 was pressed by player 1
[16:56:45.239] [SEVERE ] player 1 placing token on slot 6
[16:56:45.252] [SEVERE ] updating countdown to 7930
[16:56:45.252] [SEVERE ] setting player 1 freeze to 0
[16:56:45.252] [SEVERE ] setting player 2 freeze to 0
[16:56:45.460] [SEVERE ] updating countdown to 7722
[16:56:45.460] [SEVERE ] setting player 1 freeze to 0
[16:56:45.460] [SEVERE ] setting player 2 freeze to 0
[16:56:45.667] [SEVERE ] updating countdown to 7515
[16:56:45.667] [SEVERE ] setting player 1 freeze to 0
[16:56:45.667] [SEVERE ] setting player 2 freeze to 0
[16:56:45.873] [SEVERE ] updating countdown to 7309
[16:56:45.873] [SEVERE ] setting player 1 freeze to 0
[16:56:45.873] [SEVERE ] setting player 2 freeze to 0
[16:56:46.079] [SEVERE ] updating countdown to 7103
[16:56:46.079] [SEVERE ] setting player 1 freeze to 0
[16:56:46.079] [SEVERE ] setting player 2 freeze to 0
[16:56:46.188] [SEVERE ] key 65 was pressed by player 1
[16:56:46.188] [SEVERE ] removing player 1 token from slot 4
[16:56:46.287] [SEVERE ] updating countdown to 6895
[16:56:46.287] [SEVERE ] setting player 1 freeze to 0
[16:56:46.287] [SEVERE ] setting player 2 freeze to 0
[16:56:46.493] [SEVERE ] updating countdown to 6689
[16:56:46.493] [SEVERE ] setting player 1 freeze to 0
[16:56:46.493] [SEVERE ] setting player 2 freeze to 0
[16:56:46.699] [SEVERE ] updating countdown to 6483
[16:56:46.699] [SEVERE ] setting player 1 freeze to 0
[16:56:46.699] [SEVERE ] setting player 2 freeze to 0
[16:56:46.732] [SEVERE ] key 68 was pressed by player 1
[16:56:46.732] [SEVERE ] removing player 1 token from slot 6
[16:56:46.906] [SEVERE ] updating countdown to 6276
[16:56:46.906] [SEVERE ] setting player 1 freeze to 0
[16:56:46.906] [SEVERE ] setting player 2 freeze to 0
[16:56:47.110] [SEVERE ] updating countdown to 6072
[16:56:47.110] [SEVERE ] setting player 1 freeze to 0
[16:56:47.110] [SEVERE ] setting player 2 freeze to 0
[16:56:47.128] [SEVERE ] key 90 was pressed by player 1
[16:56:47.128] [SEVERE ] player 1 placing token on slot 8
[16:56:47.317] [SEVERE ] updating countdown to 5865
[16:56:47.317] [SEVERE ] setting player 1 freeze to 0
[16:56:47.317] [SEVERE ] setting player 2 freeze to 0
[16:56:47.461] [SEVERE ] key 68 was pressed by player 1
[16:56:47.461] [SEVERE ] player 1 placing token on slot 6
[16:56:47.524] [SEVERE ] updating countdown to 5658
[16:56:47.524] [SEVERE ] setting player 1 freeze to 0
[16:56:47.524] [SEVERE ] setting player 2 freeze to 0
[16:56:47.732] [SEVERE ] updating countdown to 5450
[16:56:47.732] [SEVERE ] setting player 1 freeze to 0
[16:56:47.732] [SEVERE ] setting player 2 freeze to 0
[16:56:47.782] [SEVERE ] key 70 was pressed by player 1
[16:56:47.782] [SEVERE ] player 1 placing token on slot 7
[16:56:47.783] [SEVERE ] updating countdown to 5399
[16:56:47.783] [SEVERE ] removing player 1 token from slot 8
[16:56:47.784] [SEVERE ] removing player 1 token from slot 6
[16:56:47.784] [SEVERE ] removing player 1 token from slot 7
[16:56:47.892] [SEVERE ] removing card from slot 8
[16:56:48.002] [SEVERE ] removing card from slot 6
[16:56:48.114] [SEVERE ] removing card from slot 7
[16:56:48.114] [SEVERE ] setting player 1 score to 21
[16:56:48.114] [SEVERE ] updating countdown to 10000
[16:56:48.114] [SEVERE ] setting player 1 freeze to 0
[16:56:48.114] [SEVERE ] setting player 2 freeze to 0
[16:56:48.321] [SEVERE ] updating countdown to 9793
[16:56:48.321] [SEVERE ] setting player 1 freeze to 0
[16:56:48.321] [SEVERE ] setting player 2 freeze to 0
[16:56:48.528] [SEVERE ] updating countdown to 9586
[16:56:48.528] [SEVERE ] setting player 1 freeze to 0
[16:56:48.528] [SEVERE ] setting player 2 freeze to 0
[16:56:48.735] [SEVERE ] updating countdown to 9379
[16:56:48.735] [SEVERE ] setting player 1 freeze to 0
[16:56:48.735] [SEVERE ] setting player 2 freeze to 0
[16:56:48.767] [SEVERE ] key 65 was pressed by player 1
[16:56:48.773] [SEVERE ] player 1 placing token on slot 4
[16:56:48.942] [SEVERE ] updating countdown to 9172
[16:56:48.942] [SEVERE ] setting player 1 freeze to 0
[16:56:48.942] [SEVERE ] setting player 2 freeze to 0
[16:56:49.141] [SEVERE ] key 82 was pressed by player 1
[16:56:49.141] [SEVERE ] player 1 placing token on slot 3
[16:56:49.149] [SEVERE ] updating countdown to 8965
[16:56:49.149] [SEVERE ] setting player 1 freeze to 0
[16:56:49.149] [SEVERE ] setting player 2 freeze to 0
[16:56:49.356] [SEVERE ] updating countdown to 8758
[16:56:49.356] [SEVERE ] setting player 1 freeze to 0
[16:56:49.356] [SEVERE ] setting player 2 freeze to 0
[16:56:49.561] [SEVERE ] updating countdown to 8553
[16:56:49.561] [SEVERE ] setting player 1 freeze to 0
[16:56:49.561] [SEVERE ] setting player 2 freeze to 0
[16:56:49.769] [SEVERE ] updating countdown to 8345
[16:56:49.769] [SEVERE ] setting player 1 freeze to 0
[16:56:49.769] [SEVERE ] setting player 2 freeze to 0
[16:56:49.921] [SEVERE ] key 86 was pressed by player 1
[16:56:49.921] [SEVERE ] player 1 placing token on slot 11
[16:56:49.921] [SEVERE ] updating countdown to 8193
[16:56:49.921] [SEVERE ] removing player 1 token from slot 4
[16:56:49.921] [SEVERE ] removing player 1 token from slot 3
[16:56:49.921] [SEVERE ] removing player 1 token from slot 11
[16:56:50.025] [SEVERE ] removing card from slot 4
[16:56:50.135] [SEVERE ] removing card from slot 3
[16:56:50.248] [SEVERE ] removing card from slot 11
[16:56:50.248] [SEVERE ] setting player 1 score to 22
[16:56:50.248] [SEVERE ] updating countdown to 10000
[16:56:50.248] [SEVERE ] setting player 1 freeze to 0
[16:56:50.248] [SEVERE ] setting player 2 freeze to 0
[16:56:50.248] [SEVERE ] updating countdown to 10000
[16:56:50.250] [SEVERE ] announcing winner(s): player 1
[16:56:50.258] [INFO   ] Thread 1 terminated.
[16:56:50.258] [INFO   ] Thread 0 terminated.
[16:56:50.258] [INFO   ] Thread dealer terminated.
[16:56:50.260] [INFO   ] thread dealer terminated.
[16:56:55.261] [SEVERE ] disposing of user interface elements
[16:56:55.273] [SEVERE ] thanks for playing... it was fun!
[16:56:55.273] [INFO   ] thread main terminated.
