[16:06:53.580] [INFO   ] thread main starting.
[16:06:53.594] [SEVERE ] cannot read configuration file config.properties trying from resources.
[16:06:53.599] [SEVERE ] configuration file was loaded from resources directory.
[16:06:54.566] [INFO   ] thread dealer starting.
[16:06:54.568] [INFO   ] Thread dealer starting.
[16:06:54.683] [SEVERE ] placing card 0 in slot 10
[16:06:54.794] [SEVERE ] placing card 1 in slot 11
[16:06:54.904] [SEVERE ] placing card 2 in slot 8
[16:06:55.014] [SEVERE ] placing card 3 in slot 3
[16:06:55.125] [SEVERE ] placing card 4 in slot 1
[16:06:55.235] [SEVERE ] placing card 5 in slot 4
[16:06:55.345] [SEVERE ] placing card 6 in slot 0
[16:06:55.455] [SEVERE ] placing card 7 in slot 6
[16:06:55.564] [SEVERE ] placing card 8 in slot 7
[16:06:55.676] [SEVERE ] placing card 9 in slot 9
[16:06:55.787] [SEVERE ] placing card 10 in slot 2
[16:06:55.897] [SEVERE ] placing card 11 in slot 5
[16:06:55.900] [INFO   ] Thread 0 starting.
[16:06:55.901] [INFO   ] Thread 3 starting.
[16:06:55.901] [INFO   ] Thread 2 starting.
[16:06:55.900] [INFO   ] Thread 1 starting.
[16:06:55.906] [INFO   ] Thread computer-3 starting.
[16:06:55.906] [INFO   ] Thread computer-2 starting.
[16:06:55.908] [SEVERE ] player 4 placing token on slot 9
[16:06:55.909] [SEVERE ] player 3 placing token on slot 6
[16:06:55.977] [SEVERE ] updating countdown to 29941
[16:06:55.977] [SEVERE ] setting player 1 freeze to 0
[16:06:55.978] [SEVERE ] setting player 2 freeze to 0
[16:06:55.978] [SEVERE ] setting player 3 freeze to 0
[16:06:55.978] [SEVERE ] setting player 4 freeze to 0
[16:06:55.978] [SEVERE ] player 3 placing token on slot 10
[16:06:55.979] [SEVERE ] player 4 placing token on slot 7
[16:06:56.040] [SEVERE ] updating countdown to 29878
[16:06:56.041] [SEVERE ] setting player 1 freeze to 0
[16:06:56.042] [SEVERE ] setting player 2 freeze to 0
[16:06:56.042] [SEVERE ] setting player 3 freeze to 0
[16:06:56.043] [SEVERE ] setting player 4 freeze to 0
[16:06:56.043] [SEVERE ] player 3 placing token on slot 9
[16:06:56.043] [SEVERE ] player 4 placing token on slot 0
[16:06:56.045] [SEVERE ] updating countdown to 29873
[16:06:56.045] [SEVERE ] setting player 1 freeze to 0
[16:06:56.046] [SEVERE ] setting player 2 freeze to 0
[16:06:56.046] [SEVERE ] setting player 3 freeze to 2999
[16:06:56.047] [SEVERE ] setting player 4 freeze to 0
[16:06:56.101] [SEVERE ] updating countdown to 29817
[16:06:56.102] [SEVERE ] setting player 1 freeze to 0
[16:06:56.102] [SEVERE ] setting player 2 freeze to 0
[16:06:56.103] [SEVERE ] setting player 3 freeze to 2942
[16:06:56.103] [SEVERE ] setting player 4 freeze to 2999
[16:06:56.164] [SEVERE ] updating countdown to 29754
[16:06:56.165] [SEVERE ] setting player 1 freeze to 0
[16:06:56.165] [SEVERE ] setting player 2 freeze to 0
[16:06:56.166] [SEVERE ] setting player 3 freeze to 2879
[16:06:56.166] [SEVERE ] setting player 4 freeze to 2936
[16:06:56.227] [SEVERE ] updating countdown to 29691
[16:06:56.228] [SEVERE ] setting player 1 freeze to 0
[16:06:56.228] [SEVERE ] setting player 2 freeze to 0
[16:06:56.229] [SEVERE ] setting player 3 freeze to 2816
[16:06:56.229] [SEVERE ] setting player 4 freeze to 2873
[16:06:56.289] [SEVERE ] updating countdown to 29629
[16:06:56.290] [SEVERE ] setting player 1 freeze to 0
[16:06:56.292] [SEVERE ] setting player 2 freeze to 0
[16:06:56.292] [SEVERE ] setting player 3 freeze to 2753
[16:06:56.293] [SEVERE ] setting player 4 freeze to 2809
[16:06:56.353] [SEVERE ] updating countdown to 29565
[16:06:56.354] [SEVERE ] setting player 1 freeze to 0
[16:06:56.354] [SEVERE ] setting player 2 freeze to 0
[16:06:56.355] [SEVERE ] setting player 3 freeze to 2690
[16:06:56.355] [SEVERE ] setting player 4 freeze to 2747
[16:06:56.417] [SEVERE ] updating countdown to 29501
[16:06:56.418] [SEVERE ] setting player 1 freeze to 0
[16:06:56.420] [SEVERE ] setting player 2 freeze to 0
[16:06:56.421] [SEVERE ] setting player 3 freeze to 2624
[16:06:56.421] [SEVERE ] setting player 4 freeze to 2681
[16:06:56.480] [SEVERE ] updating countdown to 29438
[16:06:56.481] [SEVERE ] setting player 1 freeze to 0
[16:06:56.482] [SEVERE ] setting player 2 freeze to 0
[16:06:56.483] [SEVERE ] setting player 3 freeze to 2562
[16:06:56.483] [SEVERE ] setting player 4 freeze to 2619
[16:06:56.543] [SEVERE ] updating countdown to 29375
[16:06:56.545] [SEVERE ] setting player 1 freeze to 0
[16:06:56.545] [SEVERE ] setting player 2 freeze to 0
[16:06:56.546] [SEVERE ] setting player 3 freeze to 2499
[16:06:56.547] [SEVERE ] setting player 4 freeze to 2555
[16:06:56.605] [SEVERE ] updating countdown to 29313
[16:06:56.606] [SEVERE ] setting player 1 freeze to 0
[16:06:56.607] [SEVERE ] setting player 2 freeze to 0
[16:06:56.608] [SEVERE ] setting player 3 freeze to 2438
[16:06:56.608] [SEVERE ] setting player 4 freeze to 2494
[16:06:56.667] [SEVERE ] updating countdown to 29251
[16:06:56.668] [SEVERE ] setting player 1 freeze to 0
[16:06:56.669] [SEVERE ] setting player 2 freeze to 0
[16:06:56.670] [SEVERE ] setting player 3 freeze to 2375
[16:06:56.671] [SEVERE ] setting player 4 freeze to 2431
[16:06:56.731] [SEVERE ] updating countdown to 29187
[16:06:56.732] [SEVERE ] setting player 1 freeze to 0
[16:06:56.733] [SEVERE ] setting player 2 freeze to 0
[16:06:56.733] [SEVERE ] setting player 3 freeze to 2312
[16:06:56.734] [SEVERE ] setting player 4 freeze to 2368
[16:06:56.794] [SEVERE ] updating countdown to 29124
[16:06:56.795] [SEVERE ] setting player 1 freeze to 0
[16:06:56.796] [SEVERE ] setting player 2 freeze to 0
[16:06:56.796] [SEVERE ] setting player 3 freeze to 2249
[16:06:56.797] [SEVERE ] setting player 4 freeze to 2305
[16:06:56.857] [SEVERE ] updating countdown to 29061
[16:06:56.858] [SEVERE ] setting player 1 freeze to 0
[16:06:56.859] [SEVERE ] setting player 2 freeze to 0
[16:06:56.860] [SEVERE ] setting player 3 freeze to 2185
[16:06:56.861] [SEVERE ] setting player 4 freeze to 2241
[16:06:56.920] [SEVERE ] updating countdown to 28998
[16:06:56.922] [SEVERE ] setting player 1 freeze to 0
[16:06:56.923] [SEVERE ] setting player 2 freeze to 0
[16:06:56.924] [SEVERE ] setting player 3 freeze to 2121
[16:06:56.925] [SEVERE ] setting player 4 freeze to 2177
[16:06:56.984] [SEVERE ] updating countdown to 28934
[16:06:56.985] [SEVERE ] setting player 1 freeze to 0
[16:06:56.986] [SEVERE ] setting player 2 freeze to 0
[16:06:56.986] [SEVERE ] setting player 3 freeze to 2059
[16:06:56.987] [SEVERE ] setting player 4 freeze to 2115
[16:06:57.046] [SEVERE ] updating countdown to 28872
[16:06:57.047] [SEVERE ] setting player 1 freeze to 0
[16:06:57.048] [SEVERE ] setting player 2 freeze to 0
[16:06:57.049] [SEVERE ] setting player 3 freeze to 1996
[16:06:57.050] [SEVERE ] setting player 4 freeze to 2052
[16:06:57.111] [SEVERE ] updating countdown to 28807
[16:06:57.112] [SEVERE ] setting player 1 freeze to 0
[16:06:57.113] [SEVERE ] setting player 2 freeze to 0
[16:06:57.114] [SEVERE ] setting player 3 freeze to 1931
[16:06:57.115] [SEVERE ] setting player 4 freeze to 1988
[16:06:57.174] [SEVERE ] updating countdown to 28744
[16:06:57.175] [SEVERE ] setting player 1 freeze to 0
[16:06:57.176] [SEVERE ] setting player 2 freeze to 0
[16:06:57.176] [SEVERE ] setting player 3 freeze to 1869
[16:06:57.177] [SEVERE ] setting player 4 freeze to 1925
[16:06:57.237] [SEVERE ] updating countdown to 28681
[16:06:57.238] [SEVERE ] setting player 1 freeze to 0
[16:06:57.239] [SEVERE ] setting player 2 freeze to 0
[16:06:57.239] [SEVERE ] setting player 3 freeze to 1806
[16:06:57.240] [SEVERE ] setting player 4 freeze to 1862
[16:06:57.300] [SEVERE ] updating countdown to 28618
[16:06:57.301] [SEVERE ] setting player 1 freeze to 0
[16:06:57.302] [SEVERE ] setting player 2 freeze to 0
[16:06:57.302] [SEVERE ] setting player 3 freeze to 1743
[16:06:57.303] [SEVERE ] setting player 4 freeze to 1799
[16:06:57.362] [SEVERE ] updating countdown to 28556
[16:06:57.364] [SEVERE ] setting player 1 freeze to 0
[16:06:57.365] [SEVERE ] setting player 2 freeze to 0
[16:06:57.366] [SEVERE ] setting player 3 freeze to 1679
[16:06:57.367] [SEVERE ] setting player 4 freeze to 1735
[16:06:57.426] [SEVERE ] updating countdown to 28492
[16:06:57.428] [SEVERE ] setting player 1 freeze to 0
[16:06:57.428] [SEVERE ] setting player 2 freeze to 0
[16:06:57.429] [SEVERE ] setting player 3 freeze to 1616
[16:06:57.429] [SEVERE ] setting player 4 freeze to 1673
[16:06:57.488] [SEVERE ] updating countdown to 28430
[16:06:57.489] [SEVERE ] setting player 1 freeze to 0
[16:06:57.491] [SEVERE ] setting player 2 freeze to 0
[16:06:57.492] [SEVERE ] setting player 3 freeze to 1553
[16:06:57.493] [SEVERE ] setting player 4 freeze to 1609
[16:06:57.550] [SEVERE ] updating countdown to 28368
[16:06:57.551] [SEVERE ] setting player 1 freeze to 0
[16:06:57.552] [SEVERE ] setting player 2 freeze to 0
[16:06:57.553] [SEVERE ] setting player 3 freeze to 1492
[16:06:57.553] [SEVERE ] setting player 4 freeze to 1549
[16:06:57.613] [SEVERE ] updating countdown to 28305
[16:06:57.613] [SEVERE ] setting player 1 freeze to 0
[16:06:57.614] [SEVERE ] setting player 2 freeze to 0
[16:06:57.614] [SEVERE ] setting player 3 freeze to 1431
[16:06:57.614] [SEVERE ] setting player 4 freeze to 1488
[16:06:57.676] [SEVERE ] updating countdown to 28242
[16:06:57.677] [SEVERE ] setting player 1 freeze to 0
[16:06:57.678] [SEVERE ] setting player 2 freeze to 0
[16:06:57.678] [SEVERE ] setting player 3 freeze to 1367
[16:06:57.679] [SEVERE ] setting player 4 freeze to 1423
[16:06:57.738] [SEVERE ] updating countdown to 28180
[16:06:57.739] [SEVERE ] setting player 1 freeze to 0
[16:06:57.740] [SEVERE ] setting player 2 freeze to 0
[16:06:57.741] [SEVERE ] setting player 3 freeze to 1304
[16:06:57.741] [SEVERE ] setting player 4 freeze to 1361
[16:06:57.801] [SEVERE ] updating countdown to 28117
[16:06:57.802] [SEVERE ] setting player 1 freeze to 0
[16:06:57.803] [SEVERE ] setting player 2 freeze to 0
[16:06:57.803] [SEVERE ] setting player 3 freeze to 1242
[16:06:57.804] [SEVERE ] setting player 4 freeze to 1298
[16:06:57.864] [SEVERE ] updating countdown to 28054
[16:06:57.865] [SEVERE ] setting player 1 freeze to 0
[16:06:57.866] [SEVERE ] setting player 2 freeze to 0
[16:06:57.866] [SEVERE ] setting player 3 freeze to 1179
[16:06:57.867] [SEVERE ] setting player 4 freeze to 1235
[16:06:57.928] [SEVERE ] updating countdown to 27990
[16:06:57.929] [SEVERE ] setting player 1 freeze to 0
[16:06:57.930] [SEVERE ] setting player 2 freeze to 0
[16:06:57.930] [SEVERE ] setting player 3 freeze to 1115
[16:06:57.931] [SEVERE ] setting player 4 freeze to 1171
[16:06:57.991] [SEVERE ] updating countdown to 27927
[16:06:57.992] [SEVERE ] setting player 1 freeze to 0
[16:06:57.992] [SEVERE ] setting player 2 freeze to 0
[16:06:57.993] [SEVERE ] setting player 3 freeze to 1052
[16:06:57.993] [SEVERE ] setting player 4 freeze to 1109
[16:06:58.054] [SEVERE ] updating countdown to 27864
[16:06:58.055] [SEVERE ] setting player 1 freeze to 0
[16:06:58.056] [SEVERE ] setting player 2 freeze to 0
[16:06:58.056] [SEVERE ] setting player 3 freeze to 989
[16:06:58.058] [SEVERE ] setting player 4 freeze to 1044
[16:06:58.118] [SEVERE ] updating countdown to 27800
[16:06:58.118] [SEVERE ] setting player 1 freeze to 0
[16:06:58.118] [SEVERE ] setting player 2 freeze to 0
[16:06:58.119] [SEVERE ] setting player 3 freeze to 926
[16:06:58.119] [SEVERE ] setting player 4 freeze to 983
[16:06:58.181] [SEVERE ] updating countdown to 27737
[16:06:58.181] [SEVERE ] setting player 1 freeze to 0
[16:06:58.181] [SEVERE ] setting player 2 freeze to 0
[16:06:58.182] [SEVERE ] setting player 3 freeze to 863
[16:06:58.182] [SEVERE ] setting player 4 freeze to 920
[16:06:58.245] [SEVERE ] updating countdown to 27673
[16:06:58.245] [SEVERE ] setting player 1 freeze to 0
[16:06:58.245] [SEVERE ] setting player 2 freeze to 0
[16:06:58.245] [SEVERE ] setting player 3 freeze to 800
[16:06:58.246] [SEVERE ] setting player 4 freeze to 856
[16:06:58.309] [SEVERE ] updating countdown to 27609
[16:06:58.309] [SEVERE ] setting player 1 freeze to 0
[16:06:58.309] [SEVERE ] setting player 2 freeze to 0
[16:06:58.310] [SEVERE ] setting player 3 freeze to 735
[16:06:58.310] [SEVERE ] setting player 4 freeze to 792
[16:06:58.373] [SEVERE ] updating countdown to 27545
[16:06:58.373] [SEVERE ] setting player 1 freeze to 0
[16:06:58.373] [SEVERE ] setting player 2 freeze to 0
[16:06:58.373] [SEVERE ] setting player 3 freeze to 672
[16:06:58.373] [SEVERE ] setting player 4 freeze to 729
[16:06:58.437] [SEVERE ] updating countdown to 27481
[16:06:58.437] [SEVERE ] setting player 1 freeze to 0
[16:06:58.437] [SEVERE ] setting player 2 freeze to 0
[16:06:58.437] [SEVERE ] setting player 3 freeze to 608
[16:06:58.437] [SEVERE ] setting player 4 freeze to 665
[16:06:58.501] [SEVERE ] updating countdown to 27417
[16:06:58.501] [SEVERE ] setting player 1 freeze to 0
[16:06:58.501] [SEVERE ] setting player 2 freeze to 0
[16:06:58.501] [SEVERE ] setting player 3 freeze to 544
[16:06:58.502] [SEVERE ] setting player 4 freeze to 600
[16:06:58.565] [SEVERE ] updating countdown to 27353
[16:06:58.565] [SEVERE ] setting player 1 freeze to 0
[16:06:58.566] [SEVERE ] setting player 2 freeze to 0
[16:06:58.566] [SEVERE ] setting player 3 freeze to 479
[16:06:58.566] [SEVERE ] setting player 4 freeze to 536
[16:06:58.627] [SEVERE ] updating countdown to 27291
[16:06:58.627] [SEVERE ] setting player 1 freeze to 0
[16:06:58.627] [SEVERE ] setting player 2 freeze to 0
[16:06:58.627] [SEVERE ] setting player 3 freeze to 418
[16:06:58.628] [SEVERE ] setting player 4 freeze to 474
[16:06:58.689] [SEVERE ] updating countdown to 27229
[16:06:58.689] [SEVERE ] setting player 1 freeze to 0
[16:06:58.689] [SEVERE ] setting player 2 freeze to 0
[16:06:58.689] [SEVERE ] setting player 3 freeze to 356
[16:06:58.689] [SEVERE ] setting player 4 freeze to 413
[16:06:58.751] [SEVERE ] updating countdown to 27167
[16:06:58.751] [SEVERE ] setting player 1 freeze to 0
[16:06:58.751] [SEVERE ] setting player 2 freeze to 0
[16:06:58.751] [SEVERE ] setting player 3 freeze to 294
[16:06:58.751] [SEVERE ] setting player 4 freeze to 351
[16:06:58.814] [SEVERE ] updating countdown to 27104
[16:06:58.814] [SEVERE ] setting player 1 freeze to 0
[16:06:58.815] [SEVERE ] setting player 2 freeze to 0
[16:06:58.816] [SEVERE ] setting player 3 freeze to 229
[16:06:58.816] [SEVERE ] setting player 4 freeze to 286
[16:06:58.877] [SEVERE ] updating countdown to 27041
[16:06:58.877] [SEVERE ] setting player 1 freeze to 0
[16:06:58.878] [SEVERE ] setting player 2 freeze to 0
[16:06:58.878] [SEVERE ] setting player 3 freeze to 167
[16:06:58.878] [SEVERE ] setting player 4 freeze to 224
[16:06:58.941] [SEVERE ] updating countdown to 26977
[16:06:58.941] [SEVERE ] setting player 1 freeze to 0
[16:06:58.941] [SEVERE ] setting player 2 freeze to 0
[16:06:58.941] [SEVERE ] setting player 3 freeze to 104
[16:06:58.942] [SEVERE ] setting player 4 freeze to 160
[16:06:59.003] [SEVERE ] updating countdown to 26915
[16:06:59.003] [SEVERE ] setting player 1 freeze to 0
[16:06:59.003] [SEVERE ] setting player 2 freeze to 0
[16:06:59.004] [SEVERE ] setting player 3 freeze to 41
[16:06:59.004] [SEVERE ] setting player 4 freeze to 98
[16:06:59.066] [SEVERE ] updating countdown to 26852
[16:06:59.066] [SEVERE ] setting player 1 freeze to 0
[16:06:59.067] [SEVERE ] setting player 2 freeze to 0
[16:06:59.067] [SEVERE ] setting player 3 freeze to 0
[16:06:59.067] [SEVERE ] setting player 4 freeze to 35
[16:06:59.129] [SEVERE ] updating countdown to 26789
[16:06:59.129] [SEVERE ] setting player 1 freeze to 0
[16:06:59.129] [SEVERE ] setting player 2 freeze to 0
[16:06:59.129] [SEVERE ] setting player 3 freeze to 0
[16:06:59.130] [SEVERE ] setting player 4 freeze to 0
[16:06:59.191] [SEVERE ] updating countdown to 26727
[16:06:59.191] [SEVERE ] setting player 1 freeze to 0
[16:06:59.192] [SEVERE ] setting player 2 freeze to 0
[16:06:59.192] [SEVERE ] setting player 3 freeze to 0
[16:06:59.192] [SEVERE ] setting player 4 freeze to 0
[16:06:59.192] [SEVERE ] removing player 3 token from slot 10
[16:06:59.255] [SEVERE ] updating countdown to 26663
[16:06:59.256] [SEVERE ] setting player 1 freeze to 0
[16:06:59.256] [SEVERE ] setting player 2 freeze to 0
[16:06:59.256] [SEVERE ] setting player 3 freeze to 0
[16:06:59.256] [SEVERE ] setting player 4 freeze to 0
[16:06:59.257] [SEVERE ] player 3 placing token on slot 1
[16:06:59.258] [SEVERE ] updating countdown to 26660
[16:06:59.258] [SEVERE ] setting player 1 freeze to 0
[16:06:59.258] [SEVERE ] setting player 2 freeze to 0
[16:06:59.259] [SEVERE ] setting player 3 freeze to 2999
[16:06:59.259] [SEVERE ] setting player 4 freeze to 0
[16:06:59.318] [SEVERE ] updating countdown to 26600
[16:06:59.318] [SEVERE ] setting player 1 freeze to 0
[16:06:59.318] [SEVERE ] setting player 2 freeze to 0
[16:06:59.318] [SEVERE ] setting player 3 freeze to 2940
[16:06:59.319] [SEVERE ] setting player 4 freeze to 0
[16:06:59.319] [SEVERE ] removing player 4 token from slot 7
[16:06:59.380] [SEVERE ] updating countdown to 26538
[16:06:59.380] [SEVERE ] setting player 1 freeze to 0
[16:06:59.381] [SEVERE ] setting player 2 freeze to 0
[16:06:59.381] [SEVERE ] setting player 3 freeze to 2877
[16:06:59.381] [SEVERE ] setting player 4 freeze to 0
[16:06:59.381] [SEVERE ] player 4 placing token on slot 6
[16:06:59.382] [SEVERE ] updating countdown to 26536
[16:06:59.382] [SEVERE ] setting player 1 freeze to 0
[16:06:59.383] [SEVERE ] setting player 2 freeze to 0
[16:06:59.383] [SEVERE ] setting player 3 freeze to 2875
[16:06:59.383] [SEVERE ] setting player 4 freeze to 2999
[16:06:59.443] [SEVERE ] updating countdown to 26475
[16:06:59.443] [SEVERE ] setting player 1 freeze to 0
[16:06:59.443] [SEVERE ] setting player 2 freeze to 0
[16:06:59.443] [SEVERE ] setting player 3 freeze to 2815
[16:06:59.443] [SEVERE ] setting player 4 freeze to 2939
[16:06:59.505] [SEVERE ] updating countdown to 26413
[16:06:59.505] [SEVERE ] setting player 1 freeze to 0
[16:06:59.505] [SEVERE ] setting player 2 freeze to 0
[16:06:59.506] [SEVERE ] setting player 3 freeze to 2752
[16:06:59.506] [SEVERE ] setting player 4 freeze to 2876
[16:06:59.569] [SEVERE ] updating countdown to 26349
[16:06:59.570] [SEVERE ] setting player 1 freeze to 0
[16:06:59.570] [SEVERE ] setting player 2 freeze to 0
[16:06:59.571] [SEVERE ] setting player 3 freeze to 2687
[16:06:59.572] [SEVERE ] setting player 4 freeze to 2810
[16:06:59.632] [SEVERE ] updating countdown to 26286
[16:06:59.633] [SEVERE ] setting player 1 freeze to 0
[16:06:59.634] [SEVERE ] setting player 2 freeze to 0
[16:06:59.634] [SEVERE ] setting player 3 freeze to 2624
[16:06:59.634] [SEVERE ] setting player 4 freeze to 2748
[16:06:59.695] [SEVERE ] updating countdown to 26223
[16:06:59.696] [SEVERE ] setting player 1 freeze to 0
[16:06:59.696] [SEVERE ] setting player 2 freeze to 0
[16:06:59.697] [SEVERE ] setting player 3 freeze to 2561
[16:06:59.697] [SEVERE ] setting player 4 freeze to 2685
[16:06:59.758] [SEVERE ] updating countdown to 26160
[16:06:59.758] [SEVERE ] setting player 1 freeze to 0
[16:06:59.759] [SEVERE ] setting player 2 freeze to 0
[16:06:59.759] [SEVERE ] setting player 3 freeze to 2499
[16:06:59.759] [SEVERE ] setting player 4 freeze to 2623
[16:06:59.823] [SEVERE ] updating countdown to 26095
[16:06:59.824] [SEVERE ] setting player 1 freeze to 0
[16:06:59.824] [SEVERE ] setting player 2 freeze to 0
[16:06:59.825] [SEVERE ] setting player 3 freeze to 2433
[16:06:59.825] [SEVERE ] setting player 4 freeze to 2557
[16:06:59.885] [SEVERE ] updating countdown to 26033
[16:06:59.886] [SEVERE ] setting player 1 freeze to 0
[16:06:59.887] [SEVERE ] setting player 2 freeze to 0
[16:06:59.887] [SEVERE ] setting player 3 freeze to 2371
[16:06:59.888] [SEVERE ] setting player 4 freeze to 2494
[16:06:59.949] [SEVERE ] updating countdown to 25969
[16:06:59.950] [SEVERE ] setting player 1 freeze to 0
[16:06:59.950] [SEVERE ] setting player 2 freeze to 0
[16:06:59.951] [SEVERE ] setting player 3 freeze to 2307
[16:06:59.951] [SEVERE ] setting player 4 freeze to 2431
[16:07:00.012] [SEVERE ] updating countdown to 25906
[16:07:00.013] [SEVERE ] setting player 1 freeze to 0
[16:07:00.014] [SEVERE ] setting player 2 freeze to 0
[16:07:00.015] [SEVERE ] setting player 3 freeze to 2243
[16:07:00.015] [SEVERE ] setting player 4 freeze to 2367
[16:07:00.076] [SEVERE ] updating countdown to 25842
[16:07:00.076] [SEVERE ] setting player 1 freeze to 0
[16:07:00.076] [SEVERE ] setting player 2 freeze to 0
[16:07:00.076] [SEVERE ] setting player 3 freeze to 2182
[16:07:00.077] [SEVERE ] setting player 4 freeze to 2305
[16:07:00.140] [SEVERE ] updating countdown to 25778
[16:07:00.140] [SEVERE ] setting player 1 freeze to 0
[16:07:00.140] [SEVERE ] setting player 2 freeze to 0
[16:07:00.140] [SEVERE ] setting player 3 freeze to 2118
[16:07:00.140] [SEVERE ] setting player 4 freeze to 2242
[16:07:00.203] [SEVERE ] updating countdown to 25715
[16:07:00.203] [SEVERE ] setting player 1 freeze to 0
[16:07:00.203] [SEVERE ] setting player 2 freeze to 0
[16:07:00.203] [SEVERE ] setting player 3 freeze to 2055
[16:07:00.203] [SEVERE ] setting player 4 freeze to 2179
[16:07:00.266] [SEVERE ] updating countdown to 25652
[16:07:00.267] [SEVERE ] setting player 1 freeze to 0
[16:07:00.267] [SEVERE ] setting player 2 freeze to 0
[16:07:00.267] [SEVERE ] setting player 3 freeze to 1991
[16:07:00.267] [SEVERE ] setting player 4 freeze to 2115
[16:07:00.328] [SEVERE ] updating countdown to 25590
[16:07:00.328] [SEVERE ] setting player 1 freeze to 0
[16:07:00.329] [SEVERE ] setting player 2 freeze to 0
[16:07:00.329] [SEVERE ] setting player 3 freeze to 1929
[16:07:00.329] [SEVERE ] setting player 4 freeze to 2053
[16:07:00.391] [SEVERE ] updating countdown to 25527
[16:07:00.391] [SEVERE ] setting player 1 freeze to 0
[16:07:00.391] [SEVERE ] setting player 2 freeze to 0
[16:07:00.391] [SEVERE ] setting player 3 freeze to 1867
[16:07:00.391] [SEVERE ] setting player 4 freeze to 1991
[16:07:00.453] [SEVERE ] updating countdown to 25465
[16:07:00.453] [SEVERE ] setting player 1 freeze to 0
[16:07:00.454] [SEVERE ] setting player 2 freeze to 0
[16:07:00.454] [SEVERE ] setting player 3 freeze to 1804
[16:07:00.454] [SEVERE ] setting player 4 freeze to 1928
[16:07:00.517] [SEVERE ] updating countdown to 25401
[16:07:00.517] [SEVERE ] setting player 1 freeze to 0
[16:07:00.517] [SEVERE ] setting player 2 freeze to 0
[16:07:00.518] [SEVERE ] setting player 3 freeze to 1740
[16:07:00.518] [SEVERE ] setting player 4 freeze to 1864
[16:07:00.579] [SEVERE ] updating countdown to 25339
[16:07:00.579] [SEVERE ] setting player 1 freeze to 0
[16:07:00.579] [SEVERE ] setting player 2 freeze to 0
[16:07:00.579] [SEVERE ] setting player 3 freeze to 1679
[16:07:00.580] [SEVERE ] setting player 4 freeze to 1802
[16:07:00.643] [SEVERE ] updating countdown to 25275
[16:07:00.643] [SEVERE ] setting player 1 freeze to 0
[16:07:00.643] [SEVERE ] setting player 2 freeze to 0
[16:07:00.643] [SEVERE ] setting player 3 freeze to 1615
[16:07:00.644] [SEVERE ] setting player 4 freeze to 1738
[16:07:00.705] [SEVERE ] updating countdown to 25213
[16:07:00.705] [SEVERE ] setting player 1 freeze to 0
[16:07:00.705] [SEVERE ] setting player 2 freeze to 0
[16:07:00.706] [SEVERE ] setting player 3 freeze to 1552
[16:07:00.706] [SEVERE ] setting player 4 freeze to 1676
[16:07:00.768] [SEVERE ] updating countdown to 25150
[16:07:00.768] [SEVERE ] setting player 1 freeze to 0
[16:07:00.768] [SEVERE ] setting player 2 freeze to 0
[16:07:00.768] [SEVERE ] setting player 3 freeze to 1490
[16:07:00.768] [SEVERE ] setting player 4 freeze to 1614
[16:07:00.831] [SEVERE ] updating countdown to 25087
[16:07:00.831] [SEVERE ] setting player 1 freeze to 0
[16:07:00.832] [SEVERE ] setting player 2 freeze to 0
[16:07:00.832] [SEVERE ] setting player 3 freeze to 1426
[16:07:00.832] [SEVERE ] setting player 4 freeze to 1550
[16:07:00.894] [SEVERE ] updating countdown to 25024
[16:07:00.894] [SEVERE ] setting player 1 freeze to 0
[16:07:00.894] [SEVERE ] setting player 2 freeze to 0
[16:07:00.895] [SEVERE ] setting player 3 freeze to 1363
[16:07:00.895] [SEVERE ] setting player 4 freeze to 1487
[16:07:00.957] [SEVERE ] updating countdown to 24961
[16:07:00.957] [SEVERE ] setting player 1 freeze to 0
[16:07:00.958] [SEVERE ] setting player 2 freeze to 0
[16:07:00.958] [SEVERE ] setting player 3 freeze to 1300
[16:07:00.958] [SEVERE ] setting player 4 freeze to 1424
[16:07:01.022] [SEVERE ] updating countdown to 24896
[16:07:01.022] [SEVERE ] setting player 1 freeze to 0
[16:07:01.023] [SEVERE ] setting player 2 freeze to 0
[16:07:01.023] [SEVERE ] setting player 3 freeze to 1235
[16:07:01.023] [SEVERE ] setting player 4 freeze to 1359
[16:07:01.085] [SEVERE ] updating countdown to 24833
[16:07:01.086] [SEVERE ] setting player 1 freeze to 0
[16:07:01.087] [SEVERE ] setting player 2 freeze to 0
[16:07:01.087] [SEVERE ] setting player 3 freeze to 1171
[16:07:01.088] [SEVERE ] setting player 4 freeze to 1294
[16:07:01.147] [SEVERE ] updating countdown to 24771
[16:07:01.148] [SEVERE ] setting player 1 freeze to 0
[16:07:01.148] [SEVERE ] setting player 2 freeze to 0
[16:07:01.149] [SEVERE ] setting player 3 freeze to 1109
[16:07:01.149] [SEVERE ] setting player 4 freeze to 1233
[16:07:01.210] [SEVERE ] updating countdown to 24708
[16:07:01.211] [SEVERE ] setting player 1 freeze to 0
[16:07:01.211] [SEVERE ] setting player 2 freeze to 0
[16:07:01.212] [SEVERE ] setting player 3 freeze to 1046
[16:07:01.212] [SEVERE ] setting player 4 freeze to 1170
[16:07:01.271] [SEVERE ] updating countdown to 24647
[16:07:01.272] [SEVERE ] setting player 1 freeze to 0
[16:07:01.272] [SEVERE ] setting player 2 freeze to 0
[16:07:01.273] [SEVERE ] setting player 3 freeze to 985
[16:07:01.274] [SEVERE ] setting player 4 freeze to 1108
[16:07:01.334] [SEVERE ] updating countdown to 24584
[16:07:01.334] [SEVERE ] setting player 1 freeze to 0
[16:07:01.334] [SEVERE ] setting player 2 freeze to 0
[16:07:01.335] [SEVERE ] setting player 3 freeze to 923
[16:07:01.335] [SEVERE ] setting player 4 freeze to 1047
[16:07:01.397] [SEVERE ] updating countdown to 24521
[16:07:01.397] [SEVERE ] setting player 1 freeze to 0
[16:07:01.397] [SEVERE ] setting player 2 freeze to 0
[16:07:01.397] [SEVERE ] setting player 3 freeze to 861
[16:07:01.397] [SEVERE ] setting player 4 freeze to 985
[16:07:01.459] [SEVERE ] updating countdown to 24459
[16:07:01.460] [SEVERE ] setting player 1 freeze to 0
[16:07:01.460] [SEVERE ] setting player 2 freeze to 0
[16:07:01.460] [SEVERE ] setting player 3 freeze to 798
[16:07:01.461] [SEVERE ] setting player 4 freeze to 921
[16:07:01.522] [SEVERE ] updating countdown to 24396
[16:07:01.523] [SEVERE ] setting player 1 freeze to 0
[16:07:01.523] [SEVERE ] setting player 2 freeze to 0
[16:07:01.524] [SEVERE ] setting player 3 freeze to 734
[16:07:01.524] [SEVERE ] setting player 4 freeze to 858
[16:07:01.584] [SEVERE ] updating countdown to 24334
[16:07:01.585] [SEVERE ] setting player 1 freeze to 0
[16:07:01.585] [SEVERE ] setting player 2 freeze to 0
[16:07:01.586] [SEVERE ] setting player 3 freeze to 672
[16:07:01.586] [SEVERE ] setting player 4 freeze to 796
[16:07:01.648] [SEVERE ] updating countdown to 24270
[16:07:01.648] [SEVERE ] setting player 1 freeze to 0
[16:07:01.649] [SEVERE ] setting player 2 freeze to 0
[16:07:01.649] [SEVERE ] setting player 3 freeze to 609
[16:07:01.650] [SEVERE ] setting player 4 freeze to 732
[16:07:01.712] [SEVERE ] updating countdown to 24206
[16:07:01.713] [SEVERE ] setting player 1 freeze to 0
[16:07:01.713] [SEVERE ] setting player 2 freeze to 0
[16:07:01.713] [SEVERE ] setting player 3 freeze to 545
[16:07:01.714] [SEVERE ] setting player 4 freeze to 668
[16:07:01.775] [SEVERE ] updating countdown to 24143
[16:07:01.775] [SEVERE ] setting player 1 freeze to 0
[16:07:01.776] [SEVERE ] setting player 2 freeze to 0
[16:07:01.776] [SEVERE ] setting player 3 freeze to 482
[16:07:01.777] [SEVERE ] setting player 4 freeze to 605
[16:07:01.839] [SEVERE ] updating countdown to 24079
[16:07:01.840] [SEVERE ] setting player 1 freeze to 0
[16:07:01.840] [SEVERE ] setting player 2 freeze to 0
[16:07:01.840] [SEVERE ] setting player 3 freeze to 418
[16:07:01.840] [SEVERE ] setting player 4 freeze to 542
[16:07:01.903] [SEVERE ] updating countdown to 24015
[16:07:01.903] [SEVERE ] setting player 1 freeze to 0
[16:07:01.903] [SEVERE ] setting player 2 freeze to 0
[16:07:01.904] [SEVERE ] setting player 3 freeze to 354
[16:07:01.904] [SEVERE ] setting player 4 freeze to 478
[16:07:01.965] [SEVERE ] updating countdown to 23953
[16:07:01.965] [SEVERE ] setting player 1 freeze to 0
[16:07:01.966] [SEVERE ] setting player 2 freeze to 0
[16:07:01.966] [SEVERE ] setting player 3 freeze to 292
[16:07:01.966] [SEVERE ] setting player 4 freeze to 416
[16:07:02.027] [SEVERE ] updating countdown to 23891
[16:07:02.027] [SEVERE ] setting player 1 freeze to 0
[16:07:02.027] [SEVERE ] setting player 2 freeze to 0
[16:07:02.028] [SEVERE ] setting player 3 freeze to 230
[16:07:02.028] [SEVERE ] setting player 4 freeze to 354
[16:07:02.090] [SEVERE ] updating countdown to 23828
[16:07:02.091] [SEVERE ] setting player 1 freeze to 0
[16:07:02.091] [SEVERE ] setting player 2 freeze to 0
[16:07:02.092] [SEVERE ] setting player 3 freeze to 166
[16:07:02.092] [SEVERE ] setting player 4 freeze to 290
[16:07:02.154] [SEVERE ] updating countdown to 23764
[16:07:02.155] [SEVERE ] setting player 1 freeze to 0
[16:07:02.155] [SEVERE ] setting player 2 freeze to 0
[16:07:02.155] [SEVERE ] setting player 3 freeze to 103
[16:07:02.156] [SEVERE ] setting player 4 freeze to 226
[16:07:02.217] [SEVERE ] updating countdown to 23701
[16:07:02.217] [SEVERE ] setting player 1 freeze to 0
[16:07:02.218] [SEVERE ] setting player 2 freeze to 0
[16:07:02.218] [SEVERE ] setting player 3 freeze to 40
[16:07:02.218] [SEVERE ] setting player 4 freeze to 164
[16:07:02.267] [SEVERE ] exit button pressed
[16:07:02.267] [SEVERE ] thanks for playing... it was fun!
[16:07:02.268] [INFO   ] thread main terminated.
