[16:50:38.754] [INFO   ] thread main starting.
[16:50:38.764] [SEVERE ] cannot read configuration file config.properties trying from resources.
[16:50:38.769] [SEVERE ] configuration file was loaded from resources directory.
[16:50:39.775] [INFO   ] thread dealer starting.
[16:50:39.776] [INFO   ] Thread dealer starting.
[16:50:39.880] [SEVERE ] placing card 0 in slot 10
[16:50:39.990] [SEVERE ] placing card 1 in slot 0
[16:50:40.100] [SEVERE ] placing card 2 in slot 4
[16:50:40.210] [SEVERE ] placing card 3 in slot 6
[16:50:40.319] [SEVERE ] placing card 4 in slot 5
[16:50:40.429] [SEVERE ] placing card 5 in slot 2
[16:50:40.540] [SEVERE ] placing card 6 in slot 7
[16:50:40.651] [SEVERE ] placing card 7 in slot 3
[16:50:40.762] [SEVERE ] placing card 8 in slot 11
[16:50:40.874] [SEVERE ] placing card 9 in slot 9
[16:50:40.986] [SEVERE ] placing card 10 in slot 1
[16:50:41.097] [SEVERE ] placing card 11 in slot 8
[16:50:41.097] [INFO   ] Thread 0 starting.
[16:50:41.102] [INFO   ] Thread 2 starting.
[16:50:41.097] [INFO   ] Thread 1 starting.
[16:50:41.104] [INFO   ] Thread 3 starting.
[16:50:41.109] [INFO   ] Thread computer-1 starting.
[16:50:41.104] [INFO   ] Thread computer-2 starting.
[16:50:41.110] [SEVERE ] player 2 placing token on slot 5
[16:50:41.110] [INFO   ] Thread computer-3 starting.
[16:50:41.110] [SEVERE ] player 3 placing token on slot 9
[16:50:41.110] [SEVERE ] player 4 placing token on slot 3
[16:50:41.341] [SEVERE ] updating countdown to 9786
[16:50:41.343] [SEVERE ] setting player 1 freeze to 0
[16:50:41.343] [SEVERE ] setting player 2 freeze to 0
[16:50:41.343] [SEVERE ] setting player 3 freeze to 0
[16:50:41.347] [SEVERE ] setting player 4 freeze to 0
[16:50:41.343] [SEVERE ] player 2 placing token on slot 2
[16:50:41.349] [SEVERE ] player 4 placing token on slot 11
[16:50:41.348] [SEVERE ] player 3 placing token on slot 0
[16:50:41.571] [SEVERE ] updating countdown to 9556
[16:50:41.571] [SEVERE ] setting player 1 freeze to 0
[16:50:41.571] [SEVERE ] setting player 2 freeze to 0
[16:50:41.571] [SEVERE ] setting player 3 freeze to 0
[16:50:41.576] [SEVERE ] setting player 4 freeze to 0
[16:50:41.571] [SEVERE ] player 2 placing token on slot 10
[16:50:41.577] [SEVERE ] player 4 placing token on slot 7
[16:50:41.577] [SEVERE ] player 3 placing token on slot 11
[16:50:41.581] [SEVERE ] updating countdown to 9546
[16:50:41.586] [SEVERE ] setting player 1 freeze to 0
[16:50:41.586] [SEVERE ] setting player 2 freeze to 0
[16:50:41.586] [SEVERE ] setting player 3 freeze to 0
[16:50:41.586] [SEVERE ] setting player 4 freeze to 0
[16:50:41.799] [SEVERE ] updating countdown to 9328
[16:50:41.803] [SEVERE ] removing player 3 token from slot 11
[16:50:41.804] [SEVERE ] removing player 4 token from slot 3
[16:50:41.805] [SEVERE ] removing player 4 token from slot 11
[16:50:41.807] [SEVERE ] removing player 4 token from slot 7
[16:50:41.910] [SEVERE ] removing card from slot 3
[16:50:42.021] [SEVERE ] removing card from slot 11
[16:50:42.132] [SEVERE ] removing card from slot 7
[16:50:42.134] [SEVERE ] setting player 4 score to 1
[16:50:42.134] [SEVERE ] updating countdown to 10000
[16:50:42.244] [SEVERE ] placing card 12 in slot 3
[16:50:42.356] [SEVERE ] placing card 13 in slot 7
[16:50:42.467] [SEVERE ] placing card 14 in slot 11
[16:50:42.468] [SEVERE ] setting player 1 freeze to 0
[16:50:42.469] [SEVERE ] setting player 2 freeze to 0
[16:50:42.469] [SEVERE ] setting player 3 freeze to 0
[16:50:42.469] [SEVERE ] setting player 4 freeze to 0
[16:50:42.674] [SEVERE ] updating countdown to 9460
[16:50:42.674] [SEVERE ] setting player 1 freeze to 0
[16:50:42.677] [SEVERE ] setting player 2 freeze to 0
[16:50:42.677] [SEVERE ] setting player 3 freeze to 0
[16:50:42.677] [SEVERE ] removing player 2 token from slot 5
[16:50:42.682] [SEVERE ] setting player 4 freeze to 0
[16:50:42.682] [SEVERE ] removing player 3 token from slot 0
[16:50:42.684] [SEVERE ] player 4 placing token on slot 4
[16:50:42.893] [SEVERE ] updating countdown to 9241
[16:50:42.893] [SEVERE ] setting player 1 freeze to 0
[16:50:42.897] [SEVERE ] setting player 2 freeze to 0
[16:50:42.897] [SEVERE ] setting player 3 freeze to 0
[16:50:42.901] [SEVERE ] setting player 4 freeze to 0
[16:50:42.897] [SEVERE ] player 2 placing token on slot 9
[16:50:42.903] [SEVERE ] player 4 placing token on slot 6
[16:50:42.902] [SEVERE ] player 3 placing token on slot 8
[16:50:42.903] [SEVERE ] updating countdown to 9231
[16:50:42.908] [SEVERE ] setting player 1 freeze to 0
[16:50:42.908] [SEVERE ] setting player 2 freeze to 0
[16:50:42.911] [SEVERE ] setting player 3 freeze to 0
[16:50:42.911] [SEVERE ] setting player 4 freeze to 0
[16:50:42.911] [SEVERE ] player 3 placing token on slot 11
[16:50:42.915] [SEVERE ] removing player 4 token from slot 4
[16:50:42.917] [SEVERE ] updating countdown to 9217
[16:50:42.918] [SEVERE ] setting player 1 freeze to 0
[16:50:42.918] [SEVERE ] setting player 2 freeze to 0
[16:50:42.918] [SEVERE ] setting player 3 freeze to 0
[16:50:42.918] [SEVERE ] setting player 4 freeze to 0
[16:50:42.918] [SEVERE ] player 4 placing token on slot 5
[16:50:43.122] [SEVERE ] updating countdown to 9012
[16:50:43.122] [SEVERE ] setting player 1 freeze to 0
[16:50:43.122] [SEVERE ] setting player 2 freeze to 0
[16:50:43.122] [SEVERE ] setting player 3 freeze to 0
[16:50:43.122] [SEVERE ] setting player 4 freeze to 0
[16:50:43.122] [SEVERE ] player 4 placing token on slot 9
[16:50:43.127] [SEVERE ] updating countdown to 9007
[16:50:43.128] [SEVERE ] setting player 1 freeze to 0
[16:50:43.128] [SEVERE ] setting player 2 freeze to 0
[16:50:43.128] [SEVERE ] setting player 3 freeze to 0
[16:50:43.128] [SEVERE ] setting player 4 freeze to 0
[16:50:43.328] [SEVERE ] updating countdown to 8806
[16:50:43.330] [SEVERE ] setting player 1 freeze to 0
[16:50:43.330] [SEVERE ] setting player 2 freeze to 0
[16:50:43.332] [SEVERE ] setting player 3 freeze to 0
[16:50:43.332] [SEVERE ] setting player 4 freeze to 0
[16:50:43.549] [SEVERE ] updating countdown to 8585
[16:50:43.549] [SEVERE ] setting player 1 freeze to 0
[16:50:43.549] [SEVERE ] setting player 2 freeze to 0
[16:50:43.553] [SEVERE ] setting player 3 freeze to 0
[16:50:43.553] [SEVERE ] removing player 2 token from slot 9
[16:50:43.555] [SEVERE ] setting player 4 freeze to 0
[16:50:43.763] [SEVERE ] updating countdown to 8371
[16:50:43.763] [SEVERE ] setting player 1 freeze to 0
[16:50:43.763] [SEVERE ] setting player 2 freeze to 0
[16:50:43.763] [SEVERE ] setting player 3 freeze to 0
[16:50:43.767] [SEVERE ] setting player 4 freeze to 0
[16:50:43.763] [SEVERE ] player 2 placing token on slot 0
[16:50:43.768] [SEVERE ] updating countdown to 8366
[16:50:43.768] [SEVERE ] setting player 1 freeze to 0
[16:50:43.768] [SEVERE ] setting player 2 freeze to 0
[16:50:43.768] [SEVERE ] setting player 3 freeze to 0
[16:50:43.775] [SEVERE ] setting player 4 freeze to 0
[16:50:43.776] [SEVERE ] removing player 4 token from slot 6
[16:50:43.988] [SEVERE ] updating countdown to 8146
[16:50:43.990] [SEVERE ] setting player 1 freeze to 0
[16:50:43.990] [SEVERE ] setting player 2 freeze to 0
[16:50:43.990] [SEVERE ] setting player 3 freeze to 0
[16:50:43.990] [SEVERE ] setting player 4 freeze to 0
[16:50:43.993] [SEVERE ] player 4 placing token on slot 7
[16:50:43.993] [SEVERE ] updating countdown to 8141
[16:50:43.993] [SEVERE ] setting player 1 freeze to 0
[16:50:43.993] [SEVERE ] setting player 2 freeze to 0
[16:50:43.993] [SEVERE ] setting player 3 freeze to 0
[16:50:43.998] [SEVERE ] setting player 4 freeze to 0
[16:50:44.210] [SEVERE ] updating countdown to 7924
[16:50:44.210] [SEVERE ] setting player 1 freeze to 0
[16:50:44.210] [SEVERE ] setting player 2 freeze to 0
[16:50:44.213] [SEVERE ] setting player 3 freeze to 0
[16:50:44.215] [SEVERE ] setting player 4 freeze to 0
[16:50:44.432] [SEVERE ] updating countdown to 7702
[16:50:44.434] [SEVERE ] setting player 1 freeze to 0
[16:50:44.434] [SEVERE ] setting player 2 freeze to 0
[16:50:44.435] [SEVERE ] setting player 3 freeze to 0
[16:50:44.436] [SEVERE ] setting player 4 freeze to 0
[16:50:44.435] [SEVERE ] removing player 2 token from slot 0
[16:50:44.642] [SEVERE ] updating countdown to 7492
[16:50:44.644] [SEVERE ] setting player 1 freeze to 0
[16:50:44.644] [SEVERE ] setting player 2 freeze to 0
[16:50:44.644] [SEVERE ] setting player 3 freeze to 0
[16:50:44.644] [SEVERE ] setting player 4 freeze to 0
[16:50:44.644] [SEVERE ] player 2 placing token on slot 7
[16:50:44.650] [SEVERE ] updating countdown to 7484
[16:50:44.650] [SEVERE ] setting player 1 freeze to 0
[16:50:44.650] [SEVERE ] setting player 2 freeze to 0
[16:50:44.650] [SEVERE ] setting player 3 freeze to 0
[16:50:44.650] [SEVERE ] setting player 4 freeze to 0
[16:50:44.650] [SEVERE ] removing player 4 token from slot 5
[16:50:44.856] [SEVERE ] updating countdown to 7278
[16:50:44.858] [SEVERE ] setting player 1 freeze to 0
[16:50:44.859] [SEVERE ] setting player 2 freeze to 0
[16:50:44.859] [SEVERE ] setting player 3 freeze to 0
[16:50:44.859] [SEVERE ] setting player 4 freeze to 0
[16:50:44.862] [SEVERE ] removing player 3 token from slot 8
[16:50:44.863] [SEVERE ] player 4 placing token on slot 0
[16:50:44.864] [SEVERE ] updating countdown to 7270
[16:50:44.866] [SEVERE ] setting player 1 freeze to 0
[16:50:44.866] [SEVERE ] setting player 2 freeze to 0
[16:50:44.866] [SEVERE ] setting player 3 freeze to 0
[16:50:44.866] [SEVERE ] setting player 4 freeze to 0
[16:50:44.866] [SEVERE ] player 3 placing token on slot 3
[16:50:44.873] [SEVERE ] updating countdown to 7261
[16:50:44.874] [SEVERE ] setting player 1 freeze to 0
[16:50:44.874] [SEVERE ] setting player 2 freeze to 0
[16:50:44.876] [SEVERE ] setting player 3 freeze to 0
[16:50:44.876] [SEVERE ] setting player 4 freeze to 0
[16:50:45.092] [SEVERE ] updating countdown to 7042
[16:50:45.094] [SEVERE ] setting player 1 freeze to 0
[16:50:45.095] [SEVERE ] setting player 2 freeze to 0
[16:50:45.094] [SEVERE ] exit button pressed
[16:50:45.096] [SEVERE ] removing player 2 token from slot 7
[16:50:45.096] [SEVERE ] setting player 3 freeze to 0
[16:50:45.099] [SEVERE ] setting player 4 freeze to 0
[16:50:45.099] [INFO   ] Thread computer-3 terminated.
[16:50:45.099] [INFO   ] Thread 3 terminated.
[16:50:45.305] [SEVERE ] updating countdown to 6829
[16:50:45.305] [SEVERE ] setting player 1 freeze to 0
[16:50:45.305] [SEVERE ] setting player 2 freeze to 0
[16:50:45.305] [SEVERE ] setting player 3 freeze to 0
[16:50:45.309] [SEVERE ] setting player 4 freeze to 0
[16:50:45.305] [SEVERE ] player 2 placing token on slot 9
[16:50:45.309] [INFO   ] Thread computer-2 terminated.
[16:50:45.310] [SEVERE ] updating countdown to 6824
[16:50:45.311] [INFO   ] Thread 2 terminated.
[16:50:45.313] [SEVERE ] setting player 1 freeze to 0
[16:50:45.314] [SEVERE ] setting player 2 freeze to 0
[16:50:45.314] [SEVERE ] setting player 3 freeze to 0
[16:50:45.316] [SEVERE ] setting player 4 freeze to 0
[16:50:45.314] [INFO   ] Thread computer-1 terminated.
[16:50:45.318] [INFO   ] Thread 1 terminated.
[16:50:45.318] [INFO   ] Thread 0 terminated.
[16:50:45.320] [SEVERE ] thanks for playing... it was fun!
[16:50:45.321] [INFO   ] thread main terminated.
