[16:16:03.276] [INFO   ] thread main starting.
[16:16:03.286] [SEVERE ] cannot read configuration file config.properties trying from resources.
[16:16:03.290] [SEVERE ] configuration file was loaded from resources directory.
[16:16:04.350] [INFO   ] thread dealer starting.
[16:16:04.353] [INFO   ] Thread dealer starting.
[16:16:04.464] [SEVERE ] placing card 0 in slot 6
[16:16:04.574] [SEVERE ] placing card 1 in slot 8
[16:16:04.686] [SEVERE ] placing card 2 in slot 1
[16:16:04.795] [SEVERE ] placing card 3 in slot 7
[16:16:04.906] [SEVERE ] placing card 4 in slot 2
[16:16:05.015] [SEVERE ] placing card 5 in slot 5
[16:16:05.126] [SEVERE ] placing card 6 in slot 11
[16:16:05.237] [SEVERE ] placing card 7 in slot 0
[16:16:05.347] [SEVERE ] placing card 8 in slot 10
[16:16:05.458] [SEVERE ] placing card 9 in slot 3
[16:16:05.569] [SEVERE ] placing card 10 in slot 9
[16:16:05.680] [SEVERE ] placing card 11 in slot 4
[16:16:05.682] [INFO   ] Thread 0 starting.
[16:16:05.683] [INFO   ] Thread 3 starting.
[16:16:05.682] [INFO   ] Thread 2 starting.
[16:16:05.682] [INFO   ] Thread 1 starting.
[16:16:05.686] [INFO   ] Thread computer-3 starting.
[16:16:05.686] [INFO   ] Thread computer-2 starting.
[16:16:05.687] [SEVERE ] player 4 placing token on slot 7
[16:16:05.688] [SEVERE ] player 3 placing token on slot 3
[16:16:05.759] [SEVERE ] updating countdown to 9937
[16:16:05.761] [SEVERE ] setting player 1 freeze to 0
[16:16:05.762] [SEVERE ] setting player 2 freeze to 0
[16:16:05.763] [SEVERE ] setting player 3 freeze to 0
[16:16:05.764] [SEVERE ] setting player 4 freeze to 0
[16:16:05.764] [SEVERE ] player 3 placing token on slot 7
[16:16:05.765] [SEVERE ] removing player 4 token from slot 7
[16:16:05.822] [SEVERE ] updating countdown to 9874
[16:16:05.824] [SEVERE ] setting player 1 freeze to 0
[16:16:05.826] [SEVERE ] setting player 2 freeze to 0
[16:16:05.827] [SEVERE ] setting player 3 freeze to 0
[16:16:05.827] [SEVERE ] setting player 4 freeze to 0
[16:16:05.828] [SEVERE ] player 3 placing token on slot 1
[16:16:05.829] [SEVERE ] player 4 placing token on slot 10
[16:16:05.885] [SEVERE ] updating countdown to 9811
[16:16:05.885] [SEVERE ] setting player 1 freeze to 0
[16:16:05.886] [SEVERE ] setting player 2 freeze to 0
[16:16:05.886] [SEVERE ] setting player 3 freeze to 2999
[16:16:05.887] [SEVERE ] setting player 4 freeze to 0
[16:16:05.887] [SEVERE ] player 4 placing token on slot 9
[16:16:05.949] [SEVERE ] updating countdown to 9747
[16:16:05.950] [SEVERE ] setting player 1 freeze to 0
[16:16:05.951] [SEVERE ] setting player 2 freeze to 0
[16:16:05.951] [SEVERE ] setting player 3 freeze to 2934
[16:16:05.952] [SEVERE ] setting player 4 freeze to 0
[16:16:05.952] [SEVERE ] player 4 placing token on slot 11
[16:16:05.953] [SEVERE ] updating countdown to 9743
[16:16:05.954] [SEVERE ] setting player 1 freeze to 0
[16:16:05.954] [SEVERE ] setting player 2 freeze to 0
[16:16:05.955] [SEVERE ] setting player 3 freeze to 2930
[16:16:05.955] [SEVERE ] setting player 4 freeze to 2999
[16:16:06.011] [SEVERE ] updating countdown to 9685
[16:16:06.012] [SEVERE ] setting player 1 freeze to 0
[16:16:06.012] [SEVERE ] setting player 2 freeze to 0
[16:16:06.013] [SEVERE ] setting player 3 freeze to 2872
[16:16:06.013] [SEVERE ] setting player 4 freeze to 2941
[16:16:06.073] [SEVERE ] updating countdown to 9623
[16:16:06.074] [SEVERE ] setting player 1 freeze to 0
[16:16:06.074] [SEVERE ] setting player 2 freeze to 0
[16:16:06.074] [SEVERE ] setting player 3 freeze to 2811
[16:16:06.075] [SEVERE ] setting player 4 freeze to 2879
[16:16:06.135] [SEVERE ] updating countdown to 9561
[16:16:06.136] [SEVERE ] setting player 1 freeze to 0
[16:16:06.137] [SEVERE ] setting player 2 freeze to 0
[16:16:06.137] [SEVERE ] setting player 3 freeze to 2748
[16:16:06.138] [SEVERE ] setting player 4 freeze to 2816
[16:16:06.198] [SEVERE ] updating countdown to 9498
[16:16:06.199] [SEVERE ] setting player 1 freeze to 0
[16:16:06.199] [SEVERE ] setting player 2 freeze to 0
[16:16:06.200] [SEVERE ] setting player 3 freeze to 2685
[16:16:06.200] [SEVERE ] setting player 4 freeze to 2754
[16:16:06.262] [SEVERE ] updating countdown to 9434
[16:16:06.262] [SEVERE ] setting player 1 freeze to 0
[16:16:06.263] [SEVERE ] setting player 2 freeze to 0
[16:16:06.263] [SEVERE ] setting player 3 freeze to 2622
[16:16:06.264] [SEVERE ] setting player 4 freeze to 2690
[16:16:06.325] [SEVERE ] updating countdown to 9371
[16:16:06.326] [SEVERE ] setting player 1 freeze to 0
[16:16:06.327] [SEVERE ] setting player 2 freeze to 0
[16:16:06.327] [SEVERE ] setting player 3 freeze to 2558
[16:16:06.328] [SEVERE ] setting player 4 freeze to 2626
[16:16:06.388] [SEVERE ] updating countdown to 9308
[16:16:06.389] [SEVERE ] setting player 1 freeze to 0
[16:16:06.389] [SEVERE ] setting player 2 freeze to 0
[16:16:06.389] [SEVERE ] setting player 3 freeze to 2496
[16:16:06.390] [SEVERE ] setting player 4 freeze to 2564
[16:16:06.450] [SEVERE ] updating countdown to 9246
[16:16:06.451] [SEVERE ] setting player 1 freeze to 0
[16:16:06.451] [SEVERE ] setting player 2 freeze to 0
[16:16:06.452] [SEVERE ] setting player 3 freeze to 2433
[16:16:06.452] [SEVERE ] setting player 4 freeze to 2502
[16:16:06.512] [SEVERE ] updating countdown to 9184
[16:16:06.513] [SEVERE ] setting player 1 freeze to 0
[16:16:06.514] [SEVERE ] setting player 2 freeze to 0
[16:16:06.514] [SEVERE ] setting player 3 freeze to 2371
[16:16:06.515] [SEVERE ] setting player 4 freeze to 2439
[16:16:06.575] [SEVERE ] updating countdown to 9121
[16:16:06.575] [SEVERE ] setting player 1 freeze to 0
[16:16:06.576] [SEVERE ] setting player 2 freeze to 0
[16:16:06.576] [SEVERE ] setting player 3 freeze to 2309
[16:16:06.577] [SEVERE ] setting player 4 freeze to 2378
[16:16:06.637] [SEVERE ] updating countdown to 9059
[16:16:06.638] [SEVERE ] setting player 1 freeze to 0
[16:16:06.639] [SEVERE ] setting player 2 freeze to 0
[16:16:06.639] [SEVERE ] setting player 3 freeze to 2246
[16:16:06.640] [SEVERE ] setting player 4 freeze to 2314
[16:16:06.700] [SEVERE ] updating countdown to 8996
[16:16:06.701] [SEVERE ] setting player 1 freeze to 0
[16:16:06.702] [SEVERE ] setting player 2 freeze to 0
[16:16:06.703] [SEVERE ] setting player 3 freeze to 2182
[16:16:06.704] [SEVERE ] setting player 4 freeze to 2251
[16:16:06.763] [SEVERE ] updating countdown to 8933
[16:16:06.764] [SEVERE ] setting player 1 freeze to 0
[16:16:06.764] [SEVERE ] setting player 2 freeze to 0
[16:16:06.765] [SEVERE ] setting player 3 freeze to 2120
[16:16:06.765] [SEVERE ] setting player 4 freeze to 2189
[16:16:06.826] [SEVERE ] updating countdown to 8870
[16:16:06.827] [SEVERE ] setting player 1 freeze to 0
[16:16:06.828] [SEVERE ] setting player 2 freeze to 0
[16:16:06.828] [SEVERE ] setting player 3 freeze to 2057
[16:16:06.829] [SEVERE ] setting player 4 freeze to 2125
[16:16:06.889] [SEVERE ] updating countdown to 8807
[16:16:06.890] [SEVERE ] setting player 1 freeze to 0
[16:16:06.891] [SEVERE ] setting player 2 freeze to 0
[16:16:06.892] [SEVERE ] setting player 3 freeze to 1993
[16:16:06.893] [SEVERE ] setting player 4 freeze to 2061
[16:16:06.953] [SEVERE ] updating countdown to 8743
[16:16:06.954] [SEVERE ] setting player 1 freeze to 0
[16:16:06.955] [SEVERE ] setting player 2 freeze to 0
[16:16:06.955] [SEVERE ] setting player 3 freeze to 1930
[16:16:06.956] [SEVERE ] setting player 4 freeze to 1998
[16:16:07.015] [SEVERE ] updating countdown to 8681
[16:16:07.016] [SEVERE ] setting player 1 freeze to 0
[16:16:07.017] [SEVERE ] setting player 2 freeze to 0
[16:16:07.018] [SEVERE ] setting player 3 freeze to 1867
[16:16:07.019] [SEVERE ] setting player 4 freeze to 1935
[16:16:07.077] [SEVERE ] updating countdown to 8619
[16:16:07.078] [SEVERE ] setting player 1 freeze to 0
[16:16:07.079] [SEVERE ] setting player 2 freeze to 0
[16:16:07.079] [SEVERE ] setting player 3 freeze to 1806
[16:16:07.079] [SEVERE ] setting player 4 freeze to 1875
[16:16:07.141] [SEVERE ] updating countdown to 8555
[16:16:07.142] [SEVERE ] setting player 1 freeze to 0
[16:16:07.142] [SEVERE ] setting player 2 freeze to 0
[16:16:07.143] [SEVERE ] setting player 3 freeze to 1742
[16:16:07.143] [SEVERE ] setting player 4 freeze to 1811
[16:16:07.203] [SEVERE ] updating countdown to 8493
[16:16:07.203] [SEVERE ] setting player 1 freeze to 0
[16:16:07.204] [SEVERE ] setting player 2 freeze to 0
[16:16:07.204] [SEVERE ] setting player 3 freeze to 1681
[16:16:07.204] [SEVERE ] setting player 4 freeze to 1750
[16:16:07.265] [SEVERE ] updating countdown to 8431
[16:16:07.265] [SEVERE ] setting player 1 freeze to 0
[16:16:07.266] [SEVERE ] setting player 2 freeze to 0
[16:16:07.266] [SEVERE ] setting player 3 freeze to 1619
[16:16:07.266] [SEVERE ] setting player 4 freeze to 1688
[16:16:07.329] [SEVERE ] updating countdown to 8367
[16:16:07.330] [SEVERE ] setting player 1 freeze to 0
[16:16:07.330] [SEVERE ] setting player 2 freeze to 0
[16:16:07.331] [SEVERE ] setting player 3 freeze to 1554
[16:16:07.331] [SEVERE ] setting player 4 freeze to 1623
[16:16:07.391] [SEVERE ] updating countdown to 8305
[16:16:07.391] [SEVERE ] setting player 1 freeze to 0
[16:16:07.392] [SEVERE ] setting player 2 freeze to 0
[16:16:07.392] [SEVERE ] setting player 3 freeze to 1493
[16:16:07.392] [SEVERE ] setting player 4 freeze to 1562
[16:16:07.453] [SEVERE ] updating countdown to 8243
[16:16:07.454] [SEVERE ] setting player 1 freeze to 0
[16:16:07.454] [SEVERE ] setting player 2 freeze to 0
[16:16:07.455] [SEVERE ] setting player 3 freeze to 1430
[16:16:07.456] [SEVERE ] setting player 4 freeze to 1498
[16:16:07.516] [SEVERE ] updating countdown to 8180
[16:16:07.517] [SEVERE ] setting player 1 freeze to 0
[16:16:07.517] [SEVERE ] setting player 2 freeze to 0
[16:16:07.519] [SEVERE ] setting player 3 freeze to 1366
[16:16:07.519] [SEVERE ] setting player 4 freeze to 1435
[16:16:07.579] [SEVERE ] updating countdown to 8117
[16:16:07.580] [SEVERE ] setting player 1 freeze to 0
[16:16:07.581] [SEVERE ] setting player 2 freeze to 0
[16:16:07.582] [SEVERE ] setting player 3 freeze to 1303
[16:16:07.583] [SEVERE ] setting player 4 freeze to 1371
[16:16:07.642] [SEVERE ] updating countdown to 8054
[16:16:07.643] [SEVERE ] setting player 1 freeze to 0
[16:16:07.643] [SEVERE ] setting player 2 freeze to 0
[16:16:07.644] [SEVERE ] setting player 3 freeze to 1241
[16:16:07.645] [SEVERE ] setting player 4 freeze to 1310
[16:16:07.706] [SEVERE ] updating countdown to 7990
[16:16:07.708] [SEVERE ] setting player 1 freeze to 0
[16:16:07.709] [SEVERE ] setting player 2 freeze to 0
[16:16:07.710] [SEVERE ] setting player 3 freeze to 1175
[16:16:07.711] [SEVERE ] setting player 4 freeze to 1243
[16:16:07.768] [SEVERE ] updating countdown to 7928
[16:16:07.769] [SEVERE ] setting player 1 freeze to 0
[16:16:07.770] [SEVERE ] setting player 2 freeze to 0
[16:16:07.771] [SEVERE ] setting player 3 freeze to 1114
[16:16:07.771] [SEVERE ] setting player 4 freeze to 1183
[16:16:07.830] [SEVERE ] updating countdown to 7866
[16:16:07.831] [SEVERE ] setting player 1 freeze to 0
[16:16:07.833] [SEVERE ] setting player 2 freeze to 0
[16:16:07.834] [SEVERE ] setting player 3 freeze to 1051
[16:16:07.835] [SEVERE ] setting player 4 freeze to 1119
[16:16:07.894] [SEVERE ] updating countdown to 7802
[16:16:07.894] [SEVERE ] setting player 1 freeze to 0
[16:16:07.894] [SEVERE ] setting player 2 freeze to 0
[16:16:07.894] [SEVERE ] setting player 3 freeze to 991
[16:16:07.894] [SEVERE ] setting player 4 freeze to 1060
[16:16:07.958] [SEVERE ] updating countdown to 7738
[16:16:07.958] [SEVERE ] setting player 1 freeze to 0
[16:16:07.958] [SEVERE ] setting player 2 freeze to 0
[16:16:07.958] [SEVERE ] setting player 3 freeze to 927
[16:16:07.958] [SEVERE ] setting player 4 freeze to 996
[16:16:08.022] [SEVERE ] updating countdown to 7674
[16:16:08.022] [SEVERE ] setting player 1 freeze to 0
[16:16:08.022] [SEVERE ] setting player 2 freeze to 0
[16:16:08.022] [SEVERE ] setting player 3 freeze to 863
[16:16:08.023] [SEVERE ] setting player 4 freeze to 931
[16:16:08.086] [SEVERE ] updating countdown to 7610
[16:16:08.086] [SEVERE ] setting player 1 freeze to 0
[16:16:08.086] [SEVERE ] setting player 2 freeze to 0
[16:16:08.087] [SEVERE ] setting player 3 freeze to 798
[16:16:08.087] [SEVERE ] setting player 4 freeze to 867
[16:16:08.149] [SEVERE ] updating countdown to 7547
[16:16:08.149] [SEVERE ] setting player 1 freeze to 0
[16:16:08.149] [SEVERE ] setting player 2 freeze to 0
[16:16:08.149] [SEVERE ] setting player 3 freeze to 736
[16:16:08.150] [SEVERE ] setting player 4 freeze to 804
[16:16:08.212] [SEVERE ] updating countdown to 7484
[16:16:08.212] [SEVERE ] setting player 1 freeze to 0
[16:16:08.212] [SEVERE ] setting player 2 freeze to 0
[16:16:08.212] [SEVERE ] setting player 3 freeze to 673
[16:16:08.212] [SEVERE ] setting player 4 freeze to 742
[16:16:08.275] [SEVERE ] updating countdown to 7421
[16:16:08.275] [SEVERE ] setting player 1 freeze to 0
[16:16:08.275] [SEVERE ] setting player 2 freeze to 0
[16:16:08.275] [SEVERE ] setting player 3 freeze to 610
[16:16:08.275] [SEVERE ] setting player 4 freeze to 679
[16:16:08.338] [SEVERE ] updating countdown to 7358
[16:16:08.339] [SEVERE ] setting player 1 freeze to 0
[16:16:08.340] [SEVERE ] setting player 2 freeze to 0
[16:16:08.340] [SEVERE ] setting player 3 freeze to 545
[16:16:08.340] [SEVERE ] setting player 4 freeze to 614
[16:16:08.401] [SEVERE ] updating countdown to 7295
[16:16:08.402] [SEVERE ] setting player 1 freeze to 0
[16:16:08.403] [SEVERE ] setting player 2 freeze to 0
[16:16:08.404] [SEVERE ] setting player 3 freeze to 481
[16:16:08.404] [SEVERE ] setting player 4 freeze to 550
[16:16:08.464] [SEVERE ] updating countdown to 7232
[16:16:08.464] [SEVERE ] setting player 1 freeze to 0
[16:16:08.465] [SEVERE ] setting player 2 freeze to 0
[16:16:08.465] [SEVERE ] setting player 3 freeze to 420
[16:16:08.465] [SEVERE ] setting player 4 freeze to 489
[16:16:08.528] [SEVERE ] updating countdown to 7168
[16:16:08.529] [SEVERE ] setting player 1 freeze to 0
[16:16:08.530] [SEVERE ] setting player 2 freeze to 0
[16:16:08.530] [SEVERE ] setting player 3 freeze to 355
[16:16:08.531] [SEVERE ] setting player 4 freeze to 423
[16:16:08.591] [SEVERE ] updating countdown to 7105
[16:16:08.591] [SEVERE ] setting player 1 freeze to 0
[16:16:08.591] [SEVERE ] setting player 2 freeze to 0
[16:16:08.591] [SEVERE ] setting player 3 freeze to 294
[16:16:08.591] [SEVERE ] setting player 4 freeze to 363
[16:16:08.654] [SEVERE ] updating countdown to 7042
[16:16:08.654] [SEVERE ] setting player 1 freeze to 0
[16:16:08.654] [SEVERE ] setting player 2 freeze to 0
[16:16:08.654] [SEVERE ] setting player 3 freeze to 231
[16:16:08.654] [SEVERE ] setting player 4 freeze to 300
[16:16:08.717] [SEVERE ] updating countdown to 6979
[16:16:08.718] [SEVERE ] setting player 1 freeze to 0
[16:16:08.718] [SEVERE ] setting player 2 freeze to 0
[16:16:08.718] [SEVERE ] setting player 3 freeze to 167
[16:16:08.719] [SEVERE ] setting player 4 freeze to 235
[16:16:08.780] [SEVERE ] updating countdown to 6916
[16:16:08.780] [SEVERE ] setting player 1 freeze to 0
[16:16:08.781] [SEVERE ] setting player 2 freeze to 0
[16:16:08.781] [SEVERE ] setting player 3 freeze to 104
[16:16:08.781] [SEVERE ] setting player 4 freeze to 173
[16:16:08.843] [SEVERE ] updating countdown to 6853
[16:16:08.843] [SEVERE ] setting player 1 freeze to 0
[16:16:08.843] [SEVERE ] setting player 2 freeze to 0
[16:16:08.843] [SEVERE ] setting player 3 freeze to 42
[16:16:08.844] [SEVERE ] setting player 4 freeze to 110
[16:16:08.905] [SEVERE ] updating countdown to 6791
[16:16:08.905] [SEVERE ] setting player 1 freeze to 0
[16:16:08.905] [SEVERE ] setting player 2 freeze to 0
[16:16:08.906] [SEVERE ] setting player 3 freeze to 0
[16:16:08.906] [SEVERE ] setting player 4 freeze to 48
[16:16:08.969] [SEVERE ] updating countdown to 6727
[16:16:08.969] [SEVERE ] setting player 1 freeze to 0
[16:16:08.969] [SEVERE ] setting player 2 freeze to 0
[16:16:08.970] [SEVERE ] setting player 3 freeze to 0
[16:16:08.970] [SEVERE ] setting player 4 freeze to 0
[16:16:09.031] [SEVERE ] updating countdown to 6665
[16:16:09.032] [SEVERE ] setting player 1 freeze to 0
[16:16:09.032] [SEVERE ] setting player 2 freeze to 0
[16:16:09.033] [SEVERE ] setting player 3 freeze to 0
[16:16:09.034] [SEVERE ] setting player 4 freeze to 0
[16:16:09.094] [SEVERE ] updating countdown to 6602
[16:16:09.095] [SEVERE ] setting player 1 freeze to 0
[16:16:09.095] [SEVERE ] setting player 2 freeze to 0
[16:16:09.096] [SEVERE ] setting player 3 freeze to 0
[16:16:09.096] [SEVERE ] setting player 4 freeze to 0
[16:16:09.155] [SEVERE ] updating countdown to 6541
[16:16:09.156] [SEVERE ] setting player 1 freeze to 0
[16:16:09.156] [SEVERE ] setting player 2 freeze to 0
[16:16:09.157] [SEVERE ] setting player 3 freeze to 0
[16:16:09.157] [SEVERE ] setting player 4 freeze to 0
[16:16:09.218] [SEVERE ] updating countdown to 6478
[16:16:09.219] [SEVERE ] setting player 1 freeze to 0
[16:16:09.220] [SEVERE ] setting player 2 freeze to 0
[16:16:09.220] [SEVERE ] setting player 3 freeze to 0
[16:16:09.221] [SEVERE ] setting player 4 freeze to 0
[16:16:09.221] [SEVERE ] removing player 3 token from slot 7
[16:16:09.281] [SEVERE ] updating countdown to 6415
[16:16:09.282] [SEVERE ] setting player 1 freeze to 0
[16:16:09.283] [SEVERE ] setting player 2 freeze to 0
[16:16:09.284] [SEVERE ] setting player 3 freeze to 0
[16:16:09.284] [SEVERE ] setting player 4 freeze to 0
[16:16:09.285] [SEVERE ] player 3 placing token on slot 9
[16:16:09.286] [SEVERE ] updating countdown to 6410
[16:16:09.288] [SEVERE ] setting player 1 freeze to 0
[16:16:09.288] [SEVERE ] setting player 2 freeze to 0
[16:16:09.289] [SEVERE ] setting player 3 freeze to 2998
[16:16:09.290] [SEVERE ] setting player 4 freeze to 0
[16:16:09.291] [SEVERE ] removing player 4 token from slot 10
[16:16:09.342] [SEVERE ] updating countdown to 6354
[16:16:09.343] [SEVERE ] setting player 1 freeze to 0
[16:16:09.343] [SEVERE ] setting player 2 freeze to 0
[16:16:09.343] [SEVERE ] setting player 3 freeze to 2944
[16:16:09.343] [SEVERE ] setting player 4 freeze to 0
[16:16:09.344] [SEVERE ] player 4 placing token on slot 4
[16:16:09.344] [SEVERE ] updating countdown to 6352
[16:16:09.345] [SEVERE ] setting player 1 freeze to 0
[16:16:09.345] [SEVERE ] setting player 2 freeze to 0
[16:16:09.346] [SEVERE ] setting player 3 freeze to 2941
[16:16:09.346] [SEVERE ] setting player 4 freeze to 2999
[16:16:09.405] [SEVERE ] updating countdown to 6291
[16:16:09.405] [SEVERE ] setting player 1 freeze to 0
[16:16:09.406] [SEVERE ] setting player 2 freeze to 0
[16:16:09.406] [SEVERE ] setting player 3 freeze to 2881
[16:16:09.406] [SEVERE ] setting player 4 freeze to 2939
[16:16:09.463] [SEVERE ] exit button pressed
[16:16:09.464] [SEVERE ] thanks for playing... it was fun!
[16:16:09.464] [INFO   ] thread main terminated.
