[16:14:35.492] [INFO   ] thread main starting.
[16:14:35.501] [SEVERE ] cannot read configuration file config.properties trying from resources.
[16:14:35.505] [SEVERE ] configuration file was loaded from resources directory.
[16:14:36.363] [INFO   ] thread dealer starting.
[16:14:36.366] [INFO   ] Thread dealer starting.
[16:14:36.475] [SEVERE ] placing card 0 in slot 0
[16:14:36.585] [SEVERE ] placing card 1 in slot 2
[16:14:36.697] [SEVERE ] placing card 2 in slot 11
[16:14:36.807] [SEVERE ] placing card 3 in slot 4
[16:14:36.918] [SEVERE ] placing card 4 in slot 3
[16:14:37.027] [SEVERE ] placing card 5 in slot 8
[16:14:37.137] [SEVERE ] placing card 6 in slot 9
[16:14:37.249] [SEVERE ] placing card 7 in slot 1
[16:14:37.358] [SEVERE ] placing card 8 in slot 7
[16:14:37.468] [SEVERE ] placing card 9 in slot 6
[16:14:37.578] [SEVERE ] placing card 10 in slot 10
[16:14:37.688] [SEVERE ] placing card 11 in slot 5
[16:14:37.691] [INFO   ] Thread 0 starting.
[16:14:37.692] [INFO   ] Thread 3 starting.
[16:14:37.692] [INFO   ] Thread 2 starting.
[16:14:37.691] [INFO   ] Thread 1 starting.
[16:14:37.696] [INFO   ] Thread computer-3 starting.
[16:14:37.697] [INFO   ] Thread computer-2 starting.
[16:14:37.697] [SEVERE ] player 4 placing token on slot 1
[16:14:37.698] [SEVERE ] player 3 placing token on slot 8
[16:14:37.766] [SEVERE ] updating countdown to 9944
[16:14:37.767] [SEVERE ] setting player 1 freeze to 0
[16:14:37.767] [SEVERE ] setting player 2 freeze to 0
[16:14:37.767] [SEVERE ] setting player 3 freeze to 0
[16:14:37.767] [SEVERE ] setting player 4 freeze to 0
[16:14:37.767] [SEVERE ] player 3 placing token on slot 4
[16:14:37.768] [SEVERE ] player 4 placing token on slot 3
[16:14:37.830] [SEVERE ] updating countdown to 9880
[16:14:37.831] [SEVERE ] setting player 1 freeze to 0
[16:14:37.832] [SEVERE ] setting player 2 freeze to 0
[16:14:37.832] [SEVERE ] setting player 3 freeze to 0
[16:14:37.833] [SEVERE ] setting player 4 freeze to 0
[16:14:37.833] [SEVERE ] player 3 placing token on slot 3
[16:14:37.833] [SEVERE ] player 4 placing token on slot 10
[16:14:37.891] [SEVERE ] updating countdown to 9819
[16:14:37.892] [SEVERE ] removing player 3 token from slot 8
[16:14:37.893] [SEVERE ] removing player 3 token from slot 4
[16:14:37.894] [SEVERE ] removing player 3 token from slot 3
[16:14:37.895] [SEVERE ] removing player 4 token from slot 3
[16:14:38.000] [SEVERE ] removing card from slot 8
[16:14:38.109] [SEVERE ] removing card from slot 4
[16:14:38.219] [SEVERE ] removing card from slot 3
[16:14:38.220] [SEVERE ] setting player 3 score to 1
[16:14:38.221] [SEVERE ] updating countdown to 10000
[16:14:38.329] [SEVERE ] placing card 12 in slot 4
[16:14:38.437] [SEVERE ] placing card 13 in slot 8
[16:14:38.546] [SEVERE ] placing card 14 in slot 3
[16:14:38.547] [SEVERE ] setting player 1 freeze to 0
[16:14:38.547] [SEVERE ] setting player 2 freeze to 0
[16:14:38.548] [SEVERE ] setting player 3 freeze to 674
[16:14:38.548] [SEVERE ] setting player 4 freeze to 0
[16:14:38.609] [SEVERE ] updating countdown to 9612
[16:14:38.610] [SEVERE ] setting player 1 freeze to 0
[16:14:38.611] [SEVERE ] setting player 2 freeze to 0
[16:14:38.611] [SEVERE ] setting player 3 freeze to 611
[16:14:38.612] [SEVERE ] setting player 4 freeze to 0
[16:14:38.672] [SEVERE ] updating countdown to 9549
[16:14:38.673] [SEVERE ] setting player 1 freeze to 0
[16:14:38.674] [SEVERE ] setting player 2 freeze to 0
[16:14:38.674] [SEVERE ] setting player 3 freeze to 548
[16:14:38.675] [SEVERE ] setting player 4 freeze to 0
[16:14:38.675] [SEVERE ] removing player 4 token from slot 1
[16:14:38.735] [SEVERE ] updating countdown to 9486
[16:14:38.736] [SEVERE ] setting player 1 freeze to 0
[16:14:38.736] [SEVERE ] setting player 2 freeze to 0
[16:14:38.736] [SEVERE ] setting player 3 freeze to 486
[16:14:38.737] [SEVERE ] setting player 4 freeze to 0
[16:14:38.738] [SEVERE ] player 4 placing token on slot 5
[16:14:38.798] [SEVERE ] updating countdown to 9423
[16:14:38.799] [SEVERE ] setting player 1 freeze to 0
[16:14:38.800] [SEVERE ] setting player 2 freeze to 0
[16:14:38.800] [SEVERE ] setting player 3 freeze to 422
[16:14:38.801] [SEVERE ] setting player 4 freeze to 0
[16:14:38.801] [SEVERE ] player 4 placing token on slot 2
[16:14:38.802] [SEVERE ] updating countdown to 9419
[16:14:38.803] [SEVERE ] setting player 1 freeze to 0
[16:14:38.804] [SEVERE ] setting player 2 freeze to 0
[16:14:38.804] [SEVERE ] setting player 3 freeze to 418
[16:14:38.805] [SEVERE ] setting player 4 freeze to 2998
[16:14:38.861] [SEVERE ] updating countdown to 9360
[16:14:38.862] [SEVERE ] setting player 1 freeze to 0
[16:14:38.863] [SEVERE ] setting player 2 freeze to 0
[16:14:38.864] [SEVERE ] setting player 3 freeze to 358
[16:14:38.865] [SEVERE ] setting player 4 freeze to 2938
[16:14:38.925] [SEVERE ] updating countdown to 9296
[16:14:38.926] [SEVERE ] setting player 1 freeze to 0
[16:14:38.927] [SEVERE ] setting player 2 freeze to 0
[16:14:38.928] [SEVERE ] setting player 3 freeze to 294
[16:14:38.928] [SEVERE ] setting player 4 freeze to 2875
[16:14:38.989] [SEVERE ] updating countdown to 9232
[16:14:38.990] [SEVERE ] setting player 1 freeze to 0
[16:14:38.991] [SEVERE ] setting player 2 freeze to 0
[16:14:38.992] [SEVERE ] setting player 3 freeze to 230
[16:14:38.993] [SEVERE ] setting player 4 freeze to 2811
[16:14:39.051] [SEVERE ] updating countdown to 9170
[16:14:39.052] [SEVERE ] setting player 1 freeze to 0
[16:14:39.053] [SEVERE ] setting player 2 freeze to 0
[16:14:39.054] [SEVERE ] setting player 3 freeze to 168
[16:14:39.055] [SEVERE ] setting player 4 freeze to 2748
[16:14:39.113] [SEVERE ] updating countdown to 9108
[16:14:39.114] [SEVERE ] setting player 1 freeze to 0
[16:14:39.115] [SEVERE ] setting player 2 freeze to 0
[16:14:39.116] [SEVERE ] setting player 3 freeze to 106
[16:14:39.117] [SEVERE ] setting player 4 freeze to 2686
[16:14:39.124] [SEVERE ] exit button pressed
[16:14:39.125] [SEVERE ] thanks for playing... it was fun!
[16:14:39.125] [INFO   ] thread main terminated.
