[13:24:22.648] [INFO   ] thread main starting.
[13:24:22.688] [SEVERE ] cannot read configuration file config.properties trying from resources.
[13:24:22.725] [SEVERE ] configuration file was loaded from resources directory.
[13:24:26.918] [INFO   ] thread dealer starting.
[13:24:26.930] [INFO   ] Thread dealer starting.
[13:24:27.035] [SEVERE ] placing card 0 in slot 1
[13:24:27.182] [SEVERE ] placing card 1 in slot 10
[13:24:27.285] [SEVERE ] placing card 2 in slot 5
[13:24:27.387] [SEVERE ] placing card 3 in slot 8
[13:24:27.490] [SEVERE ] placing card 4 in slot 3
[13:24:27.592] [SEVERE ] placing card 5 in slot 0
[13:24:27.695] [SEVERE ] placing card 6 in slot 9
[13:24:27.799] [SEVERE ] placing card 7 in slot 7
[13:24:27.902] [SEVERE ] placing card 8 in slot 2
[13:24:28.006] [SEVERE ] placing card 9 in slot 4
[13:24:28.111] [SEVERE ] placing card 10 in slot 11
[13:24:28.214] [SEVERE ] placing card 11 in slot 6
[13:24:28.218] [INFO   ] Thread 0 starting.
[13:24:28.219] [INFO   ] Thread 3 starting.
[13:24:28.218] [INFO   ] Thread 2 starting.
[13:24:28.221] [INFO   ] Thread 1 starting.
[13:24:28.226] [INFO   ] Thread computer-3 starting.
[13:24:28.228] [SEVERE ] player 4 placing token on slot 7
[13:24:28.228] [INFO   ] Thread computer-2 starting.
[13:24:28.230] [SEVERE ] player 3 placing token on slot 10
[13:24:28.441] [SEVERE ] updating countdown to 9799
[13:24:28.443] [SEVERE ] setting player 1 freeze to 0
[13:24:28.445] [SEVERE ] setting player 2 freeze to 0
[13:24:28.446] [SEVERE ] setting player 3 freeze to 0
[13:24:28.448] [SEVERE ] setting player 4 freeze to 0
[13:24:28.448] [SEVERE ] player 3 placing token on slot 4
[13:24:28.450] [SEVERE ] player 4 placing token on slot 5
[13:24:28.664] [SEVERE ] updating countdown to 9576
[13:24:28.666] [SEVERE ] setting player 1 freeze to 0
[13:24:28.667] [SEVERE ] setting player 2 freeze to 0
[13:24:28.668] [SEVERE ] setting player 3 freeze to 0
[13:24:28.669] [SEVERE ] setting player 4 freeze to 0
[13:24:28.670] [SEVERE ] removing player 3 token from slot 10
[13:24:28.671] [SEVERE ] player 4 placing token on slot 11
[13:24:28.675] [SEVERE ] updating countdown to 9565
[13:24:28.678] [SEVERE ] setting player 1 freeze to 0
[13:24:28.679] [SEVERE ] setting player 2 freeze to 0
[13:24:28.680] [SEVERE ] setting player 3 freeze to 0
[13:24:28.681] [SEVERE ] setting player 4 freeze to 3996
[13:24:28.682] [SEVERE ] player 3 placing token on slot 2
[13:24:28.886] [SEVERE ] updating countdown to 9354
[13:24:28.887] [SEVERE ] setting player 1 freeze to 0
[13:24:28.888] [SEVERE ] setting player 2 freeze to 0
[13:24:28.890] [SEVERE ] setting player 3 freeze to 0
[13:24:28.892] [SEVERE ] setting player 4 freeze to 3785
[13:24:28.892] [SEVERE ] player 3 placing token on slot 3
[13:24:28.897] [SEVERE ] updating countdown to 9343
[13:24:28.898] [SEVERE ] setting player 1 freeze to 0
[13:24:28.899] [SEVERE ] setting player 2 freeze to 0
[13:24:28.903] [SEVERE ] setting player 3 freeze to 3995
[13:24:28.905] [SEVERE ] setting player 4 freeze to 3772
[13:24:29.109] [SEVERE ] updating countdown to 9131
[13:24:29.111] [SEVERE ] setting player 1 freeze to 0
[13:24:29.112] [SEVERE ] setting player 2 freeze to 0
[13:24:29.113] [SEVERE ] setting player 3 freeze to 3785
[13:24:29.113] [SEVERE ] setting player 4 freeze to 3564
[13:24:29.318] [SEVERE ] updating countdown to 8922
[13:24:29.319] [SEVERE ] setting player 1 freeze to 0
[13:24:29.320] [SEVERE ] setting player 2 freeze to 0
[13:24:29.321] [SEVERE ] setting player 3 freeze to 3577
[13:24:29.322] [SEVERE ] setting player 4 freeze to 3355
[13:24:29.525] [SEVERE ] updating countdown to 8715
[13:24:29.525] [SEVERE ] setting player 1 freeze to 0
[13:24:29.526] [SEVERE ] setting player 2 freeze to 0
[13:24:29.527] [SEVERE ] setting player 3 freeze to 3371
[13:24:29.528] [SEVERE ] setting player 4 freeze to 3149
[13:24:29.732] [SEVERE ] updating countdown to 8508
[13:24:29.732] [SEVERE ] setting player 1 freeze to 0
[13:24:29.733] [SEVERE ] setting player 2 freeze to 0
[13:24:29.734] [SEVERE ] setting player 3 freeze to 3164
[13:24:29.735] [SEVERE ] setting player 4 freeze to 2942
[13:24:29.938] [SEVERE ] updating countdown to 8302
[13:24:29.939] [SEVERE ] setting player 1 freeze to 0
[13:24:29.939] [SEVERE ] setting player 2 freeze to 0
[13:24:29.939] [SEVERE ] setting player 3 freeze to 2959
[13:24:29.939] [SEVERE ] setting player 4 freeze to 2738
[13:24:30.143] [SEVERE ] updating countdown to 8097
[13:24:30.143] [SEVERE ] setting player 1 freeze to 0
[13:24:30.144] [SEVERE ] setting player 2 freeze to 0
[13:24:30.145] [SEVERE ] setting player 3 freeze to 2753
[13:24:30.146] [SEVERE ] setting player 4 freeze to 2531
[13:24:30.251] [SEVERE ] exit button pressed
[13:24:30.348] [SEVERE ] updating countdown to 7892
[13:24:30.349] [SEVERE ] setting player 1 freeze to 0
[13:24:30.350] [SEVERE ] setting player 2 freeze to 0
[13:24:30.350] [SEVERE ] setting player 3 freeze to 2548
[13:24:30.351] [SEVERE ] setting player 4 freeze to 2326
[13:24:30.553] [SEVERE ] updating countdown to 7687
[13:24:30.553] [SEVERE ] setting player 1 freeze to 0
[13:24:30.554] [SEVERE ] setting player 2 freeze to 0
[13:24:30.555] [SEVERE ] setting player 3 freeze to 2343
[13:24:30.556] [SEVERE ] setting player 4 freeze to 2121
[13:24:30.758] [SEVERE ] updating countdown to 7482
[13:24:30.759] [SEVERE ] setting player 1 freeze to 0
[13:24:30.760] [SEVERE ] setting player 2 freeze to 0
[13:24:30.762] [SEVERE ] setting player 3 freeze to 2136
[13:24:30.763] [SEVERE ] setting player 4 freeze to 1914
[13:24:30.968] [SEVERE ] updating countdown to 7272
[13:24:30.970] [SEVERE ] setting player 1 freeze to 0
[13:24:30.971] [SEVERE ] setting player 2 freeze to 0
[13:24:30.972] [SEVERE ] setting player 3 freeze to 1926
[13:24:30.973] [SEVERE ] setting player 4 freeze to 1704
[13:24:31.176] [SEVERE ] updating countdown to 7064
[13:24:31.177] [SEVERE ] setting player 1 freeze to 0
[13:24:31.178] [SEVERE ] setting player 2 freeze to 0
[13:24:31.179] [SEVERE ] setting player 3 freeze to 1719
[13:24:31.179] [SEVERE ] setting player 4 freeze to 1498
[13:24:31.381] [SEVERE ] updating countdown to 6859
[13:24:31.383] [SEVERE ] setting player 1 freeze to 0
[13:24:31.384] [SEVERE ] setting player 2 freeze to 0
[13:24:31.385] [SEVERE ] setting player 3 freeze to 1513
[13:24:31.386] [SEVERE ] setting player 4 freeze to 1291
[13:24:31.587] [SEVERE ] updating countdown to 6653
[13:24:31.589] [SEVERE ] setting player 1 freeze to 0
[13:24:31.589] [SEVERE ] setting player 2 freeze to 0
[13:24:31.589] [SEVERE ] setting player 3 freeze to 1309
[13:24:31.592] [SEVERE ] setting player 4 freeze to 1085
[13:24:31.795] [SEVERE ] updating countdown to 6445
[13:24:31.795] [SEVERE ] setting player 1 freeze to 0
[13:24:31.796] [SEVERE ] setting player 2 freeze to 0
[13:24:31.797] [SEVERE ] setting player 3 freeze to 1101
[13:24:31.797] [SEVERE ] setting player 4 freeze to 0
[13:24:31.798] [INFO   ] Thread computer-3 terminated.
[13:24:31.999] [SEVERE ] updating countdown to 6241
[13:24:31.999] [SEVERE ] setting player 1 freeze to 0
[13:24:31.999] [SEVERE ] setting player 2 freeze to 0
[13:24:31.999] [SEVERE ] setting player 3 freeze to 0
[13:24:31.999] [SEVERE ] setting player 4 freeze to 0
[13:24:32.001] [INFO   ] Thread 3 terminated.
[13:24:32.202] [SEVERE ] updating countdown to 6038
[13:24:32.202] [SEVERE ] setting player 1 freeze to 0
[13:24:32.203] [SEVERE ] setting player 2 freeze to 0
[13:24:32.203] [SEVERE ] setting player 3 freeze to 0
[13:24:32.203] [SEVERE ] setting player 4 freeze to 0
[13:24:32.405] [SEVERE ] updating countdown to 5835
[13:24:32.405] [SEVERE ] setting player 1 freeze to 0
[13:24:32.405] [SEVERE ] setting player 2 freeze to 0
[13:24:32.405] [SEVERE ] setting player 3 freeze to 0
[13:24:32.407] [SEVERE ] setting player 4 freeze to 0
[13:24:32.407] [INFO   ] Thread computer-2 terminated.
[13:24:32.408] [INFO   ] Thread 2 terminated.
[13:24:32.612] [SEVERE ] updating countdown to 5628
[13:24:32.612] [SEVERE ] setting player 1 freeze to 0
[13:24:32.614] [SEVERE ] setting player 2 freeze to 0
[13:24:32.615] [SEVERE ] setting player 3 freeze to 0
[13:24:32.615] [SEVERE ] setting player 4 freeze to 0
[13:24:32.818] [SEVERE ] updating countdown to 5422
[13:24:32.818] [SEVERE ] setting player 1 freeze to 0
[13:24:32.819] [SEVERE ] setting player 2 freeze to 0
[13:24:32.819] [SEVERE ] setting player 3 freeze to 0
[13:24:32.819] [SEVERE ] setting player 4 freeze to 0
[13:24:33.021] [SEVERE ] updating countdown to 5219
[13:24:33.021] [SEVERE ] setting player 1 freeze to 0
[13:24:33.022] [SEVERE ] setting player 2 freeze to 0
[13:24:33.022] [SEVERE ] setting player 3 freeze to 0
[13:24:33.022] [SEVERE ] setting player 4 freeze to 0
[13:24:33.224] [SEVERE ] updating countdown to 5016
[13:24:33.224] [SEVERE ] setting player 1 freeze to 0
[13:24:33.225] [SEVERE ] setting player 2 freeze to 0
[13:24:33.226] [SEVERE ] setting player 3 freeze to 0
[13:24:33.226] [SEVERE ] setting player 4 freeze to 0
[13:24:33.431] [SEVERE ] setting player 1 freeze to 0
[13:24:33.432] [SEVERE ] setting player 2 freeze to 0
[13:24:33.432] [SEVERE ] setting player 3 freeze to 0
[13:24:33.432] [SEVERE ] setting player 4 freeze to 0
[13:24:33.483] [SEVERE ] setting player 1 freeze to 0
[13:24:33.484] [SEVERE ] setting player 2 freeze to 0
[13:24:33.485] [SEVERE ] setting player 3 freeze to 0
[13:24:33.486] [SEVERE ] setting player 4 freeze to 0
[13:24:33.540] [SEVERE ] setting player 1 freeze to 0
[13:24:33.540] [SEVERE ] setting player 2 freeze to 0
[13:24:33.541] [SEVERE ] setting player 3 freeze to 0
[13:24:33.541] [SEVERE ] setting player 4 freeze to 0
[13:24:33.596] [SEVERE ] setting player 1 freeze to 0
[13:24:33.597] [SEVERE ] setting player 2 freeze to 0
[13:24:33.597] [SEVERE ] setting player 3 freeze to 0
[13:24:33.597] [SEVERE ] setting player 4 freeze to 0
[13:24:33.650] [SEVERE ] setting player 1 freeze to 0
[13:24:33.651] [SEVERE ] setting player 2 freeze to 0
[13:24:33.651] [SEVERE ] setting player 3 freeze to 0
[13:24:33.652] [SEVERE ] setting player 4 freeze to 0
[13:24:33.704] [SEVERE ] setting player 1 freeze to 0
[13:24:33.705] [SEVERE ] setting player 2 freeze to 0
[13:24:33.705] [SEVERE ] setting player 3 freeze to 0
[13:24:33.706] [SEVERE ] setting player 4 freeze to 0
[13:24:33.758] [SEVERE ] setting player 1 freeze to 0
[13:24:33.758] [SEVERE ] setting player 2 freeze to 0
[13:24:33.759] [SEVERE ] setting player 3 freeze to 0
[13:24:33.759] [SEVERE ] setting player 4 freeze to 0
[13:24:33.812] [SEVERE ] setting player 1 freeze to 0
[13:24:33.812] [SEVERE ] setting player 2 freeze to 0
[13:24:33.813] [SEVERE ] setting player 3 freeze to 0
[13:24:33.813] [SEVERE ] setting player 4 freeze to 0
[13:24:33.863] [SEVERE ] setting player 1 freeze to 0
[13:24:33.863] [SEVERE ] setting player 2 freeze to 0
[13:24:33.864] [SEVERE ] setting player 3 freeze to 0
[13:24:33.864] [SEVERE ] setting player 4 freeze to 0
[13:24:33.917] [SEVERE ] setting player 1 freeze to 0
[13:24:33.917] [SEVERE ] setting player 2 freeze to 0
[13:24:33.918] [SEVERE ] setting player 3 freeze to 0
[13:24:33.918] [SEVERE ] setting player 4 freeze to 0
[13:24:33.972] [SEVERE ] setting player 1 freeze to 0
[13:24:33.972] [SEVERE ] setting player 2 freeze to 0
[13:24:33.973] [SEVERE ] setting player 3 freeze to 0
[13:24:33.973] [SEVERE ] setting player 4 freeze to 0
[13:24:34.026] [SEVERE ] setting player 1 freeze to 0
[13:24:34.026] [SEVERE ] setting player 2 freeze to 0
[13:24:34.026] [SEVERE ] setting player 3 freeze to 0
[13:24:34.026] [SEVERE ] setting player 4 freeze to 0
[13:24:34.079] [SEVERE ] setting player 1 freeze to 0
[13:24:34.080] [SEVERE ] setting player 2 freeze to 0
[13:24:34.080] [SEVERE ] setting player 3 freeze to 0
[13:24:34.080] [SEVERE ] setting player 4 freeze to 0
[13:24:34.132] [SEVERE ] setting player 1 freeze to 0
[13:24:34.132] [SEVERE ] setting player 2 freeze to 0
[13:24:34.132] [SEVERE ] setting player 3 freeze to 0
[13:24:34.132] [SEVERE ] setting player 4 freeze to 0
[13:24:34.186] [SEVERE ] setting player 1 freeze to 0
[13:24:34.186] [SEVERE ] setting player 2 freeze to 0
[13:24:34.186] [SEVERE ] setting player 3 freeze to 0
[13:24:34.186] [SEVERE ] setting player 4 freeze to 0
[13:24:34.238] [SEVERE ] setting player 1 freeze to 0
[13:24:34.239] [SEVERE ] setting player 2 freeze to 0
[13:24:34.239] [SEVERE ] setting player 3 freeze to 0
[13:24:34.239] [SEVERE ] setting player 4 freeze to 0
[13:24:34.291] [SEVERE ] setting player 1 freeze to 0
[13:24:34.291] [SEVERE ] setting player 2 freeze to 0
[13:24:34.291] [SEVERE ] setting player 3 freeze to 0
[13:24:34.291] [SEVERE ] setting player 4 freeze to 0
[13:24:34.343] [SEVERE ] setting player 1 freeze to 0
[13:24:34.344] [SEVERE ] setting player 2 freeze to 0
[13:24:34.344] [SEVERE ] setting player 3 freeze to 0
[13:24:34.345] [SEVERE ] setting player 4 freeze to 0
[13:24:34.397] [SEVERE ] setting player 1 freeze to 0
[13:24:34.397] [SEVERE ] setting player 2 freeze to 0
[13:24:34.397] [SEVERE ] setting player 3 freeze to 0
[13:24:34.397] [SEVERE ] setting player 4 freeze to 0
[13:24:34.448] [SEVERE ] setting player 1 freeze to 0
[13:24:34.448] [SEVERE ] setting player 2 freeze to 0
[13:24:34.449] [SEVERE ] setting player 3 freeze to 0
[13:24:34.449] [SEVERE ] setting player 4 freeze to 0
[13:24:34.501] [SEVERE ] setting player 1 freeze to 0
[13:24:34.501] [SEVERE ] setting player 2 freeze to 0
[13:24:34.502] [SEVERE ] setting player 3 freeze to 0
[13:24:34.502] [SEVERE ] setting player 4 freeze to 0
[13:24:34.556] [SEVERE ] setting player 1 freeze to 0
[13:24:34.556] [SEVERE ] setting player 2 freeze to 0
[13:24:34.557] [SEVERE ] setting player 3 freeze to 0
[13:24:34.557] [SEVERE ] setting player 4 freeze to 0
[13:24:34.609] [SEVERE ] setting player 1 freeze to 0
[13:24:34.609] [SEVERE ] setting player 2 freeze to 0
[13:24:34.609] [SEVERE ] setting player 3 freeze to 0
[13:24:34.610] [SEVERE ] setting player 4 freeze to 0
[13:24:34.663] [SEVERE ] setting player 1 freeze to 0
[13:24:34.663] [SEVERE ] setting player 2 freeze to 0
[13:24:34.664] [SEVERE ] setting player 3 freeze to 0
[13:24:34.664] [SEVERE ] setting player 4 freeze to 0
[13:24:34.715] [SEVERE ] setting player 1 freeze to 0
[13:24:34.715] [SEVERE ] setting player 2 freeze to 0
[13:24:34.715] [SEVERE ] setting player 3 freeze to 0
[13:24:34.716] [SEVERE ] setting player 4 freeze to 0
[13:24:34.767] [SEVERE ] setting player 1 freeze to 0
[13:24:34.767] [SEVERE ] setting player 2 freeze to 0
[13:24:34.768] [SEVERE ] setting player 3 freeze to 0
[13:24:34.768] [SEVERE ] setting player 4 freeze to 0
[13:24:34.819] [SEVERE ] setting player 1 freeze to 0
[13:24:34.819] [SEVERE ] setting player 2 freeze to 0
[13:24:34.819] [SEVERE ] setting player 3 freeze to 0
[13:24:34.820] [SEVERE ] setting player 4 freeze to 0
[13:24:34.870] [SEVERE ] setting player 1 freeze to 0
[13:24:34.871] [SEVERE ] setting player 2 freeze to 0
[13:24:34.871] [SEVERE ] setting player 3 freeze to 0
[13:24:34.871] [SEVERE ] setting player 4 freeze to 0
[13:24:34.922] [SEVERE ] setting player 1 freeze to 0
[13:24:34.922] [SEVERE ] setting player 2 freeze to 0
[13:24:34.923] [SEVERE ] setting player 3 freeze to 0
[13:24:34.923] [SEVERE ] setting player 4 freeze to 0
[13:24:34.974] [SEVERE ] setting player 1 freeze to 0
[13:24:34.974] [SEVERE ] setting player 2 freeze to 0
[13:24:34.975] [SEVERE ] setting player 3 freeze to 0
[13:24:34.975] [SEVERE ] setting player 4 freeze to 0
[13:24:35.027] [SEVERE ] setting player 1 freeze to 0
[13:24:35.028] [SEVERE ] setting player 2 freeze to 0
[13:24:35.028] [SEVERE ] setting player 3 freeze to 0
[13:24:35.028] [SEVERE ] setting player 4 freeze to 0
[13:24:35.080] [SEVERE ] setting player 1 freeze to 0
[13:24:35.080] [SEVERE ] setting player 2 freeze to 0
[13:24:35.081] [SEVERE ] setting player 3 freeze to 0
[13:24:35.081] [SEVERE ] setting player 4 freeze to 0
[13:24:35.133] [SEVERE ] setting player 1 freeze to 0
[13:24:35.134] [SEVERE ] setting player 2 freeze to 0
[13:24:35.134] [SEVERE ] setting player 3 freeze to 0
[13:24:35.134] [SEVERE ] setting player 4 freeze to 0
[13:24:35.185] [SEVERE ] setting player 1 freeze to 0
[13:24:35.186] [SEVERE ] setting player 2 freeze to 0
[13:24:35.186] [SEVERE ] setting player 3 freeze to 0
[13:24:35.186] [SEVERE ] setting player 4 freeze to 0
[13:24:35.249] [SEVERE ] setting player 1 freeze to 0
[13:24:35.256] [SEVERE ] setting player 2 freeze to 0
[13:24:35.256] [SEVERE ] setting player 3 freeze to 0
[13:24:35.257] [SEVERE ] setting player 4 freeze to 0
[13:24:35.314] [SEVERE ] setting player 1 freeze to 0
[13:24:35.314] [SEVERE ] setting player 2 freeze to 0
[13:24:35.316] [SEVERE ] setting player 3 freeze to 0
[13:24:35.316] [SEVERE ] setting player 4 freeze to 0
[13:24:35.371] [SEVERE ] setting player 1 freeze to 0
[13:24:35.374] [SEVERE ] setting player 2 freeze to 0
[13:24:35.375] [SEVERE ] setting player 3 freeze to 0
[13:24:35.376] [SEVERE ] setting player 4 freeze to 0
[13:24:35.427] [SEVERE ] setting player 1 freeze to 0
[13:24:35.428] [SEVERE ] setting player 2 freeze to 0
[13:24:35.428] [SEVERE ] setting player 3 freeze to 0
[13:24:35.429] [SEVERE ] setting player 4 freeze to 0
