[16:23:32.088] [INFO   ] thread main starting.
[16:23:32.101] [SEVERE ] cannot read configuration file config.properties trying from resources.
[16:23:32.106] [SEVERE ] configuration file was loaded from resources directory.
[16:23:33.198] [INFO   ] thread dealer starting.
[16:23:33.203] [INFO   ] Thread dealer starting.
[16:23:33.309] [SEVERE ] placing card 0 in slot 10
[16:23:33.420] [SEVERE ] placing card 1 in slot 5
[16:23:33.532] [SEVERE ] placing card 2 in slot 7
[16:23:33.643] [SEVERE ] placing card 3 in slot 2
[16:23:33.753] [SEVERE ] placing card 4 in slot 4
[16:23:33.863] [SEVERE ] placing card 5 in slot 9
[16:23:33.975] [SEVERE ] placing card 6 in slot 3
[16:23:34.086] [SEVERE ] placing card 7 in slot 6
[16:23:34.196] [SEVERE ] placing card 8 in slot 0
[16:23:34.308] [SEVERE ] placing card 9 in slot 11
[16:23:34.418] [SEVERE ] placing card 10 in slot 8
[16:23:34.530] [SEVERE ] placing card 11 in slot 1
[16:23:34.531] [INFO   ] Thread 1 starting.
[16:23:34.532] [INFO   ] Thread 3 starting.
[16:23:34.531] [INFO   ] Thread 2 starting.
[16:23:34.531] [INFO   ] Thread 0 starting.
[16:23:34.533] [INFO   ] Thread computer-3 starting.
[16:23:34.533] [INFO   ] Thread computer-2 starting.
[16:23:34.534] [SEVERE ] player 4 placing token on slot 7
[16:23:34.534] [SEVERE ] player 3 placing token on slot 10
[16:23:34.593] [SEVERE ] updating countdown to 9946
[16:23:34.594] [SEVERE ] setting player 1 freeze to 0
[16:23:34.594] [SEVERE ] setting player 2 freeze to 0
[16:23:34.594] [SEVERE ] setting player 3 freeze to 0
[16:23:34.595] [SEVERE ] setting player 4 freeze to 0
[16:23:34.595] [SEVERE ] player 3 placing token on slot 1
[16:23:34.595] [SEVERE ] player 4 placing token on slot 5
[16:23:34.657] [SEVERE ] updating countdown to 9882
[16:23:34.657] [SEVERE ] setting player 1 freeze to 0
[16:23:34.657] [SEVERE ] setting player 2 freeze to 0
[16:23:34.658] [SEVERE ] setting player 3 freeze to 0
[16:23:34.658] [SEVERE ] setting player 4 freeze to 0
[16:23:34.658] [SEVERE ] player 3 placing token on slot 4
[16:23:34.658] [SEVERE ] player 4 placing token on slot 3
[16:23:34.659] [SEVERE ] updating countdown to 9880
[16:23:34.660] [SEVERE ] setting player 1 freeze to 0
[16:23:34.660] [SEVERE ] setting player 2 freeze to 0
[16:23:34.660] [SEVERE ] setting player 3 freeze to 2999
[16:23:34.661] [SEVERE ] setting player 4 freeze to 0
[16:23:34.721] [SEVERE ] updating countdown to 9818
[16:23:34.722] [SEVERE ] setting player 1 freeze to 0
[16:23:34.722] [SEVERE ] setting player 2 freeze to 0
[16:23:34.722] [SEVERE ] setting player 3 freeze to 2937
[16:23:34.723] [SEVERE ] setting player 4 freeze to 2999
[16:23:34.783] [SEVERE ] updating countdown to 9756
[16:23:34.783] [SEVERE ] setting player 1 freeze to 0
[16:23:34.784] [SEVERE ] setting player 2 freeze to 0
[16:23:34.784] [SEVERE ] setting player 3 freeze to 2875
[16:23:34.784] [SEVERE ] setting player 4 freeze to 2938
[16:23:34.847] [SEVERE ] updating countdown to 9692
[16:23:34.847] [SEVERE ] setting player 1 freeze to 0
[16:23:34.848] [SEVERE ] setting player 2 freeze to 0
[16:23:34.848] [SEVERE ] setting player 3 freeze to 2811
[16:23:34.848] [SEVERE ] setting player 4 freeze to 2874
[16:23:34.910] [SEVERE ] updating countdown to 9629
[16:23:34.910] [SEVERE ] setting player 1 freeze to 0
[16:23:34.910] [SEVERE ] setting player 2 freeze to 0
[16:23:34.911] [SEVERE ] setting player 3 freeze to 2748
[16:23:34.911] [SEVERE ] setting player 4 freeze to 2811
[16:23:34.973] [SEVERE ] updating countdown to 9566
[16:23:34.973] [SEVERE ] setting player 1 freeze to 0
[16:23:34.974] [SEVERE ] setting player 2 freeze to 0
[16:23:34.974] [SEVERE ] setting player 3 freeze to 2685
[16:23:34.974] [SEVERE ] setting player 4 freeze to 2748
[16:23:35.036] [SEVERE ] updating countdown to 9503
[16:23:35.036] [SEVERE ] setting player 1 freeze to 0
[16:23:35.037] [SEVERE ] setting player 2 freeze to 0
[16:23:35.037] [SEVERE ] setting player 3 freeze to 2622
[16:23:35.037] [SEVERE ] setting player 4 freeze to 2685
[16:23:35.100] [SEVERE ] updating countdown to 9439
[16:23:35.100] [SEVERE ] setting player 1 freeze to 0
[16:23:35.101] [SEVERE ] setting player 2 freeze to 0
[16:23:35.101] [SEVERE ] setting player 3 freeze to 2558
[16:23:35.101] [SEVERE ] setting player 4 freeze to 2621
[16:23:35.163] [SEVERE ] updating countdown to 9376
[16:23:35.163] [SEVERE ] setting player 1 freeze to 0
[16:23:35.164] [SEVERE ] setting player 2 freeze to 0
[16:23:35.164] [SEVERE ] setting player 3 freeze to 2495
[16:23:35.164] [SEVERE ] setting player 4 freeze to 2558
[16:23:35.227] [SEVERE ] updating countdown to 9312
[16:23:35.227] [SEVERE ] setting player 1 freeze to 0
[16:23:35.228] [SEVERE ] setting player 2 freeze to 0
[16:23:35.228] [SEVERE ] setting player 3 freeze to 2431
[16:23:35.228] [SEVERE ] setting player 4 freeze to 2494
[16:23:35.290] [SEVERE ] updating countdown to 9249
[16:23:35.291] [SEVERE ] setting player 1 freeze to 0
[16:23:35.291] [SEVERE ] setting player 2 freeze to 0
[16:23:35.291] [SEVERE ] setting player 3 freeze to 2368
[16:23:35.292] [SEVERE ] setting player 4 freeze to 2430
[16:23:35.354] [SEVERE ] updating countdown to 9185
[16:23:35.355] [SEVERE ] setting player 1 freeze to 0
[16:23:35.356] [SEVERE ] setting player 2 freeze to 0
[16:23:35.357] [SEVERE ] setting player 3 freeze to 2303
[16:23:35.357] [SEVERE ] setting player 4 freeze to 2365
[16:23:35.416] [SEVERE ] updating countdown to 9123
[16:23:35.418] [SEVERE ] setting player 1 freeze to 0
[16:23:35.419] [SEVERE ] setting player 2 freeze to 0
[16:23:35.419] [SEVERE ] setting player 3 freeze to 2240
[16:23:35.420] [SEVERE ] setting player 4 freeze to 2302
[16:23:35.480] [SEVERE ] updating countdown to 9059
[16:23:35.481] [SEVERE ] setting player 1 freeze to 0
[16:23:35.482] [SEVERE ] setting player 2 freeze to 0
[16:23:35.483] [SEVERE ] setting player 3 freeze to 2176
[16:23:35.484] [SEVERE ] setting player 4 freeze to 2238
[16:23:35.544] [SEVERE ] updating countdown to 8995
[16:23:35.545] [SEVERE ] setting player 1 freeze to 0
[16:23:35.546] [SEVERE ] setting player 2 freeze to 0
[16:23:35.547] [SEVERE ] setting player 3 freeze to 2112
[16:23:35.548] [SEVERE ] setting player 4 freeze to 2174
[16:23:35.607] [SEVERE ] updating countdown to 8932
[16:23:35.608] [SEVERE ] setting player 1 freeze to 0
[16:23:35.609] [SEVERE ] setting player 2 freeze to 0
[16:23:35.609] [SEVERE ] setting player 3 freeze to 2050
[16:23:35.610] [SEVERE ] setting player 4 freeze to 2112
[16:23:35.671] [SEVERE ] updating countdown to 8868
[16:23:35.671] [SEVERE ] setting player 1 freeze to 0
[16:23:35.672] [SEVERE ] setting player 2 freeze to 0
[16:23:35.672] [SEVERE ] setting player 3 freeze to 1987
[16:23:35.672] [SEVERE ] setting player 4 freeze to 2050
[16:23:35.734] [SEVERE ] updating countdown to 8805
[16:23:35.734] [SEVERE ] setting player 1 freeze to 0
[16:23:35.735] [SEVERE ] setting player 2 freeze to 0
[16:23:35.736] [SEVERE ] setting player 3 freeze to 1923
[16:23:35.736] [SEVERE ] setting player 4 freeze to 1986
[16:23:35.798] [SEVERE ] updating countdown to 8741
[16:23:35.799] [SEVERE ] setting player 1 freeze to 0
[16:23:35.799] [SEVERE ] setting player 2 freeze to 0
[16:23:35.800] [SEVERE ] setting player 3 freeze to 1859
[16:23:35.800] [SEVERE ] setting player 4 freeze to 1922
[16:23:35.862] [SEVERE ] updating countdown to 8677
[16:23:35.863] [SEVERE ] setting player 1 freeze to 0
[16:23:35.864] [SEVERE ] setting player 2 freeze to 0
[16:23:35.864] [SEVERE ] setting player 3 freeze to 1795
[16:23:35.865] [SEVERE ] setting player 4 freeze to 1857
[16:23:35.926] [SEVERE ] updating countdown to 8613
[16:23:35.927] [SEVERE ] setting player 1 freeze to 0
[16:23:35.928] [SEVERE ] setting player 2 freeze to 0
[16:23:35.928] [SEVERE ] setting player 3 freeze to 1731
[16:23:35.929] [SEVERE ] setting player 4 freeze to 1793
[16:23:35.989] [SEVERE ] updating countdown to 8550
[16:23:35.990] [SEVERE ] setting player 1 freeze to 0
[16:23:35.991] [SEVERE ] setting player 2 freeze to 0
[16:23:35.992] [SEVERE ] setting player 3 freeze to 1667
[16:23:35.992] [SEVERE ] setting player 4 freeze to 1730
[16:23:36.052] [SEVERE ] updating countdown to 8487
[16:23:36.053] [SEVERE ] setting player 1 freeze to 0
[16:23:36.054] [SEVERE ] setting player 2 freeze to 0
[16:23:36.054] [SEVERE ] setting player 3 freeze to 1605
[16:23:36.055] [SEVERE ] setting player 4 freeze to 1667
[16:23:36.114] [SEVERE ] updating countdown to 8425
[16:23:36.115] [SEVERE ] setting player 1 freeze to 0
[16:23:36.115] [SEVERE ] setting player 2 freeze to 0
[16:23:36.116] [SEVERE ] setting player 3 freeze to 1543
[16:23:36.116] [SEVERE ] setting player 4 freeze to 1606
[16:23:36.176] [SEVERE ] updating countdown to 8363
[16:23:36.177] [SEVERE ] setting player 1 freeze to 0
[16:23:36.178] [SEVERE ] setting player 2 freeze to 0
[16:23:36.178] [SEVERE ] setting player 3 freeze to 1481
[16:23:36.179] [SEVERE ] setting player 4 freeze to 1543
[16:23:36.239] [SEVERE ] updating countdown to 8300
[16:23:36.240] [SEVERE ] setting player 1 freeze to 0
[16:23:36.241] [SEVERE ] setting player 2 freeze to 0
[16:23:36.241] [SEVERE ] setting player 3 freeze to 1418
[16:23:36.242] [SEVERE ] setting player 4 freeze to 1480
[16:23:36.303] [SEVERE ] updating countdown to 8236
[16:23:36.304] [SEVERE ] setting player 1 freeze to 0
[16:23:36.304] [SEVERE ] setting player 2 freeze to 0
[16:23:36.305] [SEVERE ] setting player 3 freeze to 1354
[16:23:36.305] [SEVERE ] setting player 4 freeze to 1417
[16:23:36.365] [SEVERE ] updating countdown to 8174
[16:23:36.366] [SEVERE ] setting player 1 freeze to 0
[16:23:36.367] [SEVERE ] setting player 2 freeze to 0
[16:23:36.367] [SEVERE ] setting player 3 freeze to 1292
[16:23:36.368] [SEVERE ] setting player 4 freeze to 1354
[16:23:36.427] [SEVERE ] updating countdown to 8112
[16:23:36.428] [SEVERE ] setting player 1 freeze to 0
[16:23:36.428] [SEVERE ] setting player 2 freeze to 0
[16:23:36.429] [SEVERE ] setting player 3 freeze to 1230
[16:23:36.430] [SEVERE ] setting player 4 freeze to 1292
[16:23:36.491] [SEVERE ] updating countdown to 8048
[16:23:36.492] [SEVERE ] setting player 1 freeze to 0
[16:23:36.493] [SEVERE ] setting player 2 freeze to 0
[16:23:36.493] [SEVERE ] setting player 3 freeze to 1166
[16:23:36.494] [SEVERE ] setting player 4 freeze to 1228
[16:23:36.555] [SEVERE ] updating countdown to 7984
[16:23:36.556] [SEVERE ] setting player 1 freeze to 0
[16:23:36.557] [SEVERE ] setting player 2 freeze to 0
[16:23:36.557] [SEVERE ] setting player 3 freeze to 1102
[16:23:36.557] [SEVERE ] setting player 4 freeze to 1165
[16:23:36.618] [SEVERE ] updating countdown to 7921
[16:23:36.619] [SEVERE ] setting player 1 freeze to 0
[16:23:36.619] [SEVERE ] setting player 2 freeze to 0
[16:23:36.620] [SEVERE ] setting player 3 freeze to 1039
[16:23:36.620] [SEVERE ] setting player 4 freeze to 1102
[16:23:36.681] [SEVERE ] updating countdown to 7858
[16:23:36.682] [SEVERE ] setting player 1 freeze to 0
[16:23:36.683] [SEVERE ] setting player 2 freeze to 0
[16:23:36.683] [SEVERE ] setting player 3 freeze to 976
[16:23:36.684] [SEVERE ] setting player 4 freeze to 1038
[16:23:36.745] [SEVERE ] updating countdown to 7794
[16:23:36.745] [SEVERE ] setting player 1 freeze to 0
[16:23:36.745] [SEVERE ] setting player 2 freeze to 0
[16:23:36.746] [SEVERE ] setting player 3 freeze to 913
[16:23:36.746] [SEVERE ] setting player 4 freeze to 976
[16:23:36.808] [SEVERE ] updating countdown to 7731
[16:23:36.808] [SEVERE ] setting player 1 freeze to 0
[16:23:36.808] [SEVERE ] setting player 2 freeze to 0
[16:23:36.809] [SEVERE ] setting player 3 freeze to 850
[16:23:36.809] [SEVERE ] setting player 4 freeze to 913
[16:23:36.872] [SEVERE ] updating countdown to 7667
[16:23:36.872] [SEVERE ] setting player 1 freeze to 0
[16:23:36.873] [SEVERE ] setting player 2 freeze to 0
[16:23:36.873] [SEVERE ] setting player 3 freeze to 786
[16:23:36.873] [SEVERE ] setting player 4 freeze to 849
[16:23:36.936] [SEVERE ] updating countdown to 7603
[16:23:36.936] [SEVERE ] setting player 1 freeze to 0
[16:23:36.936] [SEVERE ] setting player 2 freeze to 0
[16:23:36.936] [SEVERE ] setting player 3 freeze to 723
[16:23:36.937] [SEVERE ] setting player 4 freeze to 785
[16:23:37.000] [SEVERE ] updating countdown to 7539
[16:23:37.000] [SEVERE ] setting player 1 freeze to 0
[16:23:37.000] [SEVERE ] setting player 2 freeze to 0
[16:23:37.000] [SEVERE ] setting player 3 freeze to 659
[16:23:37.001] [SEVERE ] setting player 4 freeze to 721
[16:23:37.064] [SEVERE ] updating countdown to 7475
[16:23:37.064] [SEVERE ] setting player 1 freeze to 0
[16:23:37.064] [SEVERE ] setting player 2 freeze to 0
[16:23:37.064] [SEVERE ] setting player 3 freeze to 595
[16:23:37.064] [SEVERE ] setting player 4 freeze to 658
[16:23:37.127] [SEVERE ] updating countdown to 7412
[16:23:37.127] [SEVERE ] setting player 1 freeze to 0
[16:23:37.127] [SEVERE ] setting player 2 freeze to 0
[16:23:37.128] [SEVERE ] setting player 3 freeze to 531
[16:23:37.128] [SEVERE ] setting player 4 freeze to 594
[16:23:37.190] [SEVERE ] updating countdown to 7349
[16:23:37.191] [SEVERE ] setting player 1 freeze to 0
[16:23:37.191] [SEVERE ] setting player 2 freeze to 0
[16:23:37.192] [SEVERE ] setting player 3 freeze to 468
[16:23:37.192] [SEVERE ] setting player 4 freeze to 530
[16:23:37.254] [SEVERE ] updating countdown to 7285
[16:23:37.255] [SEVERE ] setting player 1 freeze to 0
[16:23:37.255] [SEVERE ] setting player 2 freeze to 0
[16:23:37.256] [SEVERE ] setting player 3 freeze to 403
[16:23:37.256] [SEVERE ] setting player 4 freeze to 466
[16:23:37.317] [SEVERE ] updating countdown to 7222
[16:23:37.318] [SEVERE ] setting player 1 freeze to 0
[16:23:37.318] [SEVERE ] setting player 2 freeze to 0
[16:23:37.318] [SEVERE ] setting player 3 freeze to 341
[16:23:37.319] [SEVERE ] setting player 4 freeze to 403
[16:23:37.380] [SEVERE ] updating countdown to 7159
[16:23:37.381] [SEVERE ] setting player 1 freeze to 0
[16:23:37.381] [SEVERE ] setting player 2 freeze to 0
[16:23:37.382] [SEVERE ] setting player 3 freeze to 277
[16:23:37.382] [SEVERE ] setting player 4 freeze to 340
[16:23:37.445] [SEVERE ] updating countdown to 7094
[16:23:37.445] [SEVERE ] setting player 1 freeze to 0
[16:23:37.446] [SEVERE ] setting player 2 freeze to 0
[16:23:37.446] [SEVERE ] setting player 3 freeze to 213
[16:23:37.446] [SEVERE ] setting player 4 freeze to 276
[16:23:37.507] [SEVERE ] updating countdown to 7032
[16:23:37.507] [SEVERE ] setting player 1 freeze to 0
[16:23:37.508] [SEVERE ] setting player 2 freeze to 0
[16:23:37.508] [SEVERE ] setting player 3 freeze to 151
[16:23:37.508] [SEVERE ] setting player 4 freeze to 214
[16:23:37.571] [SEVERE ] updating countdown to 6968
[16:23:37.571] [SEVERE ] setting player 1 freeze to 0
[16:23:37.572] [SEVERE ] setting player 2 freeze to 0
[16:23:37.572] [SEVERE ] setting player 3 freeze to 87
[16:23:37.572] [SEVERE ] setting player 4 freeze to 150
[16:23:37.633] [SEVERE ] updating countdown to 6906
[16:23:37.633] [SEVERE ] setting player 1 freeze to 0
[16:23:37.633] [SEVERE ] setting player 2 freeze to 0
[16:23:37.634] [SEVERE ] setting player 3 freeze to 25
[16:23:37.634] [SEVERE ] setting player 4 freeze to 88
[16:23:37.696] [SEVERE ] updating countdown to 6843
[16:23:37.696] [SEVERE ] setting player 1 freeze to 0
[16:23:37.697] [SEVERE ] setting player 2 freeze to 0
[16:23:37.698] [SEVERE ] setting player 3 freeze to 0
[16:23:37.698] [SEVERE ] setting player 4 freeze to 24
[16:23:37.759] [SEVERE ] updating countdown to 6780
[16:23:37.760] [SEVERE ] setting player 1 freeze to 0
[16:23:37.760] [SEVERE ] setting player 2 freeze to 0
[16:23:37.761] [SEVERE ] setting player 3 freeze to 0
[16:23:37.762] [SEVERE ] setting player 4 freeze to 0
[16:23:37.822] [SEVERE ] updating countdown to 6717
[16:23:37.822] [SEVERE ] setting player 1 freeze to 0
[16:23:37.822] [SEVERE ] setting player 2 freeze to 0
[16:23:37.822] [SEVERE ] setting player 3 freeze to 0
[16:23:37.822] [SEVERE ] setting player 4 freeze to 0
[16:23:37.886] [SEVERE ] updating countdown to 6653
[16:23:37.886] [SEVERE ] setting player 1 freeze to 0
[16:23:37.886] [SEVERE ] setting player 2 freeze to 0
[16:23:37.886] [SEVERE ] setting player 3 freeze to 0
[16:23:37.887] [SEVERE ] setting player 4 freeze to 0
[16:23:37.887] [SEVERE ] removing player 3 token from slot 10
[16:23:37.949] [SEVERE ] updating countdown to 6590
[16:23:37.950] [SEVERE ] setting player 1 freeze to 0
[16:23:37.951] [SEVERE ] setting player 2 freeze to 0
[16:23:37.951] [SEVERE ] setting player 3 freeze to 0
[16:23:37.951] [SEVERE ] setting player 4 freeze to 0
[16:23:37.952] [SEVERE ] player 3 placing token on slot 3
[16:23:37.953] [SEVERE ] updating countdown to 6586
[16:23:37.954] [SEVERE ] setting player 1 freeze to 0
[16:23:37.954] [SEVERE ] setting player 2 freeze to 0
[16:23:37.955] [SEVERE ] setting player 3 freeze to 2999
[16:23:37.955] [SEVERE ] setting player 4 freeze to 0
[16:23:38.012] [SEVERE ] updating countdown to 6527
[16:23:38.012] [SEVERE ] setting player 1 freeze to 0
[16:23:38.012] [SEVERE ] setting player 2 freeze to 0
[16:23:38.012] [SEVERE ] setting player 3 freeze to 2942
[16:23:38.013] [SEVERE ] setting player 4 freeze to 0
[16:23:38.075] [SEVERE ] updating countdown to 6464
[16:23:38.076] [SEVERE ] setting player 1 freeze to 0
[16:23:38.076] [SEVERE ] setting player 2 freeze to 0
[16:23:38.077] [SEVERE ] setting player 3 freeze to 2877
[16:23:38.077] [SEVERE ] setting player 4 freeze to 0
[16:23:38.079] [SEVERE ] removing player 4 token from slot 5
[16:23:38.138] [SEVERE ] updating countdown to 6401
[16:23:38.140] [SEVERE ] setting player 1 freeze to 0
[16:23:38.140] [SEVERE ] setting player 2 freeze to 0
[16:23:38.140] [SEVERE ] setting player 3 freeze to 2814
[16:23:38.140] [SEVERE ] setting player 4 freeze to 0
[16:23:38.142] [SEVERE ] player 4 placing token on slot 9
[16:23:38.143] [SEVERE ] updating countdown to 6396
[16:23:38.143] [SEVERE ] setting player 1 freeze to 0
[16:23:38.144] [SEVERE ] setting player 2 freeze to 0
[16:23:38.144] [SEVERE ] setting player 3 freeze to 2810
[16:23:38.144] [SEVERE ] setting player 4 freeze to 2999
[16:23:38.202] [SEVERE ] updating countdown to 6337
[16:23:38.203] [SEVERE ] setting player 1 freeze to 0
[16:23:38.203] [SEVERE ] setting player 2 freeze to 0
[16:23:38.203] [SEVERE ] setting player 3 freeze to 2751
[16:23:38.204] [SEVERE ] setting player 4 freeze to 2939
[16:23:38.265] [SEVERE ] updating countdown to 6274
[16:23:38.265] [SEVERE ] setting player 1 freeze to 0
[16:23:38.265] [SEVERE ] setting player 2 freeze to 0
[16:23:38.266] [SEVERE ] setting player 3 freeze to 2688
[16:23:38.266] [SEVERE ] setting player 4 freeze to 2877
[16:23:38.327] [SEVERE ] updating countdown to 6212
[16:23:38.328] [SEVERE ] setting player 1 freeze to 0
[16:23:38.328] [SEVERE ] setting player 2 freeze to 0
[16:23:38.329] [SEVERE ] setting player 3 freeze to 2625
[16:23:38.329] [SEVERE ] setting player 4 freeze to 2814
[16:23:38.391] [SEVERE ] updating countdown to 6148
[16:23:38.391] [SEVERE ] setting player 1 freeze to 0
[16:23:38.391] [SEVERE ] setting player 2 freeze to 0
[16:23:38.392] [SEVERE ] setting player 3 freeze to 2562
[16:23:38.392] [SEVERE ] setting player 4 freeze to 2751
[16:23:38.454] [SEVERE ] updating countdown to 6085
[16:23:38.455] [SEVERE ] setting player 1 freeze to 0
[16:23:38.455] [SEVERE ] setting player 2 freeze to 0
[16:23:38.455] [SEVERE ] setting player 3 freeze to 2499
[16:23:38.456] [SEVERE ] setting player 4 freeze to 2687
[16:23:38.518] [SEVERE ] updating countdown to 6021
[16:23:38.519] [SEVERE ] setting player 1 freeze to 0
[16:23:38.519] [SEVERE ] setting player 2 freeze to 0
[16:23:38.520] [SEVERE ] setting player 3 freeze to 2434
[16:23:38.521] [SEVERE ] setting player 4 freeze to 2623
[16:23:38.581] [SEVERE ] updating countdown to 5958
[16:23:38.582] [SEVERE ] setting player 1 freeze to 0
[16:23:38.583] [SEVERE ] setting player 2 freeze to 0
[16:23:38.583] [SEVERE ] setting player 3 freeze to 2371
[16:23:38.583] [SEVERE ] setting player 4 freeze to 2560
[16:23:38.645] [SEVERE ] updating countdown to 5894
[16:23:38.646] [SEVERE ] setting player 1 freeze to 0
[16:23:38.646] [SEVERE ] setting player 2 freeze to 0
[16:23:38.646] [SEVERE ] setting player 3 freeze to 2308
[16:23:38.647] [SEVERE ] setting player 4 freeze to 2496
[16:23:38.707] [SEVERE ] updating countdown to 5832
[16:23:38.708] [SEVERE ] setting player 1 freeze to 0
[16:23:38.708] [SEVERE ] setting player 2 freeze to 0
[16:23:38.709] [SEVERE ] setting player 3 freeze to 2245
[16:23:38.709] [SEVERE ] setting player 4 freeze to 2434
[16:23:38.770] [SEVERE ] updating countdown to 5769
[16:23:38.771] [SEVERE ] setting player 1 freeze to 0
[16:23:38.772] [SEVERE ] setting player 2 freeze to 0
[16:23:38.772] [SEVERE ] setting player 3 freeze to 2182
[16:23:38.773] [SEVERE ] setting player 4 freeze to 2370
[16:23:38.834] [SEVERE ] updating countdown to 5705
[16:23:38.835] [SEVERE ] setting player 1 freeze to 0
[16:23:38.836] [SEVERE ] setting player 2 freeze to 0
[16:23:38.837] [SEVERE ] setting player 3 freeze to 2117
[16:23:38.837] [SEVERE ] setting player 4 freeze to 2306
[16:23:38.896] [SEVERE ] updating countdown to 5643
[16:23:38.896] [SEVERE ] setting player 1 freeze to 0
[16:23:38.896] [SEVERE ] setting player 2 freeze to 0
[16:23:38.896] [SEVERE ] setting player 3 freeze to 2058
[16:23:38.896] [SEVERE ] setting player 4 freeze to 2247
[16:23:38.959] [SEVERE ] updating countdown to 5580
[16:23:38.959] [SEVERE ] setting player 1 freeze to 0
[16:23:38.960] [SEVERE ] setting player 2 freeze to 0
[16:23:38.960] [SEVERE ] setting player 3 freeze to 1994
[16:23:38.961] [SEVERE ] setting player 4 freeze to 2182
[16:23:39.021] [SEVERE ] updating countdown to 5518
[16:23:39.021] [SEVERE ] setting player 1 freeze to 0
[16:23:39.022] [SEVERE ] setting player 2 freeze to 0
[16:23:39.022] [SEVERE ] setting player 3 freeze to 1932
[16:23:39.022] [SEVERE ] setting player 4 freeze to 2121
[16:23:39.085] [SEVERE ] updating countdown to 5454
[16:23:39.085] [SEVERE ] setting player 1 freeze to 0
[16:23:39.086] [SEVERE ] setting player 2 freeze to 0
[16:23:39.086] [SEVERE ] setting player 3 freeze to 1868
[16:23:39.086] [SEVERE ] setting player 4 freeze to 2057
[16:23:39.148] [SEVERE ] updating countdown to 5391
[16:23:39.148] [SEVERE ] setting player 1 freeze to 0
[16:23:39.149] [SEVERE ] setting player 2 freeze to 0
[16:23:39.149] [SEVERE ] setting player 3 freeze to 1805
[16:23:39.149] [SEVERE ] setting player 4 freeze to 1994
[16:23:39.210] [SEVERE ] updating countdown to 5329
[16:23:39.211] [SEVERE ] setting player 1 freeze to 0
[16:23:39.211] [SEVERE ] setting player 2 freeze to 0
[16:23:39.212] [SEVERE ] setting player 3 freeze to 1742
[16:23:39.212] [SEVERE ] setting player 4 freeze to 1931
[16:23:39.272] [SEVERE ] updating countdown to 5267
[16:23:39.272] [SEVERE ] setting player 1 freeze to 0
[16:23:39.274] [SEVERE ] setting player 2 freeze to 0
[16:23:39.275] [SEVERE ] setting player 3 freeze to 1679
[16:23:39.275] [SEVERE ] setting player 4 freeze to 1868
[16:23:39.335] [SEVERE ] updating countdown to 5204
[16:23:39.335] [SEVERE ] setting player 1 freeze to 0
[16:23:39.336] [SEVERE ] setting player 2 freeze to 0
[16:23:39.336] [SEVERE ] setting player 3 freeze to 1618
[16:23:39.336] [SEVERE ] setting player 4 freeze to 1807
[16:23:39.398] [SEVERE ] updating countdown to 5141
[16:23:39.398] [SEVERE ] setting player 1 freeze to 0
[16:23:39.399] [SEVERE ] setting player 2 freeze to 0
[16:23:39.399] [SEVERE ] setting player 3 freeze to 1555
[16:23:39.399] [SEVERE ] setting player 4 freeze to 1744
[16:23:39.462] [SEVERE ] updating countdown to 5077
[16:23:39.463] [SEVERE ] setting player 1 freeze to 0
[16:23:39.463] [SEVERE ] setting player 2 freeze to 0
[16:23:39.463] [SEVERE ] setting player 3 freeze to 1491
[16:23:39.464] [SEVERE ] setting player 4 freeze to 1679
[16:23:39.525] [SEVERE ] updating countdown to 5014
[16:23:39.526] [SEVERE ] setting player 1 freeze to 0
[16:23:39.526] [SEVERE ] setting player 2 freeze to 0
[16:23:39.527] [SEVERE ] setting player 3 freeze to 1427
[16:23:39.527] [SEVERE ] setting player 4 freeze to 1616
[16:23:39.591] [SEVERE ] setting player 1 freeze to 0
[16:23:39.592] [SEVERE ] setting player 2 freeze to 0
[16:23:39.592] [SEVERE ] setting player 3 freeze to 1362
[16:23:39.592] [SEVERE ] setting player 4 freeze to 1551
[16:23:39.809] [SEVERE ] setting player 1 freeze to 0
[16:23:39.810] [SEVERE ] setting player 2 freeze to 0
[16:23:39.810] [SEVERE ] setting player 3 freeze to 1144
[16:23:39.810] [SEVERE ] setting player 4 freeze to 1333
[16:23:40.013] [SEVERE ] setting player 1 freeze to 0
[16:23:40.014] [SEVERE ] setting player 2 freeze to 0
[16:23:40.014] [SEVERE ] setting player 3 freeze to 940
[16:23:40.015] [SEVERE ] setting player 4 freeze to 1128
[16:23:40.220] [SEVERE ] setting player 1 freeze to 0
[16:23:40.221] [SEVERE ] setting player 2 freeze to 0
[16:23:40.222] [SEVERE ] setting player 3 freeze to 732
[16:23:40.223] [SEVERE ] setting player 4 freeze to 920
[16:23:40.438] [SEVERE ] setting player 1 freeze to 0
[16:23:40.438] [SEVERE ] setting player 2 freeze to 0
[16:23:40.438] [SEVERE ] setting player 3 freeze to 516
[16:23:40.438] [SEVERE ] setting player 4 freeze to 705
[16:23:40.642] [SEVERE ] setting player 1 freeze to 0
[16:23:40.643] [SEVERE ] setting player 2 freeze to 0
[16:23:40.643] [SEVERE ] setting player 3 freeze to 311
[16:23:40.643] [SEVERE ] setting player 4 freeze to 500
[16:23:40.845] [SEVERE ] setting player 1 freeze to 0
[16:23:40.846] [SEVERE ] setting player 2 freeze to 0
[16:23:40.846] [SEVERE ] setting player 3 freeze to 108
[16:23:40.846] [SEVERE ] setting player 4 freeze to 297
[16:23:41.051] [SEVERE ] setting player 1 freeze to 0
[16:23:41.052] [SEVERE ] setting player 2 freeze to 0
[16:23:41.052] [SEVERE ] setting player 3 freeze to 0
[16:23:41.053] [SEVERE ] setting player 4 freeze to 90
[16:23:41.270] [SEVERE ] setting player 1 freeze to 0
[16:23:41.270] [SEVERE ] setting player 2 freeze to 0
[16:23:41.271] [SEVERE ] setting player 3 freeze to 0
[16:23:41.271] [SEVERE ] setting player 4 freeze to 0
[16:23:41.487] [SEVERE ] setting player 1 freeze to 0
[16:23:41.487] [SEVERE ] setting player 2 freeze to 0
[16:23:41.488] [SEVERE ] setting player 3 freeze to 0
[16:23:41.488] [SEVERE ] setting player 4 freeze to 0
[16:23:41.488] [SEVERE ] removing player 3 token from slot 3
[16:23:41.690] [SEVERE ] setting player 1 freeze to 0
[16:23:41.691] [SEVERE ] setting player 2 freeze to 0
[16:23:41.691] [SEVERE ] setting player 3 freeze to 0
[16:23:41.691] [SEVERE ] setting player 4 freeze to 0
[16:23:41.691] [SEVERE ] removing player 3 token from slot 1
[16:23:41.895] [SEVERE ] setting player 1 freeze to 0
[16:23:41.895] [SEVERE ] setting player 2 freeze to 0
[16:23:41.895] [SEVERE ] setting player 3 freeze to 0
[16:23:41.896] [SEVERE ] setting player 4 freeze to 0
[16:23:41.896] [SEVERE ] player 3 placing token on slot 6
[16:23:42.098] [SEVERE ] setting player 1 freeze to 0
[16:23:42.098] [SEVERE ] setting player 2 freeze to 0
[16:23:42.099] [SEVERE ] setting player 3 freeze to 0
[16:23:42.099] [SEVERE ] setting player 4 freeze to 0
[16:23:42.099] [SEVERE ] removing player 3 token from slot 6
[16:23:42.301] [SEVERE ] setting player 1 freeze to 0
[16:23:42.301] [SEVERE ] setting player 2 freeze to 0
[16:23:42.302] [SEVERE ] setting player 3 freeze to 0
[16:23:42.302] [SEVERE ] setting player 4 freeze to 0
[16:23:42.302] [SEVERE ] player 3 placing token on slot 0
[16:23:42.506] [SEVERE ] setting player 1 freeze to 0
[16:23:42.506] [SEVERE ] setting player 2 freeze to 0
[16:23:42.506] [SEVERE ] setting player 3 freeze to 0
[16:23:42.506] [SEVERE ] setting player 4 freeze to 0
[16:23:42.506] [SEVERE ] player 3 placing token on slot 9
[16:23:42.507] [SEVERE ] setting player 1 freeze to 0
[16:23:42.507] [SEVERE ] setting player 2 freeze to 0
[16:23:42.507] [SEVERE ] setting player 3 freeze to 3000
[16:23:42.508] [SEVERE ] setting player 4 freeze to 0
[16:23:42.710] [SEVERE ] setting player 1 freeze to 0
[16:23:42.710] [SEVERE ] setting player 2 freeze to 0
[16:23:42.710] [SEVERE ] setting player 3 freeze to 2797
[16:23:42.711] [SEVERE ] setting player 4 freeze to 0
[16:23:42.912] [SEVERE ] setting player 1 freeze to 0
[16:23:42.912] [SEVERE ] setting player 2 freeze to 0
[16:23:42.913] [SEVERE ] setting player 3 freeze to 2594
[16:23:42.913] [SEVERE ] setting player 4 freeze to 0
[16:23:42.913] [SEVERE ] removing player 4 token from slot 3
[16:23:43.117] [SEVERE ] setting player 1 freeze to 0
[16:23:43.117] [SEVERE ] setting player 2 freeze to 0
[16:23:43.117] [SEVERE ] setting player 3 freeze to 2390
[16:23:43.118] [SEVERE ] setting player 4 freeze to 0
[16:23:43.118] [SEVERE ] player 4 placing token on slot 3
[16:23:43.118] [SEVERE ] setting player 1 freeze to 0
[16:23:43.118] [SEVERE ] setting player 2 freeze to 0
[16:23:43.119] [SEVERE ] setting player 3 freeze to 2388
[16:23:43.119] [SEVERE ] setting player 4 freeze to 2999
[16:23:43.320] [SEVERE ] setting player 1 freeze to 0
[16:23:43.320] [SEVERE ] setting player 2 freeze to 0
[16:23:43.321] [SEVERE ] setting player 3 freeze to 2186
[16:23:43.321] [SEVERE ] setting player 4 freeze to 2797
[16:23:43.524] [SEVERE ] setting player 1 freeze to 0
[16:23:43.524] [SEVERE ] setting player 2 freeze to 0
[16:23:43.524] [SEVERE ] setting player 3 freeze to 1983
[16:23:43.525] [SEVERE ] setting player 4 freeze to 2593
[16:23:43.623] [SEVERE ] exit button pressed
[16:23:43.623] [SEVERE ] thanks for playing... it was fun!
[16:23:43.624] [INFO   ] thread main terminated.
